ARM GAS  C:\Users\Clayton\AppData\Local\Temp\cclkVNh5.s 			page 1


   1              		.cpu cortex-m0
   2              		.fpu softvfp
   3              		.eabi_attribute 20, 1
   4              		.eabi_attribute 21, 1
   5              		.eabi_attribute 23, 3
   6              		.eabi_attribute 24, 1
   7              		.eabi_attribute 25, 1
   8              		.eabi_attribute 26, 1
   9              		.eabi_attribute 30, 6
  10              		.eabi_attribute 34, 0
  11              		.eabi_attribute 18, 4
  12              		.code	16
  13              		.file	"Bootloadable_1.c"
  14              		.text
  15              	.Ltext0:
  16              		.cfi_sections	.debug_frame
  17              		.section	.text.Bootloadable_1_Load,"ax",%progbits
  18              		.align	2
  19              		.global	Bootloadable_1_Load
  20              		.code	16
  21              		.thumb_func
  22              		.type	Bootloadable_1_Load, %function
  23              	Bootloadable_1_Load:
  24              	.LFB0:
  25              		.file 1 ".\\Generated_Source\\PSoC4\\Bootloadable_1.c"
   1:.\Generated_Source\PSoC4/Bootloadable_1.c **** /*******************************************************************************
   2:.\Generated_Source\PSoC4/Bootloadable_1.c **** * File Name: Bootloadable_1.c
   3:.\Generated_Source\PSoC4/Bootloadable_1.c **** * Version 1.30
   4:.\Generated_Source\PSoC4/Bootloadable_1.c **** *
   5:.\Generated_Source\PSoC4/Bootloadable_1.c **** *  Description:
   6:.\Generated_Source\PSoC4/Bootloadable_1.c **** *   Provides an API for the Bootloadable application. The API includes a
   7:.\Generated_Source\PSoC4/Bootloadable_1.c **** *   single function for starting the bootloader.
   8:.\Generated_Source\PSoC4/Bootloadable_1.c **** *
   9:.\Generated_Source\PSoC4/Bootloadable_1.c **** ********************************************************************************
  10:.\Generated_Source\PSoC4/Bootloadable_1.c **** * Copyright 2008-2014, Cypress Semiconductor Corporation.  All rights reserved.
  11:.\Generated_Source\PSoC4/Bootloadable_1.c **** * You may use this file only in accordance with the license, terms, conditions,
  12:.\Generated_Source\PSoC4/Bootloadable_1.c **** * disclaimers, and limitations in the end user license agreement accompanying
  13:.\Generated_Source\PSoC4/Bootloadable_1.c **** * the software package with which this file was provided.
  14:.\Generated_Source\PSoC4/Bootloadable_1.c **** *******************************************************************************/
  15:.\Generated_Source\PSoC4/Bootloadable_1.c **** 
  16:.\Generated_Source\PSoC4/Bootloadable_1.c **** #include "Bootloadable_1.h"
  17:.\Generated_Source\PSoC4/Bootloadable_1.c **** 
  18:.\Generated_Source\PSoC4/Bootloadable_1.c **** 
  19:.\Generated_Source\PSoC4/Bootloadable_1.c **** /*******************************************************************************
  20:.\Generated_Source\PSoC4/Bootloadable_1.c **** * Function Name: Bootloadable_1_Load
  21:.\Generated_Source\PSoC4/Bootloadable_1.c **** ********************************************************************************
  22:.\Generated_Source\PSoC4/Bootloadable_1.c **** * Summary:
  23:.\Generated_Source\PSoC4/Bootloadable_1.c **** *  Begins the bootloading algorithm downloading a new ACD image from the host.
  24:.\Generated_Source\PSoC4/Bootloadable_1.c **** *
  25:.\Generated_Source\PSoC4/Bootloadable_1.c **** * Parameters:
  26:.\Generated_Source\PSoC4/Bootloadable_1.c **** *  None
  27:.\Generated_Source\PSoC4/Bootloadable_1.c **** *
  28:.\Generated_Source\PSoC4/Bootloadable_1.c **** * Returns:
  29:.\Generated_Source\PSoC4/Bootloadable_1.c **** *  This method will never return. It will load a new application and reset
  30:.\Generated_Source\PSoC4/Bootloadable_1.c **** *  the device.
  31:.\Generated_Source\PSoC4/Bootloadable_1.c **** *
  32:.\Generated_Source\PSoC4/Bootloadable_1.c **** *******************************************************************************/
ARM GAS  C:\Users\Clayton\AppData\Local\Temp\cclkVNh5.s 			page 2


  33:.\Generated_Source\PSoC4/Bootloadable_1.c **** void Bootloadable_1_Load(void) 
  34:.\Generated_Source\PSoC4/Bootloadable_1.c **** {
  26              		.loc 1 34 0
  27              		.cfi_startproc
  28 0000 80B5     		push	{r7, lr}
  29              		.cfi_def_cfa_offset 8
  30              		.cfi_offset 7, -8
  31              		.cfi_offset 14, -4
  32 0002 00AF     		add	r7, sp, #0
  33              		.cfi_def_cfa_register 7
  35:.\Generated_Source\PSoC4/Bootloadable_1.c ****     /* Schedule Bootloader to start after reset */
  36:.\Generated_Source\PSoC4/Bootloadable_1.c ****     Bootloadable_1_SET_RUN_TYPE(Bootloadable_1_START_BTLDR);
  34              		.loc 1 36 0
  35 0004 034B     		ldr	r3, .L2
  36 0006 4022     		mov	r2, #64
  37 0008 1A60     		str	r2, [r3]
  37:.\Generated_Source\PSoC4/Bootloadable_1.c **** 
  38:.\Generated_Source\PSoC4/Bootloadable_1.c ****     CySoftwareReset();
  38              		.loc 1 38 0
  39 000a FFF7FEFF 		bl	CySoftwareReset
  39:.\Generated_Source\PSoC4/Bootloadable_1.c **** }
  40              		.loc 1 39 0
  41 000e BD46     		mov	sp, r7
  42              		@ sp needed
  43 0010 80BD     		pop	{r7, pc}
  44              	.L3:
  45 0012 C046     		.align	2
  46              	.L2:
  47 0014 00000000 		.word	cyBtldrRunType
  48              		.cfi_endproc
  49              	.LFE0:
  50              		.size	Bootloadable_1_Load, .-Bootloadable_1_Load
  51              		.section	.text.Bootloadable_1_SetFlashByte,"ax",%progbits
  52              		.align	2
  53              		.global	Bootloadable_1_SetFlashByte
  54              		.code	16
  55              		.thumb_func
  56              		.type	Bootloadable_1_SetFlashByte, %function
  57              	Bootloadable_1_SetFlashByte:
  58              	.LFB1:
  40:.\Generated_Source\PSoC4/Bootloadable_1.c **** 
  41:.\Generated_Source\PSoC4/Bootloadable_1.c **** 
  42:.\Generated_Source\PSoC4/Bootloadable_1.c **** /*******************************************************************************
  43:.\Generated_Source\PSoC4/Bootloadable_1.c **** * The following code is OBSOLETE and must not be used.
  44:.\Generated_Source\PSoC4/Bootloadable_1.c **** *******************************************************************************/
  45:.\Generated_Source\PSoC4/Bootloadable_1.c **** void Bootloadable_1_SetFlashByte(uint32 address, uint8 runType) 
  46:.\Generated_Source\PSoC4/Bootloadable_1.c **** {
  59              		.loc 1 46 0
  60              		.cfi_startproc
  61 0000 80B5     		push	{r7, lr}
  62              		.cfi_def_cfa_offset 8
  63              		.cfi_offset 7, -8
  64              		.cfi_offset 14, -4
  65 0002 A6B0     		sub	sp, sp, #152
  66              		.cfi_def_cfa_offset 160
  67 0004 00AF     		add	r7, sp, #0
  68              		.cfi_def_cfa_register 7
ARM GAS  C:\Users\Clayton\AppData\Local\Temp\cclkVNh5.s 			page 3


  69 0006 7860     		str	r0, [r7, #4]
  70 0008 0A1C     		mov	r2, r1
  71 000a FB1C     		add	r3, r7, #3
  72 000c 1A70     		strb	r2, [r3]
  47:.\Generated_Source\PSoC4/Bootloadable_1.c ****     uint32 flsAddr = address - CYDEV_FLASH_BASE;
  73              		.loc 1 47 0
  74 000e 7B68     		ldr	r3, [r7, #4]
  75 0010 9020     		mov	r0, #144
  76 0012 C019     		add	r0, r0, r7
  77 0014 0360     		str	r3, [r0]
  48:.\Generated_Source\PSoC4/Bootloadable_1.c ****     uint8  rowData[CYDEV_FLS_ROW_SIZE];
  49:.\Generated_Source\PSoC4/Bootloadable_1.c **** 
  50:.\Generated_Source\PSoC4/Bootloadable_1.c ****     #if !(CY_PSOC4)
  51:.\Generated_Source\PSoC4/Bootloadable_1.c ****         uint8 arrayId = ( uint8 )(flsAddr / CYDEV_FLS_SECTOR_SIZE);
  52:.\Generated_Source\PSoC4/Bootloadable_1.c ****     #endif  /* !(CY_PSOC4) */
  53:.\Generated_Source\PSoC4/Bootloadable_1.c **** 
  54:.\Generated_Source\PSoC4/Bootloadable_1.c ****     #if (CY_PSOC4)
  55:.\Generated_Source\PSoC4/Bootloadable_1.c ****         uint16 rowNum = ( uint16 )(flsAddr / CYDEV_FLS_ROW_SIZE);
  78              		.loc 1 55 0
  79 0016 9022     		mov	r2, #144
  80 0018 D219     		add	r2, r2, r7
  81 001a 1368     		ldr	r3, [r2]
  82 001c DA09     		lsr	r2, r3, #7
  83 001e 3B1C     		mov	r3, r7
  84 0020 8E33     		add	r3, r3, #142
  85 0022 1A80     		strh	r2, [r3]
  56:.\Generated_Source\PSoC4/Bootloadable_1.c ****     #else
  57:.\Generated_Source\PSoC4/Bootloadable_1.c ****         uint16 rowNum = ( uint16 )((flsAddr % CYDEV_FLS_SECTOR_SIZE) / CYDEV_FLS_ROW_SIZE);
  58:.\Generated_Source\PSoC4/Bootloadable_1.c ****     #endif  /* (CY_PSOC4) */
  59:.\Generated_Source\PSoC4/Bootloadable_1.c **** 
  60:.\Generated_Source\PSoC4/Bootloadable_1.c ****     uint32 baseAddr = address - (address % CYDEV_FLS_ROW_SIZE);
  86              		.loc 1 60 0
  87 0024 7B68     		ldr	r3, [r7, #4]
  88 0026 7F22     		mov	r2, #127
  89 0028 9343     		bic	r3, r2
  90 002a 8820     		mov	r0, #136
  91 002c C019     		add	r0, r0, r7
  92 002e 0360     		str	r3, [r0]
  61:.\Generated_Source\PSoC4/Bootloadable_1.c ****     uint16 idx;
  62:.\Generated_Source\PSoC4/Bootloadable_1.c **** 
  63:.\Generated_Source\PSoC4/Bootloadable_1.c **** 
  64:.\Generated_Source\PSoC4/Bootloadable_1.c ****     for (idx = 0u; idx < CYDEV_FLS_ROW_SIZE; idx++)
  93              		.loc 1 64 0
  94 0030 3B1C     		mov	r3, r7
  95 0032 9633     		add	r3, r3, #150
  96 0034 0022     		mov	r2, #0
  97 0036 1A80     		strh	r2, [r3]
  98 0038 14E0     		b	.L5
  99              	.L6:
  65:.\Generated_Source\PSoC4/Bootloadable_1.c ****     {
  66:.\Generated_Source\PSoC4/Bootloadable_1.c ****         rowData[idx] = Bootloadable_1_GET_CODE_DATA(baseAddr + idx);
 100              		.loc 1 66 0 discriminator 2
 101 003a 3B1C     		mov	r3, r7
 102 003c 9633     		add	r3, r3, #150
 103 003e 1B88     		ldrh	r3, [r3]
 104 0040 3A1C     		mov	r2, r7
 105 0042 9632     		add	r2, r2, #150
ARM GAS  C:\Users\Clayton\AppData\Local\Temp\cclkVNh5.s 			page 4


 106 0044 1188     		ldrh	r1, [r2]
 107 0046 8820     		mov	r0, #136
 108 0048 C019     		add	r0, r0, r7
 109 004a 0268     		ldr	r2, [r0]
 110 004c 8A18     		add	r2, r1, r2
 111 004e 1178     		ldrb	r1, [r2]
 112 0050 3A1C     		mov	r2, r7
 113 0052 0832     		add	r2, r2, #8
 114 0054 D154     		strb	r1, [r2, r3]
  64:.\Generated_Source\PSoC4/Bootloadable_1.c ****     for (idx = 0u; idx < CYDEV_FLS_ROW_SIZE; idx++)
 115              		.loc 1 64 0 discriminator 2
 116 0056 3B1C     		mov	r3, r7
 117 0058 9633     		add	r3, r3, #150
 118 005a 1A88     		ldrh	r2, [r3]
 119 005c 3B1C     		mov	r3, r7
 120 005e 9633     		add	r3, r3, #150
 121 0060 0132     		add	r2, r2, #1
 122 0062 1A80     		strh	r2, [r3]
 123              	.L5:
  64:.\Generated_Source\PSoC4/Bootloadable_1.c ****     for (idx = 0u; idx < CYDEV_FLS_ROW_SIZE; idx++)
 124              		.loc 1 64 0 is_stmt 0 discriminator 1
 125 0064 3B1C     		mov	r3, r7
 126 0066 9633     		add	r3, r3, #150
 127 0068 1B88     		ldrh	r3, [r3]
 128 006a 7F2B     		cmp	r3, #127
 129 006c E5D9     		bls	.L6
  67:.\Generated_Source\PSoC4/Bootloadable_1.c ****     }
  68:.\Generated_Source\PSoC4/Bootloadable_1.c ****     rowData[address % CYDEV_FLS_ROW_SIZE] = runType;
 130              		.loc 1 68 0 is_stmt 1
 131 006e 7A68     		ldr	r2, [r7, #4]
 132 0070 7F23     		mov	r3, #127
 133 0072 1340     		and	r3, r2
 134 0074 3A1C     		mov	r2, r7
 135 0076 0832     		add	r2, r2, #8
 136 0078 F91C     		add	r1, r7, #3
 137 007a 0978     		ldrb	r1, [r1]
 138 007c D154     		strb	r1, [r2, r3]
  69:.\Generated_Source\PSoC4/Bootloadable_1.c **** 
  70:.\Generated_Source\PSoC4/Bootloadable_1.c ****     #if(CY_PSOC4)
  71:.\Generated_Source\PSoC4/Bootloadable_1.c ****         (void) CySysFlashWriteRow((uint32) rowNum, rowData);
 139              		.loc 1 71 0
 140 007e 3B1C     		mov	r3, r7
 141 0080 8E33     		add	r3, r3, #142
 142 0082 1A88     		ldrh	r2, [r3]
 143 0084 3B1C     		mov	r3, r7
 144 0086 0833     		add	r3, r3, #8
 145 0088 101C     		mov	r0, r2
 146 008a 191C     		mov	r1, r3
 147 008c FFF7FEFF 		bl	CySysFlashWriteRow
  72:.\Generated_Source\PSoC4/Bootloadable_1.c ****     #else
  73:.\Generated_Source\PSoC4/Bootloadable_1.c ****         (void) CyWriteRowData(arrayId, rowNum, rowData);
  74:.\Generated_Source\PSoC4/Bootloadable_1.c ****     #endif  /* (CY_PSOC4) */
  75:.\Generated_Source\PSoC4/Bootloadable_1.c **** 
  76:.\Generated_Source\PSoC4/Bootloadable_1.c ****     #if(CY_PSOC5)
  77:.\Generated_Source\PSoC4/Bootloadable_1.c ****         /***************************************************************************
  78:.\Generated_Source\PSoC4/Bootloadable_1.c ****         * When writing Flash, data in the instruction cache can become stale.
  79:.\Generated_Source\PSoC4/Bootloadable_1.c ****         * Therefore, the cache data does not correlate to the data just written to
ARM GAS  C:\Users\Clayton\AppData\Local\Temp\cclkVNh5.s 			page 5


  80:.\Generated_Source\PSoC4/Bootloadable_1.c ****         * Flash. A call to CyFlushCache() is required to invalidate the data in the
  81:.\Generated_Source\PSoC4/Bootloadable_1.c ****         * cache and force fresh information to be loaded from Flash.
  82:.\Generated_Source\PSoC4/Bootloadable_1.c ****         ***************************************************************************/
  83:.\Generated_Source\PSoC4/Bootloadable_1.c ****         CyFlushCache();
  84:.\Generated_Source\PSoC4/Bootloadable_1.c ****     #endif /* (CY_PSOC5) */
  85:.\Generated_Source\PSoC4/Bootloadable_1.c **** }
 148              		.loc 1 85 0
 149 0090 BD46     		mov	sp, r7
 150 0092 26B0     		add	sp, sp, #152
 151              		@ sp needed
 152 0094 80BD     		pop	{r7, pc}
 153              		.cfi_endproc
 154              	.LFE1:
 155              		.size	Bootloadable_1_SetFlashByte, .-Bootloadable_1_SetFlashByte
 156 0096 C046     		.text
 157              	.Letext0:
 158              		.file 2 ".\\Generated_Source\\PSoC4\\cytypes.h"
 159              		.file 3 ".\\Generated_Source\\PSoC4\\Bootloadable_1.h"
 160              		.section	.debug_info,"",%progbits
 161              	.Ldebug_info0:
 162 0000 51010000 		.4byte	0x151
 163 0004 0400     		.2byte	0x4
 164 0006 00000000 		.4byte	.Ldebug_abbrev0
 165 000a 04       		.byte	0x4
 166 000b 01       		.uleb128 0x1
 167 000c 84010000 		.4byte	.LASF22
 168 0010 01       		.byte	0x1
 169 0011 5A000000 		.4byte	.LASF23
 170 0015 F2000000 		.4byte	.LASF24
 171 0019 00000000 		.4byte	.Ldebug_ranges0+0
 172 001d 00000000 		.4byte	0
 173 0021 00000000 		.4byte	.Ldebug_line0
 174 0025 02       		.uleb128 0x2
 175 0026 01       		.byte	0x1
 176 0027 06       		.byte	0x6
 177 0028 78010000 		.4byte	.LASF0
 178 002c 02       		.uleb128 0x2
 179 002d 01       		.byte	0x1
 180 002e 08       		.byte	0x8
 181 002f D3000000 		.4byte	.LASF1
 182 0033 02       		.uleb128 0x2
 183 0034 02       		.byte	0x2
 184 0035 05       		.byte	0x5
 185 0036 11020000 		.4byte	.LASF2
 186 003a 02       		.uleb128 0x2
 187 003b 02       		.byte	0x2
 188 003c 07       		.byte	0x7
 189 003d B3000000 		.4byte	.LASF3
 190 0041 02       		.uleb128 0x2
 191 0042 04       		.byte	0x4
 192 0043 05       		.byte	0x5
 193 0044 E9000000 		.4byte	.LASF4
 194 0048 02       		.uleb128 0x2
 195 0049 04       		.byte	0x4
 196 004a 07       		.byte	0x7
 197 004b 8A000000 		.4byte	.LASF5
 198 004f 02       		.uleb128 0x2
ARM GAS  C:\Users\Clayton\AppData\Local\Temp\cclkVNh5.s 			page 6


 199 0050 08       		.byte	0x8
 200 0051 05       		.byte	0x5
 201 0052 00000000 		.4byte	.LASF6
 202 0056 02       		.uleb128 0x2
 203 0057 08       		.byte	0x8
 204 0058 07       		.byte	0x7
 205 0059 9C000000 		.4byte	.LASF7
 206 005d 03       		.uleb128 0x3
 207 005e 04       		.byte	0x4
 208 005f 05       		.byte	0x5
 209 0060 696E7400 		.ascii	"int\000"
 210 0064 02       		.uleb128 0x2
 211 0065 04       		.byte	0x4
 212 0066 07       		.byte	0x7
 213 0067 15000000 		.4byte	.LASF8
 214 006b 04       		.uleb128 0x4
 215 006c 84000000 		.4byte	.LASF9
 216 0070 02       		.byte	0x2
 217 0071 A1       		.byte	0xa1
 218 0072 2C000000 		.4byte	0x2c
 219 0076 04       		.uleb128 0x4
 220 0077 1B020000 		.4byte	.LASF10
 221 007b 02       		.byte	0x2
 222 007c A2       		.byte	0xa2
 223 007d 3A000000 		.4byte	0x3a
 224 0081 04       		.uleb128 0x4
 225 0082 0E000000 		.4byte	.LASF11
 226 0086 02       		.byte	0x2
 227 0087 A3       		.byte	0xa3
 228 0088 48000000 		.4byte	0x48
 229 008c 02       		.uleb128 0x2
 230 008d 04       		.byte	0x4
 231 008e 04       		.byte	0x4
 232 008f 0B020000 		.4byte	.LASF12
 233 0093 02       		.uleb128 0x2
 234 0094 08       		.byte	0x8
 235 0095 04       		.byte	0x4
 236 0096 59010000 		.4byte	.LASF13
 237 009a 02       		.uleb128 0x2
 238 009b 01       		.byte	0x1
 239 009c 08       		.byte	0x8
 240 009d CE000000 		.4byte	.LASF14
 241 00a1 05       		.uleb128 0x5
 242 00a2 81000000 		.4byte	0x81
 243 00a6 02       		.uleb128 0x2
 244 00a7 04       		.byte	0x4
 245 00a8 07       		.byte	0x7
 246 00a9 31020000 		.4byte	.LASF15
 247 00ad 06       		.uleb128 0x6
 248 00ae 22000000 		.4byte	.LASF25
 249 00b2 01       		.byte	0x1
 250 00b3 21       		.byte	0x21
 251 00b4 00000000 		.4byte	.LFB0
 252 00b8 18000000 		.4byte	.LFE0-.LFB0
 253 00bc 01       		.uleb128 0x1
 254 00bd 9C       		.byte	0x9c
 255 00be 07       		.uleb128 0x7
ARM GAS  C:\Users\Clayton\AppData\Local\Temp\cclkVNh5.s 			page 7


 256 00bf 36000000 		.4byte	.LASF26
 257 00c3 01       		.byte	0x1
 258 00c4 2D       		.byte	0x2d
 259 00c5 00000000 		.4byte	.LFB1
 260 00c9 96000000 		.4byte	.LFE1-.LFB1
 261 00cd 01       		.uleb128 0x1
 262 00ce 9C       		.byte	0x9c
 263 00cf 39010000 		.4byte	0x139
 264 00d3 08       		.uleb128 0x8
 265 00d4 C6000000 		.4byte	.LASF16
 266 00d8 01       		.byte	0x1
 267 00d9 2D       		.byte	0x2d
 268 00da 81000000 		.4byte	0x81
 269 00de 03       		.uleb128 0x3
 270 00df 91       		.byte	0x91
 271 00e0 E47E     		.sleb128 -156
 272 00e2 08       		.uleb128 0x8
 273 00e3 52000000 		.4byte	.LASF17
 274 00e7 01       		.byte	0x1
 275 00e8 2D       		.byte	0x2d
 276 00e9 6B000000 		.4byte	0x6b
 277 00ed 03       		.uleb128 0x3
 278 00ee 91       		.byte	0x91
 279 00ef E37E     		.sleb128 -157
 280 00f1 09       		.uleb128 0x9
 281 00f2 E1000000 		.4byte	.LASF18
 282 00f6 01       		.byte	0x1
 283 00f7 2F       		.byte	0x2f
 284 00f8 81000000 		.4byte	0x81
 285 00fc 02       		.uleb128 0x2
 286 00fd 91       		.byte	0x91
 287 00fe 70       		.sleb128 -16
 288 00ff 09       		.uleb128 0x9
 289 0100 29020000 		.4byte	.LASF19
 290 0104 01       		.byte	0x1
 291 0105 30       		.byte	0x30
 292 0106 39010000 		.4byte	0x139
 293 010a 03       		.uleb128 0x3
 294 010b 91       		.byte	0x91
 295 010c E87E     		.sleb128 -152
 296 010e 09       		.uleb128 0x9
 297 010f 22020000 		.4byte	.LASF20
 298 0113 01       		.byte	0x1
 299 0114 37       		.byte	0x37
 300 0115 76000000 		.4byte	0x76
 301 0119 02       		.uleb128 0x2
 302 011a 91       		.byte	0x91
 303 011b 6E       		.sleb128 -18
 304 011c 09       		.uleb128 0x9
 305 011d 60010000 		.4byte	.LASF21
 306 0121 01       		.byte	0x1
 307 0122 3C       		.byte	0x3c
 308 0123 81000000 		.4byte	0x81
 309 0127 02       		.uleb128 0x2
 310 0128 91       		.byte	0x91
 311 0129 68       		.sleb128 -24
 312 012a 0A       		.uleb128 0xa
ARM GAS  C:\Users\Clayton\AppData\Local\Temp\cclkVNh5.s 			page 8


 313 012b 69647800 		.ascii	"idx\000"
 314 012f 01       		.byte	0x1
 315 0130 3D       		.byte	0x3d
 316 0131 76000000 		.4byte	0x76
 317 0135 02       		.uleb128 0x2
 318 0136 91       		.byte	0x91
 319 0137 76       		.sleb128 -10
 320 0138 00       		.byte	0
 321 0139 0B       		.uleb128 0xb
 322 013a 6B000000 		.4byte	0x6b
 323 013e 49010000 		.4byte	0x149
 324 0142 0C       		.uleb128 0xc
 325 0143 A6000000 		.4byte	0xa6
 326 0147 7F       		.byte	0x7f
 327 0148 00       		.byte	0
 328 0149 0D       		.uleb128 0xd
 329 014a 69010000 		.4byte	.LASF27
 330 014e 03       		.byte	0x3
 331 014f 37       		.byte	0x37
 332 0150 A1000000 		.4byte	0xa1
 333 0154 00       		.byte	0
 334              		.section	.debug_abbrev,"",%progbits
 335              	.Ldebug_abbrev0:
 336 0000 01       		.uleb128 0x1
 337 0001 11       		.uleb128 0x11
 338 0002 01       		.byte	0x1
 339 0003 25       		.uleb128 0x25
 340 0004 0E       		.uleb128 0xe
 341 0005 13       		.uleb128 0x13
 342 0006 0B       		.uleb128 0xb
 343 0007 03       		.uleb128 0x3
 344 0008 0E       		.uleb128 0xe
 345 0009 1B       		.uleb128 0x1b
 346 000a 0E       		.uleb128 0xe
 347 000b 55       		.uleb128 0x55
 348 000c 17       		.uleb128 0x17
 349 000d 11       		.uleb128 0x11
 350 000e 01       		.uleb128 0x1
 351 000f 10       		.uleb128 0x10
 352 0010 17       		.uleb128 0x17
 353 0011 00       		.byte	0
 354 0012 00       		.byte	0
 355 0013 02       		.uleb128 0x2
 356 0014 24       		.uleb128 0x24
 357 0015 00       		.byte	0
 358 0016 0B       		.uleb128 0xb
 359 0017 0B       		.uleb128 0xb
 360 0018 3E       		.uleb128 0x3e
 361 0019 0B       		.uleb128 0xb
 362 001a 03       		.uleb128 0x3
 363 001b 0E       		.uleb128 0xe
 364 001c 00       		.byte	0
 365 001d 00       		.byte	0
 366 001e 03       		.uleb128 0x3
 367 001f 24       		.uleb128 0x24
 368 0020 00       		.byte	0
 369 0021 0B       		.uleb128 0xb
ARM GAS  C:\Users\Clayton\AppData\Local\Temp\cclkVNh5.s 			page 9


 370 0022 0B       		.uleb128 0xb
 371 0023 3E       		.uleb128 0x3e
 372 0024 0B       		.uleb128 0xb
 373 0025 03       		.uleb128 0x3
 374 0026 08       		.uleb128 0x8
 375 0027 00       		.byte	0
 376 0028 00       		.byte	0
 377 0029 04       		.uleb128 0x4
 378 002a 16       		.uleb128 0x16
 379 002b 00       		.byte	0
 380 002c 03       		.uleb128 0x3
 381 002d 0E       		.uleb128 0xe
 382 002e 3A       		.uleb128 0x3a
 383 002f 0B       		.uleb128 0xb
 384 0030 3B       		.uleb128 0x3b
 385 0031 0B       		.uleb128 0xb
 386 0032 49       		.uleb128 0x49
 387 0033 13       		.uleb128 0x13
 388 0034 00       		.byte	0
 389 0035 00       		.byte	0
 390 0036 05       		.uleb128 0x5
 391 0037 35       		.uleb128 0x35
 392 0038 00       		.byte	0
 393 0039 49       		.uleb128 0x49
 394 003a 13       		.uleb128 0x13
 395 003b 00       		.byte	0
 396 003c 00       		.byte	0
 397 003d 06       		.uleb128 0x6
 398 003e 2E       		.uleb128 0x2e
 399 003f 00       		.byte	0
 400 0040 3F       		.uleb128 0x3f
 401 0041 19       		.uleb128 0x19
 402 0042 03       		.uleb128 0x3
 403 0043 0E       		.uleb128 0xe
 404 0044 3A       		.uleb128 0x3a
 405 0045 0B       		.uleb128 0xb
 406 0046 3B       		.uleb128 0x3b
 407 0047 0B       		.uleb128 0xb
 408 0048 27       		.uleb128 0x27
 409 0049 19       		.uleb128 0x19
 410 004a 11       		.uleb128 0x11
 411 004b 01       		.uleb128 0x1
 412 004c 12       		.uleb128 0x12
 413 004d 06       		.uleb128 0x6
 414 004e 40       		.uleb128 0x40
 415 004f 18       		.uleb128 0x18
 416 0050 9642     		.uleb128 0x2116
 417 0052 19       		.uleb128 0x19
 418 0053 00       		.byte	0
 419 0054 00       		.byte	0
 420 0055 07       		.uleb128 0x7
 421 0056 2E       		.uleb128 0x2e
 422 0057 01       		.byte	0x1
 423 0058 3F       		.uleb128 0x3f
 424 0059 19       		.uleb128 0x19
 425 005a 03       		.uleb128 0x3
 426 005b 0E       		.uleb128 0xe
ARM GAS  C:\Users\Clayton\AppData\Local\Temp\cclkVNh5.s 			page 10


 427 005c 3A       		.uleb128 0x3a
 428 005d 0B       		.uleb128 0xb
 429 005e 3B       		.uleb128 0x3b
 430 005f 0B       		.uleb128 0xb
 431 0060 27       		.uleb128 0x27
 432 0061 19       		.uleb128 0x19
 433 0062 11       		.uleb128 0x11
 434 0063 01       		.uleb128 0x1
 435 0064 12       		.uleb128 0x12
 436 0065 06       		.uleb128 0x6
 437 0066 40       		.uleb128 0x40
 438 0067 18       		.uleb128 0x18
 439 0068 9642     		.uleb128 0x2116
 440 006a 19       		.uleb128 0x19
 441 006b 01       		.uleb128 0x1
 442 006c 13       		.uleb128 0x13
 443 006d 00       		.byte	0
 444 006e 00       		.byte	0
 445 006f 08       		.uleb128 0x8
 446 0070 05       		.uleb128 0x5
 447 0071 00       		.byte	0
 448 0072 03       		.uleb128 0x3
 449 0073 0E       		.uleb128 0xe
 450 0074 3A       		.uleb128 0x3a
 451 0075 0B       		.uleb128 0xb
 452 0076 3B       		.uleb128 0x3b
 453 0077 0B       		.uleb128 0xb
 454 0078 49       		.uleb128 0x49
 455 0079 13       		.uleb128 0x13
 456 007a 02       		.uleb128 0x2
 457 007b 18       		.uleb128 0x18
 458 007c 00       		.byte	0
 459 007d 00       		.byte	0
 460 007e 09       		.uleb128 0x9
 461 007f 34       		.uleb128 0x34
 462 0080 00       		.byte	0
 463 0081 03       		.uleb128 0x3
 464 0082 0E       		.uleb128 0xe
 465 0083 3A       		.uleb128 0x3a
 466 0084 0B       		.uleb128 0xb
 467 0085 3B       		.uleb128 0x3b
 468 0086 0B       		.uleb128 0xb
 469 0087 49       		.uleb128 0x49
 470 0088 13       		.uleb128 0x13
 471 0089 02       		.uleb128 0x2
 472 008a 18       		.uleb128 0x18
 473 008b 00       		.byte	0
 474 008c 00       		.byte	0
 475 008d 0A       		.uleb128 0xa
 476 008e 34       		.uleb128 0x34
 477 008f 00       		.byte	0
 478 0090 03       		.uleb128 0x3
 479 0091 08       		.uleb128 0x8
 480 0092 3A       		.uleb128 0x3a
 481 0093 0B       		.uleb128 0xb
 482 0094 3B       		.uleb128 0x3b
 483 0095 0B       		.uleb128 0xb
ARM GAS  C:\Users\Clayton\AppData\Local\Temp\cclkVNh5.s 			page 11


 484 0096 49       		.uleb128 0x49
 485 0097 13       		.uleb128 0x13
 486 0098 02       		.uleb128 0x2
 487 0099 18       		.uleb128 0x18
 488 009a 00       		.byte	0
 489 009b 00       		.byte	0
 490 009c 0B       		.uleb128 0xb
 491 009d 01       		.uleb128 0x1
 492 009e 01       		.byte	0x1
 493 009f 49       		.uleb128 0x49
 494 00a0 13       		.uleb128 0x13
 495 00a1 01       		.uleb128 0x1
 496 00a2 13       		.uleb128 0x13
 497 00a3 00       		.byte	0
 498 00a4 00       		.byte	0
 499 00a5 0C       		.uleb128 0xc
 500 00a6 21       		.uleb128 0x21
 501 00a7 00       		.byte	0
 502 00a8 49       		.uleb128 0x49
 503 00a9 13       		.uleb128 0x13
 504 00aa 2F       		.uleb128 0x2f
 505 00ab 0B       		.uleb128 0xb
 506 00ac 00       		.byte	0
 507 00ad 00       		.byte	0
 508 00ae 0D       		.uleb128 0xd
 509 00af 34       		.uleb128 0x34
 510 00b0 00       		.byte	0
 511 00b1 03       		.uleb128 0x3
 512 00b2 0E       		.uleb128 0xe
 513 00b3 3A       		.uleb128 0x3a
 514 00b4 0B       		.uleb128 0xb
 515 00b5 3B       		.uleb128 0x3b
 516 00b6 0B       		.uleb128 0xb
 517 00b7 49       		.uleb128 0x49
 518 00b8 13       		.uleb128 0x13
 519 00b9 3F       		.uleb128 0x3f
 520 00ba 19       		.uleb128 0x19
 521 00bb 3C       		.uleb128 0x3c
 522 00bc 19       		.uleb128 0x19
 523 00bd 00       		.byte	0
 524 00be 00       		.byte	0
 525 00bf 00       		.byte	0
 526              		.section	.debug_aranges,"",%progbits
 527 0000 24000000 		.4byte	0x24
 528 0004 0200     		.2byte	0x2
 529 0006 00000000 		.4byte	.Ldebug_info0
 530 000a 04       		.byte	0x4
 531 000b 00       		.byte	0
 532 000c 0000     		.2byte	0
 533 000e 0000     		.2byte	0
 534 0010 00000000 		.4byte	.LFB0
 535 0014 18000000 		.4byte	.LFE0-.LFB0
 536 0018 00000000 		.4byte	.LFB1
 537 001c 96000000 		.4byte	.LFE1-.LFB1
 538 0020 00000000 		.4byte	0
 539 0024 00000000 		.4byte	0
 540              		.section	.debug_ranges,"",%progbits
ARM GAS  C:\Users\Clayton\AppData\Local\Temp\cclkVNh5.s 			page 12


 541              	.Ldebug_ranges0:
 542 0000 00000000 		.4byte	.LFB0
 543 0004 18000000 		.4byte	.LFE0
 544 0008 00000000 		.4byte	.LFB1
 545 000c 96000000 		.4byte	.LFE1
 546 0010 00000000 		.4byte	0
 547 0014 00000000 		.4byte	0
 548              		.section	.debug_line,"",%progbits
 549              	.Ldebug_line0:
 550 0000 A2000000 		.section	.debug_str,"MS",%progbits,1
 550      02006100 
 550      00000201 
 550      FB0E0D00 
 550      01010101 
 551              	.LASF6:
 552 0000 6C6F6E67 		.ascii	"long long int\000"
 552      206C6F6E 
 552      6720696E 
 552      7400
 553              	.LASF11:
 554 000e 75696E74 		.ascii	"uint32\000"
 554      333200
 555              	.LASF8:
 556 0015 756E7369 		.ascii	"unsigned int\000"
 556      676E6564 
 556      20696E74 
 556      00
 557              	.LASF25:
 558 0022 426F6F74 		.ascii	"Bootloadable_1_Load\000"
 558      6C6F6164 
 558      61626C65 
 558      5F315F4C 
 558      6F616400 
 559              	.LASF26:
 560 0036 426F6F74 		.ascii	"Bootloadable_1_SetFlashByte\000"
 560      6C6F6164 
 560      61626C65 
 560      5F315F53 
 560      6574466C 
 561              	.LASF17:
 562 0052 72756E54 		.ascii	"runType\000"
 562      79706500 
 563              	.LASF23:
 564 005a 2E5C4765 		.ascii	".\\Generated_Source\\PSoC4\\Bootloadable_1.c\000"
 564      6E657261 
 564      7465645F 
 564      536F7572 
 564      63655C50 
 565              	.LASF9:
 566 0084 75696E74 		.ascii	"uint8\000"
 566      3800
 567              	.LASF5:
 568 008a 6C6F6E67 		.ascii	"long unsigned int\000"
 568      20756E73 
 568      69676E65 
 568      6420696E 
 568      7400
ARM GAS  C:\Users\Clayton\AppData\Local\Temp\cclkVNh5.s 			page 13


 569              	.LASF7:
 570 009c 6C6F6E67 		.ascii	"long long unsigned int\000"
 570      206C6F6E 
 570      6720756E 
 570      7369676E 
 570      65642069 
 571              	.LASF3:
 572 00b3 73686F72 		.ascii	"short unsigned int\000"
 572      7420756E 
 572      7369676E 
 572      65642069 
 572      6E7400
 573              	.LASF16:
 574 00c6 61646472 		.ascii	"address\000"
 574      65737300 
 575              	.LASF14:
 576 00ce 63686172 		.ascii	"char\000"
 576      00
 577              	.LASF1:
 578 00d3 756E7369 		.ascii	"unsigned char\000"
 578      676E6564 
 578      20636861 
 578      7200
 579              	.LASF18:
 580 00e1 666C7341 		.ascii	"flsAddr\000"
 580      64647200 
 581              	.LASF4:
 582 00e9 6C6F6E67 		.ascii	"long int\000"
 582      20696E74 
 582      00
 583              	.LASF24:
 584 00f2 433A5C55 		.ascii	"C:\\Users\\Clayton\\Documents\\Mars Rover\\MasterCo"
 584      73657273 
 584      5C436C61 
 584      79746F6E 
 584      5C446F63 
 585 0120 6E74726F 		.ascii	"ntrollerBoard\\BYURover2015\\BYURover2015MainBoardS"
 585      6C6C6572 
 585      426F6172 
 585      645C4259 
 585      55526F76 
 586 0151 4D2E6379 		.ascii	"M.cydsn\000"
 586      64736E00 
 587              	.LASF13:
 588 0159 646F7562 		.ascii	"double\000"
 588      6C6500
 589              	.LASF21:
 590 0160 62617365 		.ascii	"baseAddr\000"
 590      41646472 
 590      00
 591              	.LASF27:
 592 0169 63794274 		.ascii	"cyBtldrRunType\000"
 592      6C647252 
 592      756E5479 
 592      706500
 593              	.LASF0:
 594 0178 7369676E 		.ascii	"signed char\000"
ARM GAS  C:\Users\Clayton\AppData\Local\Temp\cclkVNh5.s 			page 14


 594      65642063 
 594      68617200 
 595              	.LASF22:
 596 0184 474E5520 		.ascii	"GNU C 4.8.4 20140526 (release) [ARM/embedded-4_8-br"
 596      4320342E 
 596      382E3420 
 596      32303134 
 596      30353236 
 597 01b7 616E6368 		.ascii	"anch revision 211358] -mcpu=cortex-m0 -mthumb -g -O"
 597      20726576 
 597      6973696F 
 597      6E203231 
 597      31333538 
 598 01ea 30202D73 		.ascii	"0 -std=gnu99 -ffunction-sections\000"
 598      74643D67 
 598      6E753939 
 598      202D6666 
 598      756E6374 
 599              	.LASF12:
 600 020b 666C6F61 		.ascii	"float\000"
 600      7400
 601              	.LASF2:
 602 0211 73686F72 		.ascii	"short int\000"
 602      7420696E 
 602      7400
 603              	.LASF10:
 604 021b 75696E74 		.ascii	"uint16\000"
 604      313600
 605              	.LASF20:
 606 0222 726F774E 		.ascii	"rowNum\000"
 606      756D00
 607              	.LASF19:
 608 0229 726F7744 		.ascii	"rowData\000"
 608      61746100 
 609              	.LASF15:
 610 0231 73697A65 		.ascii	"sizetype\000"
 610      74797065 
 610      00
 611              		.ident	"GCC: (GNU Tools for ARM Embedded Processors) 4.8.4 20140526 (release) [ARM/embedded-4_8-br
