ARM GAS  C:\Users\Clayton\AppData\Local\Temp\cc9aJaVf.s 			page 1


   1              		.cpu cortex-m0
   2              		.fpu softvfp
   3              		.eabi_attribute 20, 1
   4              		.eabi_attribute 21, 1
   5              		.eabi_attribute 23, 3
   6              		.eabi_attribute 24, 1
   7              		.eabi_attribute 25, 1
   8              		.eabi_attribute 26, 1
   9              		.eabi_attribute 30, 6
  10              		.eabi_attribute 34, 0
  11              		.eabi_attribute 18, 4
  12              		.code	16
  13              		.file	"Cm0Start.c"
  14              		.text
  15              	.Ltext0:
  16              		.cfi_sections	.debug_frame
  17              		.section	.noinit,"aw",%progbits
  18              		.align	2
  19              		.type	cySysNoInitDataValid, %object
  20              		.size	cySysNoInitDataValid, 4
  21              	cySysNoInitDataValid:
  22 0000 00000000 		.space	4
  23              		.global	cyBtldrRunType
  24              		.section	.bootloaderruntype,"aw",%progbits
  25              		.align	2
  26              		.type	cyBtldrRunType, %object
  27              		.size	cyBtldrRunType, 4
  28              	cyBtldrRunType:
  29 0000 00000000 		.space	4
  30              		.section	.text.IntDefaultHandler,"ax",%progbits
  31              		.align	2
  32              		.global	IntDefaultHandler
  33              		.code	16
  34              		.thumb_func
  35              		.type	IntDefaultHandler, %function
  36              	IntDefaultHandler:
  37              	.LFB0:
  38              		.file 1 ".\\Generated_Source\\PSoC4\\Cm0Start.c"
   1:.\Generated_Source\PSoC4/Cm0Start.c **** /*******************************************************************************
   2:.\Generated_Source\PSoC4/Cm0Start.c **** * File Name: Cm0Start.c
   3:.\Generated_Source\PSoC4/Cm0Start.c **** * Version 4.20
   4:.\Generated_Source\PSoC4/Cm0Start.c **** *
   5:.\Generated_Source\PSoC4/Cm0Start.c **** *  Description:
   6:.\Generated_Source\PSoC4/Cm0Start.c **** *  Startup code for the ARM CM0.
   7:.\Generated_Source\PSoC4/Cm0Start.c **** *
   8:.\Generated_Source\PSoC4/Cm0Start.c **** ********************************************************************************
   9:.\Generated_Source\PSoC4/Cm0Start.c **** * Copyright 2010-2014, Cypress Semiconductor Corporation.  All rights reserved.
  10:.\Generated_Source\PSoC4/Cm0Start.c **** * You may use this file only in accordance with the license, terms, conditions,
  11:.\Generated_Source\PSoC4/Cm0Start.c **** * disclaimers, and limitations in the end user license agreement accompanying
  12:.\Generated_Source\PSoC4/Cm0Start.c **** * the software package with which this file was provided.
  13:.\Generated_Source\PSoC4/Cm0Start.c **** *******************************************************************************/
  14:.\Generated_Source\PSoC4/Cm0Start.c **** 
  15:.\Generated_Source\PSoC4/Cm0Start.c **** #include <limits.h>
  16:.\Generated_Source\PSoC4/Cm0Start.c **** #include "cydevice_trm.h"
  17:.\Generated_Source\PSoC4/Cm0Start.c **** #include "cytypes.h"
  18:.\Generated_Source\PSoC4/Cm0Start.c **** #include "cyfitter_cfg.h"
  19:.\Generated_Source\PSoC4/Cm0Start.c **** #include "CyLib.h"
ARM GAS  C:\Users\Clayton\AppData\Local\Temp\cc9aJaVf.s 			page 2


  20:.\Generated_Source\PSoC4/Cm0Start.c **** #include "cyfitter.h"
  21:.\Generated_Source\PSoC4/Cm0Start.c **** 
  22:.\Generated_Source\PSoC4/Cm0Start.c **** #define CY_NUM_VECTORS              (CY_INT_IRQ_BASE + CY_NUM_INTERRUPTS)
  23:.\Generated_Source\PSoC4/Cm0Start.c **** #define CY_CPUSS_CONFIG_VECT_IN_RAM (( uint32 ) 0x01)
  24:.\Generated_Source\PSoC4/Cm0Start.c **** 
  25:.\Generated_Source\PSoC4/Cm0Start.c **** /* CPUSS Configuration register */
  26:.\Generated_Source\PSoC4/Cm0Start.c **** #define CY_CPUSS_CONFIG_REG         (*(reg32 *) CYREG_CPUSS_CONFIG)
  27:.\Generated_Source\PSoC4/Cm0Start.c **** #define CY_CPUSS_CONFIG_PTR         ( (reg32 *) CYREG_CPUSS_CONFIG)
  28:.\Generated_Source\PSoC4/Cm0Start.c **** 
  29:.\Generated_Source\PSoC4/Cm0Start.c **** 
  30:.\Generated_Source\PSoC4/Cm0Start.c **** #if defined (__ICCARM__)
  31:.\Generated_Source\PSoC4/Cm0Start.c ****     #define CY_NUM_ROM_VECTORS      (CY_NUM_VECTORS)
  32:.\Generated_Source\PSoC4/Cm0Start.c **** #else
  33:.\Generated_Source\PSoC4/Cm0Start.c ****     #define CY_NUM_ROM_VECTORS      (4u)
  34:.\Generated_Source\PSoC4/Cm0Start.c **** #endif  /* defined (__ICCARM__) */
  35:.\Generated_Source\PSoC4/Cm0Start.c **** 
  36:.\Generated_Source\PSoC4/Cm0Start.c **** #if defined(__ARMCC_VERSION)
  37:.\Generated_Source\PSoC4/Cm0Start.c ****     #define INITIAL_STACK_POINTER ((cyisraddress)(uint32)&Image$$ARM_LIB_STACK$$ZI$$Limit)
  38:.\Generated_Source\PSoC4/Cm0Start.c **** #elif defined (__GNUC__)
  39:.\Generated_Source\PSoC4/Cm0Start.c ****     #define INITIAL_STACK_POINTER (&__cy_stack)
  40:.\Generated_Source\PSoC4/Cm0Start.c **** #elif defined (__ICCARM__)
  41:.\Generated_Source\PSoC4/Cm0Start.c ****     #pragma language=extended
  42:.\Generated_Source\PSoC4/Cm0Start.c ****     #pragma segment="CSTACK"
  43:.\Generated_Source\PSoC4/Cm0Start.c ****     #define INITIAL_STACK_POINTER  { .__ptr = __sfe( "CSTACK" ) }
  44:.\Generated_Source\PSoC4/Cm0Start.c **** 
  45:.\Generated_Source\PSoC4/Cm0Start.c ****     extern void __iar_program_start( void );
  46:.\Generated_Source\PSoC4/Cm0Start.c ****     extern void __iar_data_init3 (void);
  47:.\Generated_Source\PSoC4/Cm0Start.c **** #endif  /* (__ARMCC_VERSION) */
  48:.\Generated_Source\PSoC4/Cm0Start.c **** 
  49:.\Generated_Source\PSoC4/Cm0Start.c **** #if defined(__GNUC__)
  50:.\Generated_Source\PSoC4/Cm0Start.c ****     #include <errno.h>
  51:.\Generated_Source\PSoC4/Cm0Start.c ****     extern int  errno;
  52:.\Generated_Source\PSoC4/Cm0Start.c ****     extern int  end;
  53:.\Generated_Source\PSoC4/Cm0Start.c **** #endif  /* defined(__GNUC__) */
  54:.\Generated_Source\PSoC4/Cm0Start.c **** 
  55:.\Generated_Source\PSoC4/Cm0Start.c **** /* Extern functions */
  56:.\Generated_Source\PSoC4/Cm0Start.c **** extern void CyBtldr_CheckLaunch(void);
  57:.\Generated_Source\PSoC4/Cm0Start.c **** 
  58:.\Generated_Source\PSoC4/Cm0Start.c **** /* Function prototypes */
  59:.\Generated_Source\PSoC4/Cm0Start.c **** void initialize_psoc(void);
  60:.\Generated_Source\PSoC4/Cm0Start.c **** 
  61:.\Generated_Source\PSoC4/Cm0Start.c **** /* Global variables */
  62:.\Generated_Source\PSoC4/Cm0Start.c **** #if !defined (__ICCARM__)
  63:.\Generated_Source\PSoC4/Cm0Start.c ****     CY_NOINIT static uint32 cySysNoInitDataValid;
  64:.\Generated_Source\PSoC4/Cm0Start.c **** #endif  /* !defined (__ICCARM__) */
  65:.\Generated_Source\PSoC4/Cm0Start.c **** 
  66:.\Generated_Source\PSoC4/Cm0Start.c **** 
  67:.\Generated_Source\PSoC4/Cm0Start.c **** #if (CYDEV_PROJ_TYPE != CYDEV_PROJ_TYPE_STANDARD)
  68:.\Generated_Source\PSoC4/Cm0Start.c **** 
  69:.\Generated_Source\PSoC4/Cm0Start.c ****     /*******************************************************************************
  70:.\Generated_Source\PSoC4/Cm0Start.c ****     This variable is used by the Bootloader/Bootloadable components to schedule
  71:.\Generated_Source\PSoC4/Cm0Start.c ****     what application will be started after a software reset.
  72:.\Generated_Source\PSoC4/Cm0Start.c ****     *******************************************************************************/
  73:.\Generated_Source\PSoC4/Cm0Start.c ****     #if (__ARMCC_VERSION)
  74:.\Generated_Source\PSoC4/Cm0Start.c ****         __attribute__ ((section(".bootloaderruntype"), zero_init))
  75:.\Generated_Source\PSoC4/Cm0Start.c ****     #elif defined (__GNUC__)
  76:.\Generated_Source\PSoC4/Cm0Start.c ****         __attribute__ ((section(".bootloaderruntype")))
ARM GAS  C:\Users\Clayton\AppData\Local\Temp\cc9aJaVf.s 			page 3


  77:.\Generated_Source\PSoC4/Cm0Start.c ****     #elif defined (__ICCARM__)
  78:.\Generated_Source\PSoC4/Cm0Start.c ****         #pragma location=".bootloaderruntype"
  79:.\Generated_Source\PSoC4/Cm0Start.c ****     #endif /* (__ARMCC_VERSION) */
  80:.\Generated_Source\PSoC4/Cm0Start.c ****     volatile uint32 cyBtldrRunType;
  81:.\Generated_Source\PSoC4/Cm0Start.c **** 
  82:.\Generated_Source\PSoC4/Cm0Start.c **** #endif  /* (CYDEV_PROJ_TYPE != CYDEV_PROJ_TYPE_STANDARD) */
  83:.\Generated_Source\PSoC4/Cm0Start.c **** 
  84:.\Generated_Source\PSoC4/Cm0Start.c **** 
  85:.\Generated_Source\PSoC4/Cm0Start.c **** /*******************************************************************************
  86:.\Generated_Source\PSoC4/Cm0Start.c **** * Function Name: IntDefaultHandler
  87:.\Generated_Source\PSoC4/Cm0Start.c **** ********************************************************************************
  88:.\Generated_Source\PSoC4/Cm0Start.c **** *
  89:.\Generated_Source\PSoC4/Cm0Start.c **** * Summary:
  90:.\Generated_Source\PSoC4/Cm0Start.c **** *  This function is called for all interrupts, other than a reset that is called
  91:.\Generated_Source\PSoC4/Cm0Start.c **** *  before the system is setup.
  92:.\Generated_Source\PSoC4/Cm0Start.c **** *
  93:.\Generated_Source\PSoC4/Cm0Start.c **** * Parameters:
  94:.\Generated_Source\PSoC4/Cm0Start.c **** *  None
  95:.\Generated_Source\PSoC4/Cm0Start.c **** *
  96:.\Generated_Source\PSoC4/Cm0Start.c **** * Return:
  97:.\Generated_Source\PSoC4/Cm0Start.c **** *  None
  98:.\Generated_Source\PSoC4/Cm0Start.c **** *
  99:.\Generated_Source\PSoC4/Cm0Start.c **** * Theory:
 100:.\Generated_Source\PSoC4/Cm0Start.c **** *   Any value other than zero is acceptable.
 101:.\Generated_Source\PSoC4/Cm0Start.c **** *
 102:.\Generated_Source\PSoC4/Cm0Start.c **** *******************************************************************************/
 103:.\Generated_Source\PSoC4/Cm0Start.c **** CY_NORETURN
 104:.\Generated_Source\PSoC4/Cm0Start.c **** CY_ISR(IntDefaultHandler)
 105:.\Generated_Source\PSoC4/Cm0Start.c **** {
  39              		.loc 1 105 0
  40              		.cfi_startproc
  41 0000 80B5     		push	{r7, lr}
  42              		.cfi_def_cfa_offset 8
  43              		.cfi_offset 7, -8
  44              		.cfi_offset 14, -4
  45 0002 00AF     		add	r7, sp, #0
  46              		.cfi_def_cfa_register 7
  47              	.L2:
 106:.\Generated_Source\PSoC4/Cm0Start.c ****     /***************************************************************************
 107:.\Generated_Source\PSoC4/Cm0Start.c ****     * We must not get here. If we do, a serious problem occurs, so go into
 108:.\Generated_Source\PSoC4/Cm0Start.c ****     * an infinite loop.
 109:.\Generated_Source\PSoC4/Cm0Start.c ****     ***************************************************************************/
 110:.\Generated_Source\PSoC4/Cm0Start.c ****     while(1)
 111:.\Generated_Source\PSoC4/Cm0Start.c ****     {
 112:.\Generated_Source\PSoC4/Cm0Start.c **** 
 113:.\Generated_Source\PSoC4/Cm0Start.c ****     }
  48              		.loc 1 113 0 discriminator 1
  49 0004 FEE7     		b	.L2
  50              		.cfi_endproc
  51              	.LFE0:
  52              		.size	IntDefaultHandler, .-IntDefaultHandler
  53              		.global	__aeabi_idiv
  54 0006 C046     		.section	.text._exit,"ax",%progbits
  55              		.align	2
  56              		.weak	_exit
  57              		.code	16
  58              		.thumb_func
ARM GAS  C:\Users\Clayton\AppData\Local\Temp\cc9aJaVf.s 			page 4


  59              		.type	_exit, %function
  60              	_exit:
  61              	.LFB1:
 114:.\Generated_Source\PSoC4/Cm0Start.c **** }
 115:.\Generated_Source\PSoC4/Cm0Start.c **** 
 116:.\Generated_Source\PSoC4/Cm0Start.c **** #if defined(__ARMCC_VERSION)
 117:.\Generated_Source\PSoC4/Cm0Start.c **** 
 118:.\Generated_Source\PSoC4/Cm0Start.c **** /* Local function for device reset. */
 119:.\Generated_Source\PSoC4/Cm0Start.c **** extern void Reset(void);
 120:.\Generated_Source\PSoC4/Cm0Start.c **** 
 121:.\Generated_Source\PSoC4/Cm0Start.c **** /* Application entry point. */
 122:.\Generated_Source\PSoC4/Cm0Start.c **** extern void $Super$$main(void);
 123:.\Generated_Source\PSoC4/Cm0Start.c **** 
 124:.\Generated_Source\PSoC4/Cm0Start.c **** /* Linker-generated Stack Base addresses, Two Region and One Region */
 125:.\Generated_Source\PSoC4/Cm0Start.c **** extern unsigned long Image$$ARM_LIB_STACK$$ZI$$Limit;
 126:.\Generated_Source\PSoC4/Cm0Start.c **** 
 127:.\Generated_Source\PSoC4/Cm0Start.c **** /* RealView C Library initialization. */
 128:.\Generated_Source\PSoC4/Cm0Start.c **** extern int __main(void);
 129:.\Generated_Source\PSoC4/Cm0Start.c **** 
 130:.\Generated_Source\PSoC4/Cm0Start.c **** 
 131:.\Generated_Source\PSoC4/Cm0Start.c **** /*******************************************************************************
 132:.\Generated_Source\PSoC4/Cm0Start.c **** * Function Name: Reset
 133:.\Generated_Source\PSoC4/Cm0Start.c **** ********************************************************************************
 134:.\Generated_Source\PSoC4/Cm0Start.c **** *
 135:.\Generated_Source\PSoC4/Cm0Start.c **** * Summary:
 136:.\Generated_Source\PSoC4/Cm0Start.c **** *  This function handles the reset interrupt for the RVDS/MDK toolchains.
 137:.\Generated_Source\PSoC4/Cm0Start.c **** *  This is the first bit of code that is executed at startup.
 138:.\Generated_Source\PSoC4/Cm0Start.c **** *
 139:.\Generated_Source\PSoC4/Cm0Start.c **** * Parameters:
 140:.\Generated_Source\PSoC4/Cm0Start.c **** *  None
 141:.\Generated_Source\PSoC4/Cm0Start.c **** *
 142:.\Generated_Source\PSoC4/Cm0Start.c **** * Return:
 143:.\Generated_Source\PSoC4/Cm0Start.c **** *  None
 144:.\Generated_Source\PSoC4/Cm0Start.c **** *
 145:.\Generated_Source\PSoC4/Cm0Start.c **** *******************************************************************************/
 146:.\Generated_Source\PSoC4/Cm0Start.c **** void Reset(void)
 147:.\Generated_Source\PSoC4/Cm0Start.c **** {
 148:.\Generated_Source\PSoC4/Cm0Start.c ****     #if (CYDEV_PROJ_TYPE == CYDEV_PROJ_TYPE_LOADABLE)
 149:.\Generated_Source\PSoC4/Cm0Start.c ****         /* The bootloadable application image is started at Reset() handler
 150:.\Generated_Source\PSoC4/Cm0Start.c ****         * as a result of a branch instruction execution from the bootloader.
 151:.\Generated_Source\PSoC4/Cm0Start.c ****         * So, the stack pointer needs to be reset to be sure that
 152:.\Generated_Source\PSoC4/Cm0Start.c ****         * there is no garbage in the stack.
 153:.\Generated_Source\PSoC4/Cm0Start.c ****         */
 154:.\Generated_Source\PSoC4/Cm0Start.c ****         register uint32_t msp __asm("msp");
 155:.\Generated_Source\PSoC4/Cm0Start.c ****         msp = (uint32_t)&Image$$ARM_LIB_STACK$$ZI$$Limit;
 156:.\Generated_Source\PSoC4/Cm0Start.c ****     #endif /* CYDEV_PROJ_TYPE_LOADABLE */
 157:.\Generated_Source\PSoC4/Cm0Start.c **** 
 158:.\Generated_Source\PSoC4/Cm0Start.c ****     #if(CY_IP_SRSSLT)
 159:.\Generated_Source\PSoC4/Cm0Start.c ****         CySysWdtDisable();
 160:.\Generated_Source\PSoC4/Cm0Start.c ****     #endif  /* (CY_IP_SRSSLT) */
 161:.\Generated_Source\PSoC4/Cm0Start.c **** 
 162:.\Generated_Source\PSoC4/Cm0Start.c ****     #if (CYDEV_BOOTLOADER_ENABLE)
 163:.\Generated_Source\PSoC4/Cm0Start.c ****         CyBtldr_CheckLaunch();
 164:.\Generated_Source\PSoC4/Cm0Start.c ****     #endif /* CYDEV_BOOTLOADER_ENABLE */
 165:.\Generated_Source\PSoC4/Cm0Start.c **** 
 166:.\Generated_Source\PSoC4/Cm0Start.c ****     __main();
 167:.\Generated_Source\PSoC4/Cm0Start.c **** }
ARM GAS  C:\Users\Clayton\AppData\Local\Temp\cc9aJaVf.s 			page 5


 168:.\Generated_Source\PSoC4/Cm0Start.c **** 
 169:.\Generated_Source\PSoC4/Cm0Start.c **** /*******************************************************************************
 170:.\Generated_Source\PSoC4/Cm0Start.c **** * Function Name: $Sub$$main
 171:.\Generated_Source\PSoC4/Cm0Start.c **** ********************************************************************************
 172:.\Generated_Source\PSoC4/Cm0Start.c **** *
 173:.\Generated_Source\PSoC4/Cm0Start.c **** * Summary:
 174:.\Generated_Source\PSoC4/Cm0Start.c **** *  This function is called immediately before the users main
 175:.\Generated_Source\PSoC4/Cm0Start.c **** *
 176:.\Generated_Source\PSoC4/Cm0Start.c **** * Parameters:
 177:.\Generated_Source\PSoC4/Cm0Start.c **** *  None
 178:.\Generated_Source\PSoC4/Cm0Start.c **** *
 179:.\Generated_Source\PSoC4/Cm0Start.c **** * Return:
 180:.\Generated_Source\PSoC4/Cm0Start.c **** *  None
 181:.\Generated_Source\PSoC4/Cm0Start.c **** *
 182:.\Generated_Source\PSoC4/Cm0Start.c **** *******************************************************************************/
 183:.\Generated_Source\PSoC4/Cm0Start.c **** __attribute__ ((noreturn))
 184:.\Generated_Source\PSoC4/Cm0Start.c **** void $Sub$$main(void)
 185:.\Generated_Source\PSoC4/Cm0Start.c **** {
 186:.\Generated_Source\PSoC4/Cm0Start.c ****     initialize_psoc();
 187:.\Generated_Source\PSoC4/Cm0Start.c **** 
 188:.\Generated_Source\PSoC4/Cm0Start.c ****     /* Call original main */
 189:.\Generated_Source\PSoC4/Cm0Start.c ****     $Super$$main();
 190:.\Generated_Source\PSoC4/Cm0Start.c **** 
 191:.\Generated_Source\PSoC4/Cm0Start.c ****     while (1)
 192:.\Generated_Source\PSoC4/Cm0Start.c ****     {
 193:.\Generated_Source\PSoC4/Cm0Start.c ****         /* If main returns it is undefined what we should do. */
 194:.\Generated_Source\PSoC4/Cm0Start.c ****     }
 195:.\Generated_Source\PSoC4/Cm0Start.c **** }
 196:.\Generated_Source\PSoC4/Cm0Start.c **** 
 197:.\Generated_Source\PSoC4/Cm0Start.c **** #elif defined(__GNUC__)
 198:.\Generated_Source\PSoC4/Cm0Start.c **** 
 199:.\Generated_Source\PSoC4/Cm0Start.c **** /* Stack Base address */
 200:.\Generated_Source\PSoC4/Cm0Start.c **** extern void __cy_stack(void);
 201:.\Generated_Source\PSoC4/Cm0Start.c **** 
 202:.\Generated_Source\PSoC4/Cm0Start.c **** /* Application entry point. */
 203:.\Generated_Source\PSoC4/Cm0Start.c **** extern int main(void);
 204:.\Generated_Source\PSoC4/Cm0Start.c **** 
 205:.\Generated_Source\PSoC4/Cm0Start.c **** /* The static objects constructors initializer */
 206:.\Generated_Source\PSoC4/Cm0Start.c **** extern void __libc_init_array(void);
 207:.\Generated_Source\PSoC4/Cm0Start.c **** 
 208:.\Generated_Source\PSoC4/Cm0Start.c **** typedef unsigned char __cy_byte_align8 __attribute ((aligned (8)));
 209:.\Generated_Source\PSoC4/Cm0Start.c **** 
 210:.\Generated_Source\PSoC4/Cm0Start.c **** struct __cy_region
 211:.\Generated_Source\PSoC4/Cm0Start.c **** {
 212:.\Generated_Source\PSoC4/Cm0Start.c ****     __cy_byte_align8 *init; /* Initial contents of this region.  */
 213:.\Generated_Source\PSoC4/Cm0Start.c ****     __cy_byte_align8 *data; /* Start address of region.  */
 214:.\Generated_Source\PSoC4/Cm0Start.c ****     size_t init_size;       /* Size of initial data.  */
 215:.\Generated_Source\PSoC4/Cm0Start.c ****     size_t zero_size;       /* Additional size to be zeroed.  */
 216:.\Generated_Source\PSoC4/Cm0Start.c **** };
 217:.\Generated_Source\PSoC4/Cm0Start.c **** 
 218:.\Generated_Source\PSoC4/Cm0Start.c **** extern const struct __cy_region __cy_regions[];
 219:.\Generated_Source\PSoC4/Cm0Start.c **** extern const char __cy_region_num __attribute__((weak));
 220:.\Generated_Source\PSoC4/Cm0Start.c **** #define __cy_region_num ((size_t)&__cy_region_num)
 221:.\Generated_Source\PSoC4/Cm0Start.c **** 
 222:.\Generated_Source\PSoC4/Cm0Start.c **** 
 223:.\Generated_Source\PSoC4/Cm0Start.c **** /*******************************************************************************
 224:.\Generated_Source\PSoC4/Cm0Start.c **** * System Calls of the Red Hat newlib C Library
ARM GAS  C:\Users\Clayton\AppData\Local\Temp\cc9aJaVf.s 			page 6


 225:.\Generated_Source\PSoC4/Cm0Start.c **** *******************************************************************************/
 226:.\Generated_Source\PSoC4/Cm0Start.c **** 
 227:.\Generated_Source\PSoC4/Cm0Start.c **** 
 228:.\Generated_Source\PSoC4/Cm0Start.c **** /*******************************************************************************
 229:.\Generated_Source\PSoC4/Cm0Start.c **** * Function Name: _exit
 230:.\Generated_Source\PSoC4/Cm0Start.c **** ********************************************************************************
 231:.\Generated_Source\PSoC4/Cm0Start.c **** *
 232:.\Generated_Source\PSoC4/Cm0Start.c **** * Summary:
 233:.\Generated_Source\PSoC4/Cm0Start.c **** *  Exit a program without cleaning up files. If your system doesn't provide
 234:.\Generated_Source\PSoC4/Cm0Start.c **** *  this, it is best to avoid linking with subroutines that require it (exit,
 235:.\Generated_Source\PSoC4/Cm0Start.c **** *  system).
 236:.\Generated_Source\PSoC4/Cm0Start.c **** *
 237:.\Generated_Source\PSoC4/Cm0Start.c **** * Parameters:
 238:.\Generated_Source\PSoC4/Cm0Start.c **** *  status: Status caused program exit.
 239:.\Generated_Source\PSoC4/Cm0Start.c **** *
 240:.\Generated_Source\PSoC4/Cm0Start.c **** * Return:
 241:.\Generated_Source\PSoC4/Cm0Start.c **** *  None
 242:.\Generated_Source\PSoC4/Cm0Start.c **** *
 243:.\Generated_Source\PSoC4/Cm0Start.c **** *******************************************************************************/
 244:.\Generated_Source\PSoC4/Cm0Start.c **** __attribute__((weak))
 245:.\Generated_Source\PSoC4/Cm0Start.c **** void _exit(int status)
 246:.\Generated_Source\PSoC4/Cm0Start.c **** {
  62              		.loc 1 246 0
  63              		.cfi_startproc
  64 0000 80B5     		push	{r7, lr}
  65              		.cfi_def_cfa_offset 8
  66              		.cfi_offset 7, -8
  67              		.cfi_offset 14, -4
  68 0002 84B0     		sub	sp, sp, #16
  69              		.cfi_def_cfa_offset 24
  70 0004 00AF     		add	r7, sp, #0
  71              		.cfi_def_cfa_register 7
  72 0006 7860     		str	r0, [r7, #4]
 247:.\Generated_Source\PSoC4/Cm0Start.c ****     /* Cause divide by 0 exception */
 248:.\Generated_Source\PSoC4/Cm0Start.c ****     int x = status / (int) INT_MAX;
  73              		.loc 1 248 0
  74 0008 7B68     		ldr	r3, [r7, #4]
  75 000a 181C     		mov	r0, r3
  76 000c 0549     		ldr	r1, .L5
  77 000e FFF7FEFF 		bl	__aeabi_idiv
  78 0012 031C     		mov	r3, r0
  79 0014 FB60     		str	r3, [r7, #12]
 249:.\Generated_Source\PSoC4/Cm0Start.c ****     x = 4 / x;
  80              		.loc 1 249 0
  81 0016 0420     		mov	r0, #4
  82 0018 F968     		ldr	r1, [r7, #12]
  83 001a FFF7FEFF 		bl	__aeabi_idiv
  84 001e 031C     		mov	r3, r0
  85 0020 FB60     		str	r3, [r7, #12]
  86              	.L4:
 250:.\Generated_Source\PSoC4/Cm0Start.c **** 
 251:.\Generated_Source\PSoC4/Cm0Start.c ****     while(1)
 252:.\Generated_Source\PSoC4/Cm0Start.c ****     {
 253:.\Generated_Source\PSoC4/Cm0Start.c **** 
 254:.\Generated_Source\PSoC4/Cm0Start.c ****     }
  87              		.loc 1 254 0 discriminator 1
  88 0022 FEE7     		b	.L4
ARM GAS  C:\Users\Clayton\AppData\Local\Temp\cc9aJaVf.s 			page 7


  89              	.L6:
  90              		.align	2
  91              	.L5:
  92 0024 FFFFFF7F 		.word	2147483647
  93              		.cfi_endproc
  94              	.LFE1:
  95              		.size	_exit, .-_exit
  96              		.section	.text._sbrk,"ax",%progbits
  97              		.align	2
  98              		.weak	_sbrk
  99              		.code	16
 100              		.thumb_func
 101              		.type	_sbrk, %function
 102              	_sbrk:
 103              	.LFB2:
 255:.\Generated_Source\PSoC4/Cm0Start.c **** }
 256:.\Generated_Source\PSoC4/Cm0Start.c **** 
 257:.\Generated_Source\PSoC4/Cm0Start.c **** 
 258:.\Generated_Source\PSoC4/Cm0Start.c **** /*******************************************************************************
 259:.\Generated_Source\PSoC4/Cm0Start.c **** * Function Name: _sbrk
 260:.\Generated_Source\PSoC4/Cm0Start.c **** ********************************************************************************
 261:.\Generated_Source\PSoC4/Cm0Start.c **** *
 262:.\Generated_Source\PSoC4/Cm0Start.c **** * Summary:
 263:.\Generated_Source\PSoC4/Cm0Start.c **** *  Increase program data space. As malloc and related functions depend on this,
 264:.\Generated_Source\PSoC4/Cm0Start.c **** *  it is useful to have a working implementation. The following suffices for a
 265:.\Generated_Source\PSoC4/Cm0Start.c **** *  standalone system; it exploits the symbol end automatically defined by the
 266:.\Generated_Source\PSoC4/Cm0Start.c **** *  GNU linker.
 267:.\Generated_Source\PSoC4/Cm0Start.c **** *
 268:.\Generated_Source\PSoC4/Cm0Start.c **** * Parameters:
 269:.\Generated_Source\PSoC4/Cm0Start.c **** *  nbytes: The number of bytes requested (if the parameter value is positive)
 270:.\Generated_Source\PSoC4/Cm0Start.c **** *  from the heap or returned back to the heap (if the parameter value is
 271:.\Generated_Source\PSoC4/Cm0Start.c **** *  negative).
 272:.\Generated_Source\PSoC4/Cm0Start.c **** *
 273:.\Generated_Source\PSoC4/Cm0Start.c **** * Return:
 274:.\Generated_Source\PSoC4/Cm0Start.c **** *  None
 275:.\Generated_Source\PSoC4/Cm0Start.c **** *
 276:.\Generated_Source\PSoC4/Cm0Start.c **** *******************************************************************************/
 277:.\Generated_Source\PSoC4/Cm0Start.c **** __attribute__((weak))
 278:.\Generated_Source\PSoC4/Cm0Start.c **** void * _sbrk (int nbytes)
 279:.\Generated_Source\PSoC4/Cm0Start.c **** {
 104              		.loc 1 279 0
 105              		.cfi_startproc
 106 0000 80B5     		push	{r7, lr}
 107              		.cfi_def_cfa_offset 8
 108              		.cfi_offset 7, -8
 109              		.cfi_offset 14, -4
 110 0002 84B0     		sub	sp, sp, #16
 111              		.cfi_def_cfa_offset 24
 112 0004 00AF     		add	r7, sp, #0
 113              		.cfi_def_cfa_register 7
 114 0006 7860     		str	r0, [r7, #4]
 280:.\Generated_Source\PSoC4/Cm0Start.c ****     extern int  end;            /* Symbol defined by linker map. Start of free memory (as symbol). 
 281:.\Generated_Source\PSoC4/Cm0Start.c ****     void *      returnValue;
 282:.\Generated_Source\PSoC4/Cm0Start.c **** 
 283:.\Generated_Source\PSoC4/Cm0Start.c ****     /* The statically held previous end of the heap, with its initialization. */
 284:.\Generated_Source\PSoC4/Cm0Start.c ****     static void *heapPointer = (void *) &end;                 /* Previous end */
 285:.\Generated_Source\PSoC4/Cm0Start.c **** 
ARM GAS  C:\Users\Clayton\AppData\Local\Temp\cc9aJaVf.s 			page 8


 286:.\Generated_Source\PSoC4/Cm0Start.c ****     if (((heapPointer + nbytes) - (void *) &end) <= CYDEV_HEAP_SIZE)
 115              		.loc 1 286 0
 116 0008 104B     		ldr	r3, .L11
 117 000a 1A68     		ldr	r2, [r3]
 118 000c 7B68     		ldr	r3, [r7, #4]
 119 000e D318     		add	r3, r2, r3
 120 0010 1A1C     		mov	r2, r3
 121 0012 0F4B     		ldr	r3, .L11+4
 122 0014 D21A     		sub	r2, r2, r3
 123 0016 8023     		mov	r3, #128
 124 0018 5B00     		lsl	r3, r3, #1
 125 001a 9A42     		cmp	r2, r3
 126 001c 09DC     		bgt	.L8
 287:.\Generated_Source\PSoC4/Cm0Start.c ****     {
 288:.\Generated_Source\PSoC4/Cm0Start.c ****         returnValue  = heapPointer;
 127              		.loc 1 288 0
 128 001e 0B4B     		ldr	r3, .L11
 129 0020 1B68     		ldr	r3, [r3]
 130 0022 FB60     		str	r3, [r7, #12]
 289:.\Generated_Source\PSoC4/Cm0Start.c ****         heapPointer += nbytes;
 131              		.loc 1 289 0
 132 0024 094B     		ldr	r3, .L11
 133 0026 1A68     		ldr	r2, [r3]
 134 0028 7B68     		ldr	r3, [r7, #4]
 135 002a D218     		add	r2, r2, r3
 136 002c 074B     		ldr	r3, .L11
 137 002e 1A60     		str	r2, [r3]
 138 0030 07E0     		b	.L9
 139              	.L8:
 290:.\Generated_Source\PSoC4/Cm0Start.c ****     }
 291:.\Generated_Source\PSoC4/Cm0Start.c ****     else
 292:.\Generated_Source\PSoC4/Cm0Start.c ****     {
 293:.\Generated_Source\PSoC4/Cm0Start.c ****         errno = ENOMEM;
 140              		.loc 1 293 0
 141 0032 FFF7FEFF 		bl	__errno
 142 0036 031C     		mov	r3, r0
 143 0038 0C22     		mov	r2, #12
 144 003a 1A60     		str	r2, [r3]
 294:.\Generated_Source\PSoC4/Cm0Start.c ****         returnValue = (void *) -1;
 145              		.loc 1 294 0
 146 003c 0123     		mov	r3, #1
 147 003e 5B42     		neg	r3, r3
 148 0040 FB60     		str	r3, [r7, #12]
 149              	.L9:
 295:.\Generated_Source\PSoC4/Cm0Start.c ****     }
 296:.\Generated_Source\PSoC4/Cm0Start.c **** 
 297:.\Generated_Source\PSoC4/Cm0Start.c ****     return (returnValue);
 150              		.loc 1 297 0
 151 0042 FB68     		ldr	r3, [r7, #12]
 298:.\Generated_Source\PSoC4/Cm0Start.c **** }
 152              		.loc 1 298 0
 153 0044 181C     		mov	r0, r3
 154 0046 BD46     		mov	sp, r7
 155 0048 04B0     		add	sp, sp, #16
 156              		@ sp needed
 157 004a 80BD     		pop	{r7, pc}
 158              	.L12:
ARM GAS  C:\Users\Clayton\AppData\Local\Temp\cc9aJaVf.s 			page 9


 159              		.align	2
 160              	.L11:
 161 004c 00000000 		.word	heapPointer.4690
 162 0050 00000000 		.word	end
 163              		.cfi_endproc
 164              	.LFE2:
 165              		.size	_sbrk, .-_sbrk
 166              		.section	.text.Start_c,"ax",%progbits
 167              		.align	2
 168              		.global	Start_c
 169              		.code	16
 170              		.thumb_func
 171              		.type	Start_c, %function
 172              	Start_c:
 173              	.LFB3:
 299:.\Generated_Source\PSoC4/Cm0Start.c **** 
 300:.\Generated_Source\PSoC4/Cm0Start.c **** 
 301:.\Generated_Source\PSoC4/Cm0Start.c **** /*******************************************************************************
 302:.\Generated_Source\PSoC4/Cm0Start.c **** * Function Name: Start_c
 303:.\Generated_Source\PSoC4/Cm0Start.c **** ********************************************************************************
 304:.\Generated_Source\PSoC4/Cm0Start.c **** *
 305:.\Generated_Source\PSoC4/Cm0Start.c **** * Summary:
 306:.\Generated_Source\PSoC4/Cm0Start.c **** *  This function handles initializing the .data and .bss sections in
 307:.\Generated_Source\PSoC4/Cm0Start.c **** *  preparation for running the standard c code.  Once initialization is complete
 308:.\Generated_Source\PSoC4/Cm0Start.c **** *  it will call main().  This function will never return.
 309:.\Generated_Source\PSoC4/Cm0Start.c **** *
 310:.\Generated_Source\PSoC4/Cm0Start.c **** * Parameters:
 311:.\Generated_Source\PSoC4/Cm0Start.c **** *  None
 312:.\Generated_Source\PSoC4/Cm0Start.c **** *
 313:.\Generated_Source\PSoC4/Cm0Start.c **** * Return:
 314:.\Generated_Source\PSoC4/Cm0Start.c **** *  None
 315:.\Generated_Source\PSoC4/Cm0Start.c **** *
 316:.\Generated_Source\PSoC4/Cm0Start.c **** *******************************************************************************/
 317:.\Generated_Source\PSoC4/Cm0Start.c **** void Start_c(void)  __attribute__ ((noreturn));
 318:.\Generated_Source\PSoC4/Cm0Start.c **** void Start_c(void)
 319:.\Generated_Source\PSoC4/Cm0Start.c **** {
 174              		.loc 1 319 0
 175              		.cfi_startproc
 176 0000 80B5     		push	{r7, lr}
 177              		.cfi_def_cfa_offset 8
 178              		.cfi_offset 7, -8
 179              		.cfi_offset 14, -4
 180 0002 86B0     		sub	sp, sp, #24
 181              		.cfi_def_cfa_offset 32
 182 0004 00AF     		add	r7, sp, #0
 183              		.cfi_def_cfa_register 7
 320:.\Generated_Source\PSoC4/Cm0Start.c ****     unsigned regions = __cy_region_num;
 184              		.loc 1 320 0
 185 0006 224B     		ldr	r3, .L21
 186 0008 7B61     		str	r3, [r7, #20]
 321:.\Generated_Source\PSoC4/Cm0Start.c ****     const struct __cy_region *rptr = __cy_regions;
 187              		.loc 1 321 0
 188 000a 224B     		ldr	r3, .L21+4
 189 000c 3B61     		str	r3, [r7, #16]
 322:.\Generated_Source\PSoC4/Cm0Start.c **** 
 323:.\Generated_Source\PSoC4/Cm0Start.c ****     /* Initialize memory */
 324:.\Generated_Source\PSoC4/Cm0Start.c ****     for (regions = __cy_region_num; regions != 0u; regions--)
ARM GAS  C:\Users\Clayton\AppData\Local\Temp\cc9aJaVf.s 			page 10


 190              		.loc 1 324 0
 191 000e 204B     		ldr	r3, .L21
 192 0010 7B61     		str	r3, [r7, #20]
 193 0012 35E0     		b	.L14
 194              	.L19:
 195              	.LBB2:
 325:.\Generated_Source\PSoC4/Cm0Start.c ****     {
 326:.\Generated_Source\PSoC4/Cm0Start.c ****         uint32 *src = (uint32 *)rptr->init;
 196              		.loc 1 326 0
 197 0014 3B69     		ldr	r3, [r7, #16]
 198 0016 1B68     		ldr	r3, [r3]
 199 0018 FB60     		str	r3, [r7, #12]
 327:.\Generated_Source\PSoC4/Cm0Start.c ****         uint32 *dst = (uint32 *)rptr->data;
 200              		.loc 1 327 0
 201 001a 3B69     		ldr	r3, [r7, #16]
 202 001c 5B68     		ldr	r3, [r3, #4]
 203 001e BB60     		str	r3, [r7, #8]
 328:.\Generated_Source\PSoC4/Cm0Start.c ****         unsigned limit = rptr->init_size;
 204              		.loc 1 328 0
 205 0020 3B69     		ldr	r3, [r7, #16]
 206 0022 9B68     		ldr	r3, [r3, #8]
 207 0024 3B60     		str	r3, [r7]
 329:.\Generated_Source\PSoC4/Cm0Start.c ****         unsigned count;
 330:.\Generated_Source\PSoC4/Cm0Start.c **** 
 331:.\Generated_Source\PSoC4/Cm0Start.c ****         for (count = 0u; count != limit; count += sizeof (uint32))
 208              		.loc 1 331 0
 209 0026 0023     		mov	r3, #0
 210 0028 7B60     		str	r3, [r7, #4]
 211 002a 0CE0     		b	.L15
 212              	.L16:
 332:.\Generated_Source\PSoC4/Cm0Start.c ****         {
 333:.\Generated_Source\PSoC4/Cm0Start.c ****             *dst = *src;
 213              		.loc 1 333 0 discriminator 2
 214 002c FB68     		ldr	r3, [r7, #12]
 215 002e 1A68     		ldr	r2, [r3]
 216 0030 BB68     		ldr	r3, [r7, #8]
 217 0032 1A60     		str	r2, [r3]
 334:.\Generated_Source\PSoC4/Cm0Start.c ****             dst++;
 218              		.loc 1 334 0 discriminator 2
 219 0034 BB68     		ldr	r3, [r7, #8]
 220 0036 0433     		add	r3, r3, #4
 221 0038 BB60     		str	r3, [r7, #8]
 335:.\Generated_Source\PSoC4/Cm0Start.c ****             src++;
 222              		.loc 1 335 0 discriminator 2
 223 003a FB68     		ldr	r3, [r7, #12]
 224 003c 0433     		add	r3, r3, #4
 225 003e FB60     		str	r3, [r7, #12]
 331:.\Generated_Source\PSoC4/Cm0Start.c ****         for (count = 0u; count != limit; count += sizeof (uint32))
 226              		.loc 1 331 0 discriminator 2
 227 0040 7B68     		ldr	r3, [r7, #4]
 228 0042 0433     		add	r3, r3, #4
 229 0044 7B60     		str	r3, [r7, #4]
 230              	.L15:
 331:.\Generated_Source\PSoC4/Cm0Start.c ****         for (count = 0u; count != limit; count += sizeof (uint32))
 231              		.loc 1 331 0 is_stmt 0 discriminator 1
 232 0046 7A68     		ldr	r2, [r7, #4]
 233 0048 3B68     		ldr	r3, [r7]
ARM GAS  C:\Users\Clayton\AppData\Local\Temp\cc9aJaVf.s 			page 11


 234 004a 9A42     		cmp	r2, r3
 235 004c EED1     		bne	.L16
 336:.\Generated_Source\PSoC4/Cm0Start.c ****         }
 337:.\Generated_Source\PSoC4/Cm0Start.c ****         limit = rptr->zero_size;
 236              		.loc 1 337 0 is_stmt 1
 237 004e 3B69     		ldr	r3, [r7, #16]
 238 0050 DB68     		ldr	r3, [r3, #12]
 239 0052 3B60     		str	r3, [r7]
 338:.\Generated_Source\PSoC4/Cm0Start.c ****         for (count = 0u; count != limit; count += sizeof (uint32))
 240              		.loc 1 338 0
 241 0054 0023     		mov	r3, #0
 242 0056 7B60     		str	r3, [r7, #4]
 243 0058 08E0     		b	.L17
 244              	.L18:
 339:.\Generated_Source\PSoC4/Cm0Start.c ****         {
 340:.\Generated_Source\PSoC4/Cm0Start.c ****             *dst = 0u;
 245              		.loc 1 340 0 discriminator 2
 246 005a BB68     		ldr	r3, [r7, #8]
 247 005c 0022     		mov	r2, #0
 248 005e 1A60     		str	r2, [r3]
 341:.\Generated_Source\PSoC4/Cm0Start.c ****             dst++;
 249              		.loc 1 341 0 discriminator 2
 250 0060 BB68     		ldr	r3, [r7, #8]
 251 0062 0433     		add	r3, r3, #4
 252 0064 BB60     		str	r3, [r7, #8]
 338:.\Generated_Source\PSoC4/Cm0Start.c ****         for (count = 0u; count != limit; count += sizeof (uint32))
 253              		.loc 1 338 0 discriminator 2
 254 0066 7B68     		ldr	r3, [r7, #4]
 255 0068 0433     		add	r3, r3, #4
 256 006a 7B60     		str	r3, [r7, #4]
 257              	.L17:
 338:.\Generated_Source\PSoC4/Cm0Start.c ****         for (count = 0u; count != limit; count += sizeof (uint32))
 258              		.loc 1 338 0 is_stmt 0 discriminator 1
 259 006c 7A68     		ldr	r2, [r7, #4]
 260 006e 3B68     		ldr	r3, [r7]
 261 0070 9A42     		cmp	r2, r3
 262 0072 F2D1     		bne	.L18
 342:.\Generated_Source\PSoC4/Cm0Start.c ****         }
 343:.\Generated_Source\PSoC4/Cm0Start.c **** 
 344:.\Generated_Source\PSoC4/Cm0Start.c ****         rptr++;
 263              		.loc 1 344 0 is_stmt 1
 264 0074 3B69     		ldr	r3, [r7, #16]
 265 0076 1033     		add	r3, r3, #16
 266 0078 3B61     		str	r3, [r7, #16]
 267              	.LBE2:
 324:.\Generated_Source\PSoC4/Cm0Start.c ****     for (regions = __cy_region_num; regions != 0u; regions--)
 268              		.loc 1 324 0
 269 007a 7B69     		ldr	r3, [r7, #20]
 270 007c 013B     		sub	r3, r3, #1
 271 007e 7B61     		str	r3, [r7, #20]
 272              	.L14:
 324:.\Generated_Source\PSoC4/Cm0Start.c ****     for (regions = __cy_region_num; regions != 0u; regions--)
 273              		.loc 1 324 0 is_stmt 0 discriminator 1
 274 0080 7B69     		ldr	r3, [r7, #20]
 275 0082 002B     		cmp	r3, #0
 276 0084 C6D1     		bne	.L19
 345:.\Generated_Source\PSoC4/Cm0Start.c ****     }
ARM GAS  C:\Users\Clayton\AppData\Local\Temp\cc9aJaVf.s 			page 12


 346:.\Generated_Source\PSoC4/Cm0Start.c **** 
 347:.\Generated_Source\PSoC4/Cm0Start.c ****     /* Invoke static objects constructors */
 348:.\Generated_Source\PSoC4/Cm0Start.c ****     __libc_init_array();
 277              		.loc 1 348 0 is_stmt 1
 278 0086 FFF7FEFF 		bl	__libc_init_array
 349:.\Generated_Source\PSoC4/Cm0Start.c ****     (void) main();
 279              		.loc 1 349 0
 280 008a FFF7FEFF 		bl	main
 281              	.L20:
 350:.\Generated_Source\PSoC4/Cm0Start.c **** 
 351:.\Generated_Source\PSoC4/Cm0Start.c ****     while (1)
 352:.\Generated_Source\PSoC4/Cm0Start.c ****     {
 353:.\Generated_Source\PSoC4/Cm0Start.c ****         /* If main returns, make sure we don't return. */
 354:.\Generated_Source\PSoC4/Cm0Start.c ****     }
 282              		.loc 1 354 0 discriminator 1
 283 008e FEE7     		b	.L20
 284              	.L22:
 285              		.align	2
 286              	.L21:
 287 0090 00000000 		.word	__cy_region_num
 288 0094 00000000 		.word	__cy_regions
 289              		.cfi_endproc
 290              	.LFE3:
 291              		.size	Start_c, .-Start_c
 292              		.section	.text.Reset,"ax",%progbits
 293              		.align	2
 294              		.global	Reset
 295              		.code	16
 296              		.thumb_func
 297              		.type	Reset, %function
 298              	Reset:
 299              	.LFB4:
 355:.\Generated_Source\PSoC4/Cm0Start.c **** }
 356:.\Generated_Source\PSoC4/Cm0Start.c **** 
 357:.\Generated_Source\PSoC4/Cm0Start.c **** 
 358:.\Generated_Source\PSoC4/Cm0Start.c **** /*******************************************************************************
 359:.\Generated_Source\PSoC4/Cm0Start.c **** * Function Name: Reset
 360:.\Generated_Source\PSoC4/Cm0Start.c **** ********************************************************************************
 361:.\Generated_Source\PSoC4/Cm0Start.c **** *
 362:.\Generated_Source\PSoC4/Cm0Start.c **** * Summary:
 363:.\Generated_Source\PSoC4/Cm0Start.c **** *  This function handles the reset interrupt for the GCC toolchain.  This is
 364:.\Generated_Source\PSoC4/Cm0Start.c **** *  the first bit of code that is executed at startup.
 365:.\Generated_Source\PSoC4/Cm0Start.c **** *
 366:.\Generated_Source\PSoC4/Cm0Start.c **** * Parameters:
 367:.\Generated_Source\PSoC4/Cm0Start.c **** *  None
 368:.\Generated_Source\PSoC4/Cm0Start.c **** *
 369:.\Generated_Source\PSoC4/Cm0Start.c **** * Return:
 370:.\Generated_Source\PSoC4/Cm0Start.c **** *  None
 371:.\Generated_Source\PSoC4/Cm0Start.c **** *
 372:.\Generated_Source\PSoC4/Cm0Start.c **** *******************************************************************************/
 373:.\Generated_Source\PSoC4/Cm0Start.c **** void Reset(void)
 374:.\Generated_Source\PSoC4/Cm0Start.c **** {
 300              		.loc 1 374 0
 301              		.cfi_startproc
 302 0000 80B5     		push	{r7, lr}
 303              		.cfi_def_cfa_offset 8
 304              		.cfi_offset 7, -8
ARM GAS  C:\Users\Clayton\AppData\Local\Temp\cc9aJaVf.s 			page 13


 305              		.cfi_offset 14, -4
 306 0002 00AF     		add	r7, sp, #0
 307              		.cfi_def_cfa_register 7
 375:.\Generated_Source\PSoC4/Cm0Start.c ****     #if (CYDEV_PROJ_TYPE == CYDEV_PROJ_TYPE_LOADABLE)
 376:.\Generated_Source\PSoC4/Cm0Start.c ****         /* The bootloadable application image is started at Reset() handler
 377:.\Generated_Source\PSoC4/Cm0Start.c ****         * as a result of a branch instruction execution from the bootloader.
 378:.\Generated_Source\PSoC4/Cm0Start.c ****         * So, the stack pointer needs to be reset to be sure that
 379:.\Generated_Source\PSoC4/Cm0Start.c ****         * there is no garbage in the stack.
 380:.\Generated_Source\PSoC4/Cm0Start.c ****         */
 381:.\Generated_Source\PSoC4/Cm0Start.c ****         __asm volatile ("MSR msp, %0\n" : : "r" ((uint32)&__cy_stack) : "sp");
 308              		.loc 1 381 0
 309 0004 024B     		ldr	r3, .L24
 310              	@ 381 ".\Generated_Source\PSoC4\Cm0Start.c" 1
 311 0006 83F30888 		MSR msp, r3
 312              	
 313              	@ 0 "" 2
 382:.\Generated_Source\PSoC4/Cm0Start.c ****     #endif /* CYDEV_PROJ_TYPE_LOADABLE */
 383:.\Generated_Source\PSoC4/Cm0Start.c **** 
 384:.\Generated_Source\PSoC4/Cm0Start.c ****     #if(CY_IP_SRSSLT)
 385:.\Generated_Source\PSoC4/Cm0Start.c ****         CySysWdtDisable();
 386:.\Generated_Source\PSoC4/Cm0Start.c ****     #endif  /* (CY_IP_SRSSLT) */
 387:.\Generated_Source\PSoC4/Cm0Start.c **** 
 388:.\Generated_Source\PSoC4/Cm0Start.c ****     #if (CYDEV_BOOTLOADER_ENABLE)
 389:.\Generated_Source\PSoC4/Cm0Start.c ****         CyBtldr_CheckLaunch();
 390:.\Generated_Source\PSoC4/Cm0Start.c ****     #endif /* CYDEV_BOOTLOADER_ENABLE */
 391:.\Generated_Source\PSoC4/Cm0Start.c ****     Start_c();
 314              		.loc 1 391 0
 315              		.code	16
 316 000a FFF7FEFF 		bl	Start_c
 317              	.L25:
 318 000e C046     		.align	2
 319              	.L24:
 320 0010 00000000 		.word	__cy_stack
 321              		.cfi_endproc
 322              	.LFE4:
 323              		.size	Reset, .-Reset
 324              		.global	CyRamVectors
 325              		.section	.ramvectors,"aw",%progbits
 326              		.align	2
 327              		.type	CyRamVectors, %object
 328              		.size	CyRamVectors, 192
 329              	CyRamVectors:
 330 0000 00000000 		.space	192
 330      00000000 
 330      00000000 
 330      00000000 
 330      00000000 
 331              		.global	RomVectors
 332              		.section	.romvectors,"a",%progbits
 333              		.align	2
 334              		.type	RomVectors, %object
 335              		.size	RomVectors, 16
 336              	RomVectors:
 337 0000 00000000 		.word	__cy_stack
 338 0004 00000000 		.word	Reset
 339 0008 00000000 		.word	IntDefaultHandler
 340 000c 00000000 		.word	IntDefaultHandler
ARM GAS  C:\Users\Clayton\AppData\Local\Temp\cc9aJaVf.s 			page 14


 341              		.section	.text.initialize_psoc,"ax",%progbits
 342              		.align	2
 343              		.global	initialize_psoc
 344              		.code	16
 345              		.thumb_func
 346              		.type	initialize_psoc, %function
 347              	initialize_psoc:
 348              	.LFB5:
 392:.\Generated_Source\PSoC4/Cm0Start.c **** }
 393:.\Generated_Source\PSoC4/Cm0Start.c **** 
 394:.\Generated_Source\PSoC4/Cm0Start.c **** #elif defined (__ICCARM__)
 395:.\Generated_Source\PSoC4/Cm0Start.c **** 
 396:.\Generated_Source\PSoC4/Cm0Start.c **** 
 397:.\Generated_Source\PSoC4/Cm0Start.c **** /*******************************************************************************
 398:.\Generated_Source\PSoC4/Cm0Start.c **** * Function Name: __low_level_init
 399:.\Generated_Source\PSoC4/Cm0Start.c **** ********************************************************************************
 400:.\Generated_Source\PSoC4/Cm0Start.c **** *
 401:.\Generated_Source\PSoC4/Cm0Start.c **** * Summary:
 402:.\Generated_Source\PSoC4/Cm0Start.c **** *  This function performs early initializations for the IAR Embedded
 403:.\Generated_Source\PSoC4/Cm0Start.c **** *  Workbench IDE. It is executed in the context of reset interrupt handler
 404:.\Generated_Source\PSoC4/Cm0Start.c **** *  before the data sections are initialized.
 405:.\Generated_Source\PSoC4/Cm0Start.c **** *
 406:.\Generated_Source\PSoC4/Cm0Start.c **** * Parameters:
 407:.\Generated_Source\PSoC4/Cm0Start.c **** *  None
 408:.\Generated_Source\PSoC4/Cm0Start.c **** *
 409:.\Generated_Source\PSoC4/Cm0Start.c **** * Return:
 410:.\Generated_Source\PSoC4/Cm0Start.c **** *  The value that determines whether or not data sections should be initialized
 411:.\Generated_Source\PSoC4/Cm0Start.c **** *  by the system startup code:
 412:.\Generated_Source\PSoC4/Cm0Start.c **** *    0 - skip data sections initialization;
 413:.\Generated_Source\PSoC4/Cm0Start.c **** *    1 - initialize data sections;
 414:.\Generated_Source\PSoC4/Cm0Start.c **** *
 415:.\Generated_Source\PSoC4/Cm0Start.c **** *******************************************************************************/
 416:.\Generated_Source\PSoC4/Cm0Start.c **** int __low_level_init(void)
 417:.\Generated_Source\PSoC4/Cm0Start.c **** {
 418:.\Generated_Source\PSoC4/Cm0Start.c ****     #if(CY_IP_SRSSLT)
 419:.\Generated_Source\PSoC4/Cm0Start.c ****         CySysWdtDisable();
 420:.\Generated_Source\PSoC4/Cm0Start.c ****     #endif  /* (CY_IP_SRSSLT) */
 421:.\Generated_Source\PSoC4/Cm0Start.c **** 
 422:.\Generated_Source\PSoC4/Cm0Start.c **** #if (CYDEV_BOOTLOADER_ENABLE)
 423:.\Generated_Source\PSoC4/Cm0Start.c ****     CyBtldr_CheckLaunch();
 424:.\Generated_Source\PSoC4/Cm0Start.c **** #endif /* CYDEV_BOOTLOADER_ENABLE */
 425:.\Generated_Source\PSoC4/Cm0Start.c **** 
 426:.\Generated_Source\PSoC4/Cm0Start.c ****     /* Initialize data sections */
 427:.\Generated_Source\PSoC4/Cm0Start.c ****     __iar_data_init3();
 428:.\Generated_Source\PSoC4/Cm0Start.c **** 
 429:.\Generated_Source\PSoC4/Cm0Start.c ****     initialize_psoc();
 430:.\Generated_Source\PSoC4/Cm0Start.c **** 
 431:.\Generated_Source\PSoC4/Cm0Start.c ****     return 0;
 432:.\Generated_Source\PSoC4/Cm0Start.c **** }
 433:.\Generated_Source\PSoC4/Cm0Start.c **** 
 434:.\Generated_Source\PSoC4/Cm0Start.c **** #endif /* __GNUC__ */
 435:.\Generated_Source\PSoC4/Cm0Start.c **** 
 436:.\Generated_Source\PSoC4/Cm0Start.c **** 
 437:.\Generated_Source\PSoC4/Cm0Start.c **** /*******************************************************************************
 438:.\Generated_Source\PSoC4/Cm0Start.c **** * Ram Interrupt Vector table storage area. Must be placed at 0x20000000.
 439:.\Generated_Source\PSoC4/Cm0Start.c **** *******************************************************************************/
 440:.\Generated_Source\PSoC4/Cm0Start.c **** 
ARM GAS  C:\Users\Clayton\AppData\Local\Temp\cc9aJaVf.s 			page 15


 441:.\Generated_Source\PSoC4/Cm0Start.c **** #if defined (__ICCARM__)
 442:.\Generated_Source\PSoC4/Cm0Start.c ****     #pragma location=".ramvectors"
 443:.\Generated_Source\PSoC4/Cm0Start.c **** #else
 444:.\Generated_Source\PSoC4/Cm0Start.c ****     CY_SECTION(".ramvectors")
 445:.\Generated_Source\PSoC4/Cm0Start.c **** #endif  /* defined (__ICCARM__) */
 446:.\Generated_Source\PSoC4/Cm0Start.c **** cyisraddress CyRamVectors[CY_NUM_VECTORS];
 447:.\Generated_Source\PSoC4/Cm0Start.c **** 
 448:.\Generated_Source\PSoC4/Cm0Start.c **** 
 449:.\Generated_Source\PSoC4/Cm0Start.c **** /*******************************************************************************
 450:.\Generated_Source\PSoC4/Cm0Start.c **** * Rom Interrupt Vector table storage area. Must be 256-byte aligned.
 451:.\Generated_Source\PSoC4/Cm0Start.c **** *******************************************************************************/
 452:.\Generated_Source\PSoC4/Cm0Start.c **** 
 453:.\Generated_Source\PSoC4/Cm0Start.c **** #if defined(__ARMCC_VERSION)
 454:.\Generated_Source\PSoC4/Cm0Start.c ****     /* Suppress diagnostic message 1296-D: extended constant initialiser used */
 455:.\Generated_Source\PSoC4/Cm0Start.c ****     #pragma diag_suppress 1296
 456:.\Generated_Source\PSoC4/Cm0Start.c **** #endif  /* defined(__ARMCC_VERSION) */
 457:.\Generated_Source\PSoC4/Cm0Start.c **** 
 458:.\Generated_Source\PSoC4/Cm0Start.c **** #if defined (__ICCARM__)
 459:.\Generated_Source\PSoC4/Cm0Start.c ****     #pragma location=".romvectors"
 460:.\Generated_Source\PSoC4/Cm0Start.c ****     const intvec_elem __vector_table[CY_NUM_ROM_VECTORS] =
 461:.\Generated_Source\PSoC4/Cm0Start.c **** #else
 462:.\Generated_Source\PSoC4/Cm0Start.c ****     CY_SECTION(".romvectors")
 463:.\Generated_Source\PSoC4/Cm0Start.c ****     const cyisraddress RomVectors[CY_NUM_ROM_VECTORS] =
 464:.\Generated_Source\PSoC4/Cm0Start.c **** #endif  /* defined (__ICCARM__) */
 465:.\Generated_Source\PSoC4/Cm0Start.c **** {
 466:.\Generated_Source\PSoC4/Cm0Start.c ****     INITIAL_STACK_POINTER,   /* The initial stack pointer  0 */
 467:.\Generated_Source\PSoC4/Cm0Start.c ****     #if defined (__ICCARM__) /* The reset handler          1 */
 468:.\Generated_Source\PSoC4/Cm0Start.c ****         __iar_program_start,
 469:.\Generated_Source\PSoC4/Cm0Start.c ****     #else
 470:.\Generated_Source\PSoC4/Cm0Start.c ****         (cyisraddress)&Reset,
 471:.\Generated_Source\PSoC4/Cm0Start.c ****     #endif  /* defined (__ICCARM__) */
 472:.\Generated_Source\PSoC4/Cm0Start.c ****     &IntDefaultHandler,      /* The NMI handler            2 */
 473:.\Generated_Source\PSoC4/Cm0Start.c ****     &IntDefaultHandler,      /* The hard fault handler     3 */
 474:.\Generated_Source\PSoC4/Cm0Start.c **** };
 475:.\Generated_Source\PSoC4/Cm0Start.c **** 
 476:.\Generated_Source\PSoC4/Cm0Start.c **** #if defined(__ARMCC_VERSION)
 477:.\Generated_Source\PSoC4/Cm0Start.c ****     #pragma diag_default 1296
 478:.\Generated_Source\PSoC4/Cm0Start.c **** #endif  /* defined(__ARMCC_VERSION) */
 479:.\Generated_Source\PSoC4/Cm0Start.c **** 
 480:.\Generated_Source\PSoC4/Cm0Start.c **** 
 481:.\Generated_Source\PSoC4/Cm0Start.c **** /*******************************************************************************
 482:.\Generated_Source\PSoC4/Cm0Start.c **** * Function Name: initialize_psoc
 483:.\Generated_Source\PSoC4/Cm0Start.c **** ********************************************************************************
 484:.\Generated_Source\PSoC4/Cm0Start.c **** *
 485:.\Generated_Source\PSoC4/Cm0Start.c **** * Summary:
 486:.\Generated_Source\PSoC4/Cm0Start.c **** *  This function is used to initialize the PSoC chip before calling main.
 487:.\Generated_Source\PSoC4/Cm0Start.c **** *
 488:.\Generated_Source\PSoC4/Cm0Start.c **** * Parameters:
 489:.\Generated_Source\PSoC4/Cm0Start.c **** *  None
 490:.\Generated_Source\PSoC4/Cm0Start.c **** *
 491:.\Generated_Source\PSoC4/Cm0Start.c **** * Return:
 492:.\Generated_Source\PSoC4/Cm0Start.c **** *  None
 493:.\Generated_Source\PSoC4/Cm0Start.c **** *
 494:.\Generated_Source\PSoC4/Cm0Start.c **** *******************************************************************************/
 495:.\Generated_Source\PSoC4/Cm0Start.c **** #if(defined(__GNUC__) && !defined(__ARMCC_VERSION))
 496:.\Generated_Source\PSoC4/Cm0Start.c **** __attribute__ ((constructor(101)))
 497:.\Generated_Source\PSoC4/Cm0Start.c **** #endif  /* (defined(__GNUC__) && !defined(__ARMCC_VERSION)) */
ARM GAS  C:\Users\Clayton\AppData\Local\Temp\cc9aJaVf.s 			page 16


 498:.\Generated_Source\PSoC4/Cm0Start.c **** void initialize_psoc(void)
 499:.\Generated_Source\PSoC4/Cm0Start.c **** {
 349              		.loc 1 499 0
 350              		.cfi_startproc
 351 0000 80B5     		push	{r7, lr}
 352              		.cfi_def_cfa_offset 8
 353              		.cfi_offset 7, -8
 354              		.cfi_offset 14, -4
 355 0002 82B0     		sub	sp, sp, #8
 356              		.cfi_def_cfa_offset 16
 357 0004 00AF     		add	r7, sp, #0
 358              		.cfi_def_cfa_register 7
 500:.\Generated_Source\PSoC4/Cm0Start.c ****     uint32 indexInit;
 501:.\Generated_Source\PSoC4/Cm0Start.c **** 
 502:.\Generated_Source\PSoC4/Cm0Start.c ****     #if(CY_IP_CPUSSV2)
 503:.\Generated_Source\PSoC4/Cm0Start.c ****         /***********************************************************************
 504:.\Generated_Source\PSoC4/Cm0Start.c ****         * Make sure that Vector Table is located at 0000_0000 in Flash, before
 505:.\Generated_Source\PSoC4/Cm0Start.c ****         * accessing RomVectors or calling functions that may be placed in
 506:.\Generated_Source\PSoC4/Cm0Start.c ****         * .psocinit (cyfitter_cfg and ClockSetup). Note The CY_CPUSS_CONFIG_REG
 507:.\Generated_Source\PSoC4/Cm0Start.c ****         * register is retention for the specified device family.
 508:.\Generated_Source\PSoC4/Cm0Start.c ****         ***********************************************************************/
 509:.\Generated_Source\PSoC4/Cm0Start.c ****         CY_CPUSS_CONFIG_REG &= (uint32) ~CY_CPUSS_CONFIG_VECT_IN_RAM;
 510:.\Generated_Source\PSoC4/Cm0Start.c ****     #endif  /* (CY_IP_CPUSSV2) */
 511:.\Generated_Source\PSoC4/Cm0Start.c **** 
 512:.\Generated_Source\PSoC4/Cm0Start.c ****     /* Set Ram interrupt vectors to default functions. */
 513:.\Generated_Source\PSoC4/Cm0Start.c ****     for (indexInit = 0u; indexInit < CY_NUM_VECTORS; indexInit++)
 359              		.loc 1 513 0
 360 0006 0023     		mov	r3, #0
 361 0008 7B60     		str	r3, [r7, #4]
 362 000a 0FE0     		b	.L27
 363              	.L30:
 514:.\Generated_Source\PSoC4/Cm0Start.c ****     {
 515:.\Generated_Source\PSoC4/Cm0Start.c ****         CyRamVectors[indexInit] = (indexInit < CY_NUM_ROM_VECTORS) ?
 516:.\Generated_Source\PSoC4/Cm0Start.c ****             #if defined (__ICCARM__)
 517:.\Generated_Source\PSoC4/Cm0Start.c ****                 __vector_table[indexInit].__fun : &IntDefaultHandler;
 518:.\Generated_Source\PSoC4/Cm0Start.c ****             #else
 519:.\Generated_Source\PSoC4/Cm0Start.c ****                 RomVectors[indexInit] : &IntDefaultHandler;
 364              		.loc 1 519 0
 365 000c 7B68     		ldr	r3, [r7, #4]
 366 000e 032B     		cmp	r3, #3
 367 0010 04D8     		bhi	.L28
 368              		.loc 1 519 0 is_stmt 0 discriminator 1
 369 0012 134B     		ldr	r3, .L32
 370 0014 7A68     		ldr	r2, [r7, #4]
 371 0016 9200     		lsl	r2, r2, #2
 372 0018 D358     		ldr	r3, [r2, r3]
 373 001a 00E0     		b	.L29
 374              	.L28:
 375              		.loc 1 519 0 discriminator 2
 376 001c 114B     		ldr	r3, .L32+4
 377              	.L29:
 515:.\Generated_Source\PSoC4/Cm0Start.c ****         CyRamVectors[indexInit] = (indexInit < CY_NUM_ROM_VECTORS) ?
 378              		.loc 1 515 0 is_stmt 1
 379 001e 124A     		ldr	r2, .L32+8
 380 0020 7968     		ldr	r1, [r7, #4]
 381 0022 8900     		lsl	r1, r1, #2
 382 0024 8B50     		str	r3, [r1, r2]
ARM GAS  C:\Users\Clayton\AppData\Local\Temp\cc9aJaVf.s 			page 17


 513:.\Generated_Source\PSoC4/Cm0Start.c ****     for (indexInit = 0u; indexInit < CY_NUM_VECTORS; indexInit++)
 383              		.loc 1 513 0
 384 0026 7B68     		ldr	r3, [r7, #4]
 385 0028 0133     		add	r3, r3, #1
 386 002a 7B60     		str	r3, [r7, #4]
 387              	.L27:
 513:.\Generated_Source\PSoC4/Cm0Start.c ****     for (indexInit = 0u; indexInit < CY_NUM_VECTORS; indexInit++)
 388              		.loc 1 513 0 is_stmt 0 discriminator 1
 389 002c 7B68     		ldr	r3, [r7, #4]
 390 002e 2F2B     		cmp	r3, #47
 391 0030 ECD9     		bls	.L30
 520:.\Generated_Source\PSoC4/Cm0Start.c ****             #endif  /* defined (__ICCARM__) */
 521:.\Generated_Source\PSoC4/Cm0Start.c ****     }
 522:.\Generated_Source\PSoC4/Cm0Start.c **** 
 523:.\Generated_Source\PSoC4/Cm0Start.c ****     /* Initialize configuration registers. */
 524:.\Generated_Source\PSoC4/Cm0Start.c ****     cyfitter_cfg();
 392              		.loc 1 524 0 is_stmt 1
 393 0032 FFF7FEFF 		bl	cyfitter_cfg
 525:.\Generated_Source\PSoC4/Cm0Start.c **** 
 526:.\Generated_Source\PSoC4/Cm0Start.c ****     #if !defined (__ICCARM__)
 527:.\Generated_Source\PSoC4/Cm0Start.c ****         /* Actually, no need to clean this variable, just to make compiler happy. */
 528:.\Generated_Source\PSoC4/Cm0Start.c ****         cySysNoInitDataValid = 0u;
 394              		.loc 1 528 0
 395 0036 0D4B     		ldr	r3, .L32+12
 396 0038 0022     		mov	r2, #0
 397 003a 1A60     		str	r2, [r3]
 529:.\Generated_Source\PSoC4/Cm0Start.c ****     #endif  /* !defined (__ICCARM__) */
 530:.\Generated_Source\PSoC4/Cm0Start.c **** 
 531:.\Generated_Source\PSoC4/Cm0Start.c ****     #if (CYDEV_PROJ_TYPE != CYDEV_PROJ_TYPE_STANDARD)
 532:.\Generated_Source\PSoC4/Cm0Start.c **** 
 533:.\Generated_Source\PSoC4/Cm0Start.c ****         /* Need to make sure that this variable will not be optimized out */
 534:.\Generated_Source\PSoC4/Cm0Start.c ****         if (0u == cyBtldrRunType)
 398              		.loc 1 534 0
 399 003c 0C4B     		ldr	r3, .L32+16
 400 003e 1B68     		ldr	r3, [r3]
 401 0040 002B     		cmp	r3, #0
 402 0042 02D1     		bne	.L31
 535:.\Generated_Source\PSoC4/Cm0Start.c ****         {
 536:.\Generated_Source\PSoC4/Cm0Start.c ****             cyBtldrRunType = 0u;
 403              		.loc 1 536 0
 404 0044 0A4B     		ldr	r3, .L32+16
 405 0046 0022     		mov	r2, #0
 406 0048 1A60     		str	r2, [r3]
 407              	.L31:
 537:.\Generated_Source\PSoC4/Cm0Start.c ****         }
 538:.\Generated_Source\PSoC4/Cm0Start.c **** 
 539:.\Generated_Source\PSoC4/Cm0Start.c ****     #endif  /* (CYDEV_PROJ_TYPE != CYDEV_PROJ_TYPE_STANDARD) */
 540:.\Generated_Source\PSoC4/Cm0Start.c **** 
 541:.\Generated_Source\PSoC4/Cm0Start.c ****     /* Vector Table is located at 0x2000:0000 in SRAM */
 542:.\Generated_Source\PSoC4/Cm0Start.c ****     CY_CPUSS_CONFIG_REG |= CY_CPUSS_CONFIG_VECT_IN_RAM;
 408              		.loc 1 542 0
 409 004a 8023     		mov	r3, #128
 410 004c DB05     		lsl	r3, r3, #23
 411 004e 8022     		mov	r2, #128
 412 0050 D205     		lsl	r2, r2, #23
 413 0052 1268     		ldr	r2, [r2]
 414 0054 0121     		mov	r1, #1
ARM GAS  C:\Users\Clayton\AppData\Local\Temp\cc9aJaVf.s 			page 18


 415 0056 0A43     		orr	r2, r1
 416 0058 1A60     		str	r2, [r3]
 543:.\Generated_Source\PSoC4/Cm0Start.c **** }
 417              		.loc 1 543 0
 418 005a BD46     		mov	sp, r7
 419 005c 02B0     		add	sp, sp, #8
 420              		@ sp needed
 421 005e 80BD     		pop	{r7, pc}
 422              	.L33:
 423              		.align	2
 424              	.L32:
 425 0060 00000000 		.word	RomVectors
 426 0064 00000000 		.word	IntDefaultHandler
 427 0068 00000000 		.word	CyRamVectors
 428 006c 00000000 		.word	cySysNoInitDataValid
 429 0070 00000000 		.word	cyBtldrRunType
 430              		.cfi_endproc
 431              	.LFE5:
 432              		.size	initialize_psoc, .-initialize_psoc
 433              		.section	.init_array,"aw",%init_array
 434              		.align	2
 435 0000 00000000 		.word	initialize_psoc(target1)
 436              		.data
 437              		.align	2
 438              		.type	heapPointer.4690, %object
 439              		.size	heapPointer.4690, 4
 440              	heapPointer.4690:
 441 0000 00000000 		.word	end
 442              		.weak	__cy_region_num
 443              		.text
 444              	.Letext0:
 445              		.file 2 ".\\Generated_Source\\PSoC4\\cytypes.h"
 446              		.file 3 "c:\\program files (x86)\\cypress\\psoc creator\\3.1\\psoc creator\\import\\gnu_cs\\arm\\4
 447              		.section	.debug_info,"",%progbits
 448              	.Ldebug_info0:
 449 0000 0C030000 		.4byte	0x30c
 450 0004 0400     		.2byte	0x4
 451 0006 00000000 		.4byte	.Ldebug_abbrev0
 452 000a 04       		.byte	0x4
 453 000b 01       		.uleb128 0x1
 454 000c 27020000 		.4byte	.LASF42
 455 0010 01       		.byte	0x1
 456 0011 F9010000 		.4byte	.LASF43
 457 0015 50000000 		.4byte	.LASF44
 458 0019 00000000 		.4byte	.Ldebug_ranges0+0
 459 001d 00000000 		.4byte	0
 460 0021 00000000 		.4byte	.Ldebug_line0
 461 0025 02       		.uleb128 0x2
 462 0026 01       		.byte	0x1
 463 0027 06       		.byte	0x6
 464 0028 B7020000 		.4byte	.LASF0
 465 002c 02       		.uleb128 0x2
 466 002d 01       		.byte	0x1
 467 002e 08       		.byte	0x8
 468 002f D1000000 		.4byte	.LASF1
 469 0033 02       		.uleb128 0x2
 470 0034 02       		.byte	0x2
ARM GAS  C:\Users\Clayton\AppData\Local\Temp\cc9aJaVf.s 			page 19


 471 0035 05       		.byte	0x5
 472 0036 1D020000 		.4byte	.LASF2
 473 003a 02       		.uleb128 0x2
 474 003b 02       		.byte	0x2
 475 003c 07       		.byte	0x7
 476 003d 1D010000 		.4byte	.LASF3
 477 0041 02       		.uleb128 0x2
 478 0042 04       		.byte	0x4
 479 0043 05       		.byte	0x5
 480 0044 AE020000 		.4byte	.LASF4
 481 0048 02       		.uleb128 0x2
 482 0049 04       		.byte	0x4
 483 004a 07       		.byte	0x7
 484 004b F6000000 		.4byte	.LASF5
 485 004f 02       		.uleb128 0x2
 486 0050 08       		.byte	0x8
 487 0051 05       		.byte	0x5
 488 0052 E6010000 		.4byte	.LASF6
 489 0056 02       		.uleb128 0x2
 490 0057 08       		.byte	0x8
 491 0058 07       		.byte	0x7
 492 0059 98010000 		.4byte	.LASF7
 493 005d 03       		.uleb128 0x3
 494 005e 04       		.byte	0x4
 495 005f 05       		.byte	0x5
 496 0060 696E7400 		.ascii	"int\000"
 497 0064 02       		.uleb128 0x2
 498 0065 04       		.byte	0x4
 499 0066 07       		.byte	0x7
 500 0067 8B010000 		.4byte	.LASF8
 501 006b 04       		.uleb128 0x4
 502 006c 7A010000 		.4byte	.LASF12
 503 0070 02       		.byte	0x2
 504 0071 A3       		.byte	0xa3
 505 0072 48000000 		.4byte	0x48
 506 0076 02       		.uleb128 0x2
 507 0077 04       		.byte	0x4
 508 0078 04       		.byte	0x4
 509 0079 C6000000 		.4byte	.LASF9
 510 007d 02       		.uleb128 0x2
 511 007e 08       		.byte	0x8
 512 007f 04       		.byte	0x4
 513 0080 54010000 		.4byte	.LASF10
 514 0084 02       		.uleb128 0x2
 515 0085 01       		.byte	0x1
 516 0086 08       		.byte	0x8
 517 0087 F4010000 		.4byte	.LASF11
 518 008b 05       		.uleb128 0x5
 519 008c 00000000 		.4byte	.LASF13
 520 0090 02       		.byte	0x2
 521 0091 4D01     		.2byte	0x14d
 522 0093 97000000 		.4byte	0x97
 523 0097 06       		.uleb128 0x6
 524 0098 6B000000 		.4byte	0x6b
 525 009c 05       		.uleb128 0x5
 526 009d B5010000 		.4byte	.LASF14
 527 00a1 02       		.byte	0x2
ARM GAS  C:\Users\Clayton\AppData\Local\Temp\cc9aJaVf.s 			page 20


 528 00a2 5D01     		.2byte	0x15d
 529 00a4 A8000000 		.4byte	0xa8
 530 00a8 07       		.uleb128 0x7
 531 00a9 04       		.byte	0x4
 532 00aa AE000000 		.4byte	0xae
 533 00ae 08       		.uleb128 0x8
 534 00af 04       		.uleb128 0x4
 535 00b0 06000000 		.4byte	.LASF15
 536 00b4 03       		.byte	0x3
 537 00b5 D4       		.byte	0xd4
 538 00b6 64000000 		.4byte	0x64
 539 00ba 02       		.uleb128 0x2
 540 00bb 04       		.byte	0x4
 541 00bc 07       		.byte	0x7
 542 00bd DD010000 		.4byte	.LASF16
 543 00c1 09       		.uleb128 0x9
 544 00c2 04       		.byte	0x4
 545 00c3 0A       		.uleb128 0xa
 546 00c4 84000000 		.4byte	0x84
 547 00c8 04       		.uleb128 0x4
 548 00c9 CC010000 		.4byte	.LASF17
 549 00cd 01       		.byte	0x1
 550 00ce D0       		.byte	0xd0
 551 00cf 2C000000 		.4byte	0x2c
 552 00d3 0B       		.uleb128 0xb
 553 00d4 DF020000 		.4byte	.LASF45
 554 00d8 10       		.byte	0x10
 555 00d9 01       		.byte	0x1
 556 00da D2       		.byte	0xd2
 557 00db 10010000 		.4byte	0x110
 558 00df 0C       		.uleb128 0xc
 559 00e0 4B000000 		.4byte	.LASF18
 560 00e4 01       		.byte	0x1
 561 00e5 D4       		.byte	0xd4
 562 00e6 10010000 		.4byte	0x110
 563 00ea 00       		.byte	0
 564 00eb 0C       		.uleb128 0xc
 565 00ec CC000000 		.4byte	.LASF19
 566 00f0 01       		.byte	0x1
 567 00f1 D5       		.byte	0xd5
 568 00f2 10010000 		.4byte	0x110
 569 00f6 04       		.byte	0x4
 570 00f7 0C       		.uleb128 0xc
 571 00f8 C2010000 		.4byte	.LASF20
 572 00fc 01       		.byte	0x1
 573 00fd D6       		.byte	0xd6
 574 00fe AF000000 		.4byte	0xaf
 575 0102 08       		.byte	0x8
 576 0103 0C       		.uleb128 0xc
 577 0104 B7000000 		.4byte	.LASF21
 578 0108 01       		.byte	0x1
 579 0109 D7       		.byte	0xd7
 580 010a AF000000 		.4byte	0xaf
 581 010e 0C       		.byte	0xc
 582 010f 00       		.byte	0
 583 0110 07       		.uleb128 0x7
 584 0111 04       		.byte	0x4
ARM GAS  C:\Users\Clayton\AppData\Local\Temp\cc9aJaVf.s 			page 21


 585 0112 C8000000 		.4byte	0xc8
 586 0116 0D       		.uleb128 0xd
 587 0117 3C010000 		.4byte	.LASF32
 588 011b 01       		.byte	0x1
 589 011c 68       		.byte	0x68
 590 011d 00000000 		.4byte	.LFB0
 591 0121 06000000 		.4byte	.LFE0-.LFB0
 592 0125 01       		.uleb128 0x1
 593 0126 9C       		.byte	0x9c
 594 0127 0E       		.uleb128 0xe
 595 0128 36010000 		.4byte	.LASF26
 596 012c 01       		.byte	0x1
 597 012d F5       		.byte	0xf5
 598 012e 00000000 		.4byte	.LFB1
 599 0132 28000000 		.4byte	.LFE1-.LFB1
 600 0136 01       		.uleb128 0x1
 601 0137 9C       		.byte	0x9c
 602 0138 57010000 		.4byte	0x157
 603 013c 0F       		.uleb128 0xf
 604 013d 0D000000 		.4byte	.LASF22
 605 0141 01       		.byte	0x1
 606 0142 F5       		.byte	0xf5
 607 0143 5D000000 		.4byte	0x5d
 608 0147 02       		.uleb128 0x2
 609 0148 91       		.byte	0x91
 610 0149 6C       		.sleb128 -20
 611 014a 10       		.uleb128 0x10
 612 014b 7800     		.ascii	"x\000"
 613 014d 01       		.byte	0x1
 614 014e F8       		.byte	0xf8
 615 014f 5D000000 		.4byte	0x5d
 616 0153 02       		.uleb128 0x2
 617 0154 91       		.byte	0x91
 618 0155 74       		.sleb128 -12
 619 0156 00       		.byte	0
 620 0157 11       		.uleb128 0x11
 621 0158 4E010000 		.4byte	.LASF46
 622 015c 01       		.byte	0x1
 623 015d 1601     		.2byte	0x116
 624 015f C1000000 		.4byte	0xc1
 625 0163 00000000 		.4byte	.LFB2
 626 0167 54000000 		.4byte	.LFE2-.LFB2
 627 016b 01       		.uleb128 0x1
 628 016c 9C       		.byte	0x9c
 629 016d AE010000 		.4byte	0x1ae
 630 0171 12       		.uleb128 0x12
 631 0172 D8020000 		.4byte	.LASF23
 632 0176 01       		.byte	0x1
 633 0177 1601     		.2byte	0x116
 634 0179 5D000000 		.4byte	0x5d
 635 017d 02       		.uleb128 0x2
 636 017e 91       		.byte	0x91
 637 017f 6C       		.sleb128 -20
 638 0180 13       		.uleb128 0x13
 639 0181 656E6400 		.ascii	"end\000"
 640 0185 01       		.byte	0x1
 641 0186 1801     		.2byte	0x118
ARM GAS  C:\Users\Clayton\AppData\Local\Temp\cc9aJaVf.s 			page 22


 642 0188 5D000000 		.4byte	0x5d
 643 018c 14       		.uleb128 0x14
 644 018d DF000000 		.4byte	.LASF24
 645 0191 01       		.byte	0x1
 646 0192 1901     		.2byte	0x119
 647 0194 C1000000 		.4byte	0xc1
 648 0198 02       		.uleb128 0x2
 649 0199 91       		.byte	0x91
 650 019a 74       		.sleb128 -12
 651 019b 14       		.uleb128 0x14
 652 019c 2F000000 		.4byte	.LASF25
 653 01a0 01       		.byte	0x1
 654 01a1 1C01     		.2byte	0x11c
 655 01a3 C1000000 		.4byte	0xc1
 656 01a7 05       		.uleb128 0x5
 657 01a8 03       		.byte	0x3
 658 01a9 00000000 		.4byte	heapPointer.4690
 659 01ad 00       		.byte	0
 660 01ae 15       		.uleb128 0x15
 661 01af 21000000 		.4byte	.LASF27
 662 01b3 01       		.byte	0x1
 663 01b4 3E01     		.2byte	0x13e
 664 01b6 00000000 		.4byte	.LFB3
 665 01ba 98000000 		.4byte	.LFE3-.LFB3
 666 01be 01       		.uleb128 0x1
 667 01bf 9C       		.byte	0x9c
 668 01c0 29020000 		.4byte	0x229
 669 01c4 14       		.uleb128 0x14
 670 01c5 D0020000 		.4byte	.LASF28
 671 01c9 01       		.byte	0x1
 672 01ca 4001     		.2byte	0x140
 673 01cc 64000000 		.4byte	0x64
 674 01d0 02       		.uleb128 0x2
 675 01d1 91       		.byte	0x91
 676 01d2 74       		.sleb128 -12
 677 01d3 14       		.uleb128 0x14
 678 01d4 C1000000 		.4byte	.LASF29
 679 01d8 01       		.byte	0x1
 680 01d9 4101     		.2byte	0x141
 681 01db 29020000 		.4byte	0x229
 682 01df 02       		.uleb128 0x2
 683 01e0 91       		.byte	0x91
 684 01e1 70       		.sleb128 -16
 685 01e2 16       		.uleb128 0x16
 686 01e3 14000000 		.4byte	.LBB2
 687 01e7 66000000 		.4byte	.LBE2-.LBB2
 688 01eb 17       		.uleb128 0x17
 689 01ec 73726300 		.ascii	"src\000"
 690 01f0 01       		.byte	0x1
 691 01f1 4601     		.2byte	0x146
 692 01f3 34020000 		.4byte	0x234
 693 01f7 02       		.uleb128 0x2
 694 01f8 91       		.byte	0x91
 695 01f9 6C       		.sleb128 -20
 696 01fa 17       		.uleb128 0x17
 697 01fb 64737400 		.ascii	"dst\000"
 698 01ff 01       		.byte	0x1
ARM GAS  C:\Users\Clayton\AppData\Local\Temp\cc9aJaVf.s 			page 23


 699 0200 4701     		.2byte	0x147
 700 0202 34020000 		.4byte	0x234
 701 0206 02       		.uleb128 0x2
 702 0207 91       		.byte	0x91
 703 0208 68       		.sleb128 -24
 704 0209 14       		.uleb128 0x14
 705 020a AF010000 		.4byte	.LASF30
 706 020e 01       		.byte	0x1
 707 020f 4801     		.2byte	0x148
 708 0211 64000000 		.4byte	0x64
 709 0215 02       		.uleb128 0x2
 710 0216 91       		.byte	0x91
 711 0217 60       		.sleb128 -32
 712 0218 14       		.uleb128 0x14
 713 0219 29000000 		.4byte	.LASF31
 714 021d 01       		.byte	0x1
 715 021e 4901     		.2byte	0x149
 716 0220 64000000 		.4byte	0x64
 717 0224 02       		.uleb128 0x2
 718 0225 91       		.byte	0x91
 719 0226 64       		.sleb128 -28
 720 0227 00       		.byte	0
 721 0228 00       		.byte	0
 722 0229 07       		.uleb128 0x7
 723 022a 04       		.byte	0x4
 724 022b 2F020000 		.4byte	0x22f
 725 022f 0A       		.uleb128 0xa
 726 0230 D3000000 		.4byte	0xd3
 727 0234 07       		.uleb128 0x7
 728 0235 04       		.byte	0x4
 729 0236 6B000000 		.4byte	0x6b
 730 023a 18       		.uleb128 0x18
 731 023b 30010000 		.4byte	.LASF33
 732 023f 01       		.byte	0x1
 733 0240 7501     		.2byte	0x175
 734 0242 00000000 		.4byte	.LFB4
 735 0246 14000000 		.4byte	.LFE4-.LFB4
 736 024a 01       		.uleb128 0x1
 737 024b 9C       		.byte	0x9c
 738 024c 15       		.uleb128 0x15
 739 024d 6A010000 		.4byte	.LASF34
 740 0251 01       		.byte	0x1
 741 0252 F201     		.2byte	0x1f2
 742 0254 00000000 		.4byte	.LFB5
 743 0258 74000000 		.4byte	.LFE5-.LFB5
 744 025c 01       		.uleb128 0x1
 745 025d 9C       		.byte	0x9c
 746 025e 72020000 		.4byte	0x272
 747 0262 14       		.uleb128 0x14
 748 0263 81010000 		.4byte	.LASF35
 749 0267 01       		.byte	0x1
 750 0268 F401     		.2byte	0x1f4
 751 026a 6B000000 		.4byte	0x6b
 752 026e 02       		.uleb128 0x2
 753 026f 91       		.byte	0x91
 754 0270 74       		.sleb128 -12
 755 0271 00       		.byte	0
ARM GAS  C:\Users\Clayton\AppData\Local\Temp\cc9aJaVf.s 			page 24


 756 0272 19       		.uleb128 0x19
 757 0273 08010000 		.4byte	.LASF36
 758 0277 01       		.byte	0x1
 759 0278 3F       		.byte	0x3f
 760 0279 6B000000 		.4byte	0x6b
 761 027d 05       		.uleb128 0x5
 762 027e 03       		.byte	0x3
 763 027f 00000000 		.4byte	cySysNoInitDataValid
 764 0283 13       		.uleb128 0x13
 765 0284 656E6400 		.ascii	"end\000"
 766 0288 01       		.byte	0x1
 767 0289 1801     		.2byte	0x118
 768 028b 5D000000 		.4byte	0x5d
 769 028f 1A       		.uleb128 0x1a
 770 0290 5B010000 		.4byte	.LASF37
 771 0294 01       		.byte	0x1
 772 0295 50       		.byte	0x50
 773 0296 97000000 		.4byte	0x97
 774 029a 05       		.uleb128 0x5
 775 029b 03       		.byte	0x3
 776 029c 00000000 		.4byte	cyBtldrRunType
 777 02a0 1B       		.uleb128 0x1b
 778 02a1 D3000000 		.4byte	0xd3
 779 02a5 AB020000 		.4byte	0x2ab
 780 02a9 1C       		.uleb128 0x1c
 781 02aa 00       		.byte	0
 782 02ab 1D       		.uleb128 0x1d
 783 02ac C3020000 		.4byte	.LASF38
 784 02b0 01       		.byte	0x1
 785 02b1 DA       		.byte	0xda
 786 02b2 B6020000 		.4byte	0x2b6
 787 02b6 0A       		.uleb128 0xa
 788 02b7 A0020000 		.4byte	0x2a0
 789 02bb 1D       		.uleb128 0x1d
 790 02bc 3B000000 		.4byte	.LASF39
 791 02c0 01       		.byte	0x1
 792 02c1 DB       		.byte	0xdb
 793 02c2 C3000000 		.4byte	0xc3
 794 02c6 1B       		.uleb128 0x1b
 795 02c7 9C000000 		.4byte	0x9c
 796 02cb D6020000 		.4byte	0x2d6
 797 02cf 1E       		.uleb128 0x1e
 798 02d0 BA000000 		.4byte	0xba
 799 02d4 2F       		.byte	0x2f
 800 02d5 00       		.byte	0
 801 02d6 1F       		.uleb128 0x1f
 802 02d7 14000000 		.4byte	.LASF40
 803 02db 01       		.byte	0x1
 804 02dc BE01     		.2byte	0x1be
 805 02de C6020000 		.4byte	0x2c6
 806 02e2 05       		.uleb128 0x5
 807 02e3 03       		.byte	0x3
 808 02e4 00000000 		.4byte	CyRamVectors
 809 02e8 1B       		.uleb128 0x1b
 810 02e9 9C000000 		.4byte	0x9c
 811 02ed F8020000 		.4byte	0x2f8
 812 02f1 1E       		.uleb128 0x1e
ARM GAS  C:\Users\Clayton\AppData\Local\Temp\cc9aJaVf.s 			page 25


 813 02f2 BA000000 		.4byte	0xba
 814 02f6 03       		.byte	0x3
 815 02f7 00       		.byte	0
 816 02f8 1F       		.uleb128 0x1f
 817 02f9 EB000000 		.4byte	.LASF41
 818 02fd 01       		.byte	0x1
 819 02fe CF01     		.2byte	0x1cf
 820 0300 0A030000 		.4byte	0x30a
 821 0304 05       		.uleb128 0x5
 822 0305 03       		.byte	0x3
 823 0306 00000000 		.4byte	RomVectors
 824 030a 0A       		.uleb128 0xa
 825 030b E8020000 		.4byte	0x2e8
 826 030f 00       		.byte	0
 827              		.section	.debug_abbrev,"",%progbits
 828              	.Ldebug_abbrev0:
 829 0000 01       		.uleb128 0x1
 830 0001 11       		.uleb128 0x11
 831 0002 01       		.byte	0x1
 832 0003 25       		.uleb128 0x25
 833 0004 0E       		.uleb128 0xe
 834 0005 13       		.uleb128 0x13
 835 0006 0B       		.uleb128 0xb
 836 0007 03       		.uleb128 0x3
 837 0008 0E       		.uleb128 0xe
 838 0009 1B       		.uleb128 0x1b
 839 000a 0E       		.uleb128 0xe
 840 000b 55       		.uleb128 0x55
 841 000c 17       		.uleb128 0x17
 842 000d 11       		.uleb128 0x11
 843 000e 01       		.uleb128 0x1
 844 000f 10       		.uleb128 0x10
 845 0010 17       		.uleb128 0x17
 846 0011 00       		.byte	0
 847 0012 00       		.byte	0
 848 0013 02       		.uleb128 0x2
 849 0014 24       		.uleb128 0x24
 850 0015 00       		.byte	0
 851 0016 0B       		.uleb128 0xb
 852 0017 0B       		.uleb128 0xb
 853 0018 3E       		.uleb128 0x3e
 854 0019 0B       		.uleb128 0xb
 855 001a 03       		.uleb128 0x3
 856 001b 0E       		.uleb128 0xe
 857 001c 00       		.byte	0
 858 001d 00       		.byte	0
 859 001e 03       		.uleb128 0x3
 860 001f 24       		.uleb128 0x24
 861 0020 00       		.byte	0
 862 0021 0B       		.uleb128 0xb
 863 0022 0B       		.uleb128 0xb
 864 0023 3E       		.uleb128 0x3e
 865 0024 0B       		.uleb128 0xb
 866 0025 03       		.uleb128 0x3
 867 0026 08       		.uleb128 0x8
 868 0027 00       		.byte	0
 869 0028 00       		.byte	0
ARM GAS  C:\Users\Clayton\AppData\Local\Temp\cc9aJaVf.s 			page 26


 870 0029 04       		.uleb128 0x4
 871 002a 16       		.uleb128 0x16
 872 002b 00       		.byte	0
 873 002c 03       		.uleb128 0x3
 874 002d 0E       		.uleb128 0xe
 875 002e 3A       		.uleb128 0x3a
 876 002f 0B       		.uleb128 0xb
 877 0030 3B       		.uleb128 0x3b
 878 0031 0B       		.uleb128 0xb
 879 0032 49       		.uleb128 0x49
 880 0033 13       		.uleb128 0x13
 881 0034 00       		.byte	0
 882 0035 00       		.byte	0
 883 0036 05       		.uleb128 0x5
 884 0037 16       		.uleb128 0x16
 885 0038 00       		.byte	0
 886 0039 03       		.uleb128 0x3
 887 003a 0E       		.uleb128 0xe
 888 003b 3A       		.uleb128 0x3a
 889 003c 0B       		.uleb128 0xb
 890 003d 3B       		.uleb128 0x3b
 891 003e 05       		.uleb128 0x5
 892 003f 49       		.uleb128 0x49
 893 0040 13       		.uleb128 0x13
 894 0041 00       		.byte	0
 895 0042 00       		.byte	0
 896 0043 06       		.uleb128 0x6
 897 0044 35       		.uleb128 0x35
 898 0045 00       		.byte	0
 899 0046 49       		.uleb128 0x49
 900 0047 13       		.uleb128 0x13
 901 0048 00       		.byte	0
 902 0049 00       		.byte	0
 903 004a 07       		.uleb128 0x7
 904 004b 0F       		.uleb128 0xf
 905 004c 00       		.byte	0
 906 004d 0B       		.uleb128 0xb
 907 004e 0B       		.uleb128 0xb
 908 004f 49       		.uleb128 0x49
 909 0050 13       		.uleb128 0x13
 910 0051 00       		.byte	0
 911 0052 00       		.byte	0
 912 0053 08       		.uleb128 0x8
 913 0054 15       		.uleb128 0x15
 914 0055 00       		.byte	0
 915 0056 27       		.uleb128 0x27
 916 0057 19       		.uleb128 0x19
 917 0058 00       		.byte	0
 918 0059 00       		.byte	0
 919 005a 09       		.uleb128 0x9
 920 005b 0F       		.uleb128 0xf
 921 005c 00       		.byte	0
 922 005d 0B       		.uleb128 0xb
 923 005e 0B       		.uleb128 0xb
 924 005f 00       		.byte	0
 925 0060 00       		.byte	0
 926 0061 0A       		.uleb128 0xa
ARM GAS  C:\Users\Clayton\AppData\Local\Temp\cc9aJaVf.s 			page 27


 927 0062 26       		.uleb128 0x26
 928 0063 00       		.byte	0
 929 0064 49       		.uleb128 0x49
 930 0065 13       		.uleb128 0x13
 931 0066 00       		.byte	0
 932 0067 00       		.byte	0
 933 0068 0B       		.uleb128 0xb
 934 0069 13       		.uleb128 0x13
 935 006a 01       		.byte	0x1
 936 006b 03       		.uleb128 0x3
 937 006c 0E       		.uleb128 0xe
 938 006d 0B       		.uleb128 0xb
 939 006e 0B       		.uleb128 0xb
 940 006f 3A       		.uleb128 0x3a
 941 0070 0B       		.uleb128 0xb
 942 0071 3B       		.uleb128 0x3b
 943 0072 0B       		.uleb128 0xb
 944 0073 01       		.uleb128 0x1
 945 0074 13       		.uleb128 0x13
 946 0075 00       		.byte	0
 947 0076 00       		.byte	0
 948 0077 0C       		.uleb128 0xc
 949 0078 0D       		.uleb128 0xd
 950 0079 00       		.byte	0
 951 007a 03       		.uleb128 0x3
 952 007b 0E       		.uleb128 0xe
 953 007c 3A       		.uleb128 0x3a
 954 007d 0B       		.uleb128 0xb
 955 007e 3B       		.uleb128 0x3b
 956 007f 0B       		.uleb128 0xb
 957 0080 49       		.uleb128 0x49
 958 0081 13       		.uleb128 0x13
 959 0082 38       		.uleb128 0x38
 960 0083 0B       		.uleb128 0xb
 961 0084 00       		.byte	0
 962 0085 00       		.byte	0
 963 0086 0D       		.uleb128 0xd
 964 0087 2E       		.uleb128 0x2e
 965 0088 00       		.byte	0
 966 0089 3F       		.uleb128 0x3f
 967 008a 19       		.uleb128 0x19
 968 008b 03       		.uleb128 0x3
 969 008c 0E       		.uleb128 0xe
 970 008d 3A       		.uleb128 0x3a
 971 008e 0B       		.uleb128 0xb
 972 008f 3B       		.uleb128 0x3b
 973 0090 0B       		.uleb128 0xb
 974 0091 27       		.uleb128 0x27
 975 0092 19       		.uleb128 0x19
 976 0093 11       		.uleb128 0x11
 977 0094 01       		.uleb128 0x1
 978 0095 12       		.uleb128 0x12
 979 0096 06       		.uleb128 0x6
 980 0097 40       		.uleb128 0x40
 981 0098 18       		.uleb128 0x18
 982 0099 9742     		.uleb128 0x2117
 983 009b 19       		.uleb128 0x19
ARM GAS  C:\Users\Clayton\AppData\Local\Temp\cc9aJaVf.s 			page 28


 984 009c 00       		.byte	0
 985 009d 00       		.byte	0
 986 009e 0E       		.uleb128 0xe
 987 009f 2E       		.uleb128 0x2e
 988 00a0 01       		.byte	0x1
 989 00a1 3F       		.uleb128 0x3f
 990 00a2 19       		.uleb128 0x19
 991 00a3 03       		.uleb128 0x3
 992 00a4 0E       		.uleb128 0xe
 993 00a5 3A       		.uleb128 0x3a
 994 00a6 0B       		.uleb128 0xb
 995 00a7 3B       		.uleb128 0x3b
 996 00a8 0B       		.uleb128 0xb
 997 00a9 27       		.uleb128 0x27
 998 00aa 19       		.uleb128 0x19
 999 00ab 11       		.uleb128 0x11
 1000 00ac 01       		.uleb128 0x1
 1001 00ad 12       		.uleb128 0x12
 1002 00ae 06       		.uleb128 0x6
 1003 00af 40       		.uleb128 0x40
 1004 00b0 18       		.uleb128 0x18
 1005 00b1 9642     		.uleb128 0x2116
 1006 00b3 19       		.uleb128 0x19
 1007 00b4 01       		.uleb128 0x1
 1008 00b5 13       		.uleb128 0x13
 1009 00b6 00       		.byte	0
 1010 00b7 00       		.byte	0
 1011 00b8 0F       		.uleb128 0xf
 1012 00b9 05       		.uleb128 0x5
 1013 00ba 00       		.byte	0
 1014 00bb 03       		.uleb128 0x3
 1015 00bc 0E       		.uleb128 0xe
 1016 00bd 3A       		.uleb128 0x3a
 1017 00be 0B       		.uleb128 0xb
 1018 00bf 3B       		.uleb128 0x3b
 1019 00c0 0B       		.uleb128 0xb
 1020 00c1 49       		.uleb128 0x49
 1021 00c2 13       		.uleb128 0x13
 1022 00c3 02       		.uleb128 0x2
 1023 00c4 18       		.uleb128 0x18
 1024 00c5 00       		.byte	0
 1025 00c6 00       		.byte	0
 1026 00c7 10       		.uleb128 0x10
 1027 00c8 34       		.uleb128 0x34
 1028 00c9 00       		.byte	0
 1029 00ca 03       		.uleb128 0x3
 1030 00cb 08       		.uleb128 0x8
 1031 00cc 3A       		.uleb128 0x3a
 1032 00cd 0B       		.uleb128 0xb
 1033 00ce 3B       		.uleb128 0x3b
 1034 00cf 0B       		.uleb128 0xb
 1035 00d0 49       		.uleb128 0x49
 1036 00d1 13       		.uleb128 0x13
 1037 00d2 02       		.uleb128 0x2
 1038 00d3 18       		.uleb128 0x18
 1039 00d4 00       		.byte	0
 1040 00d5 00       		.byte	0
ARM GAS  C:\Users\Clayton\AppData\Local\Temp\cc9aJaVf.s 			page 29


 1041 00d6 11       		.uleb128 0x11
 1042 00d7 2E       		.uleb128 0x2e
 1043 00d8 01       		.byte	0x1
 1044 00d9 3F       		.uleb128 0x3f
 1045 00da 19       		.uleb128 0x19
 1046 00db 03       		.uleb128 0x3
 1047 00dc 0E       		.uleb128 0xe
 1048 00dd 3A       		.uleb128 0x3a
 1049 00de 0B       		.uleb128 0xb
 1050 00df 3B       		.uleb128 0x3b
 1051 00e0 05       		.uleb128 0x5
 1052 00e1 27       		.uleb128 0x27
 1053 00e2 19       		.uleb128 0x19
 1054 00e3 49       		.uleb128 0x49
 1055 00e4 13       		.uleb128 0x13
 1056 00e5 11       		.uleb128 0x11
 1057 00e6 01       		.uleb128 0x1
 1058 00e7 12       		.uleb128 0x12
 1059 00e8 06       		.uleb128 0x6
 1060 00e9 40       		.uleb128 0x40
 1061 00ea 18       		.uleb128 0x18
 1062 00eb 9642     		.uleb128 0x2116
 1063 00ed 19       		.uleb128 0x19
 1064 00ee 01       		.uleb128 0x1
 1065 00ef 13       		.uleb128 0x13
 1066 00f0 00       		.byte	0
 1067 00f1 00       		.byte	0
 1068 00f2 12       		.uleb128 0x12
 1069 00f3 05       		.uleb128 0x5
 1070 00f4 00       		.byte	0
 1071 00f5 03       		.uleb128 0x3
 1072 00f6 0E       		.uleb128 0xe
 1073 00f7 3A       		.uleb128 0x3a
 1074 00f8 0B       		.uleb128 0xb
 1075 00f9 3B       		.uleb128 0x3b
 1076 00fa 05       		.uleb128 0x5
 1077 00fb 49       		.uleb128 0x49
 1078 00fc 13       		.uleb128 0x13
 1079 00fd 02       		.uleb128 0x2
 1080 00fe 18       		.uleb128 0x18
 1081 00ff 00       		.byte	0
 1082 0100 00       		.byte	0
 1083 0101 13       		.uleb128 0x13
 1084 0102 34       		.uleb128 0x34
 1085 0103 00       		.byte	0
 1086 0104 03       		.uleb128 0x3
 1087 0105 08       		.uleb128 0x8
 1088 0106 3A       		.uleb128 0x3a
 1089 0107 0B       		.uleb128 0xb
 1090 0108 3B       		.uleb128 0x3b
 1091 0109 05       		.uleb128 0x5
 1092 010a 49       		.uleb128 0x49
 1093 010b 13       		.uleb128 0x13
 1094 010c 3F       		.uleb128 0x3f
 1095 010d 19       		.uleb128 0x19
 1096 010e 3C       		.uleb128 0x3c
 1097 010f 19       		.uleb128 0x19
ARM GAS  C:\Users\Clayton\AppData\Local\Temp\cc9aJaVf.s 			page 30


 1098 0110 00       		.byte	0
 1099 0111 00       		.byte	0
 1100 0112 14       		.uleb128 0x14
 1101 0113 34       		.uleb128 0x34
 1102 0114 00       		.byte	0
 1103 0115 03       		.uleb128 0x3
 1104 0116 0E       		.uleb128 0xe
 1105 0117 3A       		.uleb128 0x3a
 1106 0118 0B       		.uleb128 0xb
 1107 0119 3B       		.uleb128 0x3b
 1108 011a 05       		.uleb128 0x5
 1109 011b 49       		.uleb128 0x49
 1110 011c 13       		.uleb128 0x13
 1111 011d 02       		.uleb128 0x2
 1112 011e 18       		.uleb128 0x18
 1113 011f 00       		.byte	0
 1114 0120 00       		.byte	0
 1115 0121 15       		.uleb128 0x15
 1116 0122 2E       		.uleb128 0x2e
 1117 0123 01       		.byte	0x1
 1118 0124 3F       		.uleb128 0x3f
 1119 0125 19       		.uleb128 0x19
 1120 0126 03       		.uleb128 0x3
 1121 0127 0E       		.uleb128 0xe
 1122 0128 3A       		.uleb128 0x3a
 1123 0129 0B       		.uleb128 0xb
 1124 012a 3B       		.uleb128 0x3b
 1125 012b 05       		.uleb128 0x5
 1126 012c 27       		.uleb128 0x27
 1127 012d 19       		.uleb128 0x19
 1128 012e 11       		.uleb128 0x11
 1129 012f 01       		.uleb128 0x1
 1130 0130 12       		.uleb128 0x12
 1131 0131 06       		.uleb128 0x6
 1132 0132 40       		.uleb128 0x40
 1133 0133 18       		.uleb128 0x18
 1134 0134 9642     		.uleb128 0x2116
 1135 0136 19       		.uleb128 0x19
 1136 0137 01       		.uleb128 0x1
 1137 0138 13       		.uleb128 0x13
 1138 0139 00       		.byte	0
 1139 013a 00       		.byte	0
 1140 013b 16       		.uleb128 0x16
 1141 013c 0B       		.uleb128 0xb
 1142 013d 01       		.byte	0x1
 1143 013e 11       		.uleb128 0x11
 1144 013f 01       		.uleb128 0x1
 1145 0140 12       		.uleb128 0x12
 1146 0141 06       		.uleb128 0x6
 1147 0142 00       		.byte	0
 1148 0143 00       		.byte	0
 1149 0144 17       		.uleb128 0x17
 1150 0145 34       		.uleb128 0x34
 1151 0146 00       		.byte	0
 1152 0147 03       		.uleb128 0x3
 1153 0148 08       		.uleb128 0x8
 1154 0149 3A       		.uleb128 0x3a
ARM GAS  C:\Users\Clayton\AppData\Local\Temp\cc9aJaVf.s 			page 31


 1155 014a 0B       		.uleb128 0xb
 1156 014b 3B       		.uleb128 0x3b
 1157 014c 05       		.uleb128 0x5
 1158 014d 49       		.uleb128 0x49
 1159 014e 13       		.uleb128 0x13
 1160 014f 02       		.uleb128 0x2
 1161 0150 18       		.uleb128 0x18
 1162 0151 00       		.byte	0
 1163 0152 00       		.byte	0
 1164 0153 18       		.uleb128 0x18
 1165 0154 2E       		.uleb128 0x2e
 1166 0155 00       		.byte	0
 1167 0156 3F       		.uleb128 0x3f
 1168 0157 19       		.uleb128 0x19
 1169 0158 03       		.uleb128 0x3
 1170 0159 0E       		.uleb128 0xe
 1171 015a 3A       		.uleb128 0x3a
 1172 015b 0B       		.uleb128 0xb
 1173 015c 3B       		.uleb128 0x3b
 1174 015d 05       		.uleb128 0x5
 1175 015e 27       		.uleb128 0x27
 1176 015f 19       		.uleb128 0x19
 1177 0160 11       		.uleb128 0x11
 1178 0161 01       		.uleb128 0x1
 1179 0162 12       		.uleb128 0x12
 1180 0163 06       		.uleb128 0x6
 1181 0164 40       		.uleb128 0x40
 1182 0165 18       		.uleb128 0x18
 1183 0166 9642     		.uleb128 0x2116
 1184 0168 19       		.uleb128 0x19
 1185 0169 00       		.byte	0
 1186 016a 00       		.byte	0
 1187 016b 19       		.uleb128 0x19
 1188 016c 34       		.uleb128 0x34
 1189 016d 00       		.byte	0
 1190 016e 03       		.uleb128 0x3
 1191 016f 0E       		.uleb128 0xe
 1192 0170 3A       		.uleb128 0x3a
 1193 0171 0B       		.uleb128 0xb
 1194 0172 3B       		.uleb128 0x3b
 1195 0173 0B       		.uleb128 0xb
 1196 0174 49       		.uleb128 0x49
 1197 0175 13       		.uleb128 0x13
 1198 0176 02       		.uleb128 0x2
 1199 0177 18       		.uleb128 0x18
 1200 0178 00       		.byte	0
 1201 0179 00       		.byte	0
 1202 017a 1A       		.uleb128 0x1a
 1203 017b 34       		.uleb128 0x34
 1204 017c 00       		.byte	0
 1205 017d 03       		.uleb128 0x3
 1206 017e 0E       		.uleb128 0xe
 1207 017f 3A       		.uleb128 0x3a
 1208 0180 0B       		.uleb128 0xb
 1209 0181 3B       		.uleb128 0x3b
 1210 0182 0B       		.uleb128 0xb
 1211 0183 49       		.uleb128 0x49
ARM GAS  C:\Users\Clayton\AppData\Local\Temp\cc9aJaVf.s 			page 32


 1212 0184 13       		.uleb128 0x13
 1213 0185 3F       		.uleb128 0x3f
 1214 0186 19       		.uleb128 0x19
 1215 0187 02       		.uleb128 0x2
 1216 0188 18       		.uleb128 0x18
 1217 0189 00       		.byte	0
 1218 018a 00       		.byte	0
 1219 018b 1B       		.uleb128 0x1b
 1220 018c 01       		.uleb128 0x1
 1221 018d 01       		.byte	0x1
 1222 018e 49       		.uleb128 0x49
 1223 018f 13       		.uleb128 0x13
 1224 0190 01       		.uleb128 0x1
 1225 0191 13       		.uleb128 0x13
 1226 0192 00       		.byte	0
 1227 0193 00       		.byte	0
 1228 0194 1C       		.uleb128 0x1c
 1229 0195 21       		.uleb128 0x21
 1230 0196 00       		.byte	0
 1231 0197 00       		.byte	0
 1232 0198 00       		.byte	0
 1233 0199 1D       		.uleb128 0x1d
 1234 019a 34       		.uleb128 0x34
 1235 019b 00       		.byte	0
 1236 019c 03       		.uleb128 0x3
 1237 019d 0E       		.uleb128 0xe
 1238 019e 3A       		.uleb128 0x3a
 1239 019f 0B       		.uleb128 0xb
 1240 01a0 3B       		.uleb128 0x3b
 1241 01a1 0B       		.uleb128 0xb
 1242 01a2 49       		.uleb128 0x49
 1243 01a3 13       		.uleb128 0x13
 1244 01a4 3F       		.uleb128 0x3f
 1245 01a5 19       		.uleb128 0x19
 1246 01a6 3C       		.uleb128 0x3c
 1247 01a7 19       		.uleb128 0x19
 1248 01a8 00       		.byte	0
 1249 01a9 00       		.byte	0
 1250 01aa 1E       		.uleb128 0x1e
 1251 01ab 21       		.uleb128 0x21
 1252 01ac 00       		.byte	0
 1253 01ad 49       		.uleb128 0x49
 1254 01ae 13       		.uleb128 0x13
 1255 01af 2F       		.uleb128 0x2f
 1256 01b0 0B       		.uleb128 0xb
 1257 01b1 00       		.byte	0
 1258 01b2 00       		.byte	0
 1259 01b3 1F       		.uleb128 0x1f
 1260 01b4 34       		.uleb128 0x34
 1261 01b5 00       		.byte	0
 1262 01b6 03       		.uleb128 0x3
 1263 01b7 0E       		.uleb128 0xe
 1264 01b8 3A       		.uleb128 0x3a
 1265 01b9 0B       		.uleb128 0xb
 1266 01ba 3B       		.uleb128 0x3b
 1267 01bb 05       		.uleb128 0x5
 1268 01bc 49       		.uleb128 0x49
ARM GAS  C:\Users\Clayton\AppData\Local\Temp\cc9aJaVf.s 			page 33


 1269 01bd 13       		.uleb128 0x13
 1270 01be 3F       		.uleb128 0x3f
 1271 01bf 19       		.uleb128 0x19
 1272 01c0 02       		.uleb128 0x2
 1273 01c1 18       		.uleb128 0x18
 1274 01c2 00       		.byte	0
 1275 01c3 00       		.byte	0
 1276 01c4 00       		.byte	0
 1277              		.section	.debug_aranges,"",%progbits
 1278 0000 44000000 		.4byte	0x44
 1279 0004 0200     		.2byte	0x2
 1280 0006 00000000 		.4byte	.Ldebug_info0
 1281 000a 04       		.byte	0x4
 1282 000b 00       		.byte	0
 1283 000c 0000     		.2byte	0
 1284 000e 0000     		.2byte	0
 1285 0010 00000000 		.4byte	.LFB0
 1286 0014 06000000 		.4byte	.LFE0-.LFB0
 1287 0018 00000000 		.4byte	.LFB1
 1288 001c 28000000 		.4byte	.LFE1-.LFB1
 1289 0020 00000000 		.4byte	.LFB2
 1290 0024 54000000 		.4byte	.LFE2-.LFB2
 1291 0028 00000000 		.4byte	.LFB3
 1292 002c 98000000 		.4byte	.LFE3-.LFB3
 1293 0030 00000000 		.4byte	.LFB4
 1294 0034 14000000 		.4byte	.LFE4-.LFB4
 1295 0038 00000000 		.4byte	.LFB5
 1296 003c 74000000 		.4byte	.LFE5-.LFB5
 1297 0040 00000000 		.4byte	0
 1298 0044 00000000 		.4byte	0
 1299              		.section	.debug_ranges,"",%progbits
 1300              	.Ldebug_ranges0:
 1301 0000 00000000 		.4byte	.LFB0
 1302 0004 06000000 		.4byte	.LFE0
 1303 0008 00000000 		.4byte	.LFB1
 1304 000c 28000000 		.4byte	.LFE1
 1305 0010 00000000 		.4byte	.LFB2
 1306 0014 54000000 		.4byte	.LFE2
 1307 0018 00000000 		.4byte	.LFB3
 1308 001c 98000000 		.4byte	.LFE3
 1309 0020 00000000 		.4byte	.LFB4
 1310 0024 14000000 		.4byte	.LFE4
 1311 0028 00000000 		.4byte	.LFB5
 1312 002c 74000000 		.4byte	.LFE5
 1313 0030 00000000 		.4byte	0
 1314 0034 00000000 		.4byte	0
 1315              		.section	.debug_line,"",%progbits
 1316              	.Ldebug_line0:
 1317 0000 B8010000 		.section	.debug_str,"MS",%progbits,1
 1317      0200CC00 
 1317      00000201 
 1317      FB0E0D00 
 1317      01010101 
 1318              	.LASF13:
 1319 0000 72656733 		.ascii	"reg32\000"
 1319      3200
 1320              	.LASF15:
ARM GAS  C:\Users\Clayton\AppData\Local\Temp\cc9aJaVf.s 			page 34


 1321 0006 73697A65 		.ascii	"size_t\000"
 1321      5F7400
 1322              	.LASF22:
 1323 000d 73746174 		.ascii	"status\000"
 1323      757300
 1324              	.LASF40:
 1325 0014 43795261 		.ascii	"CyRamVectors\000"
 1325      6D566563 
 1325      746F7273 
 1325      00
 1326              	.LASF27:
 1327 0021 53746172 		.ascii	"Start_c\000"
 1327      745F6300 
 1328              	.LASF31:
 1329 0029 636F756E 		.ascii	"count\000"
 1329      7400
 1330              	.LASF25:
 1331 002f 68656170 		.ascii	"heapPointer\000"
 1331      506F696E 
 1331      74657200 
 1332              	.LASF39:
 1333 003b 5F5F6379 		.ascii	"__cy_region_num\000"
 1333      5F726567 
 1333      696F6E5F 
 1333      6E756D00 
 1334              	.LASF18:
 1335 004b 696E6974 		.ascii	"init\000"
 1335      00
 1336              	.LASF44:
 1337 0050 433A5C55 		.ascii	"C:\\Users\\Clayton\\Documents\\Mars Rover\\MasterCo"
 1337      73657273 
 1337      5C436C61 
 1337      79746F6E 
 1337      5C446F63 
 1338 007e 6E74726F 		.ascii	"ntrollerBoard\\BYURover2015\\BYURover2015MainBoardS"
 1338      6C6C6572 
 1338      426F6172 
 1338      645C4259 
 1338      55526F76 
 1339 00af 4D2E6379 		.ascii	"M.cydsn\000"
 1339      64736E00 
 1340              	.LASF21:
 1341 00b7 7A65726F 		.ascii	"zero_size\000"
 1341      5F73697A 
 1341      6500
 1342              	.LASF29:
 1343 00c1 72707472 		.ascii	"rptr\000"
 1343      00
 1344              	.LASF9:
 1345 00c6 666C6F61 		.ascii	"float\000"
 1345      7400
 1346              	.LASF19:
 1347 00cc 64617461 		.ascii	"data\000"
 1347      00
 1348              	.LASF1:
 1349 00d1 756E7369 		.ascii	"unsigned char\000"
 1349      676E6564 
ARM GAS  C:\Users\Clayton\AppData\Local\Temp\cc9aJaVf.s 			page 35


 1349      20636861 
 1349      7200
 1350              	.LASF24:
 1351 00df 72657475 		.ascii	"returnValue\000"
 1351      726E5661 
 1351      6C756500 
 1352              	.LASF41:
 1353 00eb 526F6D56 		.ascii	"RomVectors\000"
 1353      6563746F 
 1353      727300
 1354              	.LASF5:
 1355 00f6 6C6F6E67 		.ascii	"long unsigned int\000"
 1355      20756E73 
 1355      69676E65 
 1355      6420696E 
 1355      7400
 1356              	.LASF36:
 1357 0108 63795379 		.ascii	"cySysNoInitDataValid\000"
 1357      734E6F49 
 1357      6E697444 
 1357      61746156 
 1357      616C6964 
 1358              	.LASF3:
 1359 011d 73686F72 		.ascii	"short unsigned int\000"
 1359      7420756E 
 1359      7369676E 
 1359      65642069 
 1359      6E7400
 1360              	.LASF33:
 1361 0130 52657365 		.ascii	"Reset\000"
 1361      7400
 1362              	.LASF26:
 1363 0136 5F657869 		.ascii	"_exit\000"
 1363      7400
 1364              	.LASF32:
 1365 013c 496E7444 		.ascii	"IntDefaultHandler\000"
 1365      65666175 
 1365      6C744861 
 1365      6E646C65 
 1365      7200
 1366              	.LASF46:
 1367 014e 5F736272 		.ascii	"_sbrk\000"
 1367      6B00
 1368              	.LASF10:
 1369 0154 646F7562 		.ascii	"double\000"
 1369      6C6500
 1370              	.LASF37:
 1371 015b 63794274 		.ascii	"cyBtldrRunType\000"
 1371      6C647252 
 1371      756E5479 
 1371      706500
 1372              	.LASF34:
 1373 016a 696E6974 		.ascii	"initialize_psoc\000"
 1373      69616C69 
 1373      7A655F70 
 1373      736F6300 
 1374              	.LASF12:
ARM GAS  C:\Users\Clayton\AppData\Local\Temp\cc9aJaVf.s 			page 36


 1375 017a 75696E74 		.ascii	"uint32\000"
 1375      333200
 1376              	.LASF35:
 1377 0181 696E6465 		.ascii	"indexInit\000"
 1377      78496E69 
 1377      7400
 1378              	.LASF8:
 1379 018b 756E7369 		.ascii	"unsigned int\000"
 1379      676E6564 
 1379      20696E74 
 1379      00
 1380              	.LASF7:
 1381 0198 6C6F6E67 		.ascii	"long long unsigned int\000"
 1381      206C6F6E 
 1381      6720756E 
 1381      7369676E 
 1381      65642069 
 1382              	.LASF30:
 1383 01af 6C696D69 		.ascii	"limit\000"
 1383      7400
 1384              	.LASF14:
 1385 01b5 63796973 		.ascii	"cyisraddress\000"
 1385      72616464 
 1385      72657373 
 1385      00
 1386              	.LASF20:
 1387 01c2 696E6974 		.ascii	"init_size\000"
 1387      5F73697A 
 1387      6500
 1388              	.LASF17:
 1389 01cc 5F5F6379 		.ascii	"__cy_byte_align8\000"
 1389      5F627974 
 1389      655F616C 
 1389      69676E38 
 1389      00
 1390              	.LASF16:
 1391 01dd 73697A65 		.ascii	"sizetype\000"
 1391      74797065 
 1391      00
 1392              	.LASF6:
 1393 01e6 6C6F6E67 		.ascii	"long long int\000"
 1393      206C6F6E 
 1393      6720696E 
 1393      7400
 1394              	.LASF11:
 1395 01f4 63686172 		.ascii	"char\000"
 1395      00
 1396              	.LASF43:
 1397 01f9 2E5C4765 		.ascii	".\\Generated_Source\\PSoC4\\Cm0Start.c\000"
 1397      6E657261 
 1397      7465645F 
 1397      536F7572 
 1397      63655C50 
 1398              	.LASF2:
 1399 021d 73686F72 		.ascii	"short int\000"
 1399      7420696E 
 1399      7400
ARM GAS  C:\Users\Clayton\AppData\Local\Temp\cc9aJaVf.s 			page 37


 1400              	.LASF42:
 1401 0227 474E5520 		.ascii	"GNU C 4.8.4 20140526 (release) [ARM/embedded-4_8-br"
 1401      4320342E 
 1401      382E3420 
 1401      32303134 
 1401      30353236 
 1402 025a 616E6368 		.ascii	"anch revision 211358] -mcpu=cortex-m0 -mthumb -g -O"
 1402      20726576 
 1402      6973696F 
 1402      6E203231 
 1402      31333538 
 1403 028d 30202D73 		.ascii	"0 -std=gnu99 -ffunction-sections\000"
 1403      74643D67 
 1403      6E753939 
 1403      202D6666 
 1403      756E6374 
 1404              	.LASF4:
 1405 02ae 6C6F6E67 		.ascii	"long int\000"
 1405      20696E74 
 1405      00
 1406              	.LASF0:
 1407 02b7 7369676E 		.ascii	"signed char\000"
 1407      65642063 
 1407      68617200 
 1408              	.LASF38:
 1409 02c3 5F5F6379 		.ascii	"__cy_regions\000"
 1409      5F726567 
 1409      696F6E73 
 1409      00
 1410              	.LASF28:
 1411 02d0 72656769 		.ascii	"regions\000"
 1411      6F6E7300 
 1412              	.LASF23:
 1413 02d8 6E627974 		.ascii	"nbytes\000"
 1413      657300
 1414              	.LASF45:
 1415 02df 5F5F6379 		.ascii	"__cy_region\000"
 1415      5F726567 
 1415      696F6E00 
 1416              		.ident	"GCC: (GNU Tools for ARM Embedded Processors) 4.8.4 20140526 (release) [ARM/embedded-4_8-br
