ARM GAS  C:\Users\Clayton\AppData\Local\Temp\ccloEgtX.s 			page 1


   1              		.cpu cortex-m0
   2              		.fpu softvfp
   3              		.eabi_attribute 20, 1
   4              		.eabi_attribute 21, 1
   5              		.eabi_attribute 23, 3
   6              		.eabi_attribute 24, 1
   7              		.eabi_attribute 25, 1
   8              		.eabi_attribute 26, 1
   9              		.eabi_attribute 30, 6
  10              		.eabi_attribute 34, 0
  11              		.eabi_attribute 18, 4
  12              		.code	16
  13              		.file	"cymetadata.c"
  14              		.text
  15              	.Ltext0:
  16              		.cfi_sections	.debug_frame
  17              		.global	cy_meta_loadable
  18              		.section	.cyloadablemeta,"a",%progbits
  19              		.align	2
  20              		.type	cy_meta_loadable, %object
  21              		.size	cy_meta_loadable, 64
  22              	cy_meta_loadable:
  23 0000 00000000 		.space	64
  23      00000000 
  23      00000000 
  23      00000000 
  23      00000000 
  24              		.text
  25              	.Letext0:
  26              		.file 1 ".\\Generated_Source\\PSoC4\\cytypes.h"
  27              		.file 2 ".\\Generated_Source\\PSoC4\\cymetadata.c"
  28              		.section	.debug_info,"",%progbits
  29              	.Ldebug_info0:
  30 0000 AD000000 		.4byte	0xad
  31 0004 0400     		.2byte	0x4
  32 0006 00000000 		.4byte	.Ldebug_abbrev0
  33 000a 04       		.byte	0x4
  34 000b 01       		.uleb128 0x1
  35 000c 19010000 		.4byte	.LASF13
  36 0010 01       		.byte	0x1
  37 0011 B5000000 		.4byte	.LASF14
  38 0015 0E000000 		.4byte	.LASF15
  39 0019 00000000 		.4byte	.Ldebug_line0
  40 001d 02       		.uleb128 0x2
  41 001e 01       		.byte	0x1
  42 001f 06       		.byte	0x6
  43 0020 BE010000 		.4byte	.LASF0
  44 0024 02       		.uleb128 0x2
  45 0025 01       		.byte	0x1
  46 0026 08       		.byte	0x8
  47 0027 7B000000 		.4byte	.LASF1
  48 002b 02       		.uleb128 0x2
  49 002c 02       		.byte	0x2
  50 002d 05       		.byte	0x5
  51 002e A5010000 		.4byte	.LASF2
  52 0032 02       		.uleb128 0x2
  53 0033 02       		.byte	0x2
ARM GAS  C:\Users\Clayton\AppData\Local\Temp\ccloEgtX.s 			page 2


  54 0034 07       		.byte	0x7
  55 0035 9B000000 		.4byte	.LASF3
  56 0039 02       		.uleb128 0x2
  57 003a 04       		.byte	0x4
  58 003b 05       		.byte	0x5
  59 003c B5010000 		.4byte	.LASF4
  60 0040 02       		.uleb128 0x2
  61 0041 04       		.byte	0x4
  62 0042 07       		.byte	0x7
  63 0043 89000000 		.4byte	.LASF5
  64 0047 02       		.uleb128 0x2
  65 0048 08       		.byte	0x8
  66 0049 05       		.byte	0x5
  67 004a 00000000 		.4byte	.LASF6
  68 004e 02       		.uleb128 0x2
  69 004f 08       		.byte	0x8
  70 0050 07       		.byte	0x7
  71 0051 E8000000 		.4byte	.LASF7
  72 0055 03       		.uleb128 0x3
  73 0056 04       		.byte	0x4
  74 0057 05       		.byte	0x5
  75 0058 696E7400 		.ascii	"int\000"
  76 005c 02       		.uleb128 0x2
  77 005d 04       		.byte	0x4
  78 005e 07       		.byte	0x7
  79 005f DB000000 		.4byte	.LASF8
  80 0063 04       		.uleb128 0x4
  81 0064 AF010000 		.4byte	.LASF16
  82 0068 01       		.byte	0x1
  83 0069 A1       		.byte	0xa1
  84 006a 24000000 		.4byte	0x24
  85 006e 02       		.uleb128 0x2
  86 006f 04       		.byte	0x4
  87 0070 04       		.byte	0x4
  88 0071 75000000 		.4byte	.LASF9
  89 0075 02       		.uleb128 0x2
  90 0076 08       		.byte	0x8
  91 0077 04       		.byte	0x4
  92 0078 AE000000 		.4byte	.LASF10
  93 007c 02       		.uleb128 0x2
  94 007d 01       		.byte	0x1
  95 007e 08       		.byte	0x8
  96 007f A0010000 		.4byte	.LASF11
  97 0083 05       		.uleb128 0x5
  98 0084 63000000 		.4byte	0x63
  99 0088 93000000 		.4byte	0x93
 100 008c 06       		.uleb128 0x6
 101 008d 93000000 		.4byte	0x93
 102 0091 3F       		.byte	0x3f
 103 0092 00       		.byte	0
 104 0093 02       		.uleb128 0x2
 105 0094 04       		.byte	0x4
 106 0095 07       		.byte	0x7
 107 0096 10010000 		.4byte	.LASF12
 108 009a 07       		.uleb128 0x7
 109 009b FF000000 		.4byte	.LASF17
 110 009f 02       		.byte	0x2
ARM GAS  C:\Users\Clayton\AppData\Local\Temp\ccloEgtX.s 			page 3


 111 00a0 1C       		.byte	0x1c
 112 00a1 AB000000 		.4byte	0xab
 113 00a5 05       		.uleb128 0x5
 114 00a6 03       		.byte	0x3
 115 00a7 00000000 		.4byte	cy_meta_loadable
 116 00ab 08       		.uleb128 0x8
 117 00ac 83000000 		.4byte	0x83
 118 00b0 00       		.byte	0
 119              		.section	.debug_abbrev,"",%progbits
 120              	.Ldebug_abbrev0:
 121 0000 01       		.uleb128 0x1
 122 0001 11       		.uleb128 0x11
 123 0002 01       		.byte	0x1
 124 0003 25       		.uleb128 0x25
 125 0004 0E       		.uleb128 0xe
 126 0005 13       		.uleb128 0x13
 127 0006 0B       		.uleb128 0xb
 128 0007 03       		.uleb128 0x3
 129 0008 0E       		.uleb128 0xe
 130 0009 1B       		.uleb128 0x1b
 131 000a 0E       		.uleb128 0xe
 132 000b 10       		.uleb128 0x10
 133 000c 17       		.uleb128 0x17
 134 000d 00       		.byte	0
 135 000e 00       		.byte	0
 136 000f 02       		.uleb128 0x2
 137 0010 24       		.uleb128 0x24
 138 0011 00       		.byte	0
 139 0012 0B       		.uleb128 0xb
 140 0013 0B       		.uleb128 0xb
 141 0014 3E       		.uleb128 0x3e
 142 0015 0B       		.uleb128 0xb
 143 0016 03       		.uleb128 0x3
 144 0017 0E       		.uleb128 0xe
 145 0018 00       		.byte	0
 146 0019 00       		.byte	0
 147 001a 03       		.uleb128 0x3
 148 001b 24       		.uleb128 0x24
 149 001c 00       		.byte	0
 150 001d 0B       		.uleb128 0xb
 151 001e 0B       		.uleb128 0xb
 152 001f 3E       		.uleb128 0x3e
 153 0020 0B       		.uleb128 0xb
 154 0021 03       		.uleb128 0x3
 155 0022 08       		.uleb128 0x8
 156 0023 00       		.byte	0
 157 0024 00       		.byte	0
 158 0025 04       		.uleb128 0x4
 159 0026 16       		.uleb128 0x16
 160 0027 00       		.byte	0
 161 0028 03       		.uleb128 0x3
 162 0029 0E       		.uleb128 0xe
 163 002a 3A       		.uleb128 0x3a
 164 002b 0B       		.uleb128 0xb
 165 002c 3B       		.uleb128 0x3b
 166 002d 0B       		.uleb128 0xb
 167 002e 49       		.uleb128 0x49
ARM GAS  C:\Users\Clayton\AppData\Local\Temp\ccloEgtX.s 			page 4


 168 002f 13       		.uleb128 0x13
 169 0030 00       		.byte	0
 170 0031 00       		.byte	0
 171 0032 05       		.uleb128 0x5
 172 0033 01       		.uleb128 0x1
 173 0034 01       		.byte	0x1
 174 0035 49       		.uleb128 0x49
 175 0036 13       		.uleb128 0x13
 176 0037 01       		.uleb128 0x1
 177 0038 13       		.uleb128 0x13
 178 0039 00       		.byte	0
 179 003a 00       		.byte	0
 180 003b 06       		.uleb128 0x6
 181 003c 21       		.uleb128 0x21
 182 003d 00       		.byte	0
 183 003e 49       		.uleb128 0x49
 184 003f 13       		.uleb128 0x13
 185 0040 2F       		.uleb128 0x2f
 186 0041 0B       		.uleb128 0xb
 187 0042 00       		.byte	0
 188 0043 00       		.byte	0
 189 0044 07       		.uleb128 0x7
 190 0045 34       		.uleb128 0x34
 191 0046 00       		.byte	0
 192 0047 03       		.uleb128 0x3
 193 0048 0E       		.uleb128 0xe
 194 0049 3A       		.uleb128 0x3a
 195 004a 0B       		.uleb128 0xb
 196 004b 3B       		.uleb128 0x3b
 197 004c 0B       		.uleb128 0xb
 198 004d 49       		.uleb128 0x49
 199 004e 13       		.uleb128 0x13
 200 004f 3F       		.uleb128 0x3f
 201 0050 19       		.uleb128 0x19
 202 0051 02       		.uleb128 0x2
 203 0052 18       		.uleb128 0x18
 204 0053 00       		.byte	0
 205 0054 00       		.byte	0
 206 0055 08       		.uleb128 0x8
 207 0056 26       		.uleb128 0x26
 208 0057 00       		.byte	0
 209 0058 49       		.uleb128 0x49
 210 0059 13       		.uleb128 0x13
 211 005a 00       		.byte	0
 212 005b 00       		.byte	0
 213 005c 00       		.byte	0
 214              		.section	.debug_aranges,"",%progbits
 215 0000 14000000 		.4byte	0x14
 216 0004 0200     		.2byte	0x2
 217 0006 00000000 		.4byte	.Ldebug_info0
 218 000a 04       		.byte	0x4
 219 000b 00       		.byte	0
 220 000c 0000     		.2byte	0
 221 000e 0000     		.2byte	0
 222 0010 00000000 		.4byte	0
 223 0014 00000000 		.4byte	0
 224              		.section	.debug_line,"",%progbits
ARM GAS  C:\Users\Clayton\AppData\Local\Temp\ccloEgtX.s 			page 5


 225              	.Ldebug_line0:
 226 0000 4F000000 		.section	.debug_str,"MS",%progbits,1
 226      02004900 
 226      00000201 
 226      FB0E0D00 
 226      01010101 
 227              	.LASF6:
 228 0000 6C6F6E67 		.ascii	"long long int\000"
 228      206C6F6E 
 228      6720696E 
 228      7400
 229              	.LASF15:
 230 000e 433A5C55 		.ascii	"C:\\Users\\Clayton\\Documents\\Mars Rover\\MasterCo"
 230      73657273 
 230      5C436C61 
 230      79746F6E 
 230      5C446F63 
 231 003c 6E74726F 		.ascii	"ntrollerBoard\\BYURover2015\\BYURover2015MainBoardS"
 231      6C6C6572 
 231      426F6172 
 231      645C4259 
 231      55526F76 
 232 006d 4D2E6379 		.ascii	"M.cydsn\000"
 232      64736E00 
 233              	.LASF9:
 234 0075 666C6F61 		.ascii	"float\000"
 234      7400
 235              	.LASF1:
 236 007b 756E7369 		.ascii	"unsigned char\000"
 236      676E6564 
 236      20636861 
 236      7200
 237              	.LASF5:
 238 0089 6C6F6E67 		.ascii	"long unsigned int\000"
 238      20756E73 
 238      69676E65 
 238      6420696E 
 238      7400
 239              	.LASF3:
 240 009b 73686F72 		.ascii	"short unsigned int\000"
 240      7420756E 
 240      7369676E 
 240      65642069 
 240      6E7400
 241              	.LASF10:
 242 00ae 646F7562 		.ascii	"double\000"
 242      6C6500
 243              	.LASF14:
 244 00b5 2E5C4765 		.ascii	".\\Generated_Source\\PSoC4\\cymetadata.c\000"
 244      6E657261 
 244      7465645F 
 244      536F7572 
 244      63655C50 
 245              	.LASF8:
 246 00db 756E7369 		.ascii	"unsigned int\000"
 246      676E6564 
 246      20696E74 
ARM GAS  C:\Users\Clayton\AppData\Local\Temp\ccloEgtX.s 			page 6


 246      00
 247              	.LASF7:
 248 00e8 6C6F6E67 		.ascii	"long long unsigned int\000"
 248      206C6F6E 
 248      6720756E 
 248      7369676E 
 248      65642069 
 249              	.LASF17:
 250 00ff 63795F6D 		.ascii	"cy_meta_loadable\000"
 250      6574615F 
 250      6C6F6164 
 250      61626C65 
 250      00
 251              	.LASF12:
 252 0110 73697A65 		.ascii	"sizetype\000"
 252      74797065 
 252      00
 253              	.LASF13:
 254 0119 474E5520 		.ascii	"GNU C 4.8.4 20140526 (release) [ARM/embedded-4_8-br"
 254      4320342E 
 254      382E3420 
 254      32303134 
 254      30353236 
 255 014c 616E6368 		.ascii	"anch revision 211358] -mcpu=cortex-m0 -mthumb -g -O"
 255      20726576 
 255      6973696F 
 255      6E203231 
 255      31333538 
 256 017f 30202D73 		.ascii	"0 -std=gnu99 -ffunction-sections\000"
 256      74643D67 
 256      6E753939 
 256      202D6666 
 256      756E6374 
 257              	.LASF11:
 258 01a0 63686172 		.ascii	"char\000"
 258      00
 259              	.LASF2:
 260 01a5 73686F72 		.ascii	"short int\000"
 260      7420696E 
 260      7400
 261              	.LASF16:
 262 01af 75696E74 		.ascii	"uint8\000"
 262      3800
 263              	.LASF4:
 264 01b5 6C6F6E67 		.ascii	"long int\000"
 264      20696E74 
 264      00
 265              	.LASF0:
 266 01be 7369676E 		.ascii	"signed char\000"
 266      65642063 
 266      68617200 
 267              		.ident	"GCC: (GNU Tools for ARM Embedded Processors) 4.8.4 20140526 (release) [ARM/embedded-4_8-br
