ARM GAS  C:\Users\Clayton\AppData\Local\Temp\ccSHLGj7.s 			page 1


   1              		.cpu cortex-m0
   2              		.fpu softvfp
   3              		.eabi_attribute 20, 1
   4              		.eabi_attribute 21, 1
   5              		.eabi_attribute 23, 3
   6              		.eabi_attribute 24, 1
   7              		.eabi_attribute 25, 1
   8              		.eabi_attribute 26, 1
   9              		.eabi_attribute 30, 6
  10              		.eabi_attribute 34, 0
  11              		.eabi_attribute 18, 4
  12              		.code	16
  13              		.file	"ISRUART.c"
  14              		.text
  15              	.Ltext0:
  16              		.cfi_sections	.debug_frame
  17              		.section	.text.ISRUART_Start,"ax",%progbits
  18              		.align	2
  19              		.global	ISRUART_Start
  20              		.code	16
  21              		.thumb_func
  22              		.type	ISRUART_Start, %function
  23              	ISRUART_Start:
  24              	.LFB0:
  25              		.file 1 ".\\Generated_Source\\PSoC4\\ISRUART.c"
   1:.\Generated_Source\PSoC4/ISRUART.c **** /*******************************************************************************
   2:.\Generated_Source\PSoC4/ISRUART.c **** * File Name: ISRUART.c  
   3:.\Generated_Source\PSoC4/ISRUART.c **** * Version 1.70
   4:.\Generated_Source\PSoC4/ISRUART.c **** *
   5:.\Generated_Source\PSoC4/ISRUART.c **** *  Description:
   6:.\Generated_Source\PSoC4/ISRUART.c **** *   API for controlling the state of an interrupt.
   7:.\Generated_Source\PSoC4/ISRUART.c **** *
   8:.\Generated_Source\PSoC4/ISRUART.c **** *
   9:.\Generated_Source\PSoC4/ISRUART.c **** *  Note:
  10:.\Generated_Source\PSoC4/ISRUART.c **** *
  11:.\Generated_Source\PSoC4/ISRUART.c **** ********************************************************************************
  12:.\Generated_Source\PSoC4/ISRUART.c **** * Copyright 2008-2012, Cypress Semiconductor Corporation.  All rights reserved.
  13:.\Generated_Source\PSoC4/ISRUART.c **** * You may use this file only in accordance with the license, terms, conditions, 
  14:.\Generated_Source\PSoC4/ISRUART.c **** * disclaimers, and limitations in the end user license agreement accompanying 
  15:.\Generated_Source\PSoC4/ISRUART.c **** * the software package with which this file was provided.
  16:.\Generated_Source\PSoC4/ISRUART.c **** *******************************************************************************/
  17:.\Generated_Source\PSoC4/ISRUART.c **** 
  18:.\Generated_Source\PSoC4/ISRUART.c **** 
  19:.\Generated_Source\PSoC4/ISRUART.c **** #include <cydevice_trm.h>
  20:.\Generated_Source\PSoC4/ISRUART.c **** #include <CyLib.h>
  21:.\Generated_Source\PSoC4/ISRUART.c **** #include <ISRUART.h>
  22:.\Generated_Source\PSoC4/ISRUART.c **** 
  23:.\Generated_Source\PSoC4/ISRUART.c **** #if !defined(ISRUART__REMOVED) /* Check for removal by optimization */
  24:.\Generated_Source\PSoC4/ISRUART.c **** 
  25:.\Generated_Source\PSoC4/ISRUART.c **** /*******************************************************************************
  26:.\Generated_Source\PSoC4/ISRUART.c **** *  Place your includes, defines and code here 
  27:.\Generated_Source\PSoC4/ISRUART.c **** ********************************************************************************/
  28:.\Generated_Source\PSoC4/ISRUART.c **** /* `#START ISRUART_intc` */
  29:.\Generated_Source\PSoC4/ISRUART.c **** 
  30:.\Generated_Source\PSoC4/ISRUART.c **** /* `#END` */
  31:.\Generated_Source\PSoC4/ISRUART.c **** 
  32:.\Generated_Source\PSoC4/ISRUART.c **** extern cyisraddress CyRamVectors[CYINT_IRQ_BASE + CY_NUM_INTERRUPTS];
ARM GAS  C:\Users\Clayton\AppData\Local\Temp\ccSHLGj7.s 			page 2


  33:.\Generated_Source\PSoC4/ISRUART.c **** 
  34:.\Generated_Source\PSoC4/ISRUART.c **** /* Declared in startup, used to set unused interrupts to. */
  35:.\Generated_Source\PSoC4/ISRUART.c **** CY_ISR_PROTO(IntDefaultHandler);
  36:.\Generated_Source\PSoC4/ISRUART.c **** 
  37:.\Generated_Source\PSoC4/ISRUART.c **** 
  38:.\Generated_Source\PSoC4/ISRUART.c **** /*******************************************************************************
  39:.\Generated_Source\PSoC4/ISRUART.c **** * Function Name: ISRUART_Start
  40:.\Generated_Source\PSoC4/ISRUART.c **** ********************************************************************************
  41:.\Generated_Source\PSoC4/ISRUART.c **** *
  42:.\Generated_Source\PSoC4/ISRUART.c **** * Summary:
  43:.\Generated_Source\PSoC4/ISRUART.c **** *  Set up the interrupt and enable it.
  44:.\Generated_Source\PSoC4/ISRUART.c **** *
  45:.\Generated_Source\PSoC4/ISRUART.c **** * Parameters:  
  46:.\Generated_Source\PSoC4/ISRUART.c **** *   None
  47:.\Generated_Source\PSoC4/ISRUART.c **** *
  48:.\Generated_Source\PSoC4/ISRUART.c **** * Return:
  49:.\Generated_Source\PSoC4/ISRUART.c **** *   None
  50:.\Generated_Source\PSoC4/ISRUART.c **** *
  51:.\Generated_Source\PSoC4/ISRUART.c **** *******************************************************************************/
  52:.\Generated_Source\PSoC4/ISRUART.c **** void ISRUART_Start(void)
  53:.\Generated_Source\PSoC4/ISRUART.c **** {
  26              		.loc 1 53 0
  27              		.cfi_startproc
  28 0000 80B5     		push	{r7, lr}
  29              		.cfi_def_cfa_offset 8
  30              		.cfi_offset 7, -8
  31              		.cfi_offset 14, -4
  32 0002 00AF     		add	r7, sp, #0
  33              		.cfi_def_cfa_register 7
  54:.\Generated_Source\PSoC4/ISRUART.c ****     /* For all we know the interrupt is active. */
  55:.\Generated_Source\PSoC4/ISRUART.c ****     ISRUART_Disable();
  34              		.loc 1 55 0
  35 0004 FFF7FEFF 		bl	ISRUART_Disable
  56:.\Generated_Source\PSoC4/ISRUART.c **** 
  57:.\Generated_Source\PSoC4/ISRUART.c ****     /* Set the ISR to point to the ISRUART Interrupt. */
  58:.\Generated_Source\PSoC4/ISRUART.c ****     ISRUART_SetVector(&ISRUART_Interrupt);
  36              		.loc 1 58 0
  37 0008 054B     		ldr	r3, .L2
  38 000a 181C     		mov	r0, r3
  39 000c FFF7FEFF 		bl	ISRUART_SetVector
  59:.\Generated_Source\PSoC4/ISRUART.c **** 
  60:.\Generated_Source\PSoC4/ISRUART.c ****     /* Set the priority. */
  61:.\Generated_Source\PSoC4/ISRUART.c ****     ISRUART_SetPriority((uint8)ISRUART_INTC_PRIOR_NUMBER);
  40              		.loc 1 61 0
  41 0010 0320     		mov	r0, #3
  42 0012 FFF7FEFF 		bl	ISRUART_SetPriority
  62:.\Generated_Source\PSoC4/ISRUART.c **** 
  63:.\Generated_Source\PSoC4/ISRUART.c ****     /* Enable it. */
  64:.\Generated_Source\PSoC4/ISRUART.c ****     ISRUART_Enable();
  43              		.loc 1 64 0
  44 0016 FFF7FEFF 		bl	ISRUART_Enable
  65:.\Generated_Source\PSoC4/ISRUART.c **** }
  45              		.loc 1 65 0
  46 001a BD46     		mov	sp, r7
  47              		@ sp needed
  48 001c 80BD     		pop	{r7, pc}
  49              	.L3:
ARM GAS  C:\Users\Clayton\AppData\Local\Temp\ccSHLGj7.s 			page 3


  50 001e C046     		.align	2
  51              	.L2:
  52 0020 00000000 		.word	ISRUART_Interrupt
  53              		.cfi_endproc
  54              	.LFE0:
  55              		.size	ISRUART_Start, .-ISRUART_Start
  56              		.section	.text.ISRUART_StartEx,"ax",%progbits
  57              		.align	2
  58              		.global	ISRUART_StartEx
  59              		.code	16
  60              		.thumb_func
  61              		.type	ISRUART_StartEx, %function
  62              	ISRUART_StartEx:
  63              	.LFB1:
  66:.\Generated_Source\PSoC4/ISRUART.c **** 
  67:.\Generated_Source\PSoC4/ISRUART.c **** 
  68:.\Generated_Source\PSoC4/ISRUART.c **** /*******************************************************************************
  69:.\Generated_Source\PSoC4/ISRUART.c **** * Function Name: ISRUART_StartEx
  70:.\Generated_Source\PSoC4/ISRUART.c **** ********************************************************************************
  71:.\Generated_Source\PSoC4/ISRUART.c **** *
  72:.\Generated_Source\PSoC4/ISRUART.c **** * Summary:
  73:.\Generated_Source\PSoC4/ISRUART.c **** *  Set up the interrupt and enable it.
  74:.\Generated_Source\PSoC4/ISRUART.c **** *
  75:.\Generated_Source\PSoC4/ISRUART.c **** * Parameters:  
  76:.\Generated_Source\PSoC4/ISRUART.c **** *   address: Address of the ISR to set in the interrupt vector table.
  77:.\Generated_Source\PSoC4/ISRUART.c **** *
  78:.\Generated_Source\PSoC4/ISRUART.c **** * Return:
  79:.\Generated_Source\PSoC4/ISRUART.c **** *   None
  80:.\Generated_Source\PSoC4/ISRUART.c **** *
  81:.\Generated_Source\PSoC4/ISRUART.c **** *******************************************************************************/
  82:.\Generated_Source\PSoC4/ISRUART.c **** void ISRUART_StartEx(cyisraddress address)
  83:.\Generated_Source\PSoC4/ISRUART.c **** {
  64              		.loc 1 83 0
  65              		.cfi_startproc
  66 0000 80B5     		push	{r7, lr}
  67              		.cfi_def_cfa_offset 8
  68              		.cfi_offset 7, -8
  69              		.cfi_offset 14, -4
  70 0002 82B0     		sub	sp, sp, #8
  71              		.cfi_def_cfa_offset 16
  72 0004 00AF     		add	r7, sp, #0
  73              		.cfi_def_cfa_register 7
  74 0006 7860     		str	r0, [r7, #4]
  84:.\Generated_Source\PSoC4/ISRUART.c ****     /* For all we know the interrupt is active. */
  85:.\Generated_Source\PSoC4/ISRUART.c ****     ISRUART_Disable();
  75              		.loc 1 85 0
  76 0008 FFF7FEFF 		bl	ISRUART_Disable
  86:.\Generated_Source\PSoC4/ISRUART.c **** 
  87:.\Generated_Source\PSoC4/ISRUART.c ****     /* Set the ISR to point to the ISRUART Interrupt. */
  88:.\Generated_Source\PSoC4/ISRUART.c ****     ISRUART_SetVector(address);
  77              		.loc 1 88 0
  78 000c 7B68     		ldr	r3, [r7, #4]
  79 000e 181C     		mov	r0, r3
  80 0010 FFF7FEFF 		bl	ISRUART_SetVector
  89:.\Generated_Source\PSoC4/ISRUART.c **** 
  90:.\Generated_Source\PSoC4/ISRUART.c ****     /* Set the priority. */
  91:.\Generated_Source\PSoC4/ISRUART.c ****     ISRUART_SetPriority((uint8)ISRUART_INTC_PRIOR_NUMBER);
ARM GAS  C:\Users\Clayton\AppData\Local\Temp\ccSHLGj7.s 			page 4


  81              		.loc 1 91 0
  82 0014 0320     		mov	r0, #3
  83 0016 FFF7FEFF 		bl	ISRUART_SetPriority
  92:.\Generated_Source\PSoC4/ISRUART.c **** 
  93:.\Generated_Source\PSoC4/ISRUART.c ****     /* Enable it. */
  94:.\Generated_Source\PSoC4/ISRUART.c ****     ISRUART_Enable();
  84              		.loc 1 94 0
  85 001a FFF7FEFF 		bl	ISRUART_Enable
  95:.\Generated_Source\PSoC4/ISRUART.c **** }
  86              		.loc 1 95 0
  87 001e BD46     		mov	sp, r7
  88 0020 02B0     		add	sp, sp, #8
  89              		@ sp needed
  90 0022 80BD     		pop	{r7, pc}
  91              		.cfi_endproc
  92              	.LFE1:
  93              		.size	ISRUART_StartEx, .-ISRUART_StartEx
  94              		.section	.text.ISRUART_Stop,"ax",%progbits
  95              		.align	2
  96              		.global	ISRUART_Stop
  97              		.code	16
  98              		.thumb_func
  99              		.type	ISRUART_Stop, %function
 100              	ISRUART_Stop:
 101              	.LFB2:
  96:.\Generated_Source\PSoC4/ISRUART.c **** 
  97:.\Generated_Source\PSoC4/ISRUART.c **** 
  98:.\Generated_Source\PSoC4/ISRUART.c **** /*******************************************************************************
  99:.\Generated_Source\PSoC4/ISRUART.c **** * Function Name: ISRUART_Stop
 100:.\Generated_Source\PSoC4/ISRUART.c **** ********************************************************************************
 101:.\Generated_Source\PSoC4/ISRUART.c **** *
 102:.\Generated_Source\PSoC4/ISRUART.c **** * Summary:
 103:.\Generated_Source\PSoC4/ISRUART.c **** *   Disables and removes the interrupt.
 104:.\Generated_Source\PSoC4/ISRUART.c **** *
 105:.\Generated_Source\PSoC4/ISRUART.c **** * Parameters:  
 106:.\Generated_Source\PSoC4/ISRUART.c **** *
 107:.\Generated_Source\PSoC4/ISRUART.c **** * Return:
 108:.\Generated_Source\PSoC4/ISRUART.c **** *   None
 109:.\Generated_Source\PSoC4/ISRUART.c **** *
 110:.\Generated_Source\PSoC4/ISRUART.c **** *******************************************************************************/
 111:.\Generated_Source\PSoC4/ISRUART.c **** void ISRUART_Stop(void)
 112:.\Generated_Source\PSoC4/ISRUART.c **** {
 102              		.loc 1 112 0
 103              		.cfi_startproc
 104 0000 80B5     		push	{r7, lr}
 105              		.cfi_def_cfa_offset 8
 106              		.cfi_offset 7, -8
 107              		.cfi_offset 14, -4
 108 0002 00AF     		add	r7, sp, #0
 109              		.cfi_def_cfa_register 7
 113:.\Generated_Source\PSoC4/ISRUART.c ****     /* Disable this interrupt. */
 114:.\Generated_Source\PSoC4/ISRUART.c ****     ISRUART_Disable();
 110              		.loc 1 114 0
 111 0004 FFF7FEFF 		bl	ISRUART_Disable
 115:.\Generated_Source\PSoC4/ISRUART.c **** 
 116:.\Generated_Source\PSoC4/ISRUART.c ****     /* Set the ISR to point to the passive one. */
 117:.\Generated_Source\PSoC4/ISRUART.c ****     ISRUART_SetVector(&IntDefaultHandler);
ARM GAS  C:\Users\Clayton\AppData\Local\Temp\ccSHLGj7.s 			page 5


 112              		.loc 1 117 0
 113 0008 024B     		ldr	r3, .L6
 114 000a 181C     		mov	r0, r3
 115 000c FFF7FEFF 		bl	ISRUART_SetVector
 118:.\Generated_Source\PSoC4/ISRUART.c **** }
 116              		.loc 1 118 0
 117 0010 BD46     		mov	sp, r7
 118              		@ sp needed
 119 0012 80BD     		pop	{r7, pc}
 120              	.L7:
 121              		.align	2
 122              	.L6:
 123 0014 00000000 		.word	IntDefaultHandler
 124              		.cfi_endproc
 125              	.LFE2:
 126              		.size	ISRUART_Stop, .-ISRUART_Stop
 127              		.section	.text.ISRUART_Interrupt,"ax",%progbits
 128              		.align	2
 129              		.global	ISRUART_Interrupt
 130              		.code	16
 131              		.thumb_func
 132              		.type	ISRUART_Interrupt, %function
 133              	ISRUART_Interrupt:
 134              	.LFB3:
 119:.\Generated_Source\PSoC4/ISRUART.c **** 
 120:.\Generated_Source\PSoC4/ISRUART.c **** 
 121:.\Generated_Source\PSoC4/ISRUART.c **** /*******************************************************************************
 122:.\Generated_Source\PSoC4/ISRUART.c **** * Function Name: ISRUART_Interrupt
 123:.\Generated_Source\PSoC4/ISRUART.c **** ********************************************************************************
 124:.\Generated_Source\PSoC4/ISRUART.c **** *
 125:.\Generated_Source\PSoC4/ISRUART.c **** * Summary:
 126:.\Generated_Source\PSoC4/ISRUART.c **** *   The default Interrupt Service Routine for ISRUART.
 127:.\Generated_Source\PSoC4/ISRUART.c **** *
 128:.\Generated_Source\PSoC4/ISRUART.c **** *   Add custom code between the coments to keep the next version of this file
 129:.\Generated_Source\PSoC4/ISRUART.c **** *   from over writting your code.
 130:.\Generated_Source\PSoC4/ISRUART.c **** *
 131:.\Generated_Source\PSoC4/ISRUART.c **** * Parameters:  
 132:.\Generated_Source\PSoC4/ISRUART.c **** *   None
 133:.\Generated_Source\PSoC4/ISRUART.c **** *
 134:.\Generated_Source\PSoC4/ISRUART.c **** * Return:
 135:.\Generated_Source\PSoC4/ISRUART.c **** *   None
 136:.\Generated_Source\PSoC4/ISRUART.c **** *
 137:.\Generated_Source\PSoC4/ISRUART.c **** *******************************************************************************/
 138:.\Generated_Source\PSoC4/ISRUART.c **** CY_ISR(ISRUART_Interrupt)
 139:.\Generated_Source\PSoC4/ISRUART.c **** {
 135              		.loc 1 139 0
 136              		.cfi_startproc
 137 0000 80B5     		push	{r7, lr}
 138              		.cfi_def_cfa_offset 8
 139              		.cfi_offset 7, -8
 140              		.cfi_offset 14, -4
 141 0002 00AF     		add	r7, sp, #0
 142              		.cfi_def_cfa_register 7
 140:.\Generated_Source\PSoC4/ISRUART.c ****     /*  Place your Interrupt code here. */
 141:.\Generated_Source\PSoC4/ISRUART.c ****     /* `#START ISRUART_Interrupt` */
 142:.\Generated_Source\PSoC4/ISRUART.c **** 
 143:.\Generated_Source\PSoC4/ISRUART.c ****     /* `#END` */
ARM GAS  C:\Users\Clayton\AppData\Local\Temp\ccSHLGj7.s 			page 6


 144:.\Generated_Source\PSoC4/ISRUART.c **** }
 143              		.loc 1 144 0
 144 0004 BD46     		mov	sp, r7
 145              		@ sp needed
 146 0006 80BD     		pop	{r7, pc}
 147              		.cfi_endproc
 148              	.LFE3:
 149              		.size	ISRUART_Interrupt, .-ISRUART_Interrupt
 150              		.section	.text.ISRUART_SetVector,"ax",%progbits
 151              		.align	2
 152              		.global	ISRUART_SetVector
 153              		.code	16
 154              		.thumb_func
 155              		.type	ISRUART_SetVector, %function
 156              	ISRUART_SetVector:
 157              	.LFB4:
 145:.\Generated_Source\PSoC4/ISRUART.c **** 
 146:.\Generated_Source\PSoC4/ISRUART.c **** 
 147:.\Generated_Source\PSoC4/ISRUART.c **** /*******************************************************************************
 148:.\Generated_Source\PSoC4/ISRUART.c **** * Function Name: ISRUART_SetVector
 149:.\Generated_Source\PSoC4/ISRUART.c **** ********************************************************************************
 150:.\Generated_Source\PSoC4/ISRUART.c **** *
 151:.\Generated_Source\PSoC4/ISRUART.c **** * Summary:
 152:.\Generated_Source\PSoC4/ISRUART.c **** *   Change the ISR vector for the Interrupt. Note calling ISRUART_Start
 153:.\Generated_Source\PSoC4/ISRUART.c **** *   will override any effect this method would have had. To set the vector 
 154:.\Generated_Source\PSoC4/ISRUART.c **** *   before the component has been started use ISRUART_StartEx instead.
 155:.\Generated_Source\PSoC4/ISRUART.c **** *
 156:.\Generated_Source\PSoC4/ISRUART.c **** * Parameters:
 157:.\Generated_Source\PSoC4/ISRUART.c **** *   address: Address of the ISR to set in the interrupt vector table.
 158:.\Generated_Source\PSoC4/ISRUART.c **** *
 159:.\Generated_Source\PSoC4/ISRUART.c **** * Return:
 160:.\Generated_Source\PSoC4/ISRUART.c **** *   None
 161:.\Generated_Source\PSoC4/ISRUART.c **** *
 162:.\Generated_Source\PSoC4/ISRUART.c **** *******************************************************************************/
 163:.\Generated_Source\PSoC4/ISRUART.c **** void ISRUART_SetVector(cyisraddress address)
 164:.\Generated_Source\PSoC4/ISRUART.c **** {
 158              		.loc 1 164 0
 159              		.cfi_startproc
 160 0000 80B5     		push	{r7, lr}
 161              		.cfi_def_cfa_offset 8
 162              		.cfi_offset 7, -8
 163              		.cfi_offset 14, -4
 164 0002 82B0     		sub	sp, sp, #8
 165              		.cfi_def_cfa_offset 16
 166 0004 00AF     		add	r7, sp, #0
 167              		.cfi_def_cfa_register 7
 168 0006 7860     		str	r0, [r7, #4]
 165:.\Generated_Source\PSoC4/ISRUART.c ****     CyRamVectors[CYINT_IRQ_BASE + ISRUART__INTC_NUMBER] = address;
 169              		.loc 1 165 0
 170 0008 024B     		ldr	r3, .L10
 171 000a 7A68     		ldr	r2, [r7, #4]
 172 000c 9A66     		str	r2, [r3, #104]
 166:.\Generated_Source\PSoC4/ISRUART.c **** }
 173              		.loc 1 166 0
 174 000e BD46     		mov	sp, r7
 175 0010 02B0     		add	sp, sp, #8
 176              		@ sp needed
ARM GAS  C:\Users\Clayton\AppData\Local\Temp\ccSHLGj7.s 			page 7


 177 0012 80BD     		pop	{r7, pc}
 178              	.L11:
 179              		.align	2
 180              	.L10:
 181 0014 00000000 		.word	CyRamVectors
 182              		.cfi_endproc
 183              	.LFE4:
 184              		.size	ISRUART_SetVector, .-ISRUART_SetVector
 185              		.section	.text.ISRUART_GetVector,"ax",%progbits
 186              		.align	2
 187              		.global	ISRUART_GetVector
 188              		.code	16
 189              		.thumb_func
 190              		.type	ISRUART_GetVector, %function
 191              	ISRUART_GetVector:
 192              	.LFB5:
 167:.\Generated_Source\PSoC4/ISRUART.c **** 
 168:.\Generated_Source\PSoC4/ISRUART.c **** 
 169:.\Generated_Source\PSoC4/ISRUART.c **** /*******************************************************************************
 170:.\Generated_Source\PSoC4/ISRUART.c **** * Function Name: ISRUART_GetVector
 171:.\Generated_Source\PSoC4/ISRUART.c **** ********************************************************************************
 172:.\Generated_Source\PSoC4/ISRUART.c **** *
 173:.\Generated_Source\PSoC4/ISRUART.c **** * Summary:
 174:.\Generated_Source\PSoC4/ISRUART.c **** *   Gets the "address" of the current ISR vector for the Interrupt.
 175:.\Generated_Source\PSoC4/ISRUART.c **** *
 176:.\Generated_Source\PSoC4/ISRUART.c **** * Parameters:
 177:.\Generated_Source\PSoC4/ISRUART.c **** *   None
 178:.\Generated_Source\PSoC4/ISRUART.c **** *
 179:.\Generated_Source\PSoC4/ISRUART.c **** * Return:
 180:.\Generated_Source\PSoC4/ISRUART.c **** *   Address of the ISR in the interrupt vector table.
 181:.\Generated_Source\PSoC4/ISRUART.c **** *
 182:.\Generated_Source\PSoC4/ISRUART.c **** *******************************************************************************/
 183:.\Generated_Source\PSoC4/ISRUART.c **** cyisraddress ISRUART_GetVector(void)
 184:.\Generated_Source\PSoC4/ISRUART.c **** {
 193              		.loc 1 184 0
 194              		.cfi_startproc
 195 0000 80B5     		push	{r7, lr}
 196              		.cfi_def_cfa_offset 8
 197              		.cfi_offset 7, -8
 198              		.cfi_offset 14, -4
 199 0002 00AF     		add	r7, sp, #0
 200              		.cfi_def_cfa_register 7
 185:.\Generated_Source\PSoC4/ISRUART.c ****     return CyRamVectors[CYINT_IRQ_BASE + ISRUART__INTC_NUMBER];
 201              		.loc 1 185 0
 202 0004 024B     		ldr	r3, .L14
 203 0006 9B6E     		ldr	r3, [r3, #104]
 186:.\Generated_Source\PSoC4/ISRUART.c **** }
 204              		.loc 1 186 0
 205 0008 181C     		mov	r0, r3
 206 000a BD46     		mov	sp, r7
 207              		@ sp needed
 208 000c 80BD     		pop	{r7, pc}
 209              	.L15:
 210 000e C046     		.align	2
 211              	.L14:
 212 0010 00000000 		.word	CyRamVectors
 213              		.cfi_endproc
ARM GAS  C:\Users\Clayton\AppData\Local\Temp\ccSHLGj7.s 			page 8


 214              	.LFE5:
 215              		.size	ISRUART_GetVector, .-ISRUART_GetVector
 216              		.section	.text.ISRUART_SetPriority,"ax",%progbits
 217              		.align	2
 218              		.global	ISRUART_SetPriority
 219              		.code	16
 220              		.thumb_func
 221              		.type	ISRUART_SetPriority, %function
 222              	ISRUART_SetPriority:
 223              	.LFB6:
 187:.\Generated_Source\PSoC4/ISRUART.c **** 
 188:.\Generated_Source\PSoC4/ISRUART.c **** 
 189:.\Generated_Source\PSoC4/ISRUART.c **** /*******************************************************************************
 190:.\Generated_Source\PSoC4/ISRUART.c **** * Function Name: ISRUART_SetPriority
 191:.\Generated_Source\PSoC4/ISRUART.c **** ********************************************************************************
 192:.\Generated_Source\PSoC4/ISRUART.c **** *
 193:.\Generated_Source\PSoC4/ISRUART.c **** * Summary:
 194:.\Generated_Source\PSoC4/ISRUART.c **** *   Sets the Priority of the Interrupt. Note calling ISRUART_Start
 195:.\Generated_Source\PSoC4/ISRUART.c **** *   or ISRUART_StartEx will override any effect this method would 
 196:.\Generated_Source\PSoC4/ISRUART.c **** *   have had. This method should only be called after ISRUART_Start or 
 197:.\Generated_Source\PSoC4/ISRUART.c **** *   ISRUART_StartEx has been called. To set the initial
 198:.\Generated_Source\PSoC4/ISRUART.c **** *   priority for the component use the cydwr file in the tool.
 199:.\Generated_Source\PSoC4/ISRUART.c **** *
 200:.\Generated_Source\PSoC4/ISRUART.c **** * Parameters:
 201:.\Generated_Source\PSoC4/ISRUART.c **** *   priority: Priority of the interrupt. 0 - 3, 0 being the highest.
 202:.\Generated_Source\PSoC4/ISRUART.c **** *
 203:.\Generated_Source\PSoC4/ISRUART.c **** * Return:
 204:.\Generated_Source\PSoC4/ISRUART.c **** *   None
 205:.\Generated_Source\PSoC4/ISRUART.c **** *
 206:.\Generated_Source\PSoC4/ISRUART.c **** *******************************************************************************/
 207:.\Generated_Source\PSoC4/ISRUART.c **** void ISRUART_SetPriority(uint8 priority)
 208:.\Generated_Source\PSoC4/ISRUART.c **** {
 224              		.loc 1 208 0
 225              		.cfi_startproc
 226 0000 90B5     		push	{r4, r7, lr}
 227              		.cfi_def_cfa_offset 12
 228              		.cfi_offset 4, -12
 229              		.cfi_offset 7, -8
 230              		.cfi_offset 14, -4
 231 0002 85B0     		sub	sp, sp, #20
 232              		.cfi_def_cfa_offset 32
 233 0004 00AF     		add	r7, sp, #0
 234              		.cfi_def_cfa_register 7
 235 0006 021C     		mov	r2, r0
 236 0008 FB1D     		add	r3, r7, #7
 237 000a 1A70     		strb	r2, [r3]
 209:.\Generated_Source\PSoC4/ISRUART.c **** 	uint8 interruptState;
 210:.\Generated_Source\PSoC4/ISRUART.c ****     uint32 priorityOffset = ((ISRUART__INTC_NUMBER % 4u) * 8u) + 6u;
 238              		.loc 1 210 0
 239 000c 1623     		mov	r3, #22
 240 000e FB60     		str	r3, [r7, #12]
 211:.\Generated_Source\PSoC4/ISRUART.c ****     
 212:.\Generated_Source\PSoC4/ISRUART.c **** 	interruptState = CyEnterCriticalSection();
 241              		.loc 1 212 0
 242 0010 3C1C     		mov	r4, r7
 243 0012 0B34     		add	r4, r4, #11
 244 0014 FFF7FEFF 		bl	CyEnterCriticalSection
ARM GAS  C:\Users\Clayton\AppData\Local\Temp\ccSHLGj7.s 			page 9


 245 0018 031C     		mov	r3, r0
 246 001a 2370     		strb	r3, [r4]
 213:.\Generated_Source\PSoC4/ISRUART.c ****     *ISRUART_INTC_PRIOR = (*ISRUART_INTC_PRIOR & (uint32)(~ISRUART__INTC_PRIOR_MASK)) |
 247              		.loc 1 213 0
 248 001c 0A4B     		ldr	r3, .L17
 249 001e 0A4A     		ldr	r2, .L17
 250 0020 1168     		ldr	r1, [r2]
 251 0022 0A4A     		ldr	r2, .L17+4
 252 0024 1140     		and	r1, r2
 214:.\Generated_Source\PSoC4/ISRUART.c ****                                     ((uint32)priority << priorityOffset);
 253              		.loc 1 214 0
 254 0026 FA1D     		add	r2, r7, #7
 255 0028 1078     		ldrb	r0, [r2]
 256 002a FA68     		ldr	r2, [r7, #12]
 257 002c 041C     		mov	r4, r0
 258 002e 9440     		lsl	r4, r4, r2
 259 0030 221C     		mov	r2, r4
 213:.\Generated_Source\PSoC4/ISRUART.c ****     *ISRUART_INTC_PRIOR = (*ISRUART_INTC_PRIOR & (uint32)(~ISRUART__INTC_PRIOR_MASK)) |
 260              		.loc 1 213 0
 261 0032 0A43     		orr	r2, r1
 262 0034 1A60     		str	r2, [r3]
 215:.\Generated_Source\PSoC4/ISRUART.c **** 	CyExitCriticalSection(interruptState);
 263              		.loc 1 215 0
 264 0036 3B1C     		mov	r3, r7
 265 0038 0B33     		add	r3, r3, #11
 266 003a 1B78     		ldrb	r3, [r3]
 267 003c 181C     		mov	r0, r3
 268 003e FFF7FEFF 		bl	CyExitCriticalSection
 216:.\Generated_Source\PSoC4/ISRUART.c **** }
 269              		.loc 1 216 0
 270 0042 BD46     		mov	sp, r7
 271 0044 05B0     		add	sp, sp, #20
 272              		@ sp needed
 273 0046 90BD     		pop	{r4, r7, pc}
 274              	.L18:
 275              		.align	2
 276              	.L17:
 277 0048 08E400E0 		.word	-536812536
 278 004c FFFF3FFF 		.word	-12582913
 279              		.cfi_endproc
 280              	.LFE6:
 281              		.size	ISRUART_SetPriority, .-ISRUART_SetPriority
 282              		.section	.text.ISRUART_GetPriority,"ax",%progbits
 283              		.align	2
 284              		.global	ISRUART_GetPriority
 285              		.code	16
 286              		.thumb_func
 287              		.type	ISRUART_GetPriority, %function
 288              	ISRUART_GetPriority:
 289              	.LFB7:
 217:.\Generated_Source\PSoC4/ISRUART.c **** 
 218:.\Generated_Source\PSoC4/ISRUART.c **** 
 219:.\Generated_Source\PSoC4/ISRUART.c **** /*******************************************************************************
 220:.\Generated_Source\PSoC4/ISRUART.c **** * Function Name: ISRUART_GetPriority
 221:.\Generated_Source\PSoC4/ISRUART.c **** ********************************************************************************
 222:.\Generated_Source\PSoC4/ISRUART.c **** *
 223:.\Generated_Source\PSoC4/ISRUART.c **** * Summary:
ARM GAS  C:\Users\Clayton\AppData\Local\Temp\ccSHLGj7.s 			page 10


 224:.\Generated_Source\PSoC4/ISRUART.c **** *   Gets the Priority of the Interrupt.
 225:.\Generated_Source\PSoC4/ISRUART.c **** *
 226:.\Generated_Source\PSoC4/ISRUART.c **** * Parameters:
 227:.\Generated_Source\PSoC4/ISRUART.c **** *   None
 228:.\Generated_Source\PSoC4/ISRUART.c **** *
 229:.\Generated_Source\PSoC4/ISRUART.c **** * Return:
 230:.\Generated_Source\PSoC4/ISRUART.c **** *   Priority of the interrupt. 0 - 3, 0 being the highest.
 231:.\Generated_Source\PSoC4/ISRUART.c **** *
 232:.\Generated_Source\PSoC4/ISRUART.c **** *******************************************************************************/
 233:.\Generated_Source\PSoC4/ISRUART.c **** uint8 ISRUART_GetPriority(void)
 234:.\Generated_Source\PSoC4/ISRUART.c **** {
 290              		.loc 1 234 0
 291              		.cfi_startproc
 292 0000 80B5     		push	{r7, lr}
 293              		.cfi_def_cfa_offset 8
 294              		.cfi_offset 7, -8
 295              		.cfi_offset 14, -4
 296 0002 82B0     		sub	sp, sp, #8
 297              		.cfi_def_cfa_offset 16
 298 0004 00AF     		add	r7, sp, #0
 299              		.cfi_def_cfa_register 7
 235:.\Generated_Source\PSoC4/ISRUART.c ****     uint32 priority;
 236:.\Generated_Source\PSoC4/ISRUART.c **** 	uint32 priorityOffset = ((ISRUART__INTC_NUMBER % 4u) * 8u) + 6u;
 300              		.loc 1 236 0
 301 0006 1623     		mov	r3, #22
 302 0008 7B60     		str	r3, [r7, #4]
 237:.\Generated_Source\PSoC4/ISRUART.c **** 
 238:.\Generated_Source\PSoC4/ISRUART.c ****     priority = (*ISRUART_INTC_PRIOR & ISRUART__INTC_PRIOR_MASK) >> priorityOffset;
 303              		.loc 1 238 0
 304 000a 084B     		ldr	r3, .L21
 305 000c 1A68     		ldr	r2, [r3]
 306 000e C023     		mov	r3, #192
 307 0010 1B04     		lsl	r3, r3, #16
 308 0012 1A40     		and	r2, r3
 309 0014 7B68     		ldr	r3, [r7, #4]
 310 0016 111C     		mov	r1, r2
 311 0018 D940     		lsr	r1, r1, r3
 312 001a 0B1C     		mov	r3, r1
 313 001c 3B60     		str	r3, [r7]
 239:.\Generated_Source\PSoC4/ISRUART.c **** 
 240:.\Generated_Source\PSoC4/ISRUART.c ****     return (uint8)priority;
 314              		.loc 1 240 0
 315 001e 3B68     		ldr	r3, [r7]
 316 0020 DBB2     		uxtb	r3, r3
 241:.\Generated_Source\PSoC4/ISRUART.c **** }
 317              		.loc 1 241 0
 318 0022 181C     		mov	r0, r3
 319 0024 BD46     		mov	sp, r7
 320 0026 02B0     		add	sp, sp, #8
 321              		@ sp needed
 322 0028 80BD     		pop	{r7, pc}
 323              	.L22:
 324 002a C046     		.align	2
 325              	.L21:
 326 002c 08E400E0 		.word	-536812536
 327              		.cfi_endproc
 328              	.LFE7:
ARM GAS  C:\Users\Clayton\AppData\Local\Temp\ccSHLGj7.s 			page 11


 329              		.size	ISRUART_GetPriority, .-ISRUART_GetPriority
 330              		.section	.text.ISRUART_Enable,"ax",%progbits
 331              		.align	2
 332              		.global	ISRUART_Enable
 333              		.code	16
 334              		.thumb_func
 335              		.type	ISRUART_Enable, %function
 336              	ISRUART_Enable:
 337              	.LFB8:
 242:.\Generated_Source\PSoC4/ISRUART.c **** 
 243:.\Generated_Source\PSoC4/ISRUART.c **** 
 244:.\Generated_Source\PSoC4/ISRUART.c **** /*******************************************************************************
 245:.\Generated_Source\PSoC4/ISRUART.c **** * Function Name: ISRUART_Enable
 246:.\Generated_Source\PSoC4/ISRUART.c **** ********************************************************************************
 247:.\Generated_Source\PSoC4/ISRUART.c **** *
 248:.\Generated_Source\PSoC4/ISRUART.c **** * Summary:
 249:.\Generated_Source\PSoC4/ISRUART.c **** *   Enables the interrupt.
 250:.\Generated_Source\PSoC4/ISRUART.c **** *
 251:.\Generated_Source\PSoC4/ISRUART.c **** * Parameters:
 252:.\Generated_Source\PSoC4/ISRUART.c **** *   None
 253:.\Generated_Source\PSoC4/ISRUART.c **** *
 254:.\Generated_Source\PSoC4/ISRUART.c **** * Return:
 255:.\Generated_Source\PSoC4/ISRUART.c **** *   None
 256:.\Generated_Source\PSoC4/ISRUART.c **** *
 257:.\Generated_Source\PSoC4/ISRUART.c **** *******************************************************************************/
 258:.\Generated_Source\PSoC4/ISRUART.c **** void ISRUART_Enable(void)
 259:.\Generated_Source\PSoC4/ISRUART.c **** {
 338              		.loc 1 259 0
 339              		.cfi_startproc
 340 0000 80B5     		push	{r7, lr}
 341              		.cfi_def_cfa_offset 8
 342              		.cfi_offset 7, -8
 343              		.cfi_offset 14, -4
 344 0002 00AF     		add	r7, sp, #0
 345              		.cfi_def_cfa_register 7
 260:.\Generated_Source\PSoC4/ISRUART.c ****     /* Enable the general interrupt. */
 261:.\Generated_Source\PSoC4/ISRUART.c ****     *ISRUART_INTC_SET_EN = ISRUART__INTC_MASK;
 346              		.loc 1 261 0
 347 0004 024B     		ldr	r3, .L24
 348 0006 8022     		mov	r2, #128
 349 0008 D200     		lsl	r2, r2, #3
 350 000a 1A60     		str	r2, [r3]
 262:.\Generated_Source\PSoC4/ISRUART.c **** }
 351              		.loc 1 262 0
 352 000c BD46     		mov	sp, r7
 353              		@ sp needed
 354 000e 80BD     		pop	{r7, pc}
 355              	.L25:
 356              		.align	2
 357              	.L24:
 358 0010 00E100E0 		.word	-536813312
 359              		.cfi_endproc
 360              	.LFE8:
 361              		.size	ISRUART_Enable, .-ISRUART_Enable
 362              		.section	.text.ISRUART_GetState,"ax",%progbits
 363              		.align	2
 364              		.global	ISRUART_GetState
ARM GAS  C:\Users\Clayton\AppData\Local\Temp\ccSHLGj7.s 			page 12


 365              		.code	16
 366              		.thumb_func
 367              		.type	ISRUART_GetState, %function
 368              	ISRUART_GetState:
 369              	.LFB9:
 263:.\Generated_Source\PSoC4/ISRUART.c **** 
 264:.\Generated_Source\PSoC4/ISRUART.c **** 
 265:.\Generated_Source\PSoC4/ISRUART.c **** /*******************************************************************************
 266:.\Generated_Source\PSoC4/ISRUART.c **** * Function Name: ISRUART_GetState
 267:.\Generated_Source\PSoC4/ISRUART.c **** ********************************************************************************
 268:.\Generated_Source\PSoC4/ISRUART.c **** *
 269:.\Generated_Source\PSoC4/ISRUART.c **** * Summary:
 270:.\Generated_Source\PSoC4/ISRUART.c **** *   Gets the state (enabled, disabled) of the Interrupt.
 271:.\Generated_Source\PSoC4/ISRUART.c **** *
 272:.\Generated_Source\PSoC4/ISRUART.c **** * Parameters:
 273:.\Generated_Source\PSoC4/ISRUART.c **** *   None
 274:.\Generated_Source\PSoC4/ISRUART.c **** *
 275:.\Generated_Source\PSoC4/ISRUART.c **** * Return:
 276:.\Generated_Source\PSoC4/ISRUART.c **** *   1 if enabled, 0 if disabled.
 277:.\Generated_Source\PSoC4/ISRUART.c **** *
 278:.\Generated_Source\PSoC4/ISRUART.c **** *******************************************************************************/
 279:.\Generated_Source\PSoC4/ISRUART.c **** uint8 ISRUART_GetState(void)
 280:.\Generated_Source\PSoC4/ISRUART.c **** {
 370              		.loc 1 280 0
 371              		.cfi_startproc
 372 0000 80B5     		push	{r7, lr}
 373              		.cfi_def_cfa_offset 8
 374              		.cfi_offset 7, -8
 375              		.cfi_offset 14, -4
 376 0002 00AF     		add	r7, sp, #0
 377              		.cfi_def_cfa_register 7
 281:.\Generated_Source\PSoC4/ISRUART.c ****     /* Get the state of the general interrupt. */
 282:.\Generated_Source\PSoC4/ISRUART.c ****     return ((*ISRUART_INTC_SET_EN & (uint32)ISRUART__INTC_MASK) != 0u) ? 1u:0u;
 378              		.loc 1 282 0
 379 0004 054B     		ldr	r3, .L30
 380 0006 1A68     		ldr	r2, [r3]
 381 0008 8023     		mov	r3, #128
 382 000a DB00     		lsl	r3, r3, #3
 383 000c 1340     		and	r3, r2
 384 000e 01D0     		beq	.L27
 385              		.loc 1 282 0 is_stmt 0 discriminator 1
 386 0010 0123     		mov	r3, #1
 387 0012 00E0     		b	.L28
 388              	.L27:
 389              		.loc 1 282 0 discriminator 2
 390 0014 0023     		mov	r3, #0
 391              	.L28:
 283:.\Generated_Source\PSoC4/ISRUART.c **** }
 392              		.loc 1 283 0 is_stmt 1 discriminator 3
 393 0016 181C     		mov	r0, r3
 394 0018 BD46     		mov	sp, r7
 395              		@ sp needed
 396 001a 80BD     		pop	{r7, pc}
 397              	.L31:
 398              		.align	2
 399              	.L30:
 400 001c 00E100E0 		.word	-536813312
ARM GAS  C:\Users\Clayton\AppData\Local\Temp\ccSHLGj7.s 			page 13


 401              		.cfi_endproc
 402              	.LFE9:
 403              		.size	ISRUART_GetState, .-ISRUART_GetState
 404              		.section	.text.ISRUART_Disable,"ax",%progbits
 405              		.align	2
 406              		.global	ISRUART_Disable
 407              		.code	16
 408              		.thumb_func
 409              		.type	ISRUART_Disable, %function
 410              	ISRUART_Disable:
 411              	.LFB10:
 284:.\Generated_Source\PSoC4/ISRUART.c **** 
 285:.\Generated_Source\PSoC4/ISRUART.c **** 
 286:.\Generated_Source\PSoC4/ISRUART.c **** /*******************************************************************************
 287:.\Generated_Source\PSoC4/ISRUART.c **** * Function Name: ISRUART_Disable
 288:.\Generated_Source\PSoC4/ISRUART.c **** ********************************************************************************
 289:.\Generated_Source\PSoC4/ISRUART.c **** *
 290:.\Generated_Source\PSoC4/ISRUART.c **** * Summary:
 291:.\Generated_Source\PSoC4/ISRUART.c **** *   Disables the Interrupt.
 292:.\Generated_Source\PSoC4/ISRUART.c **** *
 293:.\Generated_Source\PSoC4/ISRUART.c **** * Parameters:
 294:.\Generated_Source\PSoC4/ISRUART.c **** *   None
 295:.\Generated_Source\PSoC4/ISRUART.c **** *
 296:.\Generated_Source\PSoC4/ISRUART.c **** * Return:
 297:.\Generated_Source\PSoC4/ISRUART.c **** *   None
 298:.\Generated_Source\PSoC4/ISRUART.c **** *
 299:.\Generated_Source\PSoC4/ISRUART.c **** *******************************************************************************/
 300:.\Generated_Source\PSoC4/ISRUART.c **** void ISRUART_Disable(void)
 301:.\Generated_Source\PSoC4/ISRUART.c **** {
 412              		.loc 1 301 0
 413              		.cfi_startproc
 414 0000 80B5     		push	{r7, lr}
 415              		.cfi_def_cfa_offset 8
 416              		.cfi_offset 7, -8
 417              		.cfi_offset 14, -4
 418 0002 00AF     		add	r7, sp, #0
 419              		.cfi_def_cfa_register 7
 302:.\Generated_Source\PSoC4/ISRUART.c ****     /* Disable the general interrupt. */
 303:.\Generated_Source\PSoC4/ISRUART.c ****     *ISRUART_INTC_CLR_EN = ISRUART__INTC_MASK;
 420              		.loc 1 303 0
 421 0004 024B     		ldr	r3, .L33
 422 0006 8022     		mov	r2, #128
 423 0008 D200     		lsl	r2, r2, #3
 424 000a 1A60     		str	r2, [r3]
 304:.\Generated_Source\PSoC4/ISRUART.c **** }
 425              		.loc 1 304 0
 426 000c BD46     		mov	sp, r7
 427              		@ sp needed
 428 000e 80BD     		pop	{r7, pc}
 429              	.L34:
 430              		.align	2
 431              	.L33:
 432 0010 80E100E0 		.word	-536813184
 433              		.cfi_endproc
 434              	.LFE10:
 435              		.size	ISRUART_Disable, .-ISRUART_Disable
 436              		.section	.text.ISRUART_SetPending,"ax",%progbits
ARM GAS  C:\Users\Clayton\AppData\Local\Temp\ccSHLGj7.s 			page 14


 437              		.align	2
 438              		.global	ISRUART_SetPending
 439              		.code	16
 440              		.thumb_func
 441              		.type	ISRUART_SetPending, %function
 442              	ISRUART_SetPending:
 443              	.LFB11:
 305:.\Generated_Source\PSoC4/ISRUART.c **** 
 306:.\Generated_Source\PSoC4/ISRUART.c **** 
 307:.\Generated_Source\PSoC4/ISRUART.c **** /*******************************************************************************
 308:.\Generated_Source\PSoC4/ISRUART.c **** * Function Name: ISRUART_SetPending
 309:.\Generated_Source\PSoC4/ISRUART.c **** ********************************************************************************
 310:.\Generated_Source\PSoC4/ISRUART.c **** *
 311:.\Generated_Source\PSoC4/ISRUART.c **** * Summary:
 312:.\Generated_Source\PSoC4/ISRUART.c **** *   Causes the Interrupt to enter the pending state, a software method of
 313:.\Generated_Source\PSoC4/ISRUART.c **** *   generating the interrupt.
 314:.\Generated_Source\PSoC4/ISRUART.c **** *
 315:.\Generated_Source\PSoC4/ISRUART.c **** * Parameters:
 316:.\Generated_Source\PSoC4/ISRUART.c **** *   None
 317:.\Generated_Source\PSoC4/ISRUART.c **** *
 318:.\Generated_Source\PSoC4/ISRUART.c **** * Return:
 319:.\Generated_Source\PSoC4/ISRUART.c **** *   None
 320:.\Generated_Source\PSoC4/ISRUART.c **** *
 321:.\Generated_Source\PSoC4/ISRUART.c **** *******************************************************************************/
 322:.\Generated_Source\PSoC4/ISRUART.c **** void ISRUART_SetPending(void)
 323:.\Generated_Source\PSoC4/ISRUART.c **** {
 444              		.loc 1 323 0
 445              		.cfi_startproc
 446 0000 80B5     		push	{r7, lr}
 447              		.cfi_def_cfa_offset 8
 448              		.cfi_offset 7, -8
 449              		.cfi_offset 14, -4
 450 0002 00AF     		add	r7, sp, #0
 451              		.cfi_def_cfa_register 7
 324:.\Generated_Source\PSoC4/ISRUART.c ****     *ISRUART_INTC_SET_PD = ISRUART__INTC_MASK;
 452              		.loc 1 324 0
 453 0004 024B     		ldr	r3, .L36
 454 0006 8022     		mov	r2, #128
 455 0008 D200     		lsl	r2, r2, #3
 456 000a 1A60     		str	r2, [r3]
 325:.\Generated_Source\PSoC4/ISRUART.c **** }
 457              		.loc 1 325 0
 458 000c BD46     		mov	sp, r7
 459              		@ sp needed
 460 000e 80BD     		pop	{r7, pc}
 461              	.L37:
 462              		.align	2
 463              	.L36:
 464 0010 00E200E0 		.word	-536813056
 465              		.cfi_endproc
 466              	.LFE11:
 467              		.size	ISRUART_SetPending, .-ISRUART_SetPending
 468              		.section	.text.ISRUART_ClearPending,"ax",%progbits
 469              		.align	2
 470              		.global	ISRUART_ClearPending
 471              		.code	16
 472              		.thumb_func
ARM GAS  C:\Users\Clayton\AppData\Local\Temp\ccSHLGj7.s 			page 15


 473              		.type	ISRUART_ClearPending, %function
 474              	ISRUART_ClearPending:
 475              	.LFB12:
 326:.\Generated_Source\PSoC4/ISRUART.c **** 
 327:.\Generated_Source\PSoC4/ISRUART.c **** 
 328:.\Generated_Source\PSoC4/ISRUART.c **** /*******************************************************************************
 329:.\Generated_Source\PSoC4/ISRUART.c **** * Function Name: ISRUART_ClearPending
 330:.\Generated_Source\PSoC4/ISRUART.c **** ********************************************************************************
 331:.\Generated_Source\PSoC4/ISRUART.c **** *
 332:.\Generated_Source\PSoC4/ISRUART.c **** * Summary:
 333:.\Generated_Source\PSoC4/ISRUART.c **** *   Clears a pending interrupt.
 334:.\Generated_Source\PSoC4/ISRUART.c **** *
 335:.\Generated_Source\PSoC4/ISRUART.c **** * Parameters:
 336:.\Generated_Source\PSoC4/ISRUART.c **** *   None
 337:.\Generated_Source\PSoC4/ISRUART.c **** *
 338:.\Generated_Source\PSoC4/ISRUART.c **** * Return:
 339:.\Generated_Source\PSoC4/ISRUART.c **** *   None
 340:.\Generated_Source\PSoC4/ISRUART.c **** *
 341:.\Generated_Source\PSoC4/ISRUART.c **** *******************************************************************************/
 342:.\Generated_Source\PSoC4/ISRUART.c **** void ISRUART_ClearPending(void)
 343:.\Generated_Source\PSoC4/ISRUART.c **** {
 476              		.loc 1 343 0
 477              		.cfi_startproc
 478 0000 80B5     		push	{r7, lr}
 479              		.cfi_def_cfa_offset 8
 480              		.cfi_offset 7, -8
 481              		.cfi_offset 14, -4
 482 0002 00AF     		add	r7, sp, #0
 483              		.cfi_def_cfa_register 7
 344:.\Generated_Source\PSoC4/ISRUART.c ****     *ISRUART_INTC_CLR_PD = ISRUART__INTC_MASK;
 484              		.loc 1 344 0
 485 0004 024B     		ldr	r3, .L39
 486 0006 8022     		mov	r2, #128
 487 0008 D200     		lsl	r2, r2, #3
 488 000a 1A60     		str	r2, [r3]
 345:.\Generated_Source\PSoC4/ISRUART.c **** }
 489              		.loc 1 345 0
 490 000c BD46     		mov	sp, r7
 491              		@ sp needed
 492 000e 80BD     		pop	{r7, pc}
 493              	.L40:
 494              		.align	2
 495              	.L39:
 496 0010 80E200E0 		.word	-536812928
 497              		.cfi_endproc
 498              	.LFE12:
 499              		.size	ISRUART_ClearPending, .-ISRUART_ClearPending
 500              		.text
 501              	.Letext0:
 502              		.file 2 ".\\Generated_Source\\PSoC4/cytypes.h"
 503              		.section	.debug_info,"",%progbits
 504              	.Ldebug_info0:
 505 0000 3D020000 		.4byte	0x23d
 506 0004 0400     		.2byte	0x4
 507 0006 00000000 		.4byte	.Ldebug_abbrev0
 508 000a 04       		.byte	0x4
 509 000b 01       		.uleb128 0x1
ARM GAS  C:\Users\Clayton\AppData\Local\Temp\ccSHLGj7.s 			page 16


 510 000c A3000000 		.4byte	.LASF33
 511 0010 01       		.byte	0x1
 512 0011 2B020000 		.4byte	.LASF34
 513 0015 36000000 		.4byte	.LASF35
 514 0019 00000000 		.4byte	.Ldebug_ranges0+0
 515 001d 00000000 		.4byte	0
 516 0021 00000000 		.4byte	.Ldebug_line0
 517 0025 02       		.uleb128 0x2
 518 0026 01       		.byte	0x1
 519 0027 06       		.byte	0x6
 520 0028 CF020000 		.4byte	.LASF0
 521 002c 02       		.uleb128 0x2
 522 002d 01       		.byte	0x1
 523 002e 08       		.byte	0x8
 524 002f 2A010000 		.4byte	.LASF1
 525 0033 02       		.uleb128 0x2
 526 0034 02       		.byte	0x2
 527 0035 05       		.byte	0x5
 528 0036 AD020000 		.4byte	.LASF2
 529 003a 02       		.uleb128 0x2
 530 003b 02       		.byte	0x2
 531 003c 07       		.byte	0x7
 532 003d 23000000 		.4byte	.LASF3
 533 0041 02       		.uleb128 0x2
 534 0042 04       		.byte	0x4
 535 0043 05       		.byte	0x5
 536 0044 C6020000 		.4byte	.LASF4
 537 0048 02       		.uleb128 0x2
 538 0049 04       		.byte	0x4
 539 004a 07       		.byte	0x7
 540 004b 7C010000 		.4byte	.LASF5
 541 004f 02       		.uleb128 0x2
 542 0050 08       		.byte	0x8
 543 0051 05       		.byte	0x5
 544 0052 77020000 		.4byte	.LASF6
 545 0056 02       		.uleb128 0x2
 546 0057 08       		.byte	0x8
 547 0058 07       		.byte	0x7
 548 0059 14020000 		.4byte	.LASF7
 549 005d 03       		.uleb128 0x3
 550 005e 04       		.byte	0x4
 551 005f 05       		.byte	0x5
 552 0060 696E7400 		.ascii	"int\000"
 553 0064 02       		.uleb128 0x2
 554 0065 04       		.byte	0x4
 555 0066 07       		.byte	0x7
 556 0067 FF010000 		.4byte	.LASF8
 557 006b 04       		.uleb128 0x4
 558 006c A0010000 		.4byte	.LASF9
 559 0070 02       		.byte	0x2
 560 0071 A1       		.byte	0xa1
 561 0072 2C000000 		.4byte	0x2c
 562 0076 04       		.uleb128 0x4
 563 0077 F8010000 		.4byte	.LASF10
 564 007b 02       		.byte	0x2
 565 007c A3       		.byte	0xa3
 566 007d 48000000 		.4byte	0x48
ARM GAS  C:\Users\Clayton\AppData\Local\Temp\ccSHLGj7.s 			page 17


 567 0081 02       		.uleb128 0x2
 568 0082 04       		.byte	0x4
 569 0083 04       		.byte	0x4
 570 0084 9D000000 		.4byte	.LASF11
 571 0088 02       		.uleb128 0x2
 572 0089 08       		.byte	0x8
 573 008a 04       		.byte	0x4
 574 008b E4010000 		.4byte	.LASF12
 575 008f 02       		.uleb128 0x2
 576 0090 01       		.byte	0x1
 577 0091 08       		.byte	0x8
 578 0092 85020000 		.4byte	.LASF13
 579 0096 05       		.uleb128 0x5
 580 0097 00000000 		.4byte	.LASF14
 581 009b 02       		.byte	0x2
 582 009c 4D01     		.2byte	0x14d
 583 009e A2000000 		.4byte	0xa2
 584 00a2 06       		.uleb128 0x6
 585 00a3 76000000 		.4byte	0x76
 586 00a7 05       		.uleb128 0x5
 587 00a8 61020000 		.4byte	.LASF15
 588 00ac 02       		.byte	0x2
 589 00ad 5D01     		.2byte	0x15d
 590 00af B3000000 		.4byte	0xb3
 591 00b3 07       		.uleb128 0x7
 592 00b4 04       		.byte	0x4
 593 00b5 B9000000 		.4byte	0xb9
 594 00b9 08       		.uleb128 0x8
 595 00ba 02       		.uleb128 0x2
 596 00bb 04       		.byte	0x4
 597 00bc 07       		.byte	0x7
 598 00bd 6E020000 		.4byte	.LASF16
 599 00c1 09       		.uleb128 0x9
 600 00c2 D6010000 		.4byte	.LASF17
 601 00c6 01       		.byte	0x1
 602 00c7 34       		.byte	0x34
 603 00c8 00000000 		.4byte	.LFB0
 604 00cc 24000000 		.4byte	.LFE0-.LFB0
 605 00d0 01       		.uleb128 0x1
 606 00d1 9C       		.byte	0x9c
 607 00d2 0A       		.uleb128 0xa
 608 00d3 06000000 		.4byte	.LASF20
 609 00d7 01       		.byte	0x1
 610 00d8 52       		.byte	0x52
 611 00d9 00000000 		.4byte	.LFB1
 612 00dd 24000000 		.4byte	.LFE1-.LFB1
 613 00e1 01       		.uleb128 0x1
 614 00e2 9C       		.byte	0x9c
 615 00e3 F6000000 		.4byte	0xf6
 616 00e7 0B       		.uleb128 0xb
 617 00e8 0C020000 		.4byte	.LASF22
 618 00ec 01       		.byte	0x1
 619 00ed 52       		.byte	0x52
 620 00ee A7000000 		.4byte	0xa7
 621 00f2 02       		.uleb128 0x2
 622 00f3 91       		.byte	0x91
 623 00f4 74       		.sleb128 -12
ARM GAS  C:\Users\Clayton\AppData\Local\Temp\ccSHLGj7.s 			page 18


 624 00f5 00       		.byte	0
 625 00f6 09       		.uleb128 0x9
 626 00f7 EB010000 		.4byte	.LASF18
 627 00fb 01       		.byte	0x1
 628 00fc 6F       		.byte	0x6f
 629 00fd 00000000 		.4byte	.LFB2
 630 0101 18000000 		.4byte	.LFE2-.LFB2
 631 0105 01       		.uleb128 0x1
 632 0106 9C       		.byte	0x9c
 633 0107 0C       		.uleb128 0xc
 634 0108 A6010000 		.4byte	.LASF19
 635 010c 01       		.byte	0x1
 636 010d 8A       		.byte	0x8a
 637 010e 00000000 		.4byte	.LFB3
 638 0112 08000000 		.4byte	.LFE3-.LFB3
 639 0116 01       		.uleb128 0x1
 640 0117 9C       		.byte	0x9c
 641 0118 0D       		.uleb128 0xd
 642 0119 DB020000 		.4byte	.LASF21
 643 011d 01       		.byte	0x1
 644 011e A3       		.byte	0xa3
 645 011f 00000000 		.4byte	.LFB4
 646 0123 18000000 		.4byte	.LFE4-.LFB4
 647 0127 01       		.uleb128 0x1
 648 0128 9C       		.byte	0x9c
 649 0129 3C010000 		.4byte	0x13c
 650 012d 0B       		.uleb128 0xb
 651 012e 0C020000 		.4byte	.LASF22
 652 0132 01       		.byte	0x1
 653 0133 A3       		.byte	0xa3
 654 0134 A7000000 		.4byte	0xa7
 655 0138 02       		.uleb128 0x2
 656 0139 91       		.byte	0x91
 657 013a 74       		.sleb128 -12
 658 013b 00       		.byte	0
 659 013c 0E       		.uleb128 0xe
 660 013d 8E010000 		.4byte	.LASF28
 661 0141 01       		.byte	0x1
 662 0142 B7       		.byte	0xb7
 663 0143 A7000000 		.4byte	0xa7
 664 0147 00000000 		.4byte	.LFB5
 665 014b 14000000 		.4byte	.LFE5-.LFB5
 666 014f 01       		.uleb128 0x1
 667 0150 9C       		.byte	0x9c
 668 0151 0A       		.uleb128 0xa
 669 0152 99020000 		.4byte	.LASF23
 670 0156 01       		.byte	0x1
 671 0157 CF       		.byte	0xcf
 672 0158 00000000 		.4byte	.LFB6
 673 015c 50000000 		.4byte	.LFE6-.LFB6
 674 0160 01       		.uleb128 0x1
 675 0161 9C       		.byte	0x9c
 676 0162 91010000 		.4byte	0x191
 677 0166 0B       		.uleb128 0xb
 678 0167 B8010000 		.4byte	.LASF24
 679 016b 01       		.byte	0x1
 680 016c CF       		.byte	0xcf
ARM GAS  C:\Users\Clayton\AppData\Local\Temp\ccSHLGj7.s 			page 19


 681 016d 6B000000 		.4byte	0x6b
 682 0171 02       		.uleb128 0x2
 683 0172 91       		.byte	0x91
 684 0173 67       		.sleb128 -25
 685 0174 0F       		.uleb128 0xf
 686 0175 6D010000 		.4byte	.LASF25
 687 0179 01       		.byte	0x1
 688 017a D1       		.byte	0xd1
 689 017b 6B000000 		.4byte	0x6b
 690 017f 02       		.uleb128 0x2
 691 0180 91       		.byte	0x91
 692 0181 6B       		.sleb128 -21
 693 0182 0F       		.uleb128 0xf
 694 0183 B7020000 		.4byte	.LASF26
 695 0187 01       		.byte	0x1
 696 0188 D2       		.byte	0xd2
 697 0189 76000000 		.4byte	0x76
 698 018d 02       		.uleb128 0x2
 699 018e 91       		.byte	0x91
 700 018f 6C       		.sleb128 -20
 701 0190 00       		.byte	0
 702 0191 10       		.uleb128 0x10
 703 0192 38010000 		.4byte	.LASF36
 704 0196 01       		.byte	0x1
 705 0197 E9       		.byte	0xe9
 706 0198 6B000000 		.4byte	0x6b
 707 019c 00000000 		.4byte	.LFB7
 708 01a0 30000000 		.4byte	.LFE7-.LFB7
 709 01a4 01       		.uleb128 0x1
 710 01a5 9C       		.byte	0x9c
 711 01a6 C7010000 		.4byte	0x1c7
 712 01aa 0F       		.uleb128 0xf
 713 01ab B8010000 		.4byte	.LASF24
 714 01af 01       		.byte	0x1
 715 01b0 EB       		.byte	0xeb
 716 01b1 76000000 		.4byte	0x76
 717 01b5 02       		.uleb128 0x2
 718 01b6 91       		.byte	0x91
 719 01b7 70       		.sleb128 -16
 720 01b8 0F       		.uleb128 0xf
 721 01b9 B7020000 		.4byte	.LASF26
 722 01bd 01       		.byte	0x1
 723 01be EC       		.byte	0xec
 724 01bf 76000000 		.4byte	0x76
 725 01c3 02       		.uleb128 0x2
 726 01c4 91       		.byte	0x91
 727 01c5 74       		.sleb128 -12
 728 01c6 00       		.byte	0
 729 01c7 11       		.uleb128 0x11
 730 01c8 8A020000 		.4byte	.LASF27
 731 01cc 01       		.byte	0x1
 732 01cd 0201     		.2byte	0x102
 733 01cf 00000000 		.4byte	.LFB8
 734 01d3 14000000 		.4byte	.LFE8-.LFB8
 735 01d7 01       		.uleb128 0x1
 736 01d8 9C       		.byte	0x9c
 737 01d9 12       		.uleb128 0x12
ARM GAS  C:\Users\Clayton\AppData\Local\Temp\ccSHLGj7.s 			page 20


 738 01da 5C010000 		.4byte	.LASF29
 739 01de 01       		.byte	0x1
 740 01df 1701     		.2byte	0x117
 741 01e1 6B000000 		.4byte	0x6b
 742 01e5 00000000 		.4byte	.LFB9
 743 01e9 20000000 		.4byte	.LFE9-.LFB9
 744 01ed 01       		.uleb128 0x1
 745 01ee 9C       		.byte	0x9c
 746 01ef 11       		.uleb128 0x11
 747 01f0 4C010000 		.4byte	.LASF30
 748 01f4 01       		.byte	0x1
 749 01f5 2C01     		.2byte	0x12c
 750 01f7 00000000 		.4byte	.LFB10
 751 01fb 14000000 		.4byte	.LFE10-.LFB10
 752 01ff 01       		.uleb128 0x1
 753 0200 9C       		.byte	0x9c
 754 0201 11       		.uleb128 0x11
 755 0202 4E020000 		.4byte	.LASF31
 756 0206 01       		.byte	0x1
 757 0207 4201     		.2byte	0x142
 758 0209 00000000 		.4byte	.LFB11
 759 020d 14000000 		.4byte	.LFE11-.LFB11
 760 0211 01       		.uleb128 0x1
 761 0212 9C       		.byte	0x9c
 762 0213 11       		.uleb128 0x11
 763 0214 C1010000 		.4byte	.LASF32
 764 0218 01       		.byte	0x1
 765 0219 5601     		.2byte	0x156
 766 021b 00000000 		.4byte	.LFB12
 767 021f 14000000 		.4byte	.LFE12-.LFB12
 768 0223 01       		.uleb128 0x1
 769 0224 9C       		.byte	0x9c
 770 0225 13       		.uleb128 0x13
 771 0226 A7000000 		.4byte	0xa7
 772 022a 35020000 		.4byte	0x235
 773 022e 14       		.uleb128 0x14
 774 022f BA000000 		.4byte	0xba
 775 0233 2F       		.byte	0x2f
 776 0234 00       		.byte	0
 777 0235 15       		.uleb128 0x15
 778 0236 16000000 		.4byte	.LASF37
 779 023a 01       		.byte	0x1
 780 023b 20       		.byte	0x20
 781 023c 25020000 		.4byte	0x225
 782 0240 00       		.byte	0
 783              		.section	.debug_abbrev,"",%progbits
 784              	.Ldebug_abbrev0:
 785 0000 01       		.uleb128 0x1
 786 0001 11       		.uleb128 0x11
 787 0002 01       		.byte	0x1
 788 0003 25       		.uleb128 0x25
 789 0004 0E       		.uleb128 0xe
 790 0005 13       		.uleb128 0x13
 791 0006 0B       		.uleb128 0xb
 792 0007 03       		.uleb128 0x3
 793 0008 0E       		.uleb128 0xe
 794 0009 1B       		.uleb128 0x1b
ARM GAS  C:\Users\Clayton\AppData\Local\Temp\ccSHLGj7.s 			page 21


 795 000a 0E       		.uleb128 0xe
 796 000b 55       		.uleb128 0x55
 797 000c 17       		.uleb128 0x17
 798 000d 11       		.uleb128 0x11
 799 000e 01       		.uleb128 0x1
 800 000f 10       		.uleb128 0x10
 801 0010 17       		.uleb128 0x17
 802 0011 00       		.byte	0
 803 0012 00       		.byte	0
 804 0013 02       		.uleb128 0x2
 805 0014 24       		.uleb128 0x24
 806 0015 00       		.byte	0
 807 0016 0B       		.uleb128 0xb
 808 0017 0B       		.uleb128 0xb
 809 0018 3E       		.uleb128 0x3e
 810 0019 0B       		.uleb128 0xb
 811 001a 03       		.uleb128 0x3
 812 001b 0E       		.uleb128 0xe
 813 001c 00       		.byte	0
 814 001d 00       		.byte	0
 815 001e 03       		.uleb128 0x3
 816 001f 24       		.uleb128 0x24
 817 0020 00       		.byte	0
 818 0021 0B       		.uleb128 0xb
 819 0022 0B       		.uleb128 0xb
 820 0023 3E       		.uleb128 0x3e
 821 0024 0B       		.uleb128 0xb
 822 0025 03       		.uleb128 0x3
 823 0026 08       		.uleb128 0x8
 824 0027 00       		.byte	0
 825 0028 00       		.byte	0
 826 0029 04       		.uleb128 0x4
 827 002a 16       		.uleb128 0x16
 828 002b 00       		.byte	0
 829 002c 03       		.uleb128 0x3
 830 002d 0E       		.uleb128 0xe
 831 002e 3A       		.uleb128 0x3a
 832 002f 0B       		.uleb128 0xb
 833 0030 3B       		.uleb128 0x3b
 834 0031 0B       		.uleb128 0xb
 835 0032 49       		.uleb128 0x49
 836 0033 13       		.uleb128 0x13
 837 0034 00       		.byte	0
 838 0035 00       		.byte	0
 839 0036 05       		.uleb128 0x5
 840 0037 16       		.uleb128 0x16
 841 0038 00       		.byte	0
 842 0039 03       		.uleb128 0x3
 843 003a 0E       		.uleb128 0xe
 844 003b 3A       		.uleb128 0x3a
 845 003c 0B       		.uleb128 0xb
 846 003d 3B       		.uleb128 0x3b
 847 003e 05       		.uleb128 0x5
 848 003f 49       		.uleb128 0x49
 849 0040 13       		.uleb128 0x13
 850 0041 00       		.byte	0
 851 0042 00       		.byte	0
ARM GAS  C:\Users\Clayton\AppData\Local\Temp\ccSHLGj7.s 			page 22


 852 0043 06       		.uleb128 0x6
 853 0044 35       		.uleb128 0x35
 854 0045 00       		.byte	0
 855 0046 49       		.uleb128 0x49
 856 0047 13       		.uleb128 0x13
 857 0048 00       		.byte	0
 858 0049 00       		.byte	0
 859 004a 07       		.uleb128 0x7
 860 004b 0F       		.uleb128 0xf
 861 004c 00       		.byte	0
 862 004d 0B       		.uleb128 0xb
 863 004e 0B       		.uleb128 0xb
 864 004f 49       		.uleb128 0x49
 865 0050 13       		.uleb128 0x13
 866 0051 00       		.byte	0
 867 0052 00       		.byte	0
 868 0053 08       		.uleb128 0x8
 869 0054 15       		.uleb128 0x15
 870 0055 00       		.byte	0
 871 0056 27       		.uleb128 0x27
 872 0057 19       		.uleb128 0x19
 873 0058 00       		.byte	0
 874 0059 00       		.byte	0
 875 005a 09       		.uleb128 0x9
 876 005b 2E       		.uleb128 0x2e
 877 005c 00       		.byte	0
 878 005d 3F       		.uleb128 0x3f
 879 005e 19       		.uleb128 0x19
 880 005f 03       		.uleb128 0x3
 881 0060 0E       		.uleb128 0xe
 882 0061 3A       		.uleb128 0x3a
 883 0062 0B       		.uleb128 0xb
 884 0063 3B       		.uleb128 0x3b
 885 0064 0B       		.uleb128 0xb
 886 0065 27       		.uleb128 0x27
 887 0066 19       		.uleb128 0x19
 888 0067 11       		.uleb128 0x11
 889 0068 01       		.uleb128 0x1
 890 0069 12       		.uleb128 0x12
 891 006a 06       		.uleb128 0x6
 892 006b 40       		.uleb128 0x40
 893 006c 18       		.uleb128 0x18
 894 006d 9642     		.uleb128 0x2116
 895 006f 19       		.uleb128 0x19
 896 0070 00       		.byte	0
 897 0071 00       		.byte	0
 898 0072 0A       		.uleb128 0xa
 899 0073 2E       		.uleb128 0x2e
 900 0074 01       		.byte	0x1
 901 0075 3F       		.uleb128 0x3f
 902 0076 19       		.uleb128 0x19
 903 0077 03       		.uleb128 0x3
 904 0078 0E       		.uleb128 0xe
 905 0079 3A       		.uleb128 0x3a
 906 007a 0B       		.uleb128 0xb
 907 007b 3B       		.uleb128 0x3b
 908 007c 0B       		.uleb128 0xb
ARM GAS  C:\Users\Clayton\AppData\Local\Temp\ccSHLGj7.s 			page 23


 909 007d 27       		.uleb128 0x27
 910 007e 19       		.uleb128 0x19
 911 007f 11       		.uleb128 0x11
 912 0080 01       		.uleb128 0x1
 913 0081 12       		.uleb128 0x12
 914 0082 06       		.uleb128 0x6
 915 0083 40       		.uleb128 0x40
 916 0084 18       		.uleb128 0x18
 917 0085 9642     		.uleb128 0x2116
 918 0087 19       		.uleb128 0x19
 919 0088 01       		.uleb128 0x1
 920 0089 13       		.uleb128 0x13
 921 008a 00       		.byte	0
 922 008b 00       		.byte	0
 923 008c 0B       		.uleb128 0xb
 924 008d 05       		.uleb128 0x5
 925 008e 00       		.byte	0
 926 008f 03       		.uleb128 0x3
 927 0090 0E       		.uleb128 0xe
 928 0091 3A       		.uleb128 0x3a
 929 0092 0B       		.uleb128 0xb
 930 0093 3B       		.uleb128 0x3b
 931 0094 0B       		.uleb128 0xb
 932 0095 49       		.uleb128 0x49
 933 0096 13       		.uleb128 0x13
 934 0097 02       		.uleb128 0x2
 935 0098 18       		.uleb128 0x18
 936 0099 00       		.byte	0
 937 009a 00       		.byte	0
 938 009b 0C       		.uleb128 0xc
 939 009c 2E       		.uleb128 0x2e
 940 009d 00       		.byte	0
 941 009e 3F       		.uleb128 0x3f
 942 009f 19       		.uleb128 0x19
 943 00a0 03       		.uleb128 0x3
 944 00a1 0E       		.uleb128 0xe
 945 00a2 3A       		.uleb128 0x3a
 946 00a3 0B       		.uleb128 0xb
 947 00a4 3B       		.uleb128 0x3b
 948 00a5 0B       		.uleb128 0xb
 949 00a6 27       		.uleb128 0x27
 950 00a7 19       		.uleb128 0x19
 951 00a8 11       		.uleb128 0x11
 952 00a9 01       		.uleb128 0x1
 953 00aa 12       		.uleb128 0x12
 954 00ab 06       		.uleb128 0x6
 955 00ac 40       		.uleb128 0x40
 956 00ad 18       		.uleb128 0x18
 957 00ae 9742     		.uleb128 0x2117
 958 00b0 19       		.uleb128 0x19
 959 00b1 00       		.byte	0
 960 00b2 00       		.byte	0
 961 00b3 0D       		.uleb128 0xd
 962 00b4 2E       		.uleb128 0x2e
 963 00b5 01       		.byte	0x1
 964 00b6 3F       		.uleb128 0x3f
 965 00b7 19       		.uleb128 0x19
ARM GAS  C:\Users\Clayton\AppData\Local\Temp\ccSHLGj7.s 			page 24


 966 00b8 03       		.uleb128 0x3
 967 00b9 0E       		.uleb128 0xe
 968 00ba 3A       		.uleb128 0x3a
 969 00bb 0B       		.uleb128 0xb
 970 00bc 3B       		.uleb128 0x3b
 971 00bd 0B       		.uleb128 0xb
 972 00be 27       		.uleb128 0x27
 973 00bf 19       		.uleb128 0x19
 974 00c0 11       		.uleb128 0x11
 975 00c1 01       		.uleb128 0x1
 976 00c2 12       		.uleb128 0x12
 977 00c3 06       		.uleb128 0x6
 978 00c4 40       		.uleb128 0x40
 979 00c5 18       		.uleb128 0x18
 980 00c6 9742     		.uleb128 0x2117
 981 00c8 19       		.uleb128 0x19
 982 00c9 01       		.uleb128 0x1
 983 00ca 13       		.uleb128 0x13
 984 00cb 00       		.byte	0
 985 00cc 00       		.byte	0
 986 00cd 0E       		.uleb128 0xe
 987 00ce 2E       		.uleb128 0x2e
 988 00cf 00       		.byte	0
 989 00d0 3F       		.uleb128 0x3f
 990 00d1 19       		.uleb128 0x19
 991 00d2 03       		.uleb128 0x3
 992 00d3 0E       		.uleb128 0xe
 993 00d4 3A       		.uleb128 0x3a
 994 00d5 0B       		.uleb128 0xb
 995 00d6 3B       		.uleb128 0x3b
 996 00d7 0B       		.uleb128 0xb
 997 00d8 27       		.uleb128 0x27
 998 00d9 19       		.uleb128 0x19
 999 00da 49       		.uleb128 0x49
 1000 00db 13       		.uleb128 0x13
 1001 00dc 11       		.uleb128 0x11
 1002 00dd 01       		.uleb128 0x1
 1003 00de 12       		.uleb128 0x12
 1004 00df 06       		.uleb128 0x6
 1005 00e0 40       		.uleb128 0x40
 1006 00e1 18       		.uleb128 0x18
 1007 00e2 9742     		.uleb128 0x2117
 1008 00e4 19       		.uleb128 0x19
 1009 00e5 00       		.byte	0
 1010 00e6 00       		.byte	0
 1011 00e7 0F       		.uleb128 0xf
 1012 00e8 34       		.uleb128 0x34
 1013 00e9 00       		.byte	0
 1014 00ea 03       		.uleb128 0x3
 1015 00eb 0E       		.uleb128 0xe
 1016 00ec 3A       		.uleb128 0x3a
 1017 00ed 0B       		.uleb128 0xb
 1018 00ee 3B       		.uleb128 0x3b
 1019 00ef 0B       		.uleb128 0xb
 1020 00f0 49       		.uleb128 0x49
 1021 00f1 13       		.uleb128 0x13
 1022 00f2 02       		.uleb128 0x2
ARM GAS  C:\Users\Clayton\AppData\Local\Temp\ccSHLGj7.s 			page 25


 1023 00f3 18       		.uleb128 0x18
 1024 00f4 00       		.byte	0
 1025 00f5 00       		.byte	0
 1026 00f6 10       		.uleb128 0x10
 1027 00f7 2E       		.uleb128 0x2e
 1028 00f8 01       		.byte	0x1
 1029 00f9 3F       		.uleb128 0x3f
 1030 00fa 19       		.uleb128 0x19
 1031 00fb 03       		.uleb128 0x3
 1032 00fc 0E       		.uleb128 0xe
 1033 00fd 3A       		.uleb128 0x3a
 1034 00fe 0B       		.uleb128 0xb
 1035 00ff 3B       		.uleb128 0x3b
 1036 0100 0B       		.uleb128 0xb
 1037 0101 27       		.uleb128 0x27
 1038 0102 19       		.uleb128 0x19
 1039 0103 49       		.uleb128 0x49
 1040 0104 13       		.uleb128 0x13
 1041 0105 11       		.uleb128 0x11
 1042 0106 01       		.uleb128 0x1
 1043 0107 12       		.uleb128 0x12
 1044 0108 06       		.uleb128 0x6
 1045 0109 40       		.uleb128 0x40
 1046 010a 18       		.uleb128 0x18
 1047 010b 9742     		.uleb128 0x2117
 1048 010d 19       		.uleb128 0x19
 1049 010e 01       		.uleb128 0x1
 1050 010f 13       		.uleb128 0x13
 1051 0110 00       		.byte	0
 1052 0111 00       		.byte	0
 1053 0112 11       		.uleb128 0x11
 1054 0113 2E       		.uleb128 0x2e
 1055 0114 00       		.byte	0
 1056 0115 3F       		.uleb128 0x3f
 1057 0116 19       		.uleb128 0x19
 1058 0117 03       		.uleb128 0x3
 1059 0118 0E       		.uleb128 0xe
 1060 0119 3A       		.uleb128 0x3a
 1061 011a 0B       		.uleb128 0xb
 1062 011b 3B       		.uleb128 0x3b
 1063 011c 05       		.uleb128 0x5
 1064 011d 27       		.uleb128 0x27
 1065 011e 19       		.uleb128 0x19
 1066 011f 11       		.uleb128 0x11
 1067 0120 01       		.uleb128 0x1
 1068 0121 12       		.uleb128 0x12
 1069 0122 06       		.uleb128 0x6
 1070 0123 40       		.uleb128 0x40
 1071 0124 18       		.uleb128 0x18
 1072 0125 9742     		.uleb128 0x2117
 1073 0127 19       		.uleb128 0x19
 1074 0128 00       		.byte	0
 1075 0129 00       		.byte	0
 1076 012a 12       		.uleb128 0x12
 1077 012b 2E       		.uleb128 0x2e
 1078 012c 00       		.byte	0
 1079 012d 3F       		.uleb128 0x3f
ARM GAS  C:\Users\Clayton\AppData\Local\Temp\ccSHLGj7.s 			page 26


 1080 012e 19       		.uleb128 0x19
 1081 012f 03       		.uleb128 0x3
 1082 0130 0E       		.uleb128 0xe
 1083 0131 3A       		.uleb128 0x3a
 1084 0132 0B       		.uleb128 0xb
 1085 0133 3B       		.uleb128 0x3b
 1086 0134 05       		.uleb128 0x5
 1087 0135 27       		.uleb128 0x27
 1088 0136 19       		.uleb128 0x19
 1089 0137 49       		.uleb128 0x49
 1090 0138 13       		.uleb128 0x13
 1091 0139 11       		.uleb128 0x11
 1092 013a 01       		.uleb128 0x1
 1093 013b 12       		.uleb128 0x12
 1094 013c 06       		.uleb128 0x6
 1095 013d 40       		.uleb128 0x40
 1096 013e 18       		.uleb128 0x18
 1097 013f 9742     		.uleb128 0x2117
 1098 0141 19       		.uleb128 0x19
 1099 0142 00       		.byte	0
 1100 0143 00       		.byte	0
 1101 0144 13       		.uleb128 0x13
 1102 0145 01       		.uleb128 0x1
 1103 0146 01       		.byte	0x1
 1104 0147 49       		.uleb128 0x49
 1105 0148 13       		.uleb128 0x13
 1106 0149 01       		.uleb128 0x1
 1107 014a 13       		.uleb128 0x13
 1108 014b 00       		.byte	0
 1109 014c 00       		.byte	0
 1110 014d 14       		.uleb128 0x14
 1111 014e 21       		.uleb128 0x21
 1112 014f 00       		.byte	0
 1113 0150 49       		.uleb128 0x49
 1114 0151 13       		.uleb128 0x13
 1115 0152 2F       		.uleb128 0x2f
 1116 0153 0B       		.uleb128 0xb
 1117 0154 00       		.byte	0
 1118 0155 00       		.byte	0
 1119 0156 15       		.uleb128 0x15
 1120 0157 34       		.uleb128 0x34
 1121 0158 00       		.byte	0
 1122 0159 03       		.uleb128 0x3
 1123 015a 0E       		.uleb128 0xe
 1124 015b 3A       		.uleb128 0x3a
 1125 015c 0B       		.uleb128 0xb
 1126 015d 3B       		.uleb128 0x3b
 1127 015e 0B       		.uleb128 0xb
 1128 015f 49       		.uleb128 0x49
 1129 0160 13       		.uleb128 0x13
 1130 0161 3F       		.uleb128 0x3f
 1131 0162 19       		.uleb128 0x19
 1132 0163 3C       		.uleb128 0x3c
 1133 0164 19       		.uleb128 0x19
 1134 0165 00       		.byte	0
 1135 0166 00       		.byte	0
 1136 0167 00       		.byte	0
ARM GAS  C:\Users\Clayton\AppData\Local\Temp\ccSHLGj7.s 			page 27


 1137              		.section	.debug_aranges,"",%progbits
 1138 0000 7C000000 		.4byte	0x7c
 1139 0004 0200     		.2byte	0x2
 1140 0006 00000000 		.4byte	.Ldebug_info0
 1141 000a 04       		.byte	0x4
 1142 000b 00       		.byte	0
 1143 000c 0000     		.2byte	0
 1144 000e 0000     		.2byte	0
 1145 0010 00000000 		.4byte	.LFB0
 1146 0014 24000000 		.4byte	.LFE0-.LFB0
 1147 0018 00000000 		.4byte	.LFB1
 1148 001c 24000000 		.4byte	.LFE1-.LFB1
 1149 0020 00000000 		.4byte	.LFB2
 1150 0024 18000000 		.4byte	.LFE2-.LFB2
 1151 0028 00000000 		.4byte	.LFB3
 1152 002c 08000000 		.4byte	.LFE3-.LFB3
 1153 0030 00000000 		.4byte	.LFB4
 1154 0034 18000000 		.4byte	.LFE4-.LFB4
 1155 0038 00000000 		.4byte	.LFB5
 1156 003c 14000000 		.4byte	.LFE5-.LFB5
 1157 0040 00000000 		.4byte	.LFB6
 1158 0044 50000000 		.4byte	.LFE6-.LFB6
 1159 0048 00000000 		.4byte	.LFB7
 1160 004c 30000000 		.4byte	.LFE7-.LFB7
 1161 0050 00000000 		.4byte	.LFB8
 1162 0054 14000000 		.4byte	.LFE8-.LFB8
 1163 0058 00000000 		.4byte	.LFB9
 1164 005c 20000000 		.4byte	.LFE9-.LFB9
 1165 0060 00000000 		.4byte	.LFB10
 1166 0064 14000000 		.4byte	.LFE10-.LFB10
 1167 0068 00000000 		.4byte	.LFB11
 1168 006c 14000000 		.4byte	.LFE11-.LFB11
 1169 0070 00000000 		.4byte	.LFB12
 1170 0074 14000000 		.4byte	.LFE12-.LFB12
 1171 0078 00000000 		.4byte	0
 1172 007c 00000000 		.4byte	0
 1173              		.section	.debug_ranges,"",%progbits
 1174              	.Ldebug_ranges0:
 1175 0000 00000000 		.4byte	.LFB0
 1176 0004 24000000 		.4byte	.LFE0
 1177 0008 00000000 		.4byte	.LFB1
 1178 000c 24000000 		.4byte	.LFE1
 1179 0010 00000000 		.4byte	.LFB2
 1180 0014 18000000 		.4byte	.LFE2
 1181 0018 00000000 		.4byte	.LFB3
 1182 001c 08000000 		.4byte	.LFE3
 1183 0020 00000000 		.4byte	.LFB4
 1184 0024 18000000 		.4byte	.LFE4
 1185 0028 00000000 		.4byte	.LFB5
 1186 002c 14000000 		.4byte	.LFE5
 1187 0030 00000000 		.4byte	.LFB6
 1188 0034 50000000 		.4byte	.LFE6
 1189 0038 00000000 		.4byte	.LFB7
 1190 003c 30000000 		.4byte	.LFE7
 1191 0040 00000000 		.4byte	.LFB8
 1192 0044 14000000 		.4byte	.LFE8
 1193 0048 00000000 		.4byte	.LFB9
ARM GAS  C:\Users\Clayton\AppData\Local\Temp\ccSHLGj7.s 			page 28


 1194 004c 20000000 		.4byte	.LFE9
 1195 0050 00000000 		.4byte	.LFB10
 1196 0054 14000000 		.4byte	.LFE10
 1197 0058 00000000 		.4byte	.LFB11
 1198 005c 14000000 		.4byte	.LFE11
 1199 0060 00000000 		.4byte	.LFB12
 1200 0064 14000000 		.4byte	.LFE12
 1201 0068 00000000 		.4byte	0
 1202 006c 00000000 		.4byte	0
 1203              		.section	.debug_line,"",%progbits
 1204              	.Ldebug_line0:
 1205 0000 52010000 		.section	.debug_str,"MS",%progbits,1
 1205      02004600 
 1205      00000201 
 1205      FB0E0D00 
 1205      01010101 
 1206              	.LASF14:
 1207 0000 72656733 		.ascii	"reg32\000"
 1207      3200
 1208              	.LASF20:
 1209 0006 49535255 		.ascii	"ISRUART_StartEx\000"
 1209      4152545F 
 1209      53746172 
 1209      74457800 
 1210              	.LASF37:
 1211 0016 43795261 		.ascii	"CyRamVectors\000"
 1211      6D566563 
 1211      746F7273 
 1211      00
 1212              	.LASF3:
 1213 0023 73686F72 		.ascii	"short unsigned int\000"
 1213      7420756E 
 1213      7369676E 
 1213      65642069 
 1213      6E7400
 1214              	.LASF35:
 1215 0036 433A5C55 		.ascii	"C:\\Users\\Clayton\\Documents\\Mars Rover\\MasterCo"
 1215      73657273 
 1215      5C436C61 
 1215      79746F6E 
 1215      5C446F63 
 1216 0064 6E74726F 		.ascii	"ntrollerBoard\\BYURover2015\\BYURover2015MainBoardS"
 1216      6C6C6572 
 1216      426F6172 
 1216      645C4259 
 1216      55526F76 
 1217 0095 4D2E6379 		.ascii	"M.cydsn\000"
 1217      64736E00 
 1218              	.LASF11:
 1219 009d 666C6F61 		.ascii	"float\000"
 1219      7400
 1220              	.LASF33:
 1221 00a3 474E5520 		.ascii	"GNU C 4.8.4 20140526 (release) [ARM/embedded-4_8-br"
 1221      4320342E 
 1221      382E3420 
 1221      32303134 
 1221      30353236 
ARM GAS  C:\Users\Clayton\AppData\Local\Temp\ccSHLGj7.s 			page 29


 1222 00d6 616E6368 		.ascii	"anch revision 211358] -mcpu=cortex-m0 -mthumb -g -O"
 1222      20726576 
 1222      6973696F 
 1222      6E203231 
 1222      31333538 
 1223 0109 30202D73 		.ascii	"0 -std=gnu99 -ffunction-sections\000"
 1223      74643D67 
 1223      6E753939 
 1223      202D6666 
 1223      756E6374 
 1224              	.LASF1:
 1225 012a 756E7369 		.ascii	"unsigned char\000"
 1225      676E6564 
 1225      20636861 
 1225      7200
 1226              	.LASF36:
 1227 0138 49535255 		.ascii	"ISRUART_GetPriority\000"
 1227      4152545F 
 1227      47657450 
 1227      72696F72 
 1227      69747900 
 1228              	.LASF30:
 1229 014c 49535255 		.ascii	"ISRUART_Disable\000"
 1229      4152545F 
 1229      44697361 
 1229      626C6500 
 1230              	.LASF29:
 1231 015c 49535255 		.ascii	"ISRUART_GetState\000"
 1231      4152545F 
 1231      47657453 
 1231      74617465 
 1231      00
 1232              	.LASF25:
 1233 016d 696E7465 		.ascii	"interruptState\000"
 1233      72727570 
 1233      74537461 
 1233      746500
 1234              	.LASF5:
 1235 017c 6C6F6E67 		.ascii	"long unsigned int\000"
 1235      20756E73 
 1235      69676E65 
 1235      6420696E 
 1235      7400
 1236              	.LASF28:
 1237 018e 49535255 		.ascii	"ISRUART_GetVector\000"
 1237      4152545F 
 1237      47657456 
 1237      6563746F 
 1237      7200
 1238              	.LASF9:
 1239 01a0 75696E74 		.ascii	"uint8\000"
 1239      3800
 1240              	.LASF19:
 1241 01a6 49535255 		.ascii	"ISRUART_Interrupt\000"
 1241      4152545F 
 1241      496E7465 
 1241      72727570 
ARM GAS  C:\Users\Clayton\AppData\Local\Temp\ccSHLGj7.s 			page 30


 1241      7400
 1242              	.LASF24:
 1243 01b8 7072696F 		.ascii	"priority\000"
 1243      72697479 
 1243      00
 1244              	.LASF32:
 1245 01c1 49535255 		.ascii	"ISRUART_ClearPending\000"
 1245      4152545F 
 1245      436C6561 
 1245      7250656E 
 1245      64696E67 
 1246              	.LASF17:
 1247 01d6 49535255 		.ascii	"ISRUART_Start\000"
 1247      4152545F 
 1247      53746172 
 1247      7400
 1248              	.LASF12:
 1249 01e4 646F7562 		.ascii	"double\000"
 1249      6C6500
 1250              	.LASF18:
 1251 01eb 49535255 		.ascii	"ISRUART_Stop\000"
 1251      4152545F 
 1251      53746F70 
 1251      00
 1252              	.LASF10:
 1253 01f8 75696E74 		.ascii	"uint32\000"
 1253      333200
 1254              	.LASF8:
 1255 01ff 756E7369 		.ascii	"unsigned int\000"
 1255      676E6564 
 1255      20696E74 
 1255      00
 1256              	.LASF22:
 1257 020c 61646472 		.ascii	"address\000"
 1257      65737300 
 1258              	.LASF7:
 1259 0214 6C6F6E67 		.ascii	"long long unsigned int\000"
 1259      206C6F6E 
 1259      6720756E 
 1259      7369676E 
 1259      65642069 
 1260              	.LASF34:
 1261 022b 2E5C4765 		.ascii	".\\Generated_Source\\PSoC4\\ISRUART.c\000"
 1261      6E657261 
 1261      7465645F 
 1261      536F7572 
 1261      63655C50 
 1262              	.LASF31:
 1263 024e 49535255 		.ascii	"ISRUART_SetPending\000"
 1263      4152545F 
 1263      53657450 
 1263      656E6469 
 1263      6E6700
 1264              	.LASF15:
 1265 0261 63796973 		.ascii	"cyisraddress\000"
 1265      72616464 
 1265      72657373 
ARM GAS  C:\Users\Clayton\AppData\Local\Temp\ccSHLGj7.s 			page 31


 1265      00
 1266              	.LASF16:
 1267 026e 73697A65 		.ascii	"sizetype\000"
 1267      74797065 
 1267      00
 1268              	.LASF6:
 1269 0277 6C6F6E67 		.ascii	"long long int\000"
 1269      206C6F6E 
 1269      6720696E 
 1269      7400
 1270              	.LASF13:
 1271 0285 63686172 		.ascii	"char\000"
 1271      00
 1272              	.LASF27:
 1273 028a 49535255 		.ascii	"ISRUART_Enable\000"
 1273      4152545F 
 1273      456E6162 
 1273      6C6500
 1274              	.LASF23:
 1275 0299 49535255 		.ascii	"ISRUART_SetPriority\000"
 1275      4152545F 
 1275      53657450 
 1275      72696F72 
 1275      69747900 
 1276              	.LASF2:
 1277 02ad 73686F72 		.ascii	"short int\000"
 1277      7420696E 
 1277      7400
 1278              	.LASF26:
 1279 02b7 7072696F 		.ascii	"priorityOffset\000"
 1279      72697479 
 1279      4F666673 
 1279      657400
 1280              	.LASF4:
 1281 02c6 6C6F6E67 		.ascii	"long int\000"
 1281      20696E74 
 1281      00
 1282              	.LASF0:
 1283 02cf 7369676E 		.ascii	"signed char\000"
 1283      65642063 
 1283      68617200 
 1284              	.LASF21:
 1285 02db 49535255 		.ascii	"ISRUART_SetVector\000"
 1285      4152545F 
 1285      53657456 
 1285      6563746F 
 1285      7200
 1286              		.ident	"GCC: (GNU Tools for ARM Embedded Processors) 4.8.4 20140526 (release) [ARM/embedded-4_8-br
