ARM GAS  C:\Users\Clayton\AppData\Local\Temp\ccmfCvn2.s 			page 1


   1              		.cpu cortex-m0
   2              		.fpu softvfp
   3              		.eabi_attribute 20, 1
   4              		.eabi_attribute 21, 1
   5              		.eabi_attribute 23, 3
   6              		.eabi_attribute 24, 1
   7              		.eabi_attribute 25, 1
   8              		.eabi_attribute 26, 1
   9              		.eabi_attribute 30, 6
  10              		.eabi_attribute 34, 0
  11              		.eabi_attribute 18, 4
  12              		.code	16
  13              		.file	"Scheduler.c"
  14              		.text
  15              	.Ltext0:
  16              		.cfi_sections	.debug_frame
  17              		.comm	gpsIncoming,80,4
  18              		.section	.text.initTodoList,"ax",%progbits
  19              		.align	2
  20              		.global	initTodoList
  21              		.code	16
  22              		.thumb_func
  23              		.type	initTodoList, %function
  24              	initTodoList:
  25              	.LFB33:
  26              		.file 1 ".\\Scheduler.c"
   1:.\Scheduler.c **** /* ========================================
   2:.\Scheduler.c ****  *
   3:.\Scheduler.c ****  * Copyright YOUR COMPANY, THE YEAR
   4:.\Scheduler.c ****  * All Rights Reserved
   5:.\Scheduler.c ****  * UNPUBLISHED, LICENSED SOFTWARE.
   6:.\Scheduler.c ****  *
   7:.\Scheduler.c ****  * CONFIDENTIAL AND PROPRIETARY INFORMATION
   8:.\Scheduler.c ****  * WHICH IS THE PROPERTY OF your company.
   9:.\Scheduler.c ****  *
  10:.\Scheduler.c ****  * ========================================
  11:.\Scheduler.c **** */
  12:.\Scheduler.c **** #include "Scheduler.h"
  13:.\Scheduler.c **** 
  14:.\Scheduler.c **** void initTodoList(ToDoList* todo)
  15:.\Scheduler.c **** {
  27              		.loc 1 15 0
  28              		.cfi_startproc
  29 0000 80B5     		push	{r7, lr}
  30              		.cfi_def_cfa_offset 8
  31              		.cfi_offset 7, -8
  32              		.cfi_offset 14, -4
  33 0002 82B0     		sub	sp, sp, #8
  34              		.cfi_def_cfa_offset 16
  35 0004 00AF     		add	r7, sp, #0
  36              		.cfi_def_cfa_register 7
  37 0006 7860     		str	r0, [r7, #4]
  16:.\Scheduler.c ****     todo->gimbalPan = 0;
  38              		.loc 1 16 0
  39 0008 7B68     		ldr	r3, [r7, #4]
  40 000a 0022     		mov	r2, #0
  41 000c 9A80     		strh	r2, [r3, #4]
ARM GAS  C:\Users\Clayton\AppData\Local\Temp\ccmfCvn2.s 			page 2


  17:.\Scheduler.c ****     todo->gimbalTilt = 0;
  42              		.loc 1 17 0
  43 000e 7B68     		ldr	r3, [r7, #4]
  44 0010 0022     		mov	r2, #0
  45 0012 DA80     		strh	r2, [r3, #6]
  18:.\Scheduler.c ****     todo->leftWheels = 0;
  46              		.loc 1 18 0
  47 0014 7B68     		ldr	r3, [r7, #4]
  48 0016 0022     		mov	r2, #0
  49 0018 1A80     		strh	r2, [r3]
  19:.\Scheduler.c ****     todo->rightWheels = 0;
  50              		.loc 1 19 0
  51 001a 7B68     		ldr	r3, [r7, #4]
  52 001c 0022     		mov	r2, #0
  53 001e 5A80     		strh	r2, [r3, #2]
  20:.\Scheduler.c **** }
  54              		.loc 1 20 0
  55 0020 BD46     		mov	sp, r7
  56 0022 02B0     		add	sp, sp, #8
  57              		@ sp needed
  58 0024 80BD     		pop	{r7, pc}
  59              		.cfi_endproc
  60              	.LFE33:
  61              		.size	initTodoList, .-initTodoList
  62 0026 C046     		.section	.text.initReport,"ax",%progbits
  63              		.align	2
  64              		.global	initReport
  65              		.code	16
  66              		.thumb_func
  67              		.type	initReport, %function
  68              	initReport:
  69              	.LFB34:
  21:.\Scheduler.c **** 
  22:.\Scheduler.c **** void initReport(Report* report)
  23:.\Scheduler.c **** {
  70              		.loc 1 23 0
  71              		.cfi_startproc
  72 0000 80B5     		push	{r7, lr}
  73              		.cfi_def_cfa_offset 8
  74              		.cfi_offset 7, -8
  75              		.cfi_offset 14, -4
  76 0002 82B0     		sub	sp, sp, #8
  77              		.cfi_def_cfa_offset 16
  78 0004 00AF     		add	r7, sp, #0
  79              		.cfi_def_cfa_register 7
  80 0006 7860     		str	r0, [r7, #4]
  24:.\Scheduler.c ****     report->gimbalPan = 0;
  81              		.loc 1 24 0
  82 0008 7B68     		ldr	r3, [r7, #4]
  83 000a 0022     		mov	r2, #0
  84 000c 9A80     		strh	r2, [r3, #4]
  25:.\Scheduler.c ****     report->gimbalTilt = 0;
  85              		.loc 1 25 0
  86 000e 7B68     		ldr	r3, [r7, #4]
  87 0010 0022     		mov	r2, #0
  88 0012 DA80     		strh	r2, [r3, #6]
  26:.\Scheduler.c ****     memset(report->gpsData, 0, CHAR_ARRAY_MAX_SIZE);
ARM GAS  C:\Users\Clayton\AppData\Local\Temp\ccmfCvn2.s 			page 3


  89              		.loc 1 26 0
  90 0014 7B68     		ldr	r3, [r7, #4]
  91 0016 0833     		add	r3, r3, #8
  92 0018 181C     		mov	r0, r3
  93 001a 0021     		mov	r1, #0
  94 001c 5022     		mov	r2, #80
  95 001e FFF7FEFF 		bl	memset
  27:.\Scheduler.c ****     report->leftWheels = 0;
  96              		.loc 1 27 0
  97 0022 7B68     		ldr	r3, [r7, #4]
  98 0024 0022     		mov	r2, #0
  99 0026 1A80     		strh	r2, [r3]
  28:.\Scheduler.c ****     report->rightWheels = 0;
 100              		.loc 1 28 0
 101 0028 7B68     		ldr	r3, [r7, #4]
 102 002a 0022     		mov	r2, #0
 103 002c 5A80     		strh	r2, [r3, #2]
  29:.\Scheduler.c **** }
 104              		.loc 1 29 0
 105 002e BD46     		mov	sp, r7
 106 0030 02B0     		add	sp, sp, #8
 107              		@ sp needed
 108 0032 80BD     		pop	{r7, pc}
 109              		.cfi_endproc
 110              	.LFE34:
 111              		.size	initReport, .-initReport
 112              		.comm	taskSchedulerState,1,1
 113              		.section	.text.taskScheduler,"ax",%progbits
 114              		.align	2
 115              		.global	taskScheduler
 116              		.code	16
 117              		.thumb_func
 118              		.type	taskScheduler, %function
 119              	taskScheduler:
 120              	.LFB35:
  30:.\Scheduler.c **** 
  31:.\Scheduler.c **** enum taskSchedulerStates {init_taskScheduler, read, update, report, wait} taskSchedulerState;
  32:.\Scheduler.c **** 
  33:.\Scheduler.c **** void taskScheduler()
  34:.\Scheduler.c **** {
 121              		.loc 1 34 0
 122              		.cfi_startproc
 123 0000 80B5     		push	{r7, lr}
 124              		.cfi_def_cfa_offset 8
 125              		.cfi_offset 7, -8
 126              		.cfi_offset 14, -4
 127 0002 00AF     		add	r7, sp, #0
 128              		.cfi_def_cfa_register 7
  35:.\Scheduler.c ****     //State Actions
  36:.\Scheduler.c ****     switch (taskSchedulerState) 
 129              		.loc 1 36 0
 130 0004 0C4B     		ldr	r3, .L20
 131 0006 1B78     		ldrb	r3, [r3]
 132 0008 042B     		cmp	r3, #4
 133 000a 05D8     		bhi	.L4
 134 000c 9A00     		lsl	r2, r3, #2
 135 000e 0B4B     		ldr	r3, .L20+4
ARM GAS  C:\Users\Clayton\AppData\Local\Temp\ccmfCvn2.s 			page 4


 136 0010 D318     		add	r3, r2, r3
 137 0012 1B68     		ldr	r3, [r3]
 138 0014 9F46     		mov	pc, r3
 139              		.section	.rodata
 140              		.align	2
 141              	.L6:
 142 0000 16000000 		.word	.L18
 143 0004 16000000 		.word	.L18
 144 0008 16000000 		.word	.L18
 145 000c 16000000 		.word	.L18
 146 0010 16000000 		.word	.L18
 147              		.section	.text.taskScheduler
 148              	.L18:
  37:.\Scheduler.c ****     {
  38:.\Scheduler.c ****         case init_taskScheduler:
  39:.\Scheduler.c ****             
  40:.\Scheduler.c ****         break;
  41:.\Scheduler.c ****         case read:
  42:.\Scheduler.c ****         //Take top Package off of Wiznet Buffer
  43:.\Scheduler.c ****         //Open it up
  44:.\Scheduler.c ****         //Parse and save all pieces of data into ToDo list struct
  45:.\Scheduler.c ****         break;
  46:.\Scheduler.c ****         case update:
  47:.\Scheduler.c ****         //Write var to pwm components
  48:.\Scheduler.c ****         //Switch camera
  49:.\Scheduler.c ****         break;
  50:.\Scheduler.c ****         case report:
  51:.\Scheduler.c ****         
  52:.\Scheduler.c ****         break;
  53:.\Scheduler.c ****         case wait:
  54:.\Scheduler.c ****         
  55:.\Scheduler.c ****         break;
 149              		.loc 1 55 0
 150 0016 C046     		mov	r8, r8
 151              	.L4:
  56:.\Scheduler.c ****     }    
  57:.\Scheduler.c ****        
  58:.\Scheduler.c ****     //Transitions
  59:.\Scheduler.c ****     switch(taskSchedulerState)
 152              		.loc 1 59 0
 153 0018 074B     		ldr	r3, .L20
 154 001a 1B78     		ldrb	r3, [r3]
 155 001c 042B     		cmp	r3, #4
 156 001e 09D8     		bhi	.L3
 157 0020 9A00     		lsl	r2, r3, #2
 158 0022 074B     		ldr	r3, .L20+8
 159 0024 D318     		add	r3, r2, r3
 160 0026 1B68     		ldr	r3, [r3]
 161 0028 9F46     		mov	pc, r3
 162              		.section	.rodata
 163              		.align	2
 164              	.L13:
 165 0014 2A000000 		.word	.L12
 166 0018 32000000 		.word	.L19
 167 001c 32000000 		.word	.L19
 168 0020 32000000 		.word	.L19
 169 0024 32000000 		.word	.L19
ARM GAS  C:\Users\Clayton\AppData\Local\Temp\ccmfCvn2.s 			page 5


 170              		.section	.text.taskScheduler
 171              	.L12:
  60:.\Scheduler.c ****     {
  61:.\Scheduler.c ****         case init_taskScheduler:
  62:.\Scheduler.c ****             taskSchedulerState = wait;
 172              		.loc 1 62 0
 173 002a 034B     		ldr	r3, .L20
 174 002c 0422     		mov	r2, #4
 175 002e 1A70     		strb	r2, [r3]
  63:.\Scheduler.c ****         break;
 176              		.loc 1 63 0
 177 0030 00E0     		b	.L3
 178              	.L19:
  64:.\Scheduler.c ****         case read:
  65:.\Scheduler.c ****         
  66:.\Scheduler.c ****         break;
  67:.\Scheduler.c ****         case update:
  68:.\Scheduler.c ****         
  69:.\Scheduler.c ****         break;
  70:.\Scheduler.c ****         case report:
  71:.\Scheduler.c ****         
  72:.\Scheduler.c ****         break;
  73:.\Scheduler.c ****         case wait:
  74:.\Scheduler.c ****             
  75:.\Scheduler.c ****         break;
 179              		.loc 1 75 0
 180 0032 C046     		mov	r8, r8
 181              	.L3:
  76:.\Scheduler.c ****         
  77:.\Scheduler.c ****     }
  78:.\Scheduler.c ****     
  79:.\Scheduler.c **** }
 182              		.loc 1 79 0
 183 0034 BD46     		mov	sp, r7
 184              		@ sp needed
 185 0036 80BD     		pop	{r7, pc}
 186              	.L21:
 187              		.align	2
 188              	.L20:
 189 0038 00000000 		.word	taskSchedulerState
 190 003c 00000000 		.word	.L6
 191 0040 14000000 		.word	.L13
 192              		.cfi_endproc
 193              	.LFE35:
 194              		.size	taskScheduler, .-taskScheduler
 195              		.text
 196              	.Letext0:
 197              		.file 2 ".\\Scheduler.h"
 198              		.file 3 ".\\Generated_Source\\PSoC4/cytypes.h"
 199              		.section	.debug_info,"",%progbits
 200              	.Ldebug_info0:
 201 0000 ED010000 		.4byte	0x1ed
 202 0004 0400     		.2byte	0x4
 203 0006 00000000 		.4byte	.Ldebug_abbrev0
 204 000a 04       		.byte	0x4
 205 000b 01       		.uleb128 0x1
 206 000c 9B000000 		.4byte	.LASF32
ARM GAS  C:\Users\Clayton\AppData\Local\Temp\ccmfCvn2.s 			page 6


 207 0010 01       		.byte	0x1
 208 0011 53010000 		.4byte	.LASF33
 209 0015 27000000 		.4byte	.LASF34
 210 0019 00000000 		.4byte	.Ldebug_ranges0+0
 211 001d 00000000 		.4byte	0
 212 0021 00000000 		.4byte	.Ldebug_line0
 213 0025 02       		.uleb128 0x2
 214 0026 01       		.byte	0x1
 215 0027 06       		.byte	0x6
 216 0028 49020000 		.4byte	.LASF0
 217 002c 02       		.uleb128 0x2
 218 002d 01       		.byte	0x1
 219 002e 08       		.byte	0x8
 220 002f 61010000 		.4byte	.LASF1
 221 0033 02       		.uleb128 0x2
 222 0034 02       		.byte	0x2
 223 0035 05       		.byte	0x5
 224 0036 F7010000 		.4byte	.LASF2
 225 003a 02       		.uleb128 0x2
 226 003b 02       		.byte	0x2
 227 003c 07       		.byte	0x7
 228 003d 40010000 		.4byte	.LASF3
 229 0041 02       		.uleb128 0x2
 230 0042 04       		.byte	0x4
 231 0043 05       		.byte	0x5
 232 0044 14020000 		.4byte	.LASF4
 233 0048 02       		.uleb128 0x2
 234 0049 04       		.byte	0x4
 235 004a 07       		.byte	0x7
 236 004b 2E010000 		.4byte	.LASF5
 237 004f 02       		.uleb128 0x2
 238 0050 08       		.byte	0x8
 239 0051 05       		.byte	0x5
 240 0052 DA010000 		.4byte	.LASF6
 241 0056 02       		.uleb128 0x2
 242 0057 08       		.byte	0x8
 243 0058 07       		.byte	0x7
 244 0059 A7010000 		.4byte	.LASF7
 245 005d 03       		.uleb128 0x3
 246 005e 04       		.byte	0x4
 247 005f 05       		.byte	0x5
 248 0060 696E7400 		.ascii	"int\000"
 249 0064 02       		.uleb128 0x2
 250 0065 04       		.byte	0x4
 251 0066 07       		.byte	0x7
 252 0067 95010000 		.4byte	.LASF8
 253 006b 04       		.uleb128 0x4
 254 006c 89010000 		.4byte	.LASF17
 255 0070 03       		.byte	0x3
 256 0071 A2       		.byte	0xa2
 257 0072 3A000000 		.4byte	0x3a
 258 0076 02       		.uleb128 0x2
 259 0077 04       		.byte	0x4
 260 0078 04       		.byte	0x4
 261 0079 95000000 		.4byte	.LASF9
 262 007d 02       		.uleb128 0x2
 263 007e 08       		.byte	0x8
ARM GAS  C:\Users\Clayton\AppData\Local\Temp\ccmfCvn2.s 			page 7


 264 007f 04       		.byte	0x4
 265 0080 6F010000 		.4byte	.LASF10
 266 0084 02       		.uleb128 0x2
 267 0085 01       		.byte	0x1
 268 0086 08       		.byte	0x8
 269 0087 F2010000 		.4byte	.LASF11
 270 008b 02       		.uleb128 0x2
 271 008c 04       		.byte	0x4
 272 008d 07       		.byte	0x7
 273 008e C6010000 		.4byte	.LASF12
 274 0092 05       		.uleb128 0x5
 275 0093 55020000 		.4byte	.LASF19
 276 0097 08       		.byte	0x8
 277 0098 02       		.byte	0x2
 278 0099 2B       		.byte	0x2b
 279 009a CF000000 		.4byte	0xcf
 280 009e 06       		.uleb128 0x6
 281 009f CF010000 		.4byte	.LASF13
 282 00a3 02       		.byte	0x2
 283 00a4 2D       		.byte	0x2d
 284 00a5 6B000000 		.4byte	0x6b
 285 00a9 00       		.byte	0
 286 00aa 06       		.uleb128 0x6
 287 00ab 22010000 		.4byte	.LASF14
 288 00af 02       		.byte	0x2
 289 00b0 2E       		.byte	0x2e
 290 00b1 6B000000 		.4byte	0x6b
 291 00b5 02       		.byte	0x2
 292 00b6 06       		.uleb128 0x6
 293 00b7 E8010000 		.4byte	.LASF15
 294 00bb 02       		.byte	0x2
 295 00bc 2F       		.byte	0x2f
 296 00bd 6B000000 		.4byte	0x6b
 297 00c1 04       		.byte	0x4
 298 00c2 06       		.uleb128 0x6
 299 00c3 00000000 		.4byte	.LASF16
 300 00c7 02       		.byte	0x2
 301 00c8 30       		.byte	0x30
 302 00c9 6B000000 		.4byte	0x6b
 303 00cd 06       		.byte	0x6
 304 00ce 00       		.byte	0
 305 00cf 04       		.uleb128 0x4
 306 00d0 12000000 		.4byte	.LASF18
 307 00d4 02       		.byte	0x2
 308 00d5 31       		.byte	0x31
 309 00d6 92000000 		.4byte	0x92
 310 00da 05       		.uleb128 0x5
 311 00db 0B000000 		.4byte	.LASF20
 312 00df 58       		.byte	0x58
 313 00e0 02       		.byte	0x2
 314 00e1 33       		.byte	0x33
 315 00e2 23010000 		.4byte	0x123
 316 00e6 06       		.uleb128 0x6
 317 00e7 CF010000 		.4byte	.LASF13
 318 00eb 02       		.byte	0x2
 319 00ec 35       		.byte	0x35
 320 00ed 6B000000 		.4byte	0x6b
ARM GAS  C:\Users\Clayton\AppData\Local\Temp\ccmfCvn2.s 			page 8


 321 00f1 00       		.byte	0
 322 00f2 06       		.uleb128 0x6
 323 00f3 22010000 		.4byte	.LASF14
 324 00f7 02       		.byte	0x2
 325 00f8 36       		.byte	0x36
 326 00f9 6B000000 		.4byte	0x6b
 327 00fd 02       		.byte	0x2
 328 00fe 06       		.uleb128 0x6
 329 00ff E8010000 		.4byte	.LASF15
 330 0103 02       		.byte	0x2
 331 0104 37       		.byte	0x37
 332 0105 6B000000 		.4byte	0x6b
 333 0109 04       		.byte	0x4
 334 010a 06       		.uleb128 0x6
 335 010b 00000000 		.4byte	.LASF16
 336 010f 02       		.byte	0x2
 337 0110 38       		.byte	0x38
 338 0111 6B000000 		.4byte	0x6b
 339 0115 06       		.byte	0x6
 340 0116 06       		.uleb128 0x6
 341 0117 BE010000 		.4byte	.LASF21
 342 011b 02       		.byte	0x2
 343 011c 39       		.byte	0x39
 344 011d 23010000 		.4byte	0x123
 345 0121 08       		.byte	0x8
 346 0122 00       		.byte	0
 347 0123 07       		.uleb128 0x7
 348 0124 84000000 		.4byte	0x84
 349 0128 33010000 		.4byte	0x133
 350 012c 08       		.uleb128 0x8
 351 012d 8B000000 		.4byte	0x8b
 352 0131 4F       		.byte	0x4f
 353 0132 00       		.byte	0
 354 0133 04       		.uleb128 0x4
 355 0134 71020000 		.4byte	.LASF22
 356 0138 02       		.byte	0x2
 357 0139 3A       		.byte	0x3a
 358 013a DA000000 		.4byte	0xda
 359 013e 09       		.uleb128 0x9
 360 013f 35020000 		.4byte	.LASF35
 361 0143 01       		.byte	0x1
 362 0144 01       		.byte	0x1
 363 0145 1F       		.byte	0x1f
 364 0146 69010000 		.4byte	0x169
 365 014a 0A       		.uleb128 0xa
 366 014b 5E020000 		.4byte	.LASF23
 367 014f 00       		.sleb128 0
 368 0150 0A       		.uleb128 0xa
 369 0151 76010000 		.4byte	.LASF24
 370 0155 01       		.sleb128 1
 371 0156 0A       		.uleb128 0xa
 372 0157 8E000000 		.4byte	.LASF25
 373 015b 02       		.sleb128 2
 374 015c 0A       		.uleb128 0xa
 375 015d 0B000000 		.4byte	.LASF20
 376 0161 03       		.sleb128 3
 377 0162 0A       		.uleb128 0xa
ARM GAS  C:\Users\Clayton\AppData\Local\Temp\ccmfCvn2.s 			page 9


 378 0163 90010000 		.4byte	.LASF26
 379 0167 04       		.sleb128 4
 380 0168 00       		.byte	0
 381 0169 0B       		.uleb128 0xb
 382 016a 1D020000 		.4byte	.LASF27
 383 016e 01       		.byte	0x1
 384 016f 0E       		.byte	0xe
 385 0170 00000000 		.4byte	.LFB33
 386 0174 26000000 		.4byte	.LFE33-.LFB33
 387 0178 01       		.uleb128 0x1
 388 0179 9C       		.byte	0x9c
 389 017a 8D010000 		.4byte	0x18d
 390 017e 0C       		.uleb128 0xc
 391 017f A2010000 		.4byte	.LASF29
 392 0183 01       		.byte	0x1
 393 0184 0E       		.byte	0xe
 394 0185 8D010000 		.4byte	0x18d
 395 0189 02       		.uleb128 0x2
 396 018a 91       		.byte	0x91
 397 018b 74       		.sleb128 -12
 398 018c 00       		.byte	0
 399 018d 0D       		.uleb128 0xd
 400 018e 04       		.byte	0x4
 401 018f CF000000 		.4byte	0xcf
 402 0193 0E       		.uleb128 0xe
 403 0194 2A020000 		.4byte	.LASF28
 404 0198 01       		.byte	0x1
 405 0199 16       		.byte	0x16
 406 019a 00000000 		.4byte	.LFB34
 407 019e 34000000 		.4byte	.LFE34-.LFB34
 408 01a2 01       		.uleb128 0x1
 409 01a3 9C       		.byte	0x9c
 410 01a4 B7010000 		.4byte	0x1b7
 411 01a8 0C       		.uleb128 0xc
 412 01a9 0B000000 		.4byte	.LASF20
 413 01ad 01       		.byte	0x1
 414 01ae 16       		.byte	0x16
 415 01af B7010000 		.4byte	0x1b7
 416 01b3 02       		.uleb128 0x2
 417 01b4 91       		.byte	0x91
 418 01b5 74       		.sleb128 -12
 419 01b6 00       		.byte	0
 420 01b7 0D       		.uleb128 0xd
 421 01b8 04       		.byte	0x4
 422 01b9 33010000 		.4byte	0x133
 423 01bd 0F       		.uleb128 0xf
 424 01be 7B010000 		.4byte	.LASF36
 425 01c2 01       		.byte	0x1
 426 01c3 21       		.byte	0x21
 427 01c4 00000000 		.4byte	.LFB35
 428 01c8 44000000 		.4byte	.LFE35-.LFB35
 429 01cc 01       		.uleb128 0x1
 430 01cd 9C       		.byte	0x9c
 431 01ce 10       		.uleb128 0x10
 432 01cf 1B000000 		.4byte	.LASF30
 433 01d3 02       		.byte	0x2
 434 01d4 44       		.byte	0x44
ARM GAS  C:\Users\Clayton\AppData\Local\Temp\ccmfCvn2.s 			page 10


 435 01d5 23010000 		.4byte	0x123
 436 01d9 05       		.uleb128 0x5
 437 01da 03       		.byte	0x3
 438 01db 00000000 		.4byte	gpsIncoming
 439 01df 10       		.uleb128 0x10
 440 01e0 01020000 		.4byte	.LASF31
 441 01e4 01       		.byte	0x1
 442 01e5 1F       		.byte	0x1f
 443 01e6 3E010000 		.4byte	0x13e
 444 01ea 05       		.uleb128 0x5
 445 01eb 03       		.byte	0x3
 446 01ec 00000000 		.4byte	taskSchedulerState
 447 01f0 00       		.byte	0
 448              		.section	.debug_abbrev,"",%progbits
 449              	.Ldebug_abbrev0:
 450 0000 01       		.uleb128 0x1
 451 0001 11       		.uleb128 0x11
 452 0002 01       		.byte	0x1
 453 0003 25       		.uleb128 0x25
 454 0004 0E       		.uleb128 0xe
 455 0005 13       		.uleb128 0x13
 456 0006 0B       		.uleb128 0xb
 457 0007 03       		.uleb128 0x3
 458 0008 0E       		.uleb128 0xe
 459 0009 1B       		.uleb128 0x1b
 460 000a 0E       		.uleb128 0xe
 461 000b 55       		.uleb128 0x55
 462 000c 17       		.uleb128 0x17
 463 000d 11       		.uleb128 0x11
 464 000e 01       		.uleb128 0x1
 465 000f 10       		.uleb128 0x10
 466 0010 17       		.uleb128 0x17
 467 0011 00       		.byte	0
 468 0012 00       		.byte	0
 469 0013 02       		.uleb128 0x2
 470 0014 24       		.uleb128 0x24
 471 0015 00       		.byte	0
 472 0016 0B       		.uleb128 0xb
 473 0017 0B       		.uleb128 0xb
 474 0018 3E       		.uleb128 0x3e
 475 0019 0B       		.uleb128 0xb
 476 001a 03       		.uleb128 0x3
 477 001b 0E       		.uleb128 0xe
 478 001c 00       		.byte	0
 479 001d 00       		.byte	0
 480 001e 03       		.uleb128 0x3
 481 001f 24       		.uleb128 0x24
 482 0020 00       		.byte	0
 483 0021 0B       		.uleb128 0xb
 484 0022 0B       		.uleb128 0xb
 485 0023 3E       		.uleb128 0x3e
 486 0024 0B       		.uleb128 0xb
 487 0025 03       		.uleb128 0x3
 488 0026 08       		.uleb128 0x8
 489 0027 00       		.byte	0
 490 0028 00       		.byte	0
 491 0029 04       		.uleb128 0x4
ARM GAS  C:\Users\Clayton\AppData\Local\Temp\ccmfCvn2.s 			page 11


 492 002a 16       		.uleb128 0x16
 493 002b 00       		.byte	0
 494 002c 03       		.uleb128 0x3
 495 002d 0E       		.uleb128 0xe
 496 002e 3A       		.uleb128 0x3a
 497 002f 0B       		.uleb128 0xb
 498 0030 3B       		.uleb128 0x3b
 499 0031 0B       		.uleb128 0xb
 500 0032 49       		.uleb128 0x49
 501 0033 13       		.uleb128 0x13
 502 0034 00       		.byte	0
 503 0035 00       		.byte	0
 504 0036 05       		.uleb128 0x5
 505 0037 13       		.uleb128 0x13
 506 0038 01       		.byte	0x1
 507 0039 03       		.uleb128 0x3
 508 003a 0E       		.uleb128 0xe
 509 003b 0B       		.uleb128 0xb
 510 003c 0B       		.uleb128 0xb
 511 003d 3A       		.uleb128 0x3a
 512 003e 0B       		.uleb128 0xb
 513 003f 3B       		.uleb128 0x3b
 514 0040 0B       		.uleb128 0xb
 515 0041 01       		.uleb128 0x1
 516 0042 13       		.uleb128 0x13
 517 0043 00       		.byte	0
 518 0044 00       		.byte	0
 519 0045 06       		.uleb128 0x6
 520 0046 0D       		.uleb128 0xd
 521 0047 00       		.byte	0
 522 0048 03       		.uleb128 0x3
 523 0049 0E       		.uleb128 0xe
 524 004a 3A       		.uleb128 0x3a
 525 004b 0B       		.uleb128 0xb
 526 004c 3B       		.uleb128 0x3b
 527 004d 0B       		.uleb128 0xb
 528 004e 49       		.uleb128 0x49
 529 004f 13       		.uleb128 0x13
 530 0050 38       		.uleb128 0x38
 531 0051 0B       		.uleb128 0xb
 532 0052 00       		.byte	0
 533 0053 00       		.byte	0
 534 0054 07       		.uleb128 0x7
 535 0055 01       		.uleb128 0x1
 536 0056 01       		.byte	0x1
 537 0057 49       		.uleb128 0x49
 538 0058 13       		.uleb128 0x13
 539 0059 01       		.uleb128 0x1
 540 005a 13       		.uleb128 0x13
 541 005b 00       		.byte	0
 542 005c 00       		.byte	0
 543 005d 08       		.uleb128 0x8
 544 005e 21       		.uleb128 0x21
 545 005f 00       		.byte	0
 546 0060 49       		.uleb128 0x49
 547 0061 13       		.uleb128 0x13
 548 0062 2F       		.uleb128 0x2f
ARM GAS  C:\Users\Clayton\AppData\Local\Temp\ccmfCvn2.s 			page 12


 549 0063 0B       		.uleb128 0xb
 550 0064 00       		.byte	0
 551 0065 00       		.byte	0
 552 0066 09       		.uleb128 0x9
 553 0067 04       		.uleb128 0x4
 554 0068 01       		.byte	0x1
 555 0069 03       		.uleb128 0x3
 556 006a 0E       		.uleb128 0xe
 557 006b 0B       		.uleb128 0xb
 558 006c 0B       		.uleb128 0xb
 559 006d 3A       		.uleb128 0x3a
 560 006e 0B       		.uleb128 0xb
 561 006f 3B       		.uleb128 0x3b
 562 0070 0B       		.uleb128 0xb
 563 0071 01       		.uleb128 0x1
 564 0072 13       		.uleb128 0x13
 565 0073 00       		.byte	0
 566 0074 00       		.byte	0
 567 0075 0A       		.uleb128 0xa
 568 0076 28       		.uleb128 0x28
 569 0077 00       		.byte	0
 570 0078 03       		.uleb128 0x3
 571 0079 0E       		.uleb128 0xe
 572 007a 1C       		.uleb128 0x1c
 573 007b 0D       		.uleb128 0xd
 574 007c 00       		.byte	0
 575 007d 00       		.byte	0
 576 007e 0B       		.uleb128 0xb
 577 007f 2E       		.uleb128 0x2e
 578 0080 01       		.byte	0x1
 579 0081 3F       		.uleb128 0x3f
 580 0082 19       		.uleb128 0x19
 581 0083 03       		.uleb128 0x3
 582 0084 0E       		.uleb128 0xe
 583 0085 3A       		.uleb128 0x3a
 584 0086 0B       		.uleb128 0xb
 585 0087 3B       		.uleb128 0x3b
 586 0088 0B       		.uleb128 0xb
 587 0089 27       		.uleb128 0x27
 588 008a 19       		.uleb128 0x19
 589 008b 11       		.uleb128 0x11
 590 008c 01       		.uleb128 0x1
 591 008d 12       		.uleb128 0x12
 592 008e 06       		.uleb128 0x6
 593 008f 40       		.uleb128 0x40
 594 0090 18       		.uleb128 0x18
 595 0091 9742     		.uleb128 0x2117
 596 0093 19       		.uleb128 0x19
 597 0094 01       		.uleb128 0x1
 598 0095 13       		.uleb128 0x13
 599 0096 00       		.byte	0
 600 0097 00       		.byte	0
 601 0098 0C       		.uleb128 0xc
 602 0099 05       		.uleb128 0x5
 603 009a 00       		.byte	0
 604 009b 03       		.uleb128 0x3
 605 009c 0E       		.uleb128 0xe
ARM GAS  C:\Users\Clayton\AppData\Local\Temp\ccmfCvn2.s 			page 13


 606 009d 3A       		.uleb128 0x3a
 607 009e 0B       		.uleb128 0xb
 608 009f 3B       		.uleb128 0x3b
 609 00a0 0B       		.uleb128 0xb
 610 00a1 49       		.uleb128 0x49
 611 00a2 13       		.uleb128 0x13
 612 00a3 02       		.uleb128 0x2
 613 00a4 18       		.uleb128 0x18
 614 00a5 00       		.byte	0
 615 00a6 00       		.byte	0
 616 00a7 0D       		.uleb128 0xd
 617 00a8 0F       		.uleb128 0xf
 618 00a9 00       		.byte	0
 619 00aa 0B       		.uleb128 0xb
 620 00ab 0B       		.uleb128 0xb
 621 00ac 49       		.uleb128 0x49
 622 00ad 13       		.uleb128 0x13
 623 00ae 00       		.byte	0
 624 00af 00       		.byte	0
 625 00b0 0E       		.uleb128 0xe
 626 00b1 2E       		.uleb128 0x2e
 627 00b2 01       		.byte	0x1
 628 00b3 3F       		.uleb128 0x3f
 629 00b4 19       		.uleb128 0x19
 630 00b5 03       		.uleb128 0x3
 631 00b6 0E       		.uleb128 0xe
 632 00b7 3A       		.uleb128 0x3a
 633 00b8 0B       		.uleb128 0xb
 634 00b9 3B       		.uleb128 0x3b
 635 00ba 0B       		.uleb128 0xb
 636 00bb 27       		.uleb128 0x27
 637 00bc 19       		.uleb128 0x19
 638 00bd 11       		.uleb128 0x11
 639 00be 01       		.uleb128 0x1
 640 00bf 12       		.uleb128 0x12
 641 00c0 06       		.uleb128 0x6
 642 00c1 40       		.uleb128 0x40
 643 00c2 18       		.uleb128 0x18
 644 00c3 9642     		.uleb128 0x2116
 645 00c5 19       		.uleb128 0x19
 646 00c6 01       		.uleb128 0x1
 647 00c7 13       		.uleb128 0x13
 648 00c8 00       		.byte	0
 649 00c9 00       		.byte	0
 650 00ca 0F       		.uleb128 0xf
 651 00cb 2E       		.uleb128 0x2e
 652 00cc 00       		.byte	0
 653 00cd 3F       		.uleb128 0x3f
 654 00ce 19       		.uleb128 0x19
 655 00cf 03       		.uleb128 0x3
 656 00d0 0E       		.uleb128 0xe
 657 00d1 3A       		.uleb128 0x3a
 658 00d2 0B       		.uleb128 0xb
 659 00d3 3B       		.uleb128 0x3b
 660 00d4 0B       		.uleb128 0xb
 661 00d5 11       		.uleb128 0x11
 662 00d6 01       		.uleb128 0x1
ARM GAS  C:\Users\Clayton\AppData\Local\Temp\ccmfCvn2.s 			page 14


 663 00d7 12       		.uleb128 0x12
 664 00d8 06       		.uleb128 0x6
 665 00d9 40       		.uleb128 0x40
 666 00da 18       		.uleb128 0x18
 667 00db 9742     		.uleb128 0x2117
 668 00dd 19       		.uleb128 0x19
 669 00de 00       		.byte	0
 670 00df 00       		.byte	0
 671 00e0 10       		.uleb128 0x10
 672 00e1 34       		.uleb128 0x34
 673 00e2 00       		.byte	0
 674 00e3 03       		.uleb128 0x3
 675 00e4 0E       		.uleb128 0xe
 676 00e5 3A       		.uleb128 0x3a
 677 00e6 0B       		.uleb128 0xb
 678 00e7 3B       		.uleb128 0x3b
 679 00e8 0B       		.uleb128 0xb
 680 00e9 49       		.uleb128 0x49
 681 00ea 13       		.uleb128 0x13
 682 00eb 3F       		.uleb128 0x3f
 683 00ec 19       		.uleb128 0x19
 684 00ed 02       		.uleb128 0x2
 685 00ee 18       		.uleb128 0x18
 686 00ef 00       		.byte	0
 687 00f0 00       		.byte	0
 688 00f1 00       		.byte	0
 689              		.section	.debug_aranges,"",%progbits
 690 0000 2C000000 		.4byte	0x2c
 691 0004 0200     		.2byte	0x2
 692 0006 00000000 		.4byte	.Ldebug_info0
 693 000a 04       		.byte	0x4
 694 000b 00       		.byte	0
 695 000c 0000     		.2byte	0
 696 000e 0000     		.2byte	0
 697 0010 00000000 		.4byte	.LFB33
 698 0014 26000000 		.4byte	.LFE33-.LFB33
 699 0018 00000000 		.4byte	.LFB34
 700 001c 34000000 		.4byte	.LFE34-.LFB34
 701 0020 00000000 		.4byte	.LFB35
 702 0024 44000000 		.4byte	.LFE35-.LFB35
 703 0028 00000000 		.4byte	0
 704 002c 00000000 		.4byte	0
 705              		.section	.debug_ranges,"",%progbits
 706              	.Ldebug_ranges0:
 707 0000 00000000 		.4byte	.LFB33
 708 0004 26000000 		.4byte	.LFE33
 709 0008 00000000 		.4byte	.LFB34
 710 000c 34000000 		.4byte	.LFE34
 711 0010 00000000 		.4byte	.LFB35
 712 0014 44000000 		.4byte	.LFE35
 713 0018 00000000 		.4byte	0
 714 001c 00000000 		.4byte	0
 715              		.section	.debug_line,"",%progbits
 716              	.Ldebug_line0:
 717 0000 A4000000 		.section	.debug_str,"MS",%progbits,1
 717      02005B00 
 717      00000201 
ARM GAS  C:\Users\Clayton\AppData\Local\Temp\ccmfCvn2.s 			page 15


 717      FB0E0D00 
 717      01010101 
 718              	.LASF16:
 719 0000 67696D62 		.ascii	"gimbalTilt\000"
 719      616C5469 
 719      6C7400
 720              	.LASF20:
 721 000b 7265706F 		.ascii	"report\000"
 721      727400
 722              	.LASF18:
 723 0012 546F446F 		.ascii	"ToDoList\000"
 723      4C697374 
 723      00
 724              	.LASF30:
 725 001b 67707349 		.ascii	"gpsIncoming\000"
 725      6E636F6D 
 725      696E6700 
 726              	.LASF34:
 727 0027 433A5C55 		.ascii	"C:\\Users\\Clayton\\Documents\\Mars Rover\\MasterCo"
 727      73657273 
 727      5C436C61 
 727      79746F6E 
 727      5C446F63 
 728 0055 6E74726F 		.ascii	"ntrollerBoard\\BYURover2015\\BYURover2015MainBoardS"
 728      6C6C6572 
 728      426F6172 
 728      645C4259 
 728      55526F76 
 729 0086 4D2E6379 		.ascii	"M.cydsn\000"
 729      64736E00 
 730              	.LASF25:
 731 008e 75706461 		.ascii	"update\000"
 731      746500
 732              	.LASF9:
 733 0095 666C6F61 		.ascii	"float\000"
 733      7400
 734              	.LASF32:
 735 009b 474E5520 		.ascii	"GNU C 4.8.4 20140526 (release) [ARM/embedded-4_8-br"
 735      4320342E 
 735      382E3420 
 735      32303134 
 735      30353236 
 736 00ce 616E6368 		.ascii	"anch revision 211358] -mcpu=cortex-m0 -mthumb -g -O"
 736      20726576 
 736      6973696F 
 736      6E203231 
 736      31333538 
 737 0101 30202D73 		.ascii	"0 -std=gnu99 -ffunction-sections\000"
 737      74643D67 
 737      6E753939 
 737      202D6666 
 737      756E6374 
 738              	.LASF14:
 739 0122 72696768 		.ascii	"rightWheels\000"
 739      74576865 
 739      656C7300 
 740              	.LASF5:
ARM GAS  C:\Users\Clayton\AppData\Local\Temp\ccmfCvn2.s 			page 16


 741 012e 6C6F6E67 		.ascii	"long unsigned int\000"
 741      20756E73 
 741      69676E65 
 741      6420696E 
 741      7400
 742              	.LASF3:
 743 0140 73686F72 		.ascii	"short unsigned int\000"
 743      7420756E 
 743      7369676E 
 743      65642069 
 743      6E7400
 744              	.LASF33:
 745 0153 2E5C5363 		.ascii	".\\Scheduler.c\000"
 745      68656475 
 745      6C65722E 
 745      6300
 746              	.LASF1:
 747 0161 756E7369 		.ascii	"unsigned char\000"
 747      676E6564 
 747      20636861 
 747      7200
 748              	.LASF10:
 749 016f 646F7562 		.ascii	"double\000"
 749      6C6500
 750              	.LASF24:
 751 0176 72656164 		.ascii	"read\000"
 751      00
 752              	.LASF36:
 753 017b 7461736B 		.ascii	"taskScheduler\000"
 753      53636865 
 753      64756C65 
 753      7200
 754              	.LASF17:
 755 0189 75696E74 		.ascii	"uint16\000"
 755      313600
 756              	.LASF26:
 757 0190 77616974 		.ascii	"wait\000"
 757      00
 758              	.LASF8:
 759 0195 756E7369 		.ascii	"unsigned int\000"
 759      676E6564 
 759      20696E74 
 759      00
 760              	.LASF29:
 761 01a2 746F646F 		.ascii	"todo\000"
 761      00
 762              	.LASF7:
 763 01a7 6C6F6E67 		.ascii	"long long unsigned int\000"
 763      206C6F6E 
 763      6720756E 
 763      7369676E 
 763      65642069 
 764              	.LASF21:
 765 01be 67707344 		.ascii	"gpsData\000"
 765      61746100 
 766              	.LASF12:
 767 01c6 73697A65 		.ascii	"sizetype\000"
ARM GAS  C:\Users\Clayton\AppData\Local\Temp\ccmfCvn2.s 			page 17


 767      74797065 
 767      00
 768              	.LASF13:
 769 01cf 6C656674 		.ascii	"leftWheels\000"
 769      57686565 
 769      6C7300
 770              	.LASF6:
 771 01da 6C6F6E67 		.ascii	"long long int\000"
 771      206C6F6E 
 771      6720696E 
 771      7400
 772              	.LASF15:
 773 01e8 67696D62 		.ascii	"gimbalPan\000"
 773      616C5061 
 773      6E00
 774              	.LASF11:
 775 01f2 63686172 		.ascii	"char\000"
 775      00
 776              	.LASF2:
 777 01f7 73686F72 		.ascii	"short int\000"
 777      7420696E 
 777      7400
 778              	.LASF31:
 779 0201 7461736B 		.ascii	"taskSchedulerState\000"
 779      53636865 
 779      64756C65 
 779      72537461 
 779      746500
 780              	.LASF4:
 781 0214 6C6F6E67 		.ascii	"long int\000"
 781      20696E74 
 781      00
 782              	.LASF27:
 783 021d 696E6974 		.ascii	"initTodoList\000"
 783      546F646F 
 783      4C697374 
 783      00
 784              	.LASF28:
 785 022a 696E6974 		.ascii	"initReport\000"
 785      5265706F 
 785      727400
 786              	.LASF35:
 787 0235 7461736B 		.ascii	"taskSchedulerStates\000"
 787      53636865 
 787      64756C65 
 787      72537461 
 787      74657300 
 788              	.LASF0:
 789 0249 7369676E 		.ascii	"signed char\000"
 789      65642063 
 789      68617200 
 790              	.LASF19:
 791 0255 746F646F 		.ascii	"todolist\000"
 791      6C697374 
 791      00
 792              	.LASF23:
 793 025e 696E6974 		.ascii	"init_taskScheduler\000"
ARM GAS  C:\Users\Clayton\AppData\Local\Temp\ccmfCvn2.s 			page 18


 793      5F746173 
 793      6B536368 
 793      6564756C 
 793      657200
 794              	.LASF22:
 795 0271 5265706F 		.ascii	"Report\000"
 795      727400
 796              		.ident	"GCC: (GNU Tools for ARM Embedded Processors) 4.8.4 20140526 (release) [ARM/embedded-4_8-br
