ARM GAS  C:\Users\JEFFRE~1\AppData\Local\Temp\ccOe5dcU.s 			page 1


   1              		.cpu cortex-m0
   2              		.fpu softvfp
   3              		.eabi_attribute 20, 1
   4              		.eabi_attribute 21, 1
   5              		.eabi_attribute 23, 3
   6              		.eabi_attribute 24, 1
   7              		.eabi_attribute 25, 1
   8              		.eabi_attribute 26, 1
   9              		.eabi_attribute 30, 6
  10              		.eabi_attribute 34, 0
  11              		.eabi_attribute 18, 4
  12              		.code	16
  13              		.file	"main.c"
  14              		.text
  15              	.Ltext0:
  16              		.cfi_sections	.debug_frame
  17              		.comm	gpsIncoming,80,4
  18              		.global	currentPos
  19              		.data
  20              		.align	2
  21              		.type	currentPos, %object
  22              		.size	currentPos, 4
  23              	currentPos:
  24 0000 DC050000 		.word	1500
  25              		.global	tick
  26              		.type	tick, %object
  27              		.size	tick, 1
  28              	tick:
  29 0004 01       		.byte	1
  30 0005 000000   		.section	.rodata
  31              		.align	2
  32              		.type	INCREMENT_AMMOUNT, %object
  33              		.size	INCREMENT_AMMOUNT, 4
  34              	INCREMENT_AMMOUNT:
  35 0000 14000000 		.word	20
  36              		.comm	sch,1104,4
  37              		.section	.text.putdata,"ax",%progbits
  38              		.align	2
  39              		.global	putdata
  40              		.code	16
  41              		.thumb_func
  42              		.type	putdata, %function
  43              	putdata:
  44              	.LFB33:
  45              		.file 1 ".\\main.c"
   1:.\main.c      **** /*
   2:.\main.c      ****     BYU Mars Rover Main Board Scheduler Alpha (v1.0)
   3:.\main.c      ****     Designed by: Jeffrey Nybo
   4:.\main.c      ****     
   5:.\main.c      ****     Description:
   6:.\main.c      ****         This is a basic Scheduler intended for use on the main board of the BYU 2015
   7:.\main.c      ****     University Rover Challenge Rover. The Scheduler consists of a basic 4 stage 
   8:.\main.c      ****     mechanism: read, update, report, wait. Read, reads the top item in the incomming
   9:.\main.c      ****     commands array. Update updates the actuators. Report, creates the report. Wait simply
  10:.\main.c      ****     is a wait state to be used when there is nothing in the IncommingCommands array.
  11:.\main.c      ****     
  12:.\main.c      ****         Three structures are used in this implementation: IncommingCommands array, ToDoList and Rep
ARM GAS  C:\Users\JEFFRE~1\AppData\Local\Temp\ccOe5dcU.s 			page 2


  13:.\main.c      ****     The IncommingCommands array stores all of the incomming commands from the Wiznet (or in test ca
  14:.\main.c      ****     from the computer via uart). The ToDoList is where all current to be executed commands are stor
  15:.\main.c      ****     The report is a structure that maintains all of the information that will be sent back to the 
  16:.\main.c      ****     source (computer or wiznet).
  17:.\main.c      ****     
  18:.\main.c      ****     
  19:.\main.c      ****     
  20:.\main.c      ****     
  21:.\main.c      **** */
  22:.\main.c      **** /*========================================
  23:.\main.c      ****  *
  24:.\main.c      ****  * Copyright BRIGHAM YOUNG UNIVERSITY, 2015
  25:.\main.c      ****  * All Rights Reserved
  26:.\main.c      ****  * UNPUBLISHED, LICENSED SOFTWARE.
  27:.\main.c      ****  *
  28:.\main.c      ****  * CONFIDENTIAL AND PROPRIETARY INFORMATION
  29:.\main.c      ****  * WHICH IS THE PROPERTY OF BRIGHAM YOUNG UNIVERSITY.
  30:.\main.c      ****  *
  31:.\main.c      ****  * ========================================
  32:.\main.c      **** */
  33:.\main.c      **** #include <project.h>
  34:.\main.c      **** #include <stdbool.h>
  35:.\main.c      **** #include <string.h>
  36:.\main.c      **** 
  37:.\main.c      **** #include "Scheduler.h"
  38:.\main.c      **** 
  39:.\main.c      **** /* Local vars */
  40:.\main.c      **** uint32 currentPos = 1500;
  41:.\main.c      **** volatile bool tick = true;
  42:.\main.c      **** static const uint32 INCREMENT_AMMOUNT = 20;
  43:.\main.c      **** Scheduler sch;
  44:.\main.c      **** 
  45:.\main.c      **** void putdata(void* p, char c)
  46:.\main.c      **** {
  46              		.loc 1 46 0
  47              		.cfi_startproc
  48 0000 80B5     		push	{r7, lr}
  49              	.LCFI0:
  50              		.cfi_def_cfa_offset 8
  51              		.cfi_offset 7, -8
  52              		.cfi_offset 14, -4
  53 0002 82B0     		sub	sp, sp, #8
  54              	.LCFI1:
  55              		.cfi_def_cfa_offset 16
  56 0004 00AF     		add	r7, sp, #0
  57              	.LCFI2:
  58              		.cfi_def_cfa_register 7
  59 0006 7860     		str	r0, [r7, #4]
  60 0008 0A1C     		mov	r2, r1
  61 000a FB1C     		add	r3, r7, #3
  62 000c 1A70     		strb	r2, [r3]
  47:.\main.c      ****     if(c == '\n')
  63              		.loc 1 47 0
  64 000e FB1C     		add	r3, r7, #3
  65 0010 1B78     		ldrb	r3, [r3]
  66 0012 0A2B     		cmp	r3, #10
  67 0014 02D1     		bne	.L2
ARM GAS  C:\Users\JEFFRE~1\AppData\Local\Temp\ccOe5dcU.s 			page 3


  48:.\main.c      ****     {
  49:.\main.c      ****      UART_1_UartPutChar('\r');   
  68              		.loc 1 49 0
  69 0016 0D20     		mov	r0, #13
  70 0018 FFF7FEFF 		bl	UART_1_SpiUartWriteTxData
  71              	.L2:
  50:.\main.c      ****     }
  51:.\main.c      ****     
  52:.\main.c      ****  UART_1_UartPutChar(c);
  72              		.loc 1 52 0
  73 001c FB1C     		add	r3, r7, #3
  74 001e 1B78     		ldrb	r3, [r3]
  75 0020 181C     		mov	r0, r3
  76 0022 FFF7FEFF 		bl	UART_1_SpiUartWriteTxData
  53:.\main.c      **** }
  77              		.loc 1 53 0
  78 0026 BD46     		mov	sp, r7
  79 0028 02B0     		add	sp, sp, #8
  80              		@ sp needed for prologue
  81 002a 80BD     		pop	{r7, pc}
  82              		.cfi_endproc
  83              	.LFE33:
  84              		.size	putdata, .-putdata
  85              		.section	.text.incrementPos,"ax",%progbits
  86              		.align	2
  87              		.global	incrementPos
  88              		.code	16
  89              		.thumb_func
  90              		.type	incrementPos, %function
  91              	incrementPos:
  92              	.LFB34:
  54:.\main.c      **** 
  55:.\main.c      **** uint32 incrementPos(uint32* pos)
  56:.\main.c      **** {
  93              		.loc 1 56 0
  94              		.cfi_startproc
  95 0000 80B5     		push	{r7, lr}
  96              	.LCFI3:
  97              		.cfi_def_cfa_offset 8
  98              		.cfi_offset 7, -8
  99              		.cfi_offset 14, -4
 100 0002 82B0     		sub	sp, sp, #8
 101              	.LCFI4:
 102              		.cfi_def_cfa_offset 16
 103 0004 00AF     		add	r7, sp, #0
 104              	.LCFI5:
 105              		.cfi_def_cfa_register 7
 106 0006 7860     		str	r0, [r7, #4]
  57:.\main.c      ****     if(*pos > 2000)
 107              		.loc 1 57 0
 108 0008 7B68     		ldr	r3, [r7, #4]
 109 000a 1A68     		ldr	r2, [r3]
 110 000c FA23     		mov	r3, #250
 111 000e DB00     		lsl	r3, r3, #3
 112 0010 9A42     		cmp	r2, r3
 113 0012 04D9     		bls	.L4
  58:.\main.c      ****     {
ARM GAS  C:\Users\JEFFRE~1\AppData\Local\Temp\ccOe5dcU.s 			page 4


  59:.\main.c      ****         *pos = 2000;
 114              		.loc 1 59 0
 115 0014 7B68     		ldr	r3, [r7, #4]
 116 0016 FA22     		mov	r2, #250
 117 0018 D200     		lsl	r2, r2, #3
 118 001a 1A60     		str	r2, [r3]
 119 001c 10E0     		b	.L5
 120              	.L4:
  60:.\main.c      ****     }
  61:.\main.c      ****     else if(*pos < 1000)
 121              		.loc 1 61 0
 122 001e 7B68     		ldr	r3, [r7, #4]
 123 0020 1A68     		ldr	r2, [r3]
 124 0022 0A4B     		ldr	r3, .L8
 125 0024 9A42     		cmp	r2, r3
 126 0026 04D8     		bhi	.L6
  62:.\main.c      ****     {
  63:.\main.c      ****      *pos = 1000;   
 127              		.loc 1 63 0
 128 0028 7B68     		ldr	r3, [r7, #4]
 129 002a FA22     		mov	r2, #250
 130 002c 9200     		lsl	r2, r2, #2
 131 002e 1A60     		str	r2, [r3]
 132 0030 06E0     		b	.L5
 133              	.L6:
  64:.\main.c      ****     }
  65:.\main.c      ****     else
  66:.\main.c      ****     {
  67:.\main.c      ****      *pos = *pos + INCREMENT_AMMOUNT;  
 134              		.loc 1 67 0
 135 0032 7B68     		ldr	r3, [r7, #4]
 136 0034 1A68     		ldr	r2, [r3]
 137 0036 064B     		ldr	r3, .L8+4
 138 0038 1B68     		ldr	r3, [r3]
 139 003a D218     		add	r2, r2, r3
 140 003c 7B68     		ldr	r3, [r7, #4]
 141 003e 1A60     		str	r2, [r3]
 142              	.L5:
  68:.\main.c      ****     }
  69:.\main.c      ****     
  70:.\main.c      ****     return *pos;
 143              		.loc 1 70 0
 144 0040 7B68     		ldr	r3, [r7, #4]
 145 0042 1B68     		ldr	r3, [r3]
  71:.\main.c      **** }
 146              		.loc 1 71 0
 147 0044 181C     		mov	r0, r3
 148 0046 BD46     		mov	sp, r7
 149 0048 02B0     		add	sp, sp, #8
 150              		@ sp needed for prologue
 151 004a 80BD     		pop	{r7, pc}
 152              	.L9:
 153              		.align	2
 154              	.L8:
 155 004c E7030000 		.word	999
 156 0050 00000000 		.word	INCREMENT_AMMOUNT
 157              		.cfi_endproc
ARM GAS  C:\Users\JEFFRE~1\AppData\Local\Temp\ccOe5dcU.s 			page 5


 158              	.LFE34:
 159              		.size	incrementPos, .-incrementPos
 160              		.section	.text.decrementPos,"ax",%progbits
 161              		.align	2
 162              		.global	decrementPos
 163              		.code	16
 164              		.thumb_func
 165              		.type	decrementPos, %function
 166              	decrementPos:
 167              	.LFB35:
  72:.\main.c      **** 
  73:.\main.c      **** uint32 decrementPos(uint32* pos)
  74:.\main.c      **** {
 168              		.loc 1 74 0
 169              		.cfi_startproc
 170 0000 80B5     		push	{r7, lr}
 171              	.LCFI6:
 172              		.cfi_def_cfa_offset 8
 173              		.cfi_offset 7, -8
 174              		.cfi_offset 14, -4
 175 0002 82B0     		sub	sp, sp, #8
 176              	.LCFI7:
 177              		.cfi_def_cfa_offset 16
 178 0004 00AF     		add	r7, sp, #0
 179              	.LCFI8:
 180              		.cfi_def_cfa_register 7
 181 0006 7860     		str	r0, [r7, #4]
  75:.\main.c      ****      if(*pos > 2000)
 182              		.loc 1 75 0
 183 0008 7B68     		ldr	r3, [r7, #4]
 184 000a 1A68     		ldr	r2, [r3]
 185 000c FA23     		mov	r3, #250
 186 000e DB00     		lsl	r3, r3, #3
 187 0010 9A42     		cmp	r2, r3
 188 0012 04D9     		bls	.L11
  76:.\main.c      ****     {
  77:.\main.c      ****         *pos = 2000;
 189              		.loc 1 77 0
 190 0014 7B68     		ldr	r3, [r7, #4]
 191 0016 FA22     		mov	r2, #250
 192 0018 D200     		lsl	r2, r2, #3
 193 001a 1A60     		str	r2, [r3]
 194 001c 10E0     		b	.L12
 195              	.L11:
  78:.\main.c      ****     }
  79:.\main.c      ****     else if(*pos < 1000)
 196              		.loc 1 79 0
 197 001e 7B68     		ldr	r3, [r7, #4]
 198 0020 1A68     		ldr	r2, [r3]
 199 0022 0A4B     		ldr	r3, .L15
 200 0024 9A42     		cmp	r2, r3
 201 0026 04D8     		bhi	.L13
  80:.\main.c      ****     {
  81:.\main.c      ****      *pos = 1000;   
 202              		.loc 1 81 0
 203 0028 7B68     		ldr	r3, [r7, #4]
 204 002a FA22     		mov	r2, #250
ARM GAS  C:\Users\JEFFRE~1\AppData\Local\Temp\ccOe5dcU.s 			page 6


 205 002c 9200     		lsl	r2, r2, #2
 206 002e 1A60     		str	r2, [r3]
 207 0030 06E0     		b	.L12
 208              	.L13:
  82:.\main.c      ****     }
  83:.\main.c      ****     else
  84:.\main.c      ****     {
  85:.\main.c      ****      *pos = *pos - INCREMENT_AMMOUNT;  
 209              		.loc 1 85 0
 210 0032 7B68     		ldr	r3, [r7, #4]
 211 0034 1A68     		ldr	r2, [r3]
 212 0036 064B     		ldr	r3, .L15+4
 213 0038 1B68     		ldr	r3, [r3]
 214 003a D21A     		sub	r2, r2, r3
 215 003c 7B68     		ldr	r3, [r7, #4]
 216 003e 1A60     		str	r2, [r3]
 217              	.L12:
  86:.\main.c      ****     }
  87:.\main.c      ****     
  88:.\main.c      ****     return *pos;
 218              		.loc 1 88 0
 219 0040 7B68     		ldr	r3, [r7, #4]
 220 0042 1B68     		ldr	r3, [r3]
  89:.\main.c      **** }
 221              		.loc 1 89 0
 222 0044 181C     		mov	r0, r3
 223 0046 BD46     		mov	sp, r7
 224 0048 02B0     		add	sp, sp, #8
 225              		@ sp needed for prologue
 226 004a 80BD     		pop	{r7, pc}
 227              	.L16:
 228              		.align	2
 229              	.L15:
 230 004c E7030000 		.word	999
 231 0050 00000000 		.word	INCREMENT_AMMOUNT
 232              		.cfi_endproc
 233              	.LFE35:
 234              		.size	decrementPos, .-decrementPos
 235              		.section	.text.myISR,"ax",%progbits
 236              		.align	2
 237              		.global	myISR
 238              		.code	16
 239              		.thumb_func
 240              		.type	myISR, %function
 241              	myISR:
 242              	.LFB36:
  90:.\main.c      **** 
  91:.\main.c      **** CY_ISR(myISR)
  92:.\main.c      **** {
 243              		.loc 1 92 0
 244              		.cfi_startproc
 245 0000 80B5     		push	{r7, lr}
 246              	.LCFI9:
 247              		.cfi_def_cfa_offset 8
 248              		.cfi_offset 7, -8
 249              		.cfi_offset 14, -4
 250 0002 82B0     		sub	sp, sp, #8
ARM GAS  C:\Users\JEFFRE~1\AppData\Local\Temp\ccOe5dcU.s 			page 7


 251              	.LCFI10:
 252              		.cfi_def_cfa_offset 16
 253 0004 00AF     		add	r7, sp, #0
 254              	.LCFI11:
 255              		.cfi_def_cfa_register 7
  93:.\main.c      ****     uint32 intr = (uint32) Timer_GetInterruptSourceMasked();
 256              		.loc 1 93 0
 257 0006 FFF7FEFF 		bl	Timer_GetInterruptSourceMasked
 258 000a 031C     		mov	r3, r0
 259 000c 7B60     		str	r3, [r7, #4]
  94:.\main.c      ****     
  95:.\main.c      ****     /* Insert interrupt code here */
  96:.\main.c      ****     
  97:.\main.c      ****     
  98:.\main.c      ****     Timer_ClearInterrupt(intr);
 260              		.loc 1 98 0
 261 000e 7B68     		ldr	r3, [r7, #4]
 262 0010 181C     		mov	r0, r3
 263 0012 FFF7FEFF 		bl	Timer_ClearInterrupt
  99:.\main.c      **** }
 264              		.loc 1 99 0
 265 0016 BD46     		mov	sp, r7
 266 0018 02B0     		add	sp, sp, #8
 267              		@ sp needed for prologue
 268 001a 80BD     		pop	{r7, pc}
 269              		.cfi_endproc
 270              	.LFE36:
 271              		.size	myISR, .-myISR
 272              		.section	.text.uartISR,"ax",%progbits
 273              		.align	2
 274              		.global	uartISR
 275              		.code	16
 276              		.thumb_func
 277              		.type	uartISR, %function
 278              	uartISR:
 279              	.LFB37:
 100:.\main.c      **** 
 101:.\main.c      **** /* UART Keyboard Command Module Interrupt Service Routine (KCMISR) */
 102:.\main.c      **** 
 103:.\main.c      **** CY_ISR(uartISR)
 104:.\main.c      **** {
 280              		.loc 1 104 0
 281              		.cfi_startproc
 282 0000 80B5     		push	{r7, lr}
 283              	.LCFI12:
 284              		.cfi_def_cfa_offset 8
 285              		.cfi_offset 7, -8
 286              		.cfi_offset 14, -4
 287 0002 00AF     		add	r7, sp, #0
 288              	.LCFI13:
 289              		.cfi_def_cfa_register 7
 105:.\main.c      **** //    uint32 intre = (uint32) UART_1_GetRxInterruptSourceMasked();
 106:.\main.c      **** //    uint32 getChar = (uint32) UART_1_UartGetChar();
 107:.\main.c      **** //    printf("Btn");
 108:.\main.c      **** //    /* Insert interrupt code here */
 109:.\main.c      **** //    switch(getChar)
 110:.\main.c      **** //    {
ARM GAS  C:\Users\JEFFRE~1\AppData\Local\Temp\ccOe5dcU.s 			page 8


 111:.\main.c      **** //        case 'a':
 112:.\main.c      **** //        currentPos = 1920;
 113:.\main.c      **** //        P_WriteCompare(1920);
 114:.\main.c      **** //        break;
 115:.\main.c      **** //        
 116:.\main.c      **** //        case 'd':
 117:.\main.c      **** //        currentPos = 920;
 118:.\main.c      **** //        SignalGenerator_WriteCompare(920);
 119:.\main.c      **** //        break;
 120:.\main.c      **** //        
 121:.\main.c      **** //        case 'w':
 122:.\main.c      **** //        currentPos = 1420;
 123:.\main.c      **** //        P_WriteCompare(1420);
 124:.\main.c      **** //        break;
 125:.\main.c      **** //        
 126:.\main.c      **** //        case 'q':
 127:.\main.c      **** //        currentPos = 1670;
 128:.\main.c      **** //        P_WriteCompare(1670);
 129:.\main.c      **** //        break;
 130:.\main.c      **** //        
 131:.\main.c      **** //        case 'e':
 132:.\main.c      **** //        currentPos = 1170;
 133:.\main.c      **** //        P_WriteCompare(1170);
 134:.\main.c      **** //        break;
 135:.\main.c      **** //        
 136:.\main.c      **** //        
 137:.\main.c      **** //        
 138:.\main.c      **** //        case ',':
 139:.\main.c      **** //        P_WriteCompare(incrementPos(&currentPos));
 140:.\main.c      **** //        break;
 141:.\main.c      **** //        
 142:.\main.c      **** //        case '.':
 143:.\main.c      **** //        P_WriteCompare(decrementPos(&currentPos));
 144:.\main.c      **** //        break;
 145:.\main.c      **** //    }
 146:.\main.c      **** //    
 147:.\main.c      **** //    UART_1_ClearRxInterruptSource(intre);
 148:.\main.c      **** }
 290              		.loc 1 148 0
 291 0004 BD46     		mov	sp, r7
 292              		@ sp needed for prologue
 293 0006 80BD     		pop	{r7, pc}
 294              		.cfi_endproc
 295              	.LFE37:
 296              		.size	uartISR, .-uartISR
 297              		.section	.text.Servo_isr,"ax",%progbits
 298              		.align	2
 299              		.global	Servo_isr
 300              		.code	16
 301              		.thumb_func
 302              		.type	Servo_isr, %function
 303              	Servo_isr:
 304              	.LFB38:
 149:.\main.c      **** 
 150:.\main.c      **** 
 151:.\main.c      **** CY_ISR(Servo_isr)
 152:.\main.c      **** {
ARM GAS  C:\Users\JEFFRE~1\AppData\Local\Temp\ccOe5dcU.s 			page 9


 305              		.loc 1 152 0
 306              		.cfi_startproc
 307 0000 80B5     		push	{r7, lr}
 308              	.LCFI14:
 309              		.cfi_def_cfa_offset 8
 310              		.cfi_offset 7, -8
 311              		.cfi_offset 14, -4
 312 0002 00AF     		add	r7, sp, #0
 313              	.LCFI15:
 314              		.cfi_def_cfa_register 7
 153:.\main.c      ****         switch(SignalSel_Read())
 315              		.loc 1 153 0
 316 0004 FFF7FEFF 		bl	SignalSel_Read
 317 0008 031C     		mov	r3, r0
 318 000a 012B     		cmp	r3, #1
 319 000c 16D0     		beq	.L22
 320 000e 02DC     		bgt	.L25
 321 0010 002B     		cmp	r3, #0
 322 0012 05D0     		beq	.L21
 323 0014 39E0     		b	.L20
 324              	.L25:
 325 0016 022B     		cmp	r3, #2
 326 0018 1DD0     		beq	.L23
 327 001a 032B     		cmp	r3, #3
 328 001c 28D0     		beq	.L24
 329 001e 34E0     		b	.L20
 330              	.L21:
 154:.\main.c      ****         {
 155:.\main.c      ****             
 156:.\main.c      ****             case 0:
 157:.\main.c      ****             SignalGenerator_WriteCompare(sch.PWMCurrentValues[0]);
 331              		.loc 1 157 0
 332 0020 1E4A     		ldr	r2, .L27
 333 0022 8923     		mov	r3, #137
 334 0024 DB00     		lsl	r3, r3, #3
 335 0026 D35A     		ldrh	r3, [r2, r3]
 336 0028 181C     		mov	r0, r3
 337 002a FFF7FEFF 		bl	SignalGenerator_WriteCompare
 158:.\main.c      ****             InputValue_Write(1);
 338              		.loc 1 158 0
 339 002e 0120     		mov	r0, #1
 340 0030 FFF7FEFF 		bl	InputValue_Write
 159:.\main.c      ****             SignalSel_Write(1);  
 341              		.loc 1 159 0
 342 0034 0120     		mov	r0, #1
 343 0036 FFF7FEFF 		bl	SignalSel_Write
 160:.\main.c      ****             break;
 344              		.loc 1 160 0
 345 003a 2DE0     		b	.L19
 346              	.L22:
 161:.\main.c      ****             
 162:.\main.c      ****             case 1:
 163:.\main.c      ****             SignalGenerator_WriteCompare(sch.PWMCurrentValues[1]);
 347              		.loc 1 163 0
 348 003c 174A     		ldr	r2, .L27
 349 003e 184B     		ldr	r3, .L27+4
 350 0040 D35A     		ldrh	r3, [r2, r3]
ARM GAS  C:\Users\JEFFRE~1\AppData\Local\Temp\ccOe5dcU.s 			page 10


 351 0042 181C     		mov	r0, r3
 352 0044 FFF7FEFF 		bl	SignalGenerator_WriteCompare
 164:.\main.c      ****             InputValue_Write(1);
 353              		.loc 1 164 0
 354 0048 0120     		mov	r0, #1
 355 004a FFF7FEFF 		bl	InputValue_Write
 165:.\main.c      ****             SignalSel_Write(2);
 356              		.loc 1 165 0
 357 004e 0220     		mov	r0, #2
 358 0050 FFF7FEFF 		bl	SignalSel_Write
 166:.\main.c      ****             break;
 359              		.loc 1 166 0
 360 0054 20E0     		b	.L19
 361              	.L23:
 167:.\main.c      ****             
 168:.\main.c      ****             case 2:
 169:.\main.c      ****             SignalGenerator_WriteCompare(sch.PWMCurrentValues[2]);
 362              		.loc 1 169 0
 363 0056 114A     		ldr	r2, .L27
 364 0058 124B     		ldr	r3, .L27+8
 365 005a D35A     		ldrh	r3, [r2, r3]
 366 005c 181C     		mov	r0, r3
 367 005e FFF7FEFF 		bl	SignalGenerator_WriteCompare
 170:.\main.c      ****             InputValue_Write(1);
 368              		.loc 1 170 0
 369 0062 0120     		mov	r0, #1
 370 0064 FFF7FEFF 		bl	InputValue_Write
 171:.\main.c      ****             SignalSel_Write(3);
 371              		.loc 1 171 0
 372 0068 0320     		mov	r0, #3
 373 006a FFF7FEFF 		bl	SignalSel_Write
 172:.\main.c      ****             break;
 374              		.loc 1 172 0
 375 006e 13E0     		b	.L19
 376              	.L24:
 173:.\main.c      ****             
 174:.\main.c      ****             case 3:
 175:.\main.c      ****             SignalGenerator_WriteCompare(sch.PWMCurrentValues[3]);
 377              		.loc 1 175 0
 378 0070 0A4A     		ldr	r2, .L27
 379 0072 0D4B     		ldr	r3, .L27+12
 380 0074 D35A     		ldrh	r3, [r2, r3]
 381 0076 181C     		mov	r0, r3
 382 0078 FFF7FEFF 		bl	SignalGenerator_WriteCompare
 176:.\main.c      ****             InputValue_Write(1);
 383              		.loc 1 176 0
 384 007c 0120     		mov	r0, #1
 385 007e FFF7FEFF 		bl	InputValue_Write
 177:.\main.c      ****             SignalSel_Write(0);
 386              		.loc 1 177 0
 387 0082 0020     		mov	r0, #0
 388 0084 FFF7FEFF 		bl	SignalSel_Write
 178:.\main.c      ****             break;
 389              		.loc 1 178 0
 390 0088 06E0     		b	.L19
 391              	.L20:
 179:.\main.c      ****             
ARM GAS  C:\Users\JEFFRE~1\AppData\Local\Temp\ccOe5dcU.s 			page 11


 180:.\main.c      ****             default:
 181:.\main.c      ****             InputValue_Write(0);
 392              		.loc 1 181 0
 393 008a 0020     		mov	r0, #0
 394 008c FFF7FEFF 		bl	InputValue_Write
 182:.\main.c      ****             SignalSel_Write(0);
 395              		.loc 1 182 0
 396 0090 0020     		mov	r0, #0
 397 0092 FFF7FEFF 		bl	SignalSel_Write
 183:.\main.c      ****             break;
 398              		.loc 1 183 0
 399 0096 C046     		mov	r8, r8
 400              	.L19:
 184:.\main.c      ****         
 185:.\main.c      ****         
 186:.\main.c      ****     }
 187:.\main.c      **** }
 401              		.loc 1 187 0
 402 0098 BD46     		mov	sp, r7
 403              		@ sp needed for prologue
 404 009a 80BD     		pop	{r7, pc}
 405              	.L28:
 406              		.align	2
 407              	.L27:
 408 009c 00000000 		.word	sch
 409 00a0 4A040000 		.word	1098
 410 00a4 4C040000 		.word	1100
 411 00a8 4E040000 		.word	1102
 412              		.cfi_endproc
 413              	.LFE38:
 414              		.size	Servo_isr, .-Servo_isr
 415              		.section	.rodata
 416              		.align	2
 417              	.LC7:
 418 0004 7469636B 		.ascii	"tick TRUE \012\015\000"
 418      20545255 
 418      45200A0D 
 418      00
 419 0011 000000   		.align	2
 420              	.LC9:
 421 0014 72756E6E 		.ascii	"runningTick \012\015\000"
 421      696E6754 
 421      69636B20 
 421      0A0D00
 422 0023 00       		.section	.text.main,"ax",%progbits
 423              		.align	2
 424              		.global	main
 425              		.code	16
 426              		.thumb_func
 427              		.type	main, %function
 428              	main:
 429              	.LFB39:
 188:.\main.c      **** 
 189:.\main.c      **** 
 190:.\main.c      **** int main()
 191:.\main.c      **** {
 430              		.loc 1 191 0
ARM GAS  C:\Users\JEFFRE~1\AppData\Local\Temp\ccOe5dcU.s 			page 12


 431              		.cfi_startproc
 432 0000 80B5     		push	{r7, lr}
 433              	.LCFI16:
 434              		.cfi_def_cfa_offset 8
 435              		.cfi_offset 7, -8
 436              		.cfi_offset 14, -4
 437 0002 00AF     		add	r7, sp, #0
 438              	.LCFI17:
 439              		.cfi_def_cfa_register 7
 192:.\main.c      ****     /* Place your initialization/startup code here (e.g. MyInst_Start()) */
 193:.\main.c      ****     init_printf(NULL, putdata);
 440              		.loc 1 193 0
 441 0004 174B     		ldr	r3, .L33
 442 0006 0020     		mov	r0, #0
 443 0008 191C     		mov	r1, r3
 444 000a FFF7FEFF 		bl	init_printf
 194:.\main.c      ****     Timer_Start();
 445              		.loc 1 194 0
 446 000e FFF7FEFF 		bl	Timer_Start
 195:.\main.c      ****     UART_1_Start();
 447              		.loc 1 195 0
 448 0012 FFF7FEFF 		bl	UART_1_Start
 196:.\main.c      ****     isr_StartEx(myISR);
 449              		.loc 1 196 0
 450 0016 144B     		ldr	r3, .L33+4
 451 0018 181C     		mov	r0, r3
 452 001a FFF7FEFF 		bl	isr_StartEx
 197:.\main.c      ****     ISRUART_StartEx(uartISR);
 453              		.loc 1 197 0
 454 001e 134B     		ldr	r3, .L33+8
 455 0020 181C     		mov	r0, r3
 456 0022 FFF7FEFF 		bl	ISRUART_StartEx
 198:.\main.c      ****     //SignalSel_Start();
 199:.\main.c      ****     //P_Start();
 200:.\main.c      ****     CyDelay(5000);
 457              		.loc 1 200 0
 458 0026 124B     		ldr	r3, .L33+12
 459 0028 181C     		mov	r0, r3
 460 002a FFF7FEFF 		bl	CyDelay
 201:.\main.c      ****     isr_StartEx(myISR);
 461              		.loc 1 201 0
 462 002e 0E4B     		ldr	r3, .L33+4
 463 0030 181C     		mov	r0, r3
 464 0032 FFF7FEFF 		bl	isr_StartEx
 202:.\main.c      ****     
 203:.\main.c      ****      CyGlobalIntEnable;  /* Uncomment this line to enable global interrupts. */
 465              		.loc 1 203 0
 466              	@ 203 ".\main.c" 1
 467 0036 62B6     		CPSIE   i
 468              	@ 0 "" 2
 204:.\main.c      ****     
 205:.\main.c      ****    
 206:.\main.c      ****    
 207:.\main.c      ****     tick = false;
 469              		.loc 1 207 0
 470              		.code	16
 471 0038 0E4B     		ldr	r3, .L33+16
ARM GAS  C:\Users\JEFFRE~1\AppData\Local\Temp\ccOe5dcU.s 			page 13


 472 003a 0022     		mov	r2, #0
 473 003c 1A70     		strb	r2, [r3]
 474 003e 00E0     		b	.L31
 475              	.L32:
 208:.\main.c      ****    // breatheState = init;
 209:.\main.c      ****     for(;;)
 210:.\main.c      ****     {
 211:.\main.c      ****         /* Place your application code here. */
 212:.\main.c      ****         //printf("Hello World \n\r");
 213:.\main.c      ****         //CyDelay(50);
 214:.\main.c      ****        
 215:.\main.c      ****         
 216:.\main.c      ****         if(tick == true)
 217:.\main.c      ****         {
 218:.\main.c      ****         printf("tick TRUE \n\r");
 219:.\main.c      ****         
 220:.\main.c      ****         printf("runningTick \n\r");
 221:.\main.c      ****        // breatheTickFunction();
 222:.\main.c      ****         
 223:.\main.c      ****         tick = false;
 224:.\main.c      ****         
 225:.\main.c      ****         }
 226:.\main.c      ****         //Tasks to perform
 227:.\main.c      ****         //read input State Machine
 228:.\main.c      ****         //Ouptuts State Machine
 229:.\main.c      ****     }
 476              		.loc 1 229 0
 477 0040 C046     		mov	r8, r8
 478              	.L31:
 216:.\main.c      ****         if(tick == true)
 479              		.loc 1 216 0
 480 0042 0C4B     		ldr	r3, .L33+16
 481 0044 1B78     		ldrb	r3, [r3]
 482 0046 DBB2     		uxtb	r3, r3
 483 0048 002B     		cmp	r3, #0
 484 004a F9D0     		beq	.L32
 218:.\main.c      ****         printf("tick TRUE \n\r");
 485              		.loc 1 218 0
 486 004c 0A4B     		ldr	r3, .L33+20
 487 004e 181C     		mov	r0, r3
 488 0050 FFF7FEFF 		bl	tfp_printf
 220:.\main.c      ****         printf("runningTick \n\r");
 489              		.loc 1 220 0
 490 0054 094B     		ldr	r3, .L33+24
 491 0056 181C     		mov	r0, r3
 492 0058 FFF7FEFF 		bl	tfp_printf
 223:.\main.c      ****         tick = false;
 493              		.loc 1 223 0
 494 005c 054B     		ldr	r3, .L33+16
 495 005e 0022     		mov	r2, #0
 496 0060 1A70     		strb	r2, [r3]
 497              		.loc 1 229 0
 498 0062 EDE7     		b	.L32
 499              	.L34:
 500              		.align	2
 501              	.L33:
 502 0064 00000000 		.word	putdata
ARM GAS  C:\Users\JEFFRE~1\AppData\Local\Temp\ccOe5dcU.s 			page 14


 503 0068 00000000 		.word	myISR
 504 006c 00000000 		.word	uartISR
 505 0070 88130000 		.word	5000
 506 0074 00000000 		.word	tick
 507 0078 04000000 		.word	.LC7
 508 007c 14000000 		.word	.LC9
 509              		.cfi_endproc
 510              	.LFE39:
 511              		.size	main, .-main
 512              		.text
 513              	.Letext0:
 514              		.file 2 "./Generated_Source/PSoC4/cytypes.h"
 515              		.file 3 ".\\Scheduler.h"
 516              		.section	.debug_info,"",%progbits
 517              	.Ldebug_info0:
 518 0000 3C030000 		.4byte	0x33c
 519 0004 0200     		.2byte	0x2
 520 0006 00000000 		.4byte	.Ldebug_abbrev0
 521 000a 04       		.byte	0x4
 522 000b 01       		.uleb128 0x1
 523 000c 0A020000 		.4byte	.LASF42
 524 0010 01       		.byte	0x1
 525 0011 C8000000 		.4byte	.LASF43
 526 0015 70010000 		.4byte	.LASF44
 527 0019 00000000 		.4byte	.Ldebug_ranges0+0
 528 001d 00000000 		.4byte	0
 529 0021 00000000 		.4byte	0
 530 0025 00000000 		.4byte	.Ldebug_line0
 531 0029 02       		.uleb128 0x2
 532 002a 01       		.byte	0x1
 533 002b 06       		.byte	0x6
 534 002c E3010000 		.4byte	.LASF0
 535 0030 02       		.uleb128 0x2
 536 0031 01       		.byte	0x1
 537 0032 08       		.byte	0x8
 538 0033 E4000000 		.4byte	.LASF1
 539 0037 02       		.uleb128 0x2
 540 0038 02       		.byte	0x2
 541 0039 05       		.byte	0x5
 542 003a 4D010000 		.4byte	.LASF2
 543 003e 02       		.uleb128 0x2
 544 003f 02       		.byte	0x2
 545 0040 07       		.byte	0x7
 546 0041 91000000 		.4byte	.LASF3
 547 0045 02       		.uleb128 0x2
 548 0046 04       		.byte	0x4
 549 0047 05       		.byte	0x5
 550 0048 C8010000 		.4byte	.LASF4
 551 004c 02       		.uleb128 0x2
 552 004d 04       		.byte	0x4
 553 004e 07       		.byte	0x7
 554 004f 7F000000 		.4byte	.LASF5
 555 0053 02       		.uleb128 0x2
 556 0054 08       		.byte	0x8
 557 0055 05       		.byte	0x5
 558 0056 35010000 		.4byte	.LASF6
 559 005a 02       		.uleb128 0x2
ARM GAS  C:\Users\JEFFRE~1\AppData\Local\Temp\ccOe5dcU.s 			page 15


 560 005b 08       		.byte	0x8
 561 005c 07       		.byte	0x7
 562 005d 3D000000 		.4byte	.LASF7
 563 0061 03       		.uleb128 0x3
 564 0062 04       		.byte	0x4
 565 0063 05       		.byte	0x5
 566 0064 696E7400 		.ascii	"int\000"
 567 0068 02       		.uleb128 0x2
 568 0069 04       		.byte	0x4
 569 006a 07       		.byte	0x7
 570 006b F2000000 		.4byte	.LASF8
 571 006f 04       		.uleb128 0x4
 572 0070 D1000000 		.4byte	.LASF9
 573 0074 02       		.byte	0x2
 574 0075 5C       		.byte	0x5c
 575 0076 3E000000 		.4byte	0x3e
 576 007a 04       		.uleb128 0x4
 577 007b D8000000 		.4byte	.LASF10
 578 007f 02       		.byte	0x2
 579 0080 5D       		.byte	0x5d
 580 0081 4C000000 		.4byte	0x4c
 581 0085 02       		.uleb128 0x2
 582 0086 04       		.byte	0x4
 583 0087 04       		.byte	0x4
 584 0088 37000000 		.4byte	.LASF11
 585 008c 02       		.uleb128 0x2
 586 008d 08       		.byte	0x8
 587 008e 04       		.byte	0x4
 588 008f AF000000 		.4byte	.LASF12
 589 0093 02       		.uleb128 0x2
 590 0094 01       		.byte	0x1
 591 0095 08       		.byte	0x8
 592 0096 D1010000 		.4byte	.LASF13
 593 009a 02       		.uleb128 0x2
 594 009b 04       		.byte	0x4
 595 009c 07       		.byte	0x7
 596 009d 21010000 		.4byte	.LASF14
 597 00a1 05       		.uleb128 0x5
 598 00a2 04       		.byte	0x4
 599 00a3 06       		.uleb128 0x6
 600 00a4 01020000 		.4byte	.LASF20
 601 00a8 08       		.byte	0x8
 602 00a9 03       		.byte	0x3
 603 00aa 2B       		.byte	0x2b
 604 00ab E8000000 		.4byte	0xe8
 605 00af 07       		.uleb128 0x7
 606 00b0 2A010000 		.4byte	.LASF15
 607 00b4 03       		.byte	0x3
 608 00b5 2D       		.byte	0x2d
 609 00b6 6F000000 		.4byte	0x6f
 610 00ba 02       		.byte	0x2
 611 00bb 23       		.byte	0x23
 612 00bc 00       		.uleb128 0
 613 00bd 07       		.uleb128 0x7
 614 00be 5C000000 		.4byte	.LASF16
 615 00c2 03       		.byte	0x3
 616 00c3 2E       		.byte	0x2e
ARM GAS  C:\Users\JEFFRE~1\AppData\Local\Temp\ccOe5dcU.s 			page 16


 617 00c4 6F000000 		.4byte	0x6f
 618 00c8 02       		.byte	0x2
 619 00c9 23       		.byte	0x23
 620 00ca 02       		.uleb128 0x2
 621 00cb 07       		.uleb128 0x7
 622 00cc 43010000 		.4byte	.LASF17
 623 00d0 03       		.byte	0x3
 624 00d1 2F       		.byte	0x2f
 625 00d2 6F000000 		.4byte	0x6f
 626 00d6 02       		.byte	0x2
 627 00d7 23       		.byte	0x23
 628 00d8 04       		.uleb128 0x4
 629 00d9 07       		.uleb128 0x7
 630 00da 00000000 		.4byte	.LASF18
 631 00de 03       		.byte	0x3
 632 00df 30       		.byte	0x30
 633 00e0 6F000000 		.4byte	0x6f
 634 00e4 02       		.byte	0x2
 635 00e5 23       		.byte	0x23
 636 00e6 06       		.uleb128 0x6
 637 00e7 00       		.byte	0
 638 00e8 04       		.uleb128 0x4
 639 00e9 18000000 		.4byte	.LASF19
 640 00ed 03       		.byte	0x3
 641 00ee 31       		.byte	0x31
 642 00ef A3000000 		.4byte	0xa3
 643 00f3 06       		.uleb128 0x6
 644 00f4 0B000000 		.4byte	.LASF21
 645 00f8 58       		.byte	0x58
 646 00f9 03       		.byte	0x3
 647 00fa 33       		.byte	0x33
 648 00fb 46010000 		.4byte	0x146
 649 00ff 07       		.uleb128 0x7
 650 0100 2A010000 		.4byte	.LASF15
 651 0104 03       		.byte	0x3
 652 0105 35       		.byte	0x35
 653 0106 6F000000 		.4byte	0x6f
 654 010a 02       		.byte	0x2
 655 010b 23       		.byte	0x23
 656 010c 00       		.uleb128 0
 657 010d 07       		.uleb128 0x7
 658 010e 5C000000 		.4byte	.LASF16
 659 0112 03       		.byte	0x3
 660 0113 36       		.byte	0x36
 661 0114 6F000000 		.4byte	0x6f
 662 0118 02       		.byte	0x2
 663 0119 23       		.byte	0x23
 664 011a 02       		.uleb128 0x2
 665 011b 07       		.uleb128 0x7
 666 011c 43010000 		.4byte	.LASF17
 667 0120 03       		.byte	0x3
 668 0121 37       		.byte	0x37
 669 0122 6F000000 		.4byte	0x6f
 670 0126 02       		.byte	0x2
 671 0127 23       		.byte	0x23
 672 0128 04       		.uleb128 0x4
 673 0129 07       		.uleb128 0x7
ARM GAS  C:\Users\JEFFRE~1\AppData\Local\Temp\ccOe5dcU.s 			page 17


 674 012a 00000000 		.4byte	.LASF18
 675 012e 03       		.byte	0x3
 676 012f 38       		.byte	0x38
 677 0130 6F000000 		.4byte	0x6f
 678 0134 02       		.byte	0x2
 679 0135 23       		.byte	0x23
 680 0136 06       		.uleb128 0x6
 681 0137 07       		.uleb128 0x7
 682 0138 19010000 		.4byte	.LASF22
 683 013c 03       		.byte	0x3
 684 013d 39       		.byte	0x39
 685 013e 46010000 		.4byte	0x146
 686 0142 02       		.byte	0x2
 687 0143 23       		.byte	0x23
 688 0144 08       		.uleb128 0x8
 689 0145 00       		.byte	0
 690 0146 08       		.uleb128 0x8
 691 0147 93000000 		.4byte	0x93
 692 014b 56010000 		.4byte	0x156
 693 014f 09       		.uleb128 0x9
 694 0150 9A000000 		.4byte	0x9a
 695 0154 4F       		.byte	0x4f
 696 0155 00       		.byte	0
 697 0156 04       		.uleb128 0x4
 698 0157 58020000 		.4byte	.LASF23
 699 015b 03       		.byte	0x3
 700 015c 3A       		.byte	0x3a
 701 015d F3000000 		.4byte	0xf3
 702 0161 0A       		.uleb128 0xa
 703 0162 04010000 		.4byte	.LASF24
 704 0166 5004     		.2byte	0x450
 705 0168 03       		.byte	0x3
 706 0169 3C       		.byte	0x3c
 707 016a A8010000 		.4byte	0x1a8
 708 016e 07       		.uleb128 0x7
 709 016f FF000000 		.4byte	.LASF25
 710 0173 03       		.byte	0x3
 711 0174 3E       		.byte	0x3e
 712 0175 E8000000 		.4byte	0xe8
 713 0179 02       		.byte	0x2
 714 017a 23       		.byte	0x23
 715 017b 00       		.uleb128 0
 716 017c 07       		.uleb128 0x7
 717 017d 0B000000 		.4byte	.LASF21
 718 0181 03       		.byte	0x3
 719 0182 3F       		.byte	0x3f
 720 0183 56010000 		.4byte	0x156
 721 0187 02       		.byte	0x2
 722 0188 23       		.byte	0x23
 723 0189 08       		.uleb128 0x8
 724 018a 07       		.uleb128 0x7
 725 018b EF010000 		.4byte	.LASF26
 726 018f 03       		.byte	0x3
 727 0190 40       		.byte	0x40
 728 0191 A8010000 		.4byte	0x1a8
 729 0195 02       		.byte	0x2
 730 0196 23       		.byte	0x23
ARM GAS  C:\Users\JEFFRE~1\AppData\Local\Temp\ccOe5dcU.s 			page 18


 731 0197 60       		.uleb128 0x60
 732 0198 07       		.uleb128 0x7
 733 0199 5F010000 		.4byte	.LASF27
 734 019d 03       		.byte	0x3
 735 019e 41       		.byte	0x41
 736 019f B9010000 		.4byte	0x1b9
 737 01a3 03       		.byte	0x3
 738 01a4 23       		.byte	0x23
 739 01a5 C808     		.uleb128 0x448
 740 01a7 00       		.byte	0
 741 01a8 08       		.uleb128 0x8
 742 01a9 6F000000 		.4byte	0x6f
 743 01ad B9010000 		.4byte	0x1b9
 744 01b1 0B       		.uleb128 0xb
 745 01b2 9A000000 		.4byte	0x9a
 746 01b6 F301     		.2byte	0x1f3
 747 01b8 00       		.byte	0
 748 01b9 08       		.uleb128 0x8
 749 01ba 6F000000 		.4byte	0x6f
 750 01be C9010000 		.4byte	0x1c9
 751 01c2 09       		.uleb128 0x9
 752 01c3 9A000000 		.4byte	0x9a
 753 01c7 03       		.byte	0x3
 754 01c8 00       		.byte	0
 755 01c9 04       		.uleb128 0x4
 756 01ca 2D000000 		.4byte	.LASF28
 757 01ce 03       		.byte	0x3
 758 01cf 42       		.byte	0x42
 759 01d0 61010000 		.4byte	0x161
 760 01d4 0C       		.uleb128 0xc
 761 01d5 01       		.byte	0x1
 762 01d6 57010000 		.4byte	.LASF31
 763 01da 01       		.byte	0x1
 764 01db 2D       		.byte	0x2d
 765 01dc 01       		.byte	0x1
 766 01dd 00000000 		.4byte	.LFB33
 767 01e1 2C000000 		.4byte	.LFE33
 768 01e5 00000000 		.4byte	.LLST0
 769 01e9 01       		.byte	0x1
 770 01ea 07020000 		.4byte	0x207
 771 01ee 0D       		.uleb128 0xd
 772 01ef 7000     		.ascii	"p\000"
 773 01f1 01       		.byte	0x1
 774 01f2 2D       		.byte	0x2d
 775 01f3 A1000000 		.4byte	0xa1
 776 01f7 02       		.byte	0x2
 777 01f8 91       		.byte	0x91
 778 01f9 74       		.sleb128 -12
 779 01fa 0D       		.uleb128 0xd
 780 01fb 6300     		.ascii	"c\000"
 781 01fd 01       		.byte	0x1
 782 01fe 2D       		.byte	0x2d
 783 01ff 93000000 		.4byte	0x93
 784 0203 02       		.byte	0x2
 785 0204 91       		.byte	0x91
 786 0205 73       		.sleb128 -13
 787 0206 00       		.byte	0
ARM GAS  C:\Users\JEFFRE~1\AppData\Local\Temp\ccOe5dcU.s 			page 19


 788 0207 0E       		.uleb128 0xe
 789 0208 01       		.byte	0x1
 790 0209 68000000 		.4byte	.LASF29
 791 020d 01       		.byte	0x1
 792 020e 37       		.byte	0x37
 793 020f 01       		.byte	0x1
 794 0210 7A000000 		.4byte	0x7a
 795 0214 00000000 		.4byte	.LFB34
 796 0218 54000000 		.4byte	.LFE34
 797 021c 38000000 		.4byte	.LLST1
 798 0220 01       		.byte	0x1
 799 0221 34020000 		.4byte	0x234
 800 0225 0D       		.uleb128 0xd
 801 0226 706F7300 		.ascii	"pos\000"
 802 022a 01       		.byte	0x1
 803 022b 37       		.byte	0x37
 804 022c 34020000 		.4byte	0x234
 805 0230 02       		.byte	0x2
 806 0231 91       		.byte	0x91
 807 0232 74       		.sleb128 -12
 808 0233 00       		.byte	0
 809 0234 0F       		.uleb128 0xf
 810 0235 04       		.byte	0x4
 811 0236 7A000000 		.4byte	0x7a
 812 023a 0E       		.uleb128 0xe
 813 023b 01       		.byte	0x1
 814 023c D6010000 		.4byte	.LASF30
 815 0240 01       		.byte	0x1
 816 0241 49       		.byte	0x49
 817 0242 01       		.byte	0x1
 818 0243 7A000000 		.4byte	0x7a
 819 0247 00000000 		.4byte	.LFB35
 820 024b 54000000 		.4byte	.LFE35
 821 024f 70000000 		.4byte	.LLST2
 822 0253 01       		.byte	0x1
 823 0254 67020000 		.4byte	0x267
 824 0258 0D       		.uleb128 0xd
 825 0259 706F7300 		.ascii	"pos\000"
 826 025d 01       		.byte	0x1
 827 025e 49       		.byte	0x49
 828 025f 34020000 		.4byte	0x234
 829 0263 02       		.byte	0x2
 830 0264 91       		.byte	0x91
 831 0265 74       		.sleb128 -12
 832 0266 00       		.byte	0
 833 0267 0C       		.uleb128 0xc
 834 0268 01       		.byte	0x1
 835 0269 A9000000 		.4byte	.LASF32
 836 026d 01       		.byte	0x1
 837 026e 5B       		.byte	0x5b
 838 026f 01       		.byte	0x1
 839 0270 00000000 		.4byte	.LFB36
 840 0274 1C000000 		.4byte	.LFE36
 841 0278 A8000000 		.4byte	.LLST3
 842 027c 01       		.byte	0x1
 843 027d 90020000 		.4byte	0x290
 844 0281 10       		.uleb128 0x10
ARM GAS  C:\Users\JEFFRE~1\AppData\Local\Temp\ccOe5dcU.s 			page 20


 845 0282 53020000 		.4byte	.LASF36
 846 0286 01       		.byte	0x1
 847 0287 5D       		.byte	0x5d
 848 0288 7A000000 		.4byte	0x7a
 849 028c 02       		.byte	0x2
 850 028d 91       		.byte	0x91
 851 028e 74       		.sleb128 -12
 852 028f 00       		.byte	0
 853 0290 11       		.uleb128 0x11
 854 0291 01       		.byte	0x1
 855 0292 54000000 		.4byte	.LASF33
 856 0296 01       		.byte	0x1
 857 0297 67       		.byte	0x67
 858 0298 01       		.byte	0x1
 859 0299 00000000 		.4byte	.LFB37
 860 029d 08000000 		.4byte	.LFE37
 861 02a1 E0000000 		.4byte	.LLST4
 862 02a5 01       		.byte	0x1
 863 02a6 12       		.uleb128 0x12
 864 02a7 01       		.byte	0x1
 865 02a8 75000000 		.4byte	.LASF34
 866 02ac 01       		.byte	0x1
 867 02ad 97       		.byte	0x97
 868 02ae 01       		.byte	0x1
 869 02af 00000000 		.4byte	.LFB38
 870 02b3 AC000000 		.4byte	.LFE38
 871 02b7 0C010000 		.4byte	.LLST5
 872 02bb 01       		.byte	0x1
 873 02bc 13       		.uleb128 0x13
 874 02bd 01       		.byte	0x1
 875 02be DF000000 		.4byte	.LASF35
 876 02c2 01       		.byte	0x1
 877 02c3 BE       		.byte	0xbe
 878 02c4 61000000 		.4byte	0x61
 879 02c8 00000000 		.4byte	.LFB39
 880 02cc 80000000 		.4byte	.LFE39
 881 02d0 38010000 		.4byte	.LLST6
 882 02d4 01       		.byte	0x1
 883 02d5 10       		.uleb128 0x10
 884 02d6 B6000000 		.4byte	.LASF37
 885 02da 01       		.byte	0x1
 886 02db 2A       		.byte	0x2a
 887 02dc E6020000 		.4byte	0x2e6
 888 02e0 05       		.byte	0x5
 889 02e1 03       		.byte	0x3
 890 02e2 00000000 		.4byte	INCREMENT_AMMOUNT
 891 02e6 14       		.uleb128 0x14
 892 02e7 7A000000 		.4byte	0x7a
 893 02eb 15       		.uleb128 0x15
 894 02ec 21000000 		.4byte	.LASF38
 895 02f0 03       		.byte	0x3
 896 02f1 44       		.byte	0x44
 897 02f2 46010000 		.4byte	0x146
 898 02f6 01       		.byte	0x1
 899 02f7 05       		.byte	0x5
 900 02f8 03       		.byte	0x3
 901 02f9 00000000 		.4byte	gpsIncoming
ARM GAS  C:\Users\JEFFRE~1\AppData\Local\Temp\ccOe5dcU.s 			page 21


 902 02fd 15       		.uleb128 0x15
 903 02fe 0E010000 		.4byte	.LASF39
 904 0302 01       		.byte	0x1
 905 0303 28       		.byte	0x28
 906 0304 7A000000 		.4byte	0x7a
 907 0308 01       		.byte	0x1
 908 0309 05       		.byte	0x5
 909 030a 03       		.byte	0x3
 910 030b 00000000 		.4byte	currentPos
 911 030f 15       		.uleb128 0x15
 912 0310 A4000000 		.4byte	.LASF40
 913 0314 01       		.byte	0x1
 914 0315 29       		.byte	0x29
 915 0316 21030000 		.4byte	0x321
 916 031a 01       		.byte	0x1
 917 031b 05       		.byte	0x5
 918 031c 03       		.byte	0x3
 919 031d 00000000 		.4byte	tick
 920 0321 16       		.uleb128 0x16
 921 0322 26030000 		.4byte	0x326
 922 0326 02       		.uleb128 0x2
 923 0327 01       		.byte	0x1
 924 0328 02       		.byte	0x2
 925 0329 12000000 		.4byte	.LASF41
 926 032d 17       		.uleb128 0x17
 927 032e 73636800 		.ascii	"sch\000"
 928 0332 01       		.byte	0x1
 929 0333 2B       		.byte	0x2b
 930 0334 C9010000 		.4byte	0x1c9
 931 0338 01       		.byte	0x1
 932 0339 05       		.byte	0x5
 933 033a 03       		.byte	0x3
 934 033b 00000000 		.4byte	sch
 935 033f 00       		.byte	0
 936              		.section	.debug_abbrev,"",%progbits
 937              	.Ldebug_abbrev0:
 938 0000 01       		.uleb128 0x1
 939 0001 11       		.uleb128 0x11
 940 0002 01       		.byte	0x1
 941 0003 25       		.uleb128 0x25
 942 0004 0E       		.uleb128 0xe
 943 0005 13       		.uleb128 0x13
 944 0006 0B       		.uleb128 0xb
 945 0007 03       		.uleb128 0x3
 946 0008 0E       		.uleb128 0xe
 947 0009 1B       		.uleb128 0x1b
 948 000a 0E       		.uleb128 0xe
 949 000b 55       		.uleb128 0x55
 950 000c 06       		.uleb128 0x6
 951 000d 11       		.uleb128 0x11
 952 000e 01       		.uleb128 0x1
 953 000f 52       		.uleb128 0x52
 954 0010 01       		.uleb128 0x1
 955 0011 10       		.uleb128 0x10
 956 0012 06       		.uleb128 0x6
 957 0013 00       		.byte	0
 958 0014 00       		.byte	0
ARM GAS  C:\Users\JEFFRE~1\AppData\Local\Temp\ccOe5dcU.s 			page 22


 959 0015 02       		.uleb128 0x2
 960 0016 24       		.uleb128 0x24
 961 0017 00       		.byte	0
 962 0018 0B       		.uleb128 0xb
 963 0019 0B       		.uleb128 0xb
 964 001a 3E       		.uleb128 0x3e
 965 001b 0B       		.uleb128 0xb
 966 001c 03       		.uleb128 0x3
 967 001d 0E       		.uleb128 0xe
 968 001e 00       		.byte	0
 969 001f 00       		.byte	0
 970 0020 03       		.uleb128 0x3
 971 0021 24       		.uleb128 0x24
 972 0022 00       		.byte	0
 973 0023 0B       		.uleb128 0xb
 974 0024 0B       		.uleb128 0xb
 975 0025 3E       		.uleb128 0x3e
 976 0026 0B       		.uleb128 0xb
 977 0027 03       		.uleb128 0x3
 978 0028 08       		.uleb128 0x8
 979 0029 00       		.byte	0
 980 002a 00       		.byte	0
 981 002b 04       		.uleb128 0x4
 982 002c 16       		.uleb128 0x16
 983 002d 00       		.byte	0
 984 002e 03       		.uleb128 0x3
 985 002f 0E       		.uleb128 0xe
 986 0030 3A       		.uleb128 0x3a
 987 0031 0B       		.uleb128 0xb
 988 0032 3B       		.uleb128 0x3b
 989 0033 0B       		.uleb128 0xb
 990 0034 49       		.uleb128 0x49
 991 0035 13       		.uleb128 0x13
 992 0036 00       		.byte	0
 993 0037 00       		.byte	0
 994 0038 05       		.uleb128 0x5
 995 0039 0F       		.uleb128 0xf
 996 003a 00       		.byte	0
 997 003b 0B       		.uleb128 0xb
 998 003c 0B       		.uleb128 0xb
 999 003d 00       		.byte	0
 1000 003e 00       		.byte	0
 1001 003f 06       		.uleb128 0x6
 1002 0040 13       		.uleb128 0x13
 1003 0041 01       		.byte	0x1
 1004 0042 03       		.uleb128 0x3
 1005 0043 0E       		.uleb128 0xe
 1006 0044 0B       		.uleb128 0xb
 1007 0045 0B       		.uleb128 0xb
 1008 0046 3A       		.uleb128 0x3a
 1009 0047 0B       		.uleb128 0xb
 1010 0048 3B       		.uleb128 0x3b
 1011 0049 0B       		.uleb128 0xb
 1012 004a 01       		.uleb128 0x1
 1013 004b 13       		.uleb128 0x13
 1014 004c 00       		.byte	0
 1015 004d 00       		.byte	0
ARM GAS  C:\Users\JEFFRE~1\AppData\Local\Temp\ccOe5dcU.s 			page 23


 1016 004e 07       		.uleb128 0x7
 1017 004f 0D       		.uleb128 0xd
 1018 0050 00       		.byte	0
 1019 0051 03       		.uleb128 0x3
 1020 0052 0E       		.uleb128 0xe
 1021 0053 3A       		.uleb128 0x3a
 1022 0054 0B       		.uleb128 0xb
 1023 0055 3B       		.uleb128 0x3b
 1024 0056 0B       		.uleb128 0xb
 1025 0057 49       		.uleb128 0x49
 1026 0058 13       		.uleb128 0x13
 1027 0059 38       		.uleb128 0x38
 1028 005a 0A       		.uleb128 0xa
 1029 005b 00       		.byte	0
 1030 005c 00       		.byte	0
 1031 005d 08       		.uleb128 0x8
 1032 005e 01       		.uleb128 0x1
 1033 005f 01       		.byte	0x1
 1034 0060 49       		.uleb128 0x49
 1035 0061 13       		.uleb128 0x13
 1036 0062 01       		.uleb128 0x1
 1037 0063 13       		.uleb128 0x13
 1038 0064 00       		.byte	0
 1039 0065 00       		.byte	0
 1040 0066 09       		.uleb128 0x9
 1041 0067 21       		.uleb128 0x21
 1042 0068 00       		.byte	0
 1043 0069 49       		.uleb128 0x49
 1044 006a 13       		.uleb128 0x13
 1045 006b 2F       		.uleb128 0x2f
 1046 006c 0B       		.uleb128 0xb
 1047 006d 00       		.byte	0
 1048 006e 00       		.byte	0
 1049 006f 0A       		.uleb128 0xa
 1050 0070 13       		.uleb128 0x13
 1051 0071 01       		.byte	0x1
 1052 0072 03       		.uleb128 0x3
 1053 0073 0E       		.uleb128 0xe
 1054 0074 0B       		.uleb128 0xb
 1055 0075 05       		.uleb128 0x5
 1056 0076 3A       		.uleb128 0x3a
 1057 0077 0B       		.uleb128 0xb
 1058 0078 3B       		.uleb128 0x3b
 1059 0079 0B       		.uleb128 0xb
 1060 007a 01       		.uleb128 0x1
 1061 007b 13       		.uleb128 0x13
 1062 007c 00       		.byte	0
 1063 007d 00       		.byte	0
 1064 007e 0B       		.uleb128 0xb
 1065 007f 21       		.uleb128 0x21
 1066 0080 00       		.byte	0
 1067 0081 49       		.uleb128 0x49
 1068 0082 13       		.uleb128 0x13
 1069 0083 2F       		.uleb128 0x2f
 1070 0084 05       		.uleb128 0x5
 1071 0085 00       		.byte	0
 1072 0086 00       		.byte	0
ARM GAS  C:\Users\JEFFRE~1\AppData\Local\Temp\ccOe5dcU.s 			page 24


 1073 0087 0C       		.uleb128 0xc
 1074 0088 2E       		.uleb128 0x2e
 1075 0089 01       		.byte	0x1
 1076 008a 3F       		.uleb128 0x3f
 1077 008b 0C       		.uleb128 0xc
 1078 008c 03       		.uleb128 0x3
 1079 008d 0E       		.uleb128 0xe
 1080 008e 3A       		.uleb128 0x3a
 1081 008f 0B       		.uleb128 0xb
 1082 0090 3B       		.uleb128 0x3b
 1083 0091 0B       		.uleb128 0xb
 1084 0092 27       		.uleb128 0x27
 1085 0093 0C       		.uleb128 0xc
 1086 0094 11       		.uleb128 0x11
 1087 0095 01       		.uleb128 0x1
 1088 0096 12       		.uleb128 0x12
 1089 0097 01       		.uleb128 0x1
 1090 0098 40       		.uleb128 0x40
 1091 0099 06       		.uleb128 0x6
 1092 009a 9642     		.uleb128 0x2116
 1093 009c 0C       		.uleb128 0xc
 1094 009d 01       		.uleb128 0x1
 1095 009e 13       		.uleb128 0x13
 1096 009f 00       		.byte	0
 1097 00a0 00       		.byte	0
 1098 00a1 0D       		.uleb128 0xd
 1099 00a2 05       		.uleb128 0x5
 1100 00a3 00       		.byte	0
 1101 00a4 03       		.uleb128 0x3
 1102 00a5 08       		.uleb128 0x8
 1103 00a6 3A       		.uleb128 0x3a
 1104 00a7 0B       		.uleb128 0xb
 1105 00a8 3B       		.uleb128 0x3b
 1106 00a9 0B       		.uleb128 0xb
 1107 00aa 49       		.uleb128 0x49
 1108 00ab 13       		.uleb128 0x13
 1109 00ac 02       		.uleb128 0x2
 1110 00ad 0A       		.uleb128 0xa
 1111 00ae 00       		.byte	0
 1112 00af 00       		.byte	0
 1113 00b0 0E       		.uleb128 0xe
 1114 00b1 2E       		.uleb128 0x2e
 1115 00b2 01       		.byte	0x1
 1116 00b3 3F       		.uleb128 0x3f
 1117 00b4 0C       		.uleb128 0xc
 1118 00b5 03       		.uleb128 0x3
 1119 00b6 0E       		.uleb128 0xe
 1120 00b7 3A       		.uleb128 0x3a
 1121 00b8 0B       		.uleb128 0xb
 1122 00b9 3B       		.uleb128 0x3b
 1123 00ba 0B       		.uleb128 0xb
 1124 00bb 27       		.uleb128 0x27
 1125 00bc 0C       		.uleb128 0xc
 1126 00bd 49       		.uleb128 0x49
 1127 00be 13       		.uleb128 0x13
 1128 00bf 11       		.uleb128 0x11
 1129 00c0 01       		.uleb128 0x1
ARM GAS  C:\Users\JEFFRE~1\AppData\Local\Temp\ccOe5dcU.s 			page 25


 1130 00c1 12       		.uleb128 0x12
 1131 00c2 01       		.uleb128 0x1
 1132 00c3 40       		.uleb128 0x40
 1133 00c4 06       		.uleb128 0x6
 1134 00c5 9742     		.uleb128 0x2117
 1135 00c7 0C       		.uleb128 0xc
 1136 00c8 01       		.uleb128 0x1
 1137 00c9 13       		.uleb128 0x13
 1138 00ca 00       		.byte	0
 1139 00cb 00       		.byte	0
 1140 00cc 0F       		.uleb128 0xf
 1141 00cd 0F       		.uleb128 0xf
 1142 00ce 00       		.byte	0
 1143 00cf 0B       		.uleb128 0xb
 1144 00d0 0B       		.uleb128 0xb
 1145 00d1 49       		.uleb128 0x49
 1146 00d2 13       		.uleb128 0x13
 1147 00d3 00       		.byte	0
 1148 00d4 00       		.byte	0
 1149 00d5 10       		.uleb128 0x10
 1150 00d6 34       		.uleb128 0x34
 1151 00d7 00       		.byte	0
 1152 00d8 03       		.uleb128 0x3
 1153 00d9 0E       		.uleb128 0xe
 1154 00da 3A       		.uleb128 0x3a
 1155 00db 0B       		.uleb128 0xb
 1156 00dc 3B       		.uleb128 0x3b
 1157 00dd 0B       		.uleb128 0xb
 1158 00de 49       		.uleb128 0x49
 1159 00df 13       		.uleb128 0x13
 1160 00e0 02       		.uleb128 0x2
 1161 00e1 0A       		.uleb128 0xa
 1162 00e2 00       		.byte	0
 1163 00e3 00       		.byte	0
 1164 00e4 11       		.uleb128 0x11
 1165 00e5 2E       		.uleb128 0x2e
 1166 00e6 00       		.byte	0
 1167 00e7 3F       		.uleb128 0x3f
 1168 00e8 0C       		.uleb128 0xc
 1169 00e9 03       		.uleb128 0x3
 1170 00ea 0E       		.uleb128 0xe
 1171 00eb 3A       		.uleb128 0x3a
 1172 00ec 0B       		.uleb128 0xb
 1173 00ed 3B       		.uleb128 0x3b
 1174 00ee 0B       		.uleb128 0xb
 1175 00ef 27       		.uleb128 0x27
 1176 00f0 0C       		.uleb128 0xc
 1177 00f1 11       		.uleb128 0x11
 1178 00f2 01       		.uleb128 0x1
 1179 00f3 12       		.uleb128 0x12
 1180 00f4 01       		.uleb128 0x1
 1181 00f5 40       		.uleb128 0x40
 1182 00f6 06       		.uleb128 0x6
 1183 00f7 9742     		.uleb128 0x2117
 1184 00f9 0C       		.uleb128 0xc
 1185 00fa 00       		.byte	0
 1186 00fb 00       		.byte	0
ARM GAS  C:\Users\JEFFRE~1\AppData\Local\Temp\ccOe5dcU.s 			page 26


 1187 00fc 12       		.uleb128 0x12
 1188 00fd 2E       		.uleb128 0x2e
 1189 00fe 00       		.byte	0
 1190 00ff 3F       		.uleb128 0x3f
 1191 0100 0C       		.uleb128 0xc
 1192 0101 03       		.uleb128 0x3
 1193 0102 0E       		.uleb128 0xe
 1194 0103 3A       		.uleb128 0x3a
 1195 0104 0B       		.uleb128 0xb
 1196 0105 3B       		.uleb128 0x3b
 1197 0106 0B       		.uleb128 0xb
 1198 0107 27       		.uleb128 0x27
 1199 0108 0C       		.uleb128 0xc
 1200 0109 11       		.uleb128 0x11
 1201 010a 01       		.uleb128 0x1
 1202 010b 12       		.uleb128 0x12
 1203 010c 01       		.uleb128 0x1
 1204 010d 40       		.uleb128 0x40
 1205 010e 06       		.uleb128 0x6
 1206 010f 9642     		.uleb128 0x2116
 1207 0111 0C       		.uleb128 0xc
 1208 0112 00       		.byte	0
 1209 0113 00       		.byte	0
 1210 0114 13       		.uleb128 0x13
 1211 0115 2E       		.uleb128 0x2e
 1212 0116 00       		.byte	0
 1213 0117 3F       		.uleb128 0x3f
 1214 0118 0C       		.uleb128 0xc
 1215 0119 03       		.uleb128 0x3
 1216 011a 0E       		.uleb128 0xe
 1217 011b 3A       		.uleb128 0x3a
 1218 011c 0B       		.uleb128 0xb
 1219 011d 3B       		.uleb128 0x3b
 1220 011e 0B       		.uleb128 0xb
 1221 011f 49       		.uleb128 0x49
 1222 0120 13       		.uleb128 0x13
 1223 0121 11       		.uleb128 0x11
 1224 0122 01       		.uleb128 0x1
 1225 0123 12       		.uleb128 0x12
 1226 0124 01       		.uleb128 0x1
 1227 0125 40       		.uleb128 0x40
 1228 0126 06       		.uleb128 0x6
 1229 0127 9642     		.uleb128 0x2116
 1230 0129 0C       		.uleb128 0xc
 1231 012a 00       		.byte	0
 1232 012b 00       		.byte	0
 1233 012c 14       		.uleb128 0x14
 1234 012d 26       		.uleb128 0x26
 1235 012e 00       		.byte	0
 1236 012f 49       		.uleb128 0x49
 1237 0130 13       		.uleb128 0x13
 1238 0131 00       		.byte	0
 1239 0132 00       		.byte	0
 1240 0133 15       		.uleb128 0x15
 1241 0134 34       		.uleb128 0x34
 1242 0135 00       		.byte	0
 1243 0136 03       		.uleb128 0x3
ARM GAS  C:\Users\JEFFRE~1\AppData\Local\Temp\ccOe5dcU.s 			page 27


 1244 0137 0E       		.uleb128 0xe
 1245 0138 3A       		.uleb128 0x3a
 1246 0139 0B       		.uleb128 0xb
 1247 013a 3B       		.uleb128 0x3b
 1248 013b 0B       		.uleb128 0xb
 1249 013c 49       		.uleb128 0x49
 1250 013d 13       		.uleb128 0x13
 1251 013e 3F       		.uleb128 0x3f
 1252 013f 0C       		.uleb128 0xc
 1253 0140 02       		.uleb128 0x2
 1254 0141 0A       		.uleb128 0xa
 1255 0142 00       		.byte	0
 1256 0143 00       		.byte	0
 1257 0144 16       		.uleb128 0x16
 1258 0145 35       		.uleb128 0x35
 1259 0146 00       		.byte	0
 1260 0147 49       		.uleb128 0x49
 1261 0148 13       		.uleb128 0x13
 1262 0149 00       		.byte	0
 1263 014a 00       		.byte	0
 1264 014b 17       		.uleb128 0x17
 1265 014c 34       		.uleb128 0x34
 1266 014d 00       		.byte	0
 1267 014e 03       		.uleb128 0x3
 1268 014f 08       		.uleb128 0x8
 1269 0150 3A       		.uleb128 0x3a
 1270 0151 0B       		.uleb128 0xb
 1271 0152 3B       		.uleb128 0x3b
 1272 0153 0B       		.uleb128 0xb
 1273 0154 49       		.uleb128 0x49
 1274 0155 13       		.uleb128 0x13
 1275 0156 3F       		.uleb128 0x3f
 1276 0157 0C       		.uleb128 0xc
 1277 0158 02       		.uleb128 0x2
 1278 0159 0A       		.uleb128 0xa
 1279 015a 00       		.byte	0
 1280 015b 00       		.byte	0
 1281 015c 00       		.byte	0
 1282              		.section	.debug_loc,"",%progbits
 1283              	.Ldebug_loc0:
 1284              	.LLST0:
 1285 0000 00000000 		.4byte	.LFB33
 1286 0004 02000000 		.4byte	.LCFI0
 1287 0008 0200     		.2byte	0x2
 1288 000a 7D       		.byte	0x7d
 1289 000b 00       		.sleb128 0
 1290 000c 02000000 		.4byte	.LCFI0
 1291 0010 04000000 		.4byte	.LCFI1
 1292 0014 0200     		.2byte	0x2
 1293 0016 7D       		.byte	0x7d
 1294 0017 08       		.sleb128 8
 1295 0018 04000000 		.4byte	.LCFI1
 1296 001c 06000000 		.4byte	.LCFI2
 1297 0020 0200     		.2byte	0x2
 1298 0022 7D       		.byte	0x7d
 1299 0023 10       		.sleb128 16
 1300 0024 06000000 		.4byte	.LCFI2
ARM GAS  C:\Users\JEFFRE~1\AppData\Local\Temp\ccOe5dcU.s 			page 28


 1301 0028 2C000000 		.4byte	.LFE33
 1302 002c 0200     		.2byte	0x2
 1303 002e 77       		.byte	0x77
 1304 002f 10       		.sleb128 16
 1305 0030 00000000 		.4byte	0
 1306 0034 00000000 		.4byte	0
 1307              	.LLST1:
 1308 0038 00000000 		.4byte	.LFB34
 1309 003c 02000000 		.4byte	.LCFI3
 1310 0040 0200     		.2byte	0x2
 1311 0042 7D       		.byte	0x7d
 1312 0043 00       		.sleb128 0
 1313 0044 02000000 		.4byte	.LCFI3
 1314 0048 04000000 		.4byte	.LCFI4
 1315 004c 0200     		.2byte	0x2
 1316 004e 7D       		.byte	0x7d
 1317 004f 08       		.sleb128 8
 1318 0050 04000000 		.4byte	.LCFI4
 1319 0054 06000000 		.4byte	.LCFI5
 1320 0058 0200     		.2byte	0x2
 1321 005a 7D       		.byte	0x7d
 1322 005b 10       		.sleb128 16
 1323 005c 06000000 		.4byte	.LCFI5
 1324 0060 54000000 		.4byte	.LFE34
 1325 0064 0200     		.2byte	0x2
 1326 0066 77       		.byte	0x77
 1327 0067 10       		.sleb128 16
 1328 0068 00000000 		.4byte	0
 1329 006c 00000000 		.4byte	0
 1330              	.LLST2:
 1331 0070 00000000 		.4byte	.LFB35
 1332 0074 02000000 		.4byte	.LCFI6
 1333 0078 0200     		.2byte	0x2
 1334 007a 7D       		.byte	0x7d
 1335 007b 00       		.sleb128 0
 1336 007c 02000000 		.4byte	.LCFI6
 1337 0080 04000000 		.4byte	.LCFI7
 1338 0084 0200     		.2byte	0x2
 1339 0086 7D       		.byte	0x7d
 1340 0087 08       		.sleb128 8
 1341 0088 04000000 		.4byte	.LCFI7
 1342 008c 06000000 		.4byte	.LCFI8
 1343 0090 0200     		.2byte	0x2
 1344 0092 7D       		.byte	0x7d
 1345 0093 10       		.sleb128 16
 1346 0094 06000000 		.4byte	.LCFI8
 1347 0098 54000000 		.4byte	.LFE35
 1348 009c 0200     		.2byte	0x2
 1349 009e 77       		.byte	0x77
 1350 009f 10       		.sleb128 16
 1351 00a0 00000000 		.4byte	0
 1352 00a4 00000000 		.4byte	0
 1353              	.LLST3:
 1354 00a8 00000000 		.4byte	.LFB36
 1355 00ac 02000000 		.4byte	.LCFI9
 1356 00b0 0200     		.2byte	0x2
 1357 00b2 7D       		.byte	0x7d
ARM GAS  C:\Users\JEFFRE~1\AppData\Local\Temp\ccOe5dcU.s 			page 29


 1358 00b3 00       		.sleb128 0
 1359 00b4 02000000 		.4byte	.LCFI9
 1360 00b8 04000000 		.4byte	.LCFI10
 1361 00bc 0200     		.2byte	0x2
 1362 00be 7D       		.byte	0x7d
 1363 00bf 08       		.sleb128 8
 1364 00c0 04000000 		.4byte	.LCFI10
 1365 00c4 06000000 		.4byte	.LCFI11
 1366 00c8 0200     		.2byte	0x2
 1367 00ca 7D       		.byte	0x7d
 1368 00cb 10       		.sleb128 16
 1369 00cc 06000000 		.4byte	.LCFI11
 1370 00d0 1C000000 		.4byte	.LFE36
 1371 00d4 0200     		.2byte	0x2
 1372 00d6 77       		.byte	0x77
 1373 00d7 10       		.sleb128 16
 1374 00d8 00000000 		.4byte	0
 1375 00dc 00000000 		.4byte	0
 1376              	.LLST4:
 1377 00e0 00000000 		.4byte	.LFB37
 1378 00e4 02000000 		.4byte	.LCFI12
 1379 00e8 0200     		.2byte	0x2
 1380 00ea 7D       		.byte	0x7d
 1381 00eb 00       		.sleb128 0
 1382 00ec 02000000 		.4byte	.LCFI12
 1383 00f0 04000000 		.4byte	.LCFI13
 1384 00f4 0200     		.2byte	0x2
 1385 00f6 7D       		.byte	0x7d
 1386 00f7 08       		.sleb128 8
 1387 00f8 04000000 		.4byte	.LCFI13
 1388 00fc 08000000 		.4byte	.LFE37
 1389 0100 0200     		.2byte	0x2
 1390 0102 77       		.byte	0x77
 1391 0103 08       		.sleb128 8
 1392 0104 00000000 		.4byte	0
 1393 0108 00000000 		.4byte	0
 1394              	.LLST5:
 1395 010c 00000000 		.4byte	.LFB38
 1396 0110 02000000 		.4byte	.LCFI14
 1397 0114 0200     		.2byte	0x2
 1398 0116 7D       		.byte	0x7d
 1399 0117 00       		.sleb128 0
 1400 0118 02000000 		.4byte	.LCFI14
 1401 011c 04000000 		.4byte	.LCFI15
 1402 0120 0200     		.2byte	0x2
 1403 0122 7D       		.byte	0x7d
 1404 0123 08       		.sleb128 8
 1405 0124 04000000 		.4byte	.LCFI15
 1406 0128 AC000000 		.4byte	.LFE38
 1407 012c 0200     		.2byte	0x2
 1408 012e 77       		.byte	0x77
 1409 012f 08       		.sleb128 8
 1410 0130 00000000 		.4byte	0
 1411 0134 00000000 		.4byte	0
 1412              	.LLST6:
 1413 0138 00000000 		.4byte	.LFB39
 1414 013c 02000000 		.4byte	.LCFI16
ARM GAS  C:\Users\JEFFRE~1\AppData\Local\Temp\ccOe5dcU.s 			page 30


 1415 0140 0200     		.2byte	0x2
 1416 0142 7D       		.byte	0x7d
 1417 0143 00       		.sleb128 0
 1418 0144 02000000 		.4byte	.LCFI16
 1419 0148 04000000 		.4byte	.LCFI17
 1420 014c 0200     		.2byte	0x2
 1421 014e 7D       		.byte	0x7d
 1422 014f 08       		.sleb128 8
 1423 0150 04000000 		.4byte	.LCFI17
 1424 0154 80000000 		.4byte	.LFE39
 1425 0158 0200     		.2byte	0x2
 1426 015a 77       		.byte	0x77
 1427 015b 08       		.sleb128 8
 1428 015c 00000000 		.4byte	0
 1429 0160 00000000 		.4byte	0
 1430              		.section	.debug_aranges,"",%progbits
 1431 0000 4C000000 		.4byte	0x4c
 1432 0004 0200     		.2byte	0x2
 1433 0006 00000000 		.4byte	.Ldebug_info0
 1434 000a 04       		.byte	0x4
 1435 000b 00       		.byte	0
 1436 000c 0000     		.2byte	0
 1437 000e 0000     		.2byte	0
 1438 0010 00000000 		.4byte	.LFB33
 1439 0014 2C000000 		.4byte	.LFE33-.LFB33
 1440 0018 00000000 		.4byte	.LFB34
 1441 001c 54000000 		.4byte	.LFE34-.LFB34
 1442 0020 00000000 		.4byte	.LFB35
 1443 0024 54000000 		.4byte	.LFE35-.LFB35
 1444 0028 00000000 		.4byte	.LFB36
 1445 002c 1C000000 		.4byte	.LFE36-.LFB36
 1446 0030 00000000 		.4byte	.LFB37
 1447 0034 08000000 		.4byte	.LFE37-.LFB37
 1448 0038 00000000 		.4byte	.LFB38
 1449 003c AC000000 		.4byte	.LFE38-.LFB38
 1450 0040 00000000 		.4byte	.LFB39
 1451 0044 80000000 		.4byte	.LFE39-.LFB39
 1452 0048 00000000 		.4byte	0
 1453 004c 00000000 		.4byte	0
 1454              		.section	.debug_ranges,"",%progbits
 1455              	.Ldebug_ranges0:
 1456 0000 00000000 		.4byte	.LFB33
 1457 0004 2C000000 		.4byte	.LFE33
 1458 0008 00000000 		.4byte	.LFB34
 1459 000c 54000000 		.4byte	.LFE34
 1460 0010 00000000 		.4byte	.LFB35
 1461 0014 54000000 		.4byte	.LFE35
 1462 0018 00000000 		.4byte	.LFB36
 1463 001c 1C000000 		.4byte	.LFE36
 1464 0020 00000000 		.4byte	.LFB37
 1465 0024 08000000 		.4byte	.LFE37
 1466 0028 00000000 		.4byte	.LFB38
 1467 002c AC000000 		.4byte	.LFE38
 1468 0030 00000000 		.4byte	.LFB39
 1469 0034 80000000 		.4byte	.LFE39
 1470 0038 00000000 		.4byte	0
 1471 003c 00000000 		.4byte	0
ARM GAS  C:\Users\JEFFRE~1\AppData\Local\Temp\ccOe5dcU.s 			page 31


 1472              		.section	.debug_line,"",%progbits
 1473              	.Ldebug_line0:
 1474 0000 0A010000 		.section	.debug_str,"MS",%progbits,1
 1474      02005600 
 1474      00000201 
 1474      FB0E0D00 
 1474      01010101 
 1475              	.LASF18:
 1476 0000 67696D62 		.ascii	"gimbalTilt\000"
 1476      616C5469 
 1476      6C7400
 1477              	.LASF21:
 1478 000b 7265706F 		.ascii	"report\000"
 1478      727400
 1479              	.LASF41:
 1480 0012 5F426F6F 		.ascii	"_Bool\000"
 1480      6C00
 1481              	.LASF19:
 1482 0018 546F446F 		.ascii	"ToDoList\000"
 1482      4C697374 
 1482      00
 1483              	.LASF38:
 1484 0021 67707349 		.ascii	"gpsIncoming\000"
 1484      6E636F6D 
 1484      696E6700 
 1485              	.LASF28:
 1486 002d 53636865 		.ascii	"Scheduler\000"
 1486      64756C65 
 1486      7200
 1487              	.LASF11:
 1488 0037 666C6F61 		.ascii	"float\000"
 1488      7400
 1489              	.LASF7:
 1490 003d 6C6F6E67 		.ascii	"long long unsigned int\000"
 1490      206C6F6E 
 1490      6720756E 
 1490      7369676E 
 1490      65642069 
 1491              	.LASF33:
 1492 0054 75617274 		.ascii	"uartISR\000"
 1492      49535200 
 1493              	.LASF16:
 1494 005c 72696768 		.ascii	"rightWheels\000"
 1494      74576865 
 1494      656C7300 
 1495              	.LASF29:
 1496 0068 696E6372 		.ascii	"incrementPos\000"
 1496      656D656E 
 1496      74506F73 
 1496      00
 1497              	.LASF34:
 1498 0075 53657276 		.ascii	"Servo_isr\000"
 1498      6F5F6973 
 1498      7200
 1499              	.LASF5:
 1500 007f 6C6F6E67 		.ascii	"long unsigned int\000"
 1500      20756E73 
ARM GAS  C:\Users\JEFFRE~1\AppData\Local\Temp\ccOe5dcU.s 			page 32


 1500      69676E65 
 1500      6420696E 
 1500      7400
 1501              	.LASF3:
 1502 0091 73686F72 		.ascii	"short unsigned int\000"
 1502      7420756E 
 1502      7369676E 
 1502      65642069 
 1502      6E7400
 1503              	.LASF40:
 1504 00a4 7469636B 		.ascii	"tick\000"
 1504      00
 1505              	.LASF32:
 1506 00a9 6D794953 		.ascii	"myISR\000"
 1506      5200
 1507              	.LASF12:
 1508 00af 646F7562 		.ascii	"double\000"
 1508      6C6500
 1509              	.LASF37:
 1510 00b6 494E4352 		.ascii	"INCREMENT_AMMOUNT\000"
 1510      454D454E 
 1510      545F414D 
 1510      4D4F554E 
 1510      5400
 1511              	.LASF43:
 1512 00c8 2E5C6D61 		.ascii	".\\main.c\000"
 1512      696E2E63 
 1512      00
 1513              	.LASF9:
 1514 00d1 75696E74 		.ascii	"uint16\000"
 1514      313600
 1515              	.LASF10:
 1516 00d8 75696E74 		.ascii	"uint32\000"
 1516      333200
 1517              	.LASF35:
 1518 00df 6D61696E 		.ascii	"main\000"
 1518      00
 1519              	.LASF1:
 1520 00e4 756E7369 		.ascii	"unsigned char\000"
 1520      676E6564 
 1520      20636861 
 1520      7200
 1521              	.LASF8:
 1522 00f2 756E7369 		.ascii	"unsigned int\000"
 1522      676E6564 
 1522      20696E74 
 1522      00
 1523              	.LASF25:
 1524 00ff 746F646F 		.ascii	"todo\000"
 1524      00
 1525              	.LASF24:
 1526 0104 73636865 		.ascii	"scheduler\000"
 1526      64756C65 
 1526      7200
 1527              	.LASF39:
 1528 010e 63757272 		.ascii	"currentPos\000"
 1528      656E7450 
ARM GAS  C:\Users\JEFFRE~1\AppData\Local\Temp\ccOe5dcU.s 			page 33


 1528      6F7300
 1529              	.LASF22:
 1530 0119 67707344 		.ascii	"gpsData\000"
 1530      61746100 
 1531              	.LASF14:
 1532 0121 73697A65 		.ascii	"sizetype\000"
 1532      74797065 
 1532      00
 1533              	.LASF15:
 1534 012a 6C656674 		.ascii	"leftWheels\000"
 1534      57686565 
 1534      6C7300
 1535              	.LASF6:
 1536 0135 6C6F6E67 		.ascii	"long long int\000"
 1536      206C6F6E 
 1536      6720696E 
 1536      7400
 1537              	.LASF17:
 1538 0143 67696D62 		.ascii	"gimbalPan\000"
 1538      616C5061 
 1538      6E00
 1539              	.LASF2:
 1540 014d 73686F72 		.ascii	"short int\000"
 1540      7420696E 
 1540      7400
 1541              	.LASF31:
 1542 0157 70757464 		.ascii	"putdata\000"
 1542      61746100 
 1543              	.LASF27:
 1544 015f 50574D43 		.ascii	"PWMCurrentValues\000"
 1544      75727265 
 1544      6E745661 
 1544      6C756573 
 1544      00
 1545              	.LASF44:
 1546 0170 433A5C55 		.ascii	"C:\\Users\\Jeffrey Nybo\\Documents\\PSoC Creator\\B"
 1546      73657273 
 1546      5C4A6566 
 1546      66726579 
 1546      204E7962 
 1547 019e 5955526F 		.ascii	"YURover2015\\BYURover2015MainBoardSM.cydsn\000"
 1547      76657232 
 1547      3031355C 
 1547      42595552 
 1547      6F766572 
 1548              	.LASF4:
 1549 01c8 6C6F6E67 		.ascii	"long int\000"
 1549      20696E74 
 1549      00
 1550              	.LASF13:
 1551 01d1 63686172 		.ascii	"char\000"
 1551      00
 1552              	.LASF30:
 1553 01d6 64656372 		.ascii	"decrementPos\000"
 1553      656D656E 
 1553      74506F73 
 1553      00
ARM GAS  C:\Users\JEFFRE~1\AppData\Local\Temp\ccOe5dcU.s 			page 34


 1554              	.LASF0:
 1555 01e3 7369676E 		.ascii	"signed char\000"
 1555      65642063 
 1555      68617200 
 1556              	.LASF26:
 1557 01ef 496E636F 		.ascii	"IncommingMessages\000"
 1557      6D6D696E 
 1557      674D6573 
 1557      73616765 
 1557      7300
 1558              	.LASF20:
 1559 0201 746F646F 		.ascii	"todolist\000"
 1559      6C697374 
 1559      00
 1560              	.LASF42:
 1561 020a 474E5520 		.ascii	"GNU C 4.7.3 20130312 (release) [ARM/embedded-4_7-br"
 1561      4320342E 
 1561      372E3320 
 1561      32303133 
 1561      30333132 
 1562 023d 616E6368 		.ascii	"anch revision 196615]\000"
 1562      20726576 
 1562      6973696F 
 1562      6E203139 
 1562      36363135 
 1563              	.LASF36:
 1564 0253 696E7472 		.ascii	"intr\000"
 1564      00
 1565              	.LASF23:
 1566 0258 5265706F 		.ascii	"Report\000"
 1566      727400
 1567              		.ident	"GCC: (GNU Tools for ARM Embedded Processors) 4.7.3 20130312 (release) [ARM/embedded-4_7-br
