ARM GAS  C:\Users\Steve\AppData\Local\Temp\cc45aw4U.s 			page 1


   1              		.cpu cortex-m0
   2              		.fpu softvfp
   3              		.eabi_attribute 20, 1
   4              		.eabi_attribute 21, 1
   5              		.eabi_attribute 23, 3
   6              		.eabi_attribute 24, 1
   7              		.eabi_attribute 25, 1
   8              		.eabi_attribute 26, 1
   9              		.eabi_attribute 30, 6
  10              		.eabi_attribute 34, 0
  11              		.eabi_attribute 18, 4
  12              		.code	16
  13              		.file	"Cm0Start.c"
  14              		.text
  15              	.Ltext0:
  16              		.cfi_sections	.debug_frame
  17              		.section	.noinit,"aw",%progbits
  18              		.align	2
  19              		.type	cySysNoInitDataValid, %object
  20              		.size	cySysNoInitDataValid, 4
  21              	cySysNoInitDataValid:
  22 0000 00000000 		.space	4
  23              		.global	cyBtldrRunType
  24              		.section	.bootloaderruntype,"aw",%progbits
  25              		.align	2
  26              		.type	cyBtldrRunType, %object
  27              		.size	cyBtldrRunType, 4
  28              	cyBtldrRunType:
  29 0000 00000000 		.space	4
  30              		.section	.text.IntDefaultHandler,"ax",%progbits
  31              		.align	2
  32              		.global	IntDefaultHandler
  33              		.code	16
  34              		.thumb_func
  35              		.type	IntDefaultHandler, %function
  36              	IntDefaultHandler:
  37              	.LFB0:
  38              		.file 1 ".\\Generated_Source\\PSoC4\\Cm0Start.c"
   1:.\Generated_Source\PSoC4/Cm0Start.c **** /*******************************************************************************
   2:.\Generated_Source\PSoC4/Cm0Start.c **** * File Name: Cm0Start.c
   3:.\Generated_Source\PSoC4/Cm0Start.c **** * Version 4.11
   4:.\Generated_Source\PSoC4/Cm0Start.c **** *
   5:.\Generated_Source\PSoC4/Cm0Start.c **** *  Description:
   6:.\Generated_Source\PSoC4/Cm0Start.c **** *  Startup code for the ARM CM0.
   7:.\Generated_Source\PSoC4/Cm0Start.c **** *
   8:.\Generated_Source\PSoC4/Cm0Start.c **** ********************************************************************************
   9:.\Generated_Source\PSoC4/Cm0Start.c **** * Copyright 2010-2014, Cypress Semiconductor Corporation.  All rights reserved.
  10:.\Generated_Source\PSoC4/Cm0Start.c **** * You may use this file only in accordance with the license, terms, conditions,
  11:.\Generated_Source\PSoC4/Cm0Start.c **** * disclaimers, and limitations in the end user license agreement accompanying
  12:.\Generated_Source\PSoC4/Cm0Start.c **** * the software package with which this file was provided.
  13:.\Generated_Source\PSoC4/Cm0Start.c **** *******************************************************************************/
  14:.\Generated_Source\PSoC4/Cm0Start.c **** 
  15:.\Generated_Source\PSoC4/Cm0Start.c **** #include <limits.h>
  16:.\Generated_Source\PSoC4/Cm0Start.c **** #include "cydevice_trm.h"
  17:.\Generated_Source\PSoC4/Cm0Start.c **** #include "cytypes.h"
  18:.\Generated_Source\PSoC4/Cm0Start.c **** #include "cyfitter_cfg.h"
  19:.\Generated_Source\PSoC4/Cm0Start.c **** #include "CyLib.h"
ARM GAS  C:\Users\Steve\AppData\Local\Temp\cc45aw4U.s 			page 2


  20:.\Generated_Source\PSoC4/Cm0Start.c **** #include "cyfitter.h"
  21:.\Generated_Source\PSoC4/Cm0Start.c **** 
  22:.\Generated_Source\PSoC4/Cm0Start.c **** #define CY_NUM_VECTORS              (CY_INT_IRQ_BASE + CY_NUM_INTERRUPTS)
  23:.\Generated_Source\PSoC4/Cm0Start.c **** #define CY_CPUSS_CONFIG_VECT_IN_RAM (( uint32 ) 0x01)
  24:.\Generated_Source\PSoC4/Cm0Start.c **** 
  25:.\Generated_Source\PSoC4/Cm0Start.c **** /* CPUSS Configuration register */
  26:.\Generated_Source\PSoC4/Cm0Start.c **** #define CY_CPUSS_CONFIG_REG         (*(reg32 *) CYREG_CPUSS_CONFIG)
  27:.\Generated_Source\PSoC4/Cm0Start.c **** #define CY_CPUSS_CONFIG_PTR         ( (reg32 *) CYREG_CPUSS_CONFIG)
  28:.\Generated_Source\PSoC4/Cm0Start.c **** 
  29:.\Generated_Source\PSoC4/Cm0Start.c **** 
  30:.\Generated_Source\PSoC4/Cm0Start.c **** #if defined (__ICCARM__)
  31:.\Generated_Source\PSoC4/Cm0Start.c ****     #define CY_NUM_ROM_VECTORS      (CY_NUM_VECTORS)
  32:.\Generated_Source\PSoC4/Cm0Start.c **** #else
  33:.\Generated_Source\PSoC4/Cm0Start.c ****     #define CY_NUM_ROM_VECTORS      (4u)
  34:.\Generated_Source\PSoC4/Cm0Start.c **** #endif  /* defined (__ICCARM__) */
  35:.\Generated_Source\PSoC4/Cm0Start.c **** 
  36:.\Generated_Source\PSoC4/Cm0Start.c **** #if defined(__ARMCC_VERSION)
  37:.\Generated_Source\PSoC4/Cm0Start.c ****     #define INITIAL_STACK_POINTER ((cyisraddress)(uint32)&Image$$ARM_LIB_STACK$$ZI$$Limit)
  38:.\Generated_Source\PSoC4/Cm0Start.c **** #elif defined (__GNUC__)
  39:.\Generated_Source\PSoC4/Cm0Start.c ****     #define INITIAL_STACK_POINTER (&__cy_stack)
  40:.\Generated_Source\PSoC4/Cm0Start.c **** #elif defined (__ICCARM__)
  41:.\Generated_Source\PSoC4/Cm0Start.c ****     #pragma language=extended
  42:.\Generated_Source\PSoC4/Cm0Start.c ****     #pragma segment="CSTACK"
  43:.\Generated_Source\PSoC4/Cm0Start.c ****     #define INITIAL_STACK_POINTER  { .__ptr = __sfe( "CSTACK" ) }
  44:.\Generated_Source\PSoC4/Cm0Start.c **** 
  45:.\Generated_Source\PSoC4/Cm0Start.c ****     extern void __iar_program_start( void );
  46:.\Generated_Source\PSoC4/Cm0Start.c ****     extern void __iar_data_init3 (void);
  47:.\Generated_Source\PSoC4/Cm0Start.c **** #endif  /* (__ARMCC_VERSION) */
  48:.\Generated_Source\PSoC4/Cm0Start.c **** 
  49:.\Generated_Source\PSoC4/Cm0Start.c **** /* Extern functions */
  50:.\Generated_Source\PSoC4/Cm0Start.c **** extern void CyBtldr_CheckLaunch(void);
  51:.\Generated_Source\PSoC4/Cm0Start.c **** 
  52:.\Generated_Source\PSoC4/Cm0Start.c **** /* Function prototypes */
  53:.\Generated_Source\PSoC4/Cm0Start.c **** void initialize_psoc(void);
  54:.\Generated_Source\PSoC4/Cm0Start.c **** 
  55:.\Generated_Source\PSoC4/Cm0Start.c **** /* Global variables */
  56:.\Generated_Source\PSoC4/Cm0Start.c **** #if !defined (__ICCARM__)
  57:.\Generated_Source\PSoC4/Cm0Start.c ****     CY_NOINIT static uint32 cySysNoInitDataValid;
  58:.\Generated_Source\PSoC4/Cm0Start.c **** #endif  /* !defined (__ICCARM__) */
  59:.\Generated_Source\PSoC4/Cm0Start.c **** 
  60:.\Generated_Source\PSoC4/Cm0Start.c **** 
  61:.\Generated_Source\PSoC4/Cm0Start.c **** #if (CYDEV_PROJ_TYPE != CYDEV_PROJ_TYPE_STANDARD)
  62:.\Generated_Source\PSoC4/Cm0Start.c **** 
  63:.\Generated_Source\PSoC4/Cm0Start.c ****     /*******************************************************************************
  64:.\Generated_Source\PSoC4/Cm0Start.c ****     This variable is used by the Bootloader/Bootloadable components to schedule
  65:.\Generated_Source\PSoC4/Cm0Start.c ****     what application will be started after a software reset.
  66:.\Generated_Source\PSoC4/Cm0Start.c ****     *******************************************************************************/
  67:.\Generated_Source\PSoC4/Cm0Start.c ****     #if (__ARMCC_VERSION)
  68:.\Generated_Source\PSoC4/Cm0Start.c ****         __attribute__ ((section(".bootloaderruntype"), zero_init))
  69:.\Generated_Source\PSoC4/Cm0Start.c ****     #elif defined (__GNUC__)
  70:.\Generated_Source\PSoC4/Cm0Start.c ****         __attribute__ ((section(".bootloaderruntype")))
  71:.\Generated_Source\PSoC4/Cm0Start.c ****     #elif defined (__ICCARM__)
  72:.\Generated_Source\PSoC4/Cm0Start.c ****         #pragma location=".bootloaderruntype"
  73:.\Generated_Source\PSoC4/Cm0Start.c ****     #endif /* (__ARMCC_VERSION) */
  74:.\Generated_Source\PSoC4/Cm0Start.c ****     volatile uint32 cyBtldrRunType;
  75:.\Generated_Source\PSoC4/Cm0Start.c **** 
  76:.\Generated_Source\PSoC4/Cm0Start.c **** #endif  /* (CYDEV_PROJ_TYPE != CYDEV_PROJ_TYPE_STANDARD) */
ARM GAS  C:\Users\Steve\AppData\Local\Temp\cc45aw4U.s 			page 3


  77:.\Generated_Source\PSoC4/Cm0Start.c **** 
  78:.\Generated_Source\PSoC4/Cm0Start.c **** 
  79:.\Generated_Source\PSoC4/Cm0Start.c **** /*******************************************************************************
  80:.\Generated_Source\PSoC4/Cm0Start.c **** * Function Name: IntDefaultHandler
  81:.\Generated_Source\PSoC4/Cm0Start.c **** ********************************************************************************
  82:.\Generated_Source\PSoC4/Cm0Start.c **** *
  83:.\Generated_Source\PSoC4/Cm0Start.c **** * Summary:
  84:.\Generated_Source\PSoC4/Cm0Start.c **** *  This function is called for all interrupts, other than a reset that is called
  85:.\Generated_Source\PSoC4/Cm0Start.c **** *  before the system is setup.
  86:.\Generated_Source\PSoC4/Cm0Start.c **** *
  87:.\Generated_Source\PSoC4/Cm0Start.c **** * Parameters:
  88:.\Generated_Source\PSoC4/Cm0Start.c **** *  None
  89:.\Generated_Source\PSoC4/Cm0Start.c **** *
  90:.\Generated_Source\PSoC4/Cm0Start.c **** * Return:
  91:.\Generated_Source\PSoC4/Cm0Start.c **** *  None
  92:.\Generated_Source\PSoC4/Cm0Start.c **** *
  93:.\Generated_Source\PSoC4/Cm0Start.c **** * Theory:
  94:.\Generated_Source\PSoC4/Cm0Start.c **** *   Any value other than zero is acceptable.
  95:.\Generated_Source\PSoC4/Cm0Start.c **** *
  96:.\Generated_Source\PSoC4/Cm0Start.c **** *******************************************************************************/
  97:.\Generated_Source\PSoC4/Cm0Start.c **** CY_NORETURN
  98:.\Generated_Source\PSoC4/Cm0Start.c **** CY_ISR(IntDefaultHandler)
  99:.\Generated_Source\PSoC4/Cm0Start.c **** {
  39              		.loc 1 99 0
  40              		.cfi_startproc
  41 0000 80B5     		push	{r7, lr}
  42              	.LCFI0:
  43              		.cfi_def_cfa_offset 8
  44              		.cfi_offset 7, -8
  45              		.cfi_offset 14, -4
  46 0002 00AF     		add	r7, sp, #0
  47              	.LCFI1:
  48              		.cfi_def_cfa_register 7
  49              	.L2:
 100:.\Generated_Source\PSoC4/Cm0Start.c ****     /***************************************************************************
 101:.\Generated_Source\PSoC4/Cm0Start.c ****     * We must not get here. If we do, a serious problem occurs, so go into
 102:.\Generated_Source\PSoC4/Cm0Start.c ****     * an infinite loop.
 103:.\Generated_Source\PSoC4/Cm0Start.c ****     ***************************************************************************/
 104:.\Generated_Source\PSoC4/Cm0Start.c ****     while(1)
 105:.\Generated_Source\PSoC4/Cm0Start.c ****     {
 106:.\Generated_Source\PSoC4/Cm0Start.c **** 
 107:.\Generated_Source\PSoC4/Cm0Start.c ****     }
  50              		.loc 1 107 0 discriminator 1
  51 0004 FEE7     		b	.L2
  52              		.cfi_endproc
  53              	.LFE0:
  54              		.size	IntDefaultHandler, .-IntDefaultHandler
  55              		.global	__aeabi_idiv
  56              		.section	.text._exit,"ax",%progbits
  57              		.align	2
  58              		.weak	_exit
  59              		.code	16
  60              		.thumb_func
  61              		.type	_exit, %function
  62              	_exit:
  63              	.LFB1:
 108:.\Generated_Source\PSoC4/Cm0Start.c **** }
ARM GAS  C:\Users\Steve\AppData\Local\Temp\cc45aw4U.s 			page 4


 109:.\Generated_Source\PSoC4/Cm0Start.c **** 
 110:.\Generated_Source\PSoC4/Cm0Start.c **** #if defined(__ARMCC_VERSION)
 111:.\Generated_Source\PSoC4/Cm0Start.c **** 
 112:.\Generated_Source\PSoC4/Cm0Start.c **** /* Local function for device reset. */
 113:.\Generated_Source\PSoC4/Cm0Start.c **** extern void Reset(void);
 114:.\Generated_Source\PSoC4/Cm0Start.c **** 
 115:.\Generated_Source\PSoC4/Cm0Start.c **** /* Application entry point. */
 116:.\Generated_Source\PSoC4/Cm0Start.c **** extern void $Super$$main(void);
 117:.\Generated_Source\PSoC4/Cm0Start.c **** 
 118:.\Generated_Source\PSoC4/Cm0Start.c **** /* Linker-generated Stack Base addresses, Two Region and One Region */
 119:.\Generated_Source\PSoC4/Cm0Start.c **** extern unsigned long Image$$ARM_LIB_STACK$$ZI$$Limit;
 120:.\Generated_Source\PSoC4/Cm0Start.c **** 
 121:.\Generated_Source\PSoC4/Cm0Start.c **** /* RealView C Library initialization. */
 122:.\Generated_Source\PSoC4/Cm0Start.c **** extern int __main(void);
 123:.\Generated_Source\PSoC4/Cm0Start.c **** 
 124:.\Generated_Source\PSoC4/Cm0Start.c **** 
 125:.\Generated_Source\PSoC4/Cm0Start.c **** /*******************************************************************************
 126:.\Generated_Source\PSoC4/Cm0Start.c **** * Function Name: Reset
 127:.\Generated_Source\PSoC4/Cm0Start.c **** ********************************************************************************
 128:.\Generated_Source\PSoC4/Cm0Start.c **** *
 129:.\Generated_Source\PSoC4/Cm0Start.c **** * Summary:
 130:.\Generated_Source\PSoC4/Cm0Start.c **** *  This function handles the reset interrupt for the RVDS/MDK toolchains.
 131:.\Generated_Source\PSoC4/Cm0Start.c **** *  This is the first bit of code that is executed at startup.
 132:.\Generated_Source\PSoC4/Cm0Start.c **** *
 133:.\Generated_Source\PSoC4/Cm0Start.c **** * Parameters:
 134:.\Generated_Source\PSoC4/Cm0Start.c **** *  None
 135:.\Generated_Source\PSoC4/Cm0Start.c **** *
 136:.\Generated_Source\PSoC4/Cm0Start.c **** * Return:
 137:.\Generated_Source\PSoC4/Cm0Start.c **** *  None
 138:.\Generated_Source\PSoC4/Cm0Start.c **** *
 139:.\Generated_Source\PSoC4/Cm0Start.c **** *******************************************************************************/
 140:.\Generated_Source\PSoC4/Cm0Start.c **** void Reset(void)
 141:.\Generated_Source\PSoC4/Cm0Start.c **** {
 142:.\Generated_Source\PSoC4/Cm0Start.c ****     #if (CYDEV_PROJ_TYPE == CYDEV_PROJ_TYPE_LOADABLE)
 143:.\Generated_Source\PSoC4/Cm0Start.c ****         /* The bootloadable application image is started at Reset() handler
 144:.\Generated_Source\PSoC4/Cm0Start.c ****         * as a result of a branch instruction execution from the bootloader.
 145:.\Generated_Source\PSoC4/Cm0Start.c ****         * So, the stack pointer needs to be reset to be sure that
 146:.\Generated_Source\PSoC4/Cm0Start.c ****         * there is no garbage in the stack.
 147:.\Generated_Source\PSoC4/Cm0Start.c ****         */
 148:.\Generated_Source\PSoC4/Cm0Start.c ****         register uint32_t msp __asm("msp");
 149:.\Generated_Source\PSoC4/Cm0Start.c ****         msp = (uint32_t)&Image$$ARM_LIB_STACK$$ZI$$Limit;
 150:.\Generated_Source\PSoC4/Cm0Start.c ****     #endif /* CYDEV_PROJ_TYPE_LOADABLE */
 151:.\Generated_Source\PSoC4/Cm0Start.c **** 
 152:.\Generated_Source\PSoC4/Cm0Start.c ****     #if(!CY_PSOC4A)
 153:.\Generated_Source\PSoC4/Cm0Start.c ****         CySysWdtDisable();
 154:.\Generated_Source\PSoC4/Cm0Start.c ****     #endif  /* (!CY_PSOC4A) */
 155:.\Generated_Source\PSoC4/Cm0Start.c **** 
 156:.\Generated_Source\PSoC4/Cm0Start.c ****     #if (CYDEV_BOOTLOADER_ENABLE)
 157:.\Generated_Source\PSoC4/Cm0Start.c ****         CyBtldr_CheckLaunch();
 158:.\Generated_Source\PSoC4/Cm0Start.c ****     #endif /* CYDEV_BOOTLOADER_ENABLE */
 159:.\Generated_Source\PSoC4/Cm0Start.c **** 
 160:.\Generated_Source\PSoC4/Cm0Start.c ****     __main();
 161:.\Generated_Source\PSoC4/Cm0Start.c **** }
 162:.\Generated_Source\PSoC4/Cm0Start.c **** 
 163:.\Generated_Source\PSoC4/Cm0Start.c **** /*******************************************************************************
 164:.\Generated_Source\PSoC4/Cm0Start.c **** * Function Name: $Sub$$main
 165:.\Generated_Source\PSoC4/Cm0Start.c **** ********************************************************************************
ARM GAS  C:\Users\Steve\AppData\Local\Temp\cc45aw4U.s 			page 5


 166:.\Generated_Source\PSoC4/Cm0Start.c **** *
 167:.\Generated_Source\PSoC4/Cm0Start.c **** * Summary:
 168:.\Generated_Source\PSoC4/Cm0Start.c **** *  This function is called immediately before the users main
 169:.\Generated_Source\PSoC4/Cm0Start.c **** *
 170:.\Generated_Source\PSoC4/Cm0Start.c **** * Parameters:
 171:.\Generated_Source\PSoC4/Cm0Start.c **** *  None
 172:.\Generated_Source\PSoC4/Cm0Start.c **** *
 173:.\Generated_Source\PSoC4/Cm0Start.c **** * Return:
 174:.\Generated_Source\PSoC4/Cm0Start.c **** *  None
 175:.\Generated_Source\PSoC4/Cm0Start.c **** *
 176:.\Generated_Source\PSoC4/Cm0Start.c **** *******************************************************************************/
 177:.\Generated_Source\PSoC4/Cm0Start.c **** __attribute__ ((noreturn))
 178:.\Generated_Source\PSoC4/Cm0Start.c **** void $Sub$$main(void)
 179:.\Generated_Source\PSoC4/Cm0Start.c **** {
 180:.\Generated_Source\PSoC4/Cm0Start.c ****     initialize_psoc();
 181:.\Generated_Source\PSoC4/Cm0Start.c **** 
 182:.\Generated_Source\PSoC4/Cm0Start.c ****     /* Call original main */
 183:.\Generated_Source\PSoC4/Cm0Start.c ****     $Super$$main();
 184:.\Generated_Source\PSoC4/Cm0Start.c **** 
 185:.\Generated_Source\PSoC4/Cm0Start.c ****     while (1)
 186:.\Generated_Source\PSoC4/Cm0Start.c ****     {
 187:.\Generated_Source\PSoC4/Cm0Start.c ****         /* If main returns it is undefined what we should do. */
 188:.\Generated_Source\PSoC4/Cm0Start.c ****     }
 189:.\Generated_Source\PSoC4/Cm0Start.c **** }
 190:.\Generated_Source\PSoC4/Cm0Start.c **** 
 191:.\Generated_Source\PSoC4/Cm0Start.c **** #elif defined(__GNUC__)
 192:.\Generated_Source\PSoC4/Cm0Start.c **** 
 193:.\Generated_Source\PSoC4/Cm0Start.c **** /* Stack Base address */
 194:.\Generated_Source\PSoC4/Cm0Start.c **** extern void __cy_stack(void);
 195:.\Generated_Source\PSoC4/Cm0Start.c **** 
 196:.\Generated_Source\PSoC4/Cm0Start.c **** /* Application entry point. */
 197:.\Generated_Source\PSoC4/Cm0Start.c **** extern int main(void);
 198:.\Generated_Source\PSoC4/Cm0Start.c **** 
 199:.\Generated_Source\PSoC4/Cm0Start.c **** /* The static objects constructors initializer */
 200:.\Generated_Source\PSoC4/Cm0Start.c **** extern void __libc_init_array(void);
 201:.\Generated_Source\PSoC4/Cm0Start.c **** 
 202:.\Generated_Source\PSoC4/Cm0Start.c **** typedef unsigned char __cy_byte_align8 __attribute ((aligned (8)));
 203:.\Generated_Source\PSoC4/Cm0Start.c **** 
 204:.\Generated_Source\PSoC4/Cm0Start.c **** struct __cy_region
 205:.\Generated_Source\PSoC4/Cm0Start.c **** {
 206:.\Generated_Source\PSoC4/Cm0Start.c ****     __cy_byte_align8 *init; /* Initial contents of this region.  */
 207:.\Generated_Source\PSoC4/Cm0Start.c ****     __cy_byte_align8 *data; /* Start address of region.  */
 208:.\Generated_Source\PSoC4/Cm0Start.c ****     size_t init_size;       /* Size of initial data.  */
 209:.\Generated_Source\PSoC4/Cm0Start.c ****     size_t zero_size;       /* Additional size to be zeroed.  */
 210:.\Generated_Source\PSoC4/Cm0Start.c **** };
 211:.\Generated_Source\PSoC4/Cm0Start.c **** 
 212:.\Generated_Source\PSoC4/Cm0Start.c **** extern const struct __cy_region __cy_regions[];
 213:.\Generated_Source\PSoC4/Cm0Start.c **** extern const char __cy_region_num __attribute__((weak));
 214:.\Generated_Source\PSoC4/Cm0Start.c **** #define __cy_region_num ((size_t)&__cy_region_num)
 215:.\Generated_Source\PSoC4/Cm0Start.c **** 
 216:.\Generated_Source\PSoC4/Cm0Start.c **** __attribute__((weak))
 217:.\Generated_Source\PSoC4/Cm0Start.c **** void _exit(int status)
 218:.\Generated_Source\PSoC4/Cm0Start.c **** {
  64              		.loc 1 218 0
  65              		.cfi_startproc
  66 0000 80B5     		push	{r7, lr}
  67              	.LCFI2:
ARM GAS  C:\Users\Steve\AppData\Local\Temp\cc45aw4U.s 			page 6


  68              		.cfi_def_cfa_offset 8
  69              		.cfi_offset 7, -8
  70              		.cfi_offset 14, -4
  71 0002 84B0     		sub	sp, sp, #16
  72              	.LCFI3:
  73              		.cfi_def_cfa_offset 24
  74 0004 00AF     		add	r7, sp, #0
  75              	.LCFI4:
  76              		.cfi_def_cfa_register 7
  77 0006 7860     		str	r0, [r7, #4]
 219:.\Generated_Source\PSoC4/Cm0Start.c ****     /* Cause divide by 0 exception */
 220:.\Generated_Source\PSoC4/Cm0Start.c ****     int x = status / INT_MAX;
  78              		.loc 1 220 0
  79 0008 7B68     		ldr	r3, [r7, #4]
  80 000a 181C     		mov	r0, r3
  81 000c 0549     		ldr	r1, .L5
  82 000e FFF7FEFF 		bl	__aeabi_idiv
  83 0012 031C     		mov	r3, r0
  84 0014 FB60     		str	r3, [r7, #12]
 221:.\Generated_Source\PSoC4/Cm0Start.c ****     x = 4 / x;
  85              		.loc 1 221 0
  86 0016 0420     		mov	r0, #4
  87 0018 F968     		ldr	r1, [r7, #12]
  88 001a FFF7FEFF 		bl	__aeabi_idiv
  89 001e 031C     		mov	r3, r0
  90 0020 FB60     		str	r3, [r7, #12]
  91              	.L4:
 222:.\Generated_Source\PSoC4/Cm0Start.c **** 
 223:.\Generated_Source\PSoC4/Cm0Start.c ****     while(1)
 224:.\Generated_Source\PSoC4/Cm0Start.c ****     {
 225:.\Generated_Source\PSoC4/Cm0Start.c **** 
 226:.\Generated_Source\PSoC4/Cm0Start.c ****     }
  92              		.loc 1 226 0 discriminator 1
  93 0022 FEE7     		b	.L4
  94              	.L6:
  95              		.align	2
  96              	.L5:
  97 0024 FFFFFF7F 		.word	2147483647
  98              		.cfi_endproc
  99              	.LFE1:
 100              		.size	_exit, .-_exit
 101              		.section	.text.Start_c,"ax",%progbits
 102              		.align	2
 103              		.global	Start_c
 104              		.code	16
 105              		.thumb_func
 106              		.type	Start_c, %function
 107              	Start_c:
 108              	.LFB2:
 227:.\Generated_Source\PSoC4/Cm0Start.c **** }
 228:.\Generated_Source\PSoC4/Cm0Start.c **** 
 229:.\Generated_Source\PSoC4/Cm0Start.c **** /*******************************************************************************
 230:.\Generated_Source\PSoC4/Cm0Start.c **** * Function Name: Start_c
 231:.\Generated_Source\PSoC4/Cm0Start.c **** ********************************************************************************
 232:.\Generated_Source\PSoC4/Cm0Start.c **** *
 233:.\Generated_Source\PSoC4/Cm0Start.c **** * Summary:
 234:.\Generated_Source\PSoC4/Cm0Start.c **** *  This function handles initializing the .data and .bss sections in
ARM GAS  C:\Users\Steve\AppData\Local\Temp\cc45aw4U.s 			page 7


 235:.\Generated_Source\PSoC4/Cm0Start.c **** *  preparation for running the standard c code.  Once initialization is complete
 236:.\Generated_Source\PSoC4/Cm0Start.c **** *  it will call main().  This function will never return.
 237:.\Generated_Source\PSoC4/Cm0Start.c **** *
 238:.\Generated_Source\PSoC4/Cm0Start.c **** * Parameters:
 239:.\Generated_Source\PSoC4/Cm0Start.c **** *  None
 240:.\Generated_Source\PSoC4/Cm0Start.c **** *
 241:.\Generated_Source\PSoC4/Cm0Start.c **** * Return:
 242:.\Generated_Source\PSoC4/Cm0Start.c **** *  None
 243:.\Generated_Source\PSoC4/Cm0Start.c **** *
 244:.\Generated_Source\PSoC4/Cm0Start.c **** *******************************************************************************/
 245:.\Generated_Source\PSoC4/Cm0Start.c **** void Start_c(void)  __attribute__ ((noreturn));
 246:.\Generated_Source\PSoC4/Cm0Start.c **** void Start_c(void)
 247:.\Generated_Source\PSoC4/Cm0Start.c **** {
 109              		.loc 1 247 0
 110              		.cfi_startproc
 111 0000 80B5     		push	{r7, lr}
 112              	.LCFI5:
 113              		.cfi_def_cfa_offset 8
 114              		.cfi_offset 7, -8
 115              		.cfi_offset 14, -4
 116 0002 86B0     		sub	sp, sp, #24
 117              	.LCFI6:
 118              		.cfi_def_cfa_offset 32
 119 0004 00AF     		add	r7, sp, #0
 120              	.LCFI7:
 121              		.cfi_def_cfa_register 7
 248:.\Generated_Source\PSoC4/Cm0Start.c ****     unsigned regions = __cy_region_num;
 122              		.loc 1 248 0
 123 0006 254B     		ldr	r3, .L15
 124 0008 7B61     		str	r3, [r7, #20]
 249:.\Generated_Source\PSoC4/Cm0Start.c ****     const struct __cy_region *rptr = __cy_regions;
 125              		.loc 1 249 0
 126 000a 254B     		ldr	r3, .L15+4
 127 000c 3B61     		str	r3, [r7, #16]
 250:.\Generated_Source\PSoC4/Cm0Start.c **** 
 251:.\Generated_Source\PSoC4/Cm0Start.c ****     /* Initialize memory */
 252:.\Generated_Source\PSoC4/Cm0Start.c ****     for (regions = __cy_region_num, rptr = __cy_regions; regions--; rptr++)
 128              		.loc 1 252 0
 129 000e 234B     		ldr	r3, .L15
 130 0010 7B61     		str	r3, [r7, #20]
 131 0012 234B     		ldr	r3, .L15+4
 132 0014 3B61     		str	r3, [r7, #16]
 133 0016 32E0     		b	.L8
 134              	.L13:
 135              	.LBB2:
 253:.\Generated_Source\PSoC4/Cm0Start.c ****     {
 254:.\Generated_Source\PSoC4/Cm0Start.c ****         uint32 *src = (uint32 *)rptr->init;
 136              		.loc 1 254 0
 137 0018 3B69     		ldr	r3, [r7, #16]
 138 001a 1B68     		ldr	r3, [r3]
 139 001c FB60     		str	r3, [r7, #12]
 255:.\Generated_Source\PSoC4/Cm0Start.c ****         uint32 *dst = (uint32 *)rptr->data;
 140              		.loc 1 255 0
 141 001e 3B69     		ldr	r3, [r7, #16]
 142 0020 5B68     		ldr	r3, [r3, #4]
 143 0022 BB60     		str	r3, [r7, #8]
 256:.\Generated_Source\PSoC4/Cm0Start.c ****         unsigned limit = rptr->init_size;
ARM GAS  C:\Users\Steve\AppData\Local\Temp\cc45aw4U.s 			page 8


 144              		.loc 1 256 0
 145 0024 3B69     		ldr	r3, [r7, #16]
 146 0026 9B68     		ldr	r3, [r3, #8]
 147 0028 3B60     		str	r3, [r7]
 257:.\Generated_Source\PSoC4/Cm0Start.c ****         unsigned count;
 258:.\Generated_Source\PSoC4/Cm0Start.c **** 
 259:.\Generated_Source\PSoC4/Cm0Start.c ****         for (count = 0u; count != limit; count += sizeof (uint32))
 148              		.loc 1 259 0
 149 002a 0023     		mov	r3, #0
 150 002c 7B60     		str	r3, [r7, #4]
 151 002e 0CE0     		b	.L9
 152              	.L10:
 260:.\Generated_Source\PSoC4/Cm0Start.c ****         {
 261:.\Generated_Source\PSoC4/Cm0Start.c ****             *dst++ = *src++;
 153              		.loc 1 261 0 discriminator 2
 154 0030 FB68     		ldr	r3, [r7, #12]
 155 0032 1A68     		ldr	r2, [r3]
 156 0034 BB68     		ldr	r3, [r7, #8]
 157 0036 1A60     		str	r2, [r3]
 158 0038 BB68     		ldr	r3, [r7, #8]
 159 003a 0433     		add	r3, r3, #4
 160 003c BB60     		str	r3, [r7, #8]
 161 003e FB68     		ldr	r3, [r7, #12]
 162 0040 0433     		add	r3, r3, #4
 163 0042 FB60     		str	r3, [r7, #12]
 259:.\Generated_Source\PSoC4/Cm0Start.c ****         for (count = 0u; count != limit; count += sizeof (uint32))
 164              		.loc 1 259 0 discriminator 2
 165 0044 7B68     		ldr	r3, [r7, #4]
 166 0046 0433     		add	r3, r3, #4
 167 0048 7B60     		str	r3, [r7, #4]
 168              	.L9:
 259:.\Generated_Source\PSoC4/Cm0Start.c ****         for (count = 0u; count != limit; count += sizeof (uint32))
 169              		.loc 1 259 0 is_stmt 0 discriminator 1
 170 004a 7A68     		ldr	r2, [r7, #4]
 171 004c 3B68     		ldr	r3, [r7]
 172 004e 9A42     		cmp	r2, r3
 173 0050 EED1     		bne	.L10
 262:.\Generated_Source\PSoC4/Cm0Start.c ****         }
 263:.\Generated_Source\PSoC4/Cm0Start.c ****         limit = rptr->zero_size;
 174              		.loc 1 263 0 is_stmt 1
 175 0052 3B69     		ldr	r3, [r7, #16]
 176 0054 DB68     		ldr	r3, [r3, #12]
 177 0056 3B60     		str	r3, [r7]
 264:.\Generated_Source\PSoC4/Cm0Start.c ****         for (count = 0u; count != limit; count += sizeof (uint32))
 178              		.loc 1 264 0
 179 0058 0023     		mov	r3, #0
 180 005a 7B60     		str	r3, [r7, #4]
 181 005c 08E0     		b	.L11
 182              	.L12:
 265:.\Generated_Source\PSoC4/Cm0Start.c ****         {
 266:.\Generated_Source\PSoC4/Cm0Start.c ****             *dst++ = 0u;
 183              		.loc 1 266 0 discriminator 2
 184 005e BB68     		ldr	r3, [r7, #8]
 185 0060 0022     		mov	r2, #0
 186 0062 1A60     		str	r2, [r3]
 187 0064 BB68     		ldr	r3, [r7, #8]
 188 0066 0433     		add	r3, r3, #4
ARM GAS  C:\Users\Steve\AppData\Local\Temp\cc45aw4U.s 			page 9


 189 0068 BB60     		str	r3, [r7, #8]
 264:.\Generated_Source\PSoC4/Cm0Start.c ****         for (count = 0u; count != limit; count += sizeof (uint32))
 190              		.loc 1 264 0 discriminator 2
 191 006a 7B68     		ldr	r3, [r7, #4]
 192 006c 0433     		add	r3, r3, #4
 193 006e 7B60     		str	r3, [r7, #4]
 194              	.L11:
 264:.\Generated_Source\PSoC4/Cm0Start.c ****         for (count = 0u; count != limit; count += sizeof (uint32))
 195              		.loc 1 264 0 is_stmt 0 discriminator 1
 196 0070 7A68     		ldr	r2, [r7, #4]
 197 0072 3B68     		ldr	r3, [r7]
 198 0074 9A42     		cmp	r2, r3
 199 0076 F2D1     		bne	.L12
 200              	.LBE2:
 252:.\Generated_Source\PSoC4/Cm0Start.c ****     for (regions = __cy_region_num, rptr = __cy_regions; regions--; rptr++)
 201              		.loc 1 252 0 is_stmt 1
 202 0078 3B69     		ldr	r3, [r7, #16]
 203 007a 1033     		add	r3, r3, #16
 204 007c 3B61     		str	r3, [r7, #16]
 205              	.L8:
 252:.\Generated_Source\PSoC4/Cm0Start.c ****     for (regions = __cy_region_num, rptr = __cy_regions; regions--; rptr++)
 206              		.loc 1 252 0 is_stmt 0 discriminator 1
 207 007e 7B69     		ldr	r3, [r7, #20]
 208 0080 5A1E     		sub	r2, r3, #1
 209 0082 9341     		sbc	r3, r3, r2
 210 0084 DBB2     		uxtb	r3, r3
 211 0086 7A69     		ldr	r2, [r7, #20]
 212 0088 013A     		sub	r2, r2, #1
 213 008a 7A61     		str	r2, [r7, #20]
 214 008c 002B     		cmp	r3, #0
 215 008e C3D1     		bne	.L13
 267:.\Generated_Source\PSoC4/Cm0Start.c ****         }
 268:.\Generated_Source\PSoC4/Cm0Start.c ****     }
 269:.\Generated_Source\PSoC4/Cm0Start.c **** 
 270:.\Generated_Source\PSoC4/Cm0Start.c ****     /* Invoke static objects constructors */
 271:.\Generated_Source\PSoC4/Cm0Start.c ****     __libc_init_array();
 216              		.loc 1 271 0 is_stmt 1
 217 0090 FFF7FEFF 		bl	__libc_init_array
 272:.\Generated_Source\PSoC4/Cm0Start.c ****     (void) main();
 218              		.loc 1 272 0
 219 0094 FFF7FEFF 		bl	main
 220              	.L14:
 273:.\Generated_Source\PSoC4/Cm0Start.c **** 
 274:.\Generated_Source\PSoC4/Cm0Start.c ****     while (1)
 275:.\Generated_Source\PSoC4/Cm0Start.c ****     {
 276:.\Generated_Source\PSoC4/Cm0Start.c ****         /* If main returns, make sure we don't return. */
 277:.\Generated_Source\PSoC4/Cm0Start.c ****     }
 221              		.loc 1 277 0 discriminator 1
 222 0098 FEE7     		b	.L14
 223              	.L16:
 224 009a C046     		.align	2
 225              	.L15:
 226 009c 00000000 		.word	__cy_region_num
 227 00a0 00000000 		.word	__cy_regions
 228              		.cfi_endproc
 229              	.LFE2:
 230              		.size	Start_c, .-Start_c
ARM GAS  C:\Users\Steve\AppData\Local\Temp\cc45aw4U.s 			page 10


 231              		.section	.text.Reset,"ax",%progbits
 232              		.align	2
 233              		.global	Reset
 234              		.code	16
 235              		.thumb_func
 236              		.type	Reset, %function
 237              	Reset:
 238              	.LFB3:
 278:.\Generated_Source\PSoC4/Cm0Start.c **** }
 279:.\Generated_Source\PSoC4/Cm0Start.c **** 
 280:.\Generated_Source\PSoC4/Cm0Start.c **** 
 281:.\Generated_Source\PSoC4/Cm0Start.c **** /*******************************************************************************
 282:.\Generated_Source\PSoC4/Cm0Start.c **** * Function Name: Reset
 283:.\Generated_Source\PSoC4/Cm0Start.c **** ********************************************************************************
 284:.\Generated_Source\PSoC4/Cm0Start.c **** *
 285:.\Generated_Source\PSoC4/Cm0Start.c **** * Summary:
 286:.\Generated_Source\PSoC4/Cm0Start.c **** *  This function handles the reset interrupt for the GCC toolchain.  This is
 287:.\Generated_Source\PSoC4/Cm0Start.c **** *  the first bit of code that is executed at startup.
 288:.\Generated_Source\PSoC4/Cm0Start.c **** *
 289:.\Generated_Source\PSoC4/Cm0Start.c **** * Parameters:
 290:.\Generated_Source\PSoC4/Cm0Start.c **** *  None
 291:.\Generated_Source\PSoC4/Cm0Start.c **** *
 292:.\Generated_Source\PSoC4/Cm0Start.c **** * Return:
 293:.\Generated_Source\PSoC4/Cm0Start.c **** *  None
 294:.\Generated_Source\PSoC4/Cm0Start.c **** *
 295:.\Generated_Source\PSoC4/Cm0Start.c **** *******************************************************************************/
 296:.\Generated_Source\PSoC4/Cm0Start.c **** void Reset(void)
 297:.\Generated_Source\PSoC4/Cm0Start.c **** {
 239              		.loc 1 297 0
 240              		.cfi_startproc
 241 0000 80B5     		push	{r7, lr}
 242              	.LCFI8:
 243              		.cfi_def_cfa_offset 8
 244              		.cfi_offset 7, -8
 245              		.cfi_offset 14, -4
 246 0002 00AF     		add	r7, sp, #0
 247              	.LCFI9:
 248              		.cfi_def_cfa_register 7
 298:.\Generated_Source\PSoC4/Cm0Start.c ****     #if (CYDEV_PROJ_TYPE == CYDEV_PROJ_TYPE_LOADABLE)
 299:.\Generated_Source\PSoC4/Cm0Start.c ****         /* The bootloadable application image is started at Reset() handler
 300:.\Generated_Source\PSoC4/Cm0Start.c ****         * as a result of a branch instruction execution from the bootloader.
 301:.\Generated_Source\PSoC4/Cm0Start.c ****         * So, the stack pointer needs to be reset to be sure that
 302:.\Generated_Source\PSoC4/Cm0Start.c ****         * there is no garbage in the stack.
 303:.\Generated_Source\PSoC4/Cm0Start.c ****         */
 304:.\Generated_Source\PSoC4/Cm0Start.c ****         __asm volatile ("MSR msp, %0\n" : : "r" ((uint32)&__cy_stack) : "sp");
 249              		.loc 1 304 0
 250 0004 024B     		ldr	r3, .L18
 251              	@ 304 ".\Generated_Source\PSoC4\Cm0Start.c" 1
 252 0006 83F30888 		MSR msp, r3
 253              	
 254              	@ 0 "" 2
 305:.\Generated_Source\PSoC4/Cm0Start.c ****     #endif /* CYDEV_PROJ_TYPE_LOADABLE */
 306:.\Generated_Source\PSoC4/Cm0Start.c **** 
 307:.\Generated_Source\PSoC4/Cm0Start.c ****     #if(!CY_PSOC4A)
 308:.\Generated_Source\PSoC4/Cm0Start.c ****         CySysWdtDisable();
 309:.\Generated_Source\PSoC4/Cm0Start.c ****     #endif  /* (!CY_PSOC4A) */
 310:.\Generated_Source\PSoC4/Cm0Start.c **** 
ARM GAS  C:\Users\Steve\AppData\Local\Temp\cc45aw4U.s 			page 11


 311:.\Generated_Source\PSoC4/Cm0Start.c ****     #if (CYDEV_BOOTLOADER_ENABLE)
 312:.\Generated_Source\PSoC4/Cm0Start.c ****         CyBtldr_CheckLaunch();
 313:.\Generated_Source\PSoC4/Cm0Start.c ****     #endif /* CYDEV_BOOTLOADER_ENABLE */
 314:.\Generated_Source\PSoC4/Cm0Start.c ****     Start_c();
 255              		.loc 1 314 0
 256              		.code	16
 257 000a FFF7FEFF 		bl	Start_c
 258              	.L19:
 259 000e C046     		.align	2
 260              	.L18:
 261 0010 00000000 		.word	__cy_stack
 262              		.cfi_endproc
 263              	.LFE3:
 264              		.size	Reset, .-Reset
 265              		.global	CyRamVectors
 266              		.section	.ramvectors,"aw",%progbits
 267              		.align	2
 268              		.type	CyRamVectors, %object
 269              		.size	CyRamVectors, 192
 270              	CyRamVectors:
 271 0000 00000000 		.space	192
 271      00000000 
 271      00000000 
 271      00000000 
 271      00000000 
 272              		.global	RomVectors
 273              		.section	.romvectors,"a",%progbits
 274              		.align	2
 275              		.type	RomVectors, %object
 276              		.size	RomVectors, 16
 277              	RomVectors:
 278 0000 00000000 		.word	__cy_stack
 279 0004 00000000 		.word	Reset
 280 0008 00000000 		.word	IntDefaultHandler
 281 000c 00000000 		.word	IntDefaultHandler
 282              		.section	.text.initialize_psoc,"ax",%progbits
 283              		.align	2
 284              		.global	initialize_psoc
 285              		.code	16
 286              		.thumb_func
 287              		.type	initialize_psoc, %function
 288              	initialize_psoc:
 289              	.LFB4:
 315:.\Generated_Source\PSoC4/Cm0Start.c **** }
 316:.\Generated_Source\PSoC4/Cm0Start.c **** 
 317:.\Generated_Source\PSoC4/Cm0Start.c **** #elif defined (__ICCARM__)
 318:.\Generated_Source\PSoC4/Cm0Start.c **** 
 319:.\Generated_Source\PSoC4/Cm0Start.c **** 
 320:.\Generated_Source\PSoC4/Cm0Start.c **** /*******************************************************************************
 321:.\Generated_Source\PSoC4/Cm0Start.c **** * Function Name: __low_level_init
 322:.\Generated_Source\PSoC4/Cm0Start.c **** ********************************************************************************
 323:.\Generated_Source\PSoC4/Cm0Start.c **** *
 324:.\Generated_Source\PSoC4/Cm0Start.c **** * Summary:
 325:.\Generated_Source\PSoC4/Cm0Start.c **** *  This function performs early initializations for the IAR Embedded
 326:.\Generated_Source\PSoC4/Cm0Start.c **** *  Workbench IDE. It is executed in the context of reset interrupt handler
 327:.\Generated_Source\PSoC4/Cm0Start.c **** *  before the data sections are initialized.
 328:.\Generated_Source\PSoC4/Cm0Start.c **** *
ARM GAS  C:\Users\Steve\AppData\Local\Temp\cc45aw4U.s 			page 12


 329:.\Generated_Source\PSoC4/Cm0Start.c **** * Parameters:
 330:.\Generated_Source\PSoC4/Cm0Start.c **** *  None
 331:.\Generated_Source\PSoC4/Cm0Start.c **** *
 332:.\Generated_Source\PSoC4/Cm0Start.c **** * Return:
 333:.\Generated_Source\PSoC4/Cm0Start.c **** *  The value that determines whether or not data sections should be initialized
 334:.\Generated_Source\PSoC4/Cm0Start.c **** *  by the system startup code:
 335:.\Generated_Source\PSoC4/Cm0Start.c **** *    0 - skip data sections initialization;
 336:.\Generated_Source\PSoC4/Cm0Start.c **** *    1 - initialize data sections;
 337:.\Generated_Source\PSoC4/Cm0Start.c **** *
 338:.\Generated_Source\PSoC4/Cm0Start.c **** *******************************************************************************/
 339:.\Generated_Source\PSoC4/Cm0Start.c **** int __low_level_init(void)
 340:.\Generated_Source\PSoC4/Cm0Start.c **** {
 341:.\Generated_Source\PSoC4/Cm0Start.c ****     #if(!CY_PSOC4A)
 342:.\Generated_Source\PSoC4/Cm0Start.c ****         CySysWdtDisable();
 343:.\Generated_Source\PSoC4/Cm0Start.c ****     #endif  /* (!CY_PSOC4A) */
 344:.\Generated_Source\PSoC4/Cm0Start.c **** 
 345:.\Generated_Source\PSoC4/Cm0Start.c **** #if (CYDEV_BOOTLOADER_ENABLE)
 346:.\Generated_Source\PSoC4/Cm0Start.c ****     CyBtldr_CheckLaunch();
 347:.\Generated_Source\PSoC4/Cm0Start.c **** #endif /* CYDEV_BOOTLOADER_ENABLE */
 348:.\Generated_Source\PSoC4/Cm0Start.c **** 
 349:.\Generated_Source\PSoC4/Cm0Start.c ****     /* Initialize data sections */
 350:.\Generated_Source\PSoC4/Cm0Start.c ****     __iar_data_init3();
 351:.\Generated_Source\PSoC4/Cm0Start.c **** 
 352:.\Generated_Source\PSoC4/Cm0Start.c ****     initialize_psoc();
 353:.\Generated_Source\PSoC4/Cm0Start.c **** 
 354:.\Generated_Source\PSoC4/Cm0Start.c ****     return 0;
 355:.\Generated_Source\PSoC4/Cm0Start.c **** }
 356:.\Generated_Source\PSoC4/Cm0Start.c **** 
 357:.\Generated_Source\PSoC4/Cm0Start.c **** #endif /* __GNUC__ */
 358:.\Generated_Source\PSoC4/Cm0Start.c **** 
 359:.\Generated_Source\PSoC4/Cm0Start.c **** 
 360:.\Generated_Source\PSoC4/Cm0Start.c **** /*******************************************************************************
 361:.\Generated_Source\PSoC4/Cm0Start.c **** * Ram Interrupt Vector table storage area. Must be placed at 0x20000000.
 362:.\Generated_Source\PSoC4/Cm0Start.c **** *******************************************************************************/
 363:.\Generated_Source\PSoC4/Cm0Start.c **** 
 364:.\Generated_Source\PSoC4/Cm0Start.c **** #if defined (__ICCARM__)
 365:.\Generated_Source\PSoC4/Cm0Start.c ****     #pragma location=".ramvectors"
 366:.\Generated_Source\PSoC4/Cm0Start.c **** #else
 367:.\Generated_Source\PSoC4/Cm0Start.c ****     CY_SECTION(".ramvectors")
 368:.\Generated_Source\PSoC4/Cm0Start.c **** #endif  /* defined (__ICCARM__) */
 369:.\Generated_Source\PSoC4/Cm0Start.c **** cyisraddress CyRamVectors[CY_NUM_VECTORS];
 370:.\Generated_Source\PSoC4/Cm0Start.c **** 
 371:.\Generated_Source\PSoC4/Cm0Start.c **** 
 372:.\Generated_Source\PSoC4/Cm0Start.c **** /*******************************************************************************
 373:.\Generated_Source\PSoC4/Cm0Start.c **** * Rom Interrupt Vector table storage area. Must be 256-byte aligned.
 374:.\Generated_Source\PSoC4/Cm0Start.c **** *******************************************************************************/
 375:.\Generated_Source\PSoC4/Cm0Start.c **** 
 376:.\Generated_Source\PSoC4/Cm0Start.c **** #if defined(__ARMCC_VERSION)
 377:.\Generated_Source\PSoC4/Cm0Start.c ****     /* Suppress diagnostic message 1296-D: extended constant initialiser used */
 378:.\Generated_Source\PSoC4/Cm0Start.c ****     #pragma diag_suppress 1296
 379:.\Generated_Source\PSoC4/Cm0Start.c **** #endif  /* defined(__ARMCC_VERSION) */
 380:.\Generated_Source\PSoC4/Cm0Start.c **** 
 381:.\Generated_Source\PSoC4/Cm0Start.c **** #if defined (__ICCARM__)
 382:.\Generated_Source\PSoC4/Cm0Start.c ****     #pragma location=".romvectors"
 383:.\Generated_Source\PSoC4/Cm0Start.c ****     const intvec_elem __vector_table[CY_NUM_ROM_VECTORS] =
 384:.\Generated_Source\PSoC4/Cm0Start.c **** #else
 385:.\Generated_Source\PSoC4/Cm0Start.c ****     CY_SECTION(".romvectors")
ARM GAS  C:\Users\Steve\AppData\Local\Temp\cc45aw4U.s 			page 13


 386:.\Generated_Source\PSoC4/Cm0Start.c ****     const cyisraddress RomVectors[CY_NUM_ROM_VECTORS] =
 387:.\Generated_Source\PSoC4/Cm0Start.c **** #endif  /* defined (__ICCARM__) */
 388:.\Generated_Source\PSoC4/Cm0Start.c **** {
 389:.\Generated_Source\PSoC4/Cm0Start.c ****     INITIAL_STACK_POINTER,   /* The initial stack pointer  0 */
 390:.\Generated_Source\PSoC4/Cm0Start.c ****     #if defined (__ICCARM__) /* The reset handler          1 */
 391:.\Generated_Source\PSoC4/Cm0Start.c ****         __iar_program_start,
 392:.\Generated_Source\PSoC4/Cm0Start.c ****     #else
 393:.\Generated_Source\PSoC4/Cm0Start.c ****         (cyisraddress)&Reset,
 394:.\Generated_Source\PSoC4/Cm0Start.c ****     #endif  /* defined (__ICCARM__) */
 395:.\Generated_Source\PSoC4/Cm0Start.c ****     &IntDefaultHandler,      /* The NMI handler            2 */
 396:.\Generated_Source\PSoC4/Cm0Start.c ****     &IntDefaultHandler,      /* The hard fault handler     3 */
 397:.\Generated_Source\PSoC4/Cm0Start.c **** };
 398:.\Generated_Source\PSoC4/Cm0Start.c **** 
 399:.\Generated_Source\PSoC4/Cm0Start.c **** #if defined(__ARMCC_VERSION)
 400:.\Generated_Source\PSoC4/Cm0Start.c ****     #pragma diag_default 1296
 401:.\Generated_Source\PSoC4/Cm0Start.c **** #endif  /* defined(__ARMCC_VERSION) */
 402:.\Generated_Source\PSoC4/Cm0Start.c **** 
 403:.\Generated_Source\PSoC4/Cm0Start.c **** 
 404:.\Generated_Source\PSoC4/Cm0Start.c **** /*******************************************************************************
 405:.\Generated_Source\PSoC4/Cm0Start.c **** * Function Name: initialize_psoc
 406:.\Generated_Source\PSoC4/Cm0Start.c **** ********************************************************************************
 407:.\Generated_Source\PSoC4/Cm0Start.c **** *
 408:.\Generated_Source\PSoC4/Cm0Start.c **** * Summary:
 409:.\Generated_Source\PSoC4/Cm0Start.c **** *  This function is used to initialize the PSoC chip before calling main.
 410:.\Generated_Source\PSoC4/Cm0Start.c **** *
 411:.\Generated_Source\PSoC4/Cm0Start.c **** * Parameters:
 412:.\Generated_Source\PSoC4/Cm0Start.c **** *  None
 413:.\Generated_Source\PSoC4/Cm0Start.c **** *
 414:.\Generated_Source\PSoC4/Cm0Start.c **** * Return:
 415:.\Generated_Source\PSoC4/Cm0Start.c **** *  None
 416:.\Generated_Source\PSoC4/Cm0Start.c **** *
 417:.\Generated_Source\PSoC4/Cm0Start.c **** *******************************************************************************/
 418:.\Generated_Source\PSoC4/Cm0Start.c **** #if(defined(__GNUC__) && !defined(__ARMCC_VERSION))
 419:.\Generated_Source\PSoC4/Cm0Start.c **** __attribute__ ((constructor(101)))
 420:.\Generated_Source\PSoC4/Cm0Start.c **** #endif  /* (defined(__GNUC__) && !defined(__ARMCC_VERSION)) */
 421:.\Generated_Source\PSoC4/Cm0Start.c **** void initialize_psoc(void)
 422:.\Generated_Source\PSoC4/Cm0Start.c **** {
 290              		.loc 1 422 0
 291              		.cfi_startproc
 292 0000 80B5     		push	{r7, lr}
 293              	.LCFI10:
 294              		.cfi_def_cfa_offset 8
 295              		.cfi_offset 7, -8
 296              		.cfi_offset 14, -4
 297 0002 82B0     		sub	sp, sp, #8
 298              	.LCFI11:
 299              		.cfi_def_cfa_offset 16
 300 0004 00AF     		add	r7, sp, #0
 301              	.LCFI12:
 302              		.cfi_def_cfa_register 7
 423:.\Generated_Source\PSoC4/Cm0Start.c ****     uint32 indexInit;
 424:.\Generated_Source\PSoC4/Cm0Start.c **** 
 425:.\Generated_Source\PSoC4/Cm0Start.c ****     #if(!CY_PSOC4A)
 426:.\Generated_Source\PSoC4/Cm0Start.c ****         /***********************************************************************
 427:.\Generated_Source\PSoC4/Cm0Start.c ****         * Make sure that Vector Table is located at 0000_0000 in Flash, before
 428:.\Generated_Source\PSoC4/Cm0Start.c ****         * accessing RomVectors or calling functions that may be placed in
 429:.\Generated_Source\PSoC4/Cm0Start.c ****         * .psocinit (cyfitter_cfg and ClockSetup). Note The CY_CPUSS_CONFIG_REG
ARM GAS  C:\Users\Steve\AppData\Local\Temp\cc45aw4U.s 			page 14


 430:.\Generated_Source\PSoC4/Cm0Start.c ****         * register is retention for the specified device family.
 431:.\Generated_Source\PSoC4/Cm0Start.c ****         ***********************************************************************/
 432:.\Generated_Source\PSoC4/Cm0Start.c ****         CY_CPUSS_CONFIG_REG &= (uint32) ~CY_CPUSS_CONFIG_VECT_IN_RAM;
 433:.\Generated_Source\PSoC4/Cm0Start.c ****     #endif  /* (!CY_PSOC4A) */
 434:.\Generated_Source\PSoC4/Cm0Start.c **** 
 435:.\Generated_Source\PSoC4/Cm0Start.c ****     /* Set Ram interrupt vectors to default functions. */
 436:.\Generated_Source\PSoC4/Cm0Start.c ****     for (indexInit = 0u; indexInit < CY_NUM_VECTORS; indexInit++)
 303              		.loc 1 436 0
 304 0006 0023     		mov	r3, #0
 305 0008 7B60     		str	r3, [r7, #4]
 306 000a 0FE0     		b	.L21
 307              	.L24:
 437:.\Generated_Source\PSoC4/Cm0Start.c ****     {
 438:.\Generated_Source\PSoC4/Cm0Start.c ****         CyRamVectors[indexInit] = (indexInit < CY_NUM_ROM_VECTORS) ?
 439:.\Generated_Source\PSoC4/Cm0Start.c ****             #if defined (__ICCARM__)
 440:.\Generated_Source\PSoC4/Cm0Start.c ****                 __vector_table[indexInit].__fun : &IntDefaultHandler;
 441:.\Generated_Source\PSoC4/Cm0Start.c ****             #else
 442:.\Generated_Source\PSoC4/Cm0Start.c ****                 RomVectors[indexInit] : &IntDefaultHandler;
 308              		.loc 1 442 0
 309 000c 7B68     		ldr	r3, [r7, #4]
 310 000e 032B     		cmp	r3, #3
 311 0010 04D8     		bhi	.L22
 312              		.loc 1 442 0 is_stmt 0 discriminator 1
 313 0012 134B     		ldr	r3, .L26
 314 0014 7A68     		ldr	r2, [r7, #4]
 315 0016 9200     		lsl	r2, r2, #2
 316 0018 D358     		ldr	r3, [r2, r3]
 317 001a 00E0     		b	.L23
 318              	.L22:
 319              		.loc 1 442 0 discriminator 2
 320 001c 114B     		ldr	r3, .L26+4
 321              	.L23:
 438:.\Generated_Source\PSoC4/Cm0Start.c ****         CyRamVectors[indexInit] = (indexInit < CY_NUM_ROM_VECTORS) ?
 322              		.loc 1 438 0 is_stmt 1
 323 001e 124A     		ldr	r2, .L26+8
 324 0020 7968     		ldr	r1, [r7, #4]
 325 0022 8900     		lsl	r1, r1, #2
 326 0024 8B50     		str	r3, [r1, r2]
 436:.\Generated_Source\PSoC4/Cm0Start.c ****     for (indexInit = 0u; indexInit < CY_NUM_VECTORS; indexInit++)
 327              		.loc 1 436 0
 328 0026 7B68     		ldr	r3, [r7, #4]
 329 0028 0133     		add	r3, r3, #1
 330 002a 7B60     		str	r3, [r7, #4]
 331              	.L21:
 436:.\Generated_Source\PSoC4/Cm0Start.c ****     for (indexInit = 0u; indexInit < CY_NUM_VECTORS; indexInit++)
 332              		.loc 1 436 0 is_stmt 0 discriminator 1
 333 002c 7B68     		ldr	r3, [r7, #4]
 334 002e 2F2B     		cmp	r3, #47
 335 0030 ECD9     		bls	.L24
 443:.\Generated_Source\PSoC4/Cm0Start.c ****             #endif  /* defined (__ICCARM__) */
 444:.\Generated_Source\PSoC4/Cm0Start.c ****     }
 445:.\Generated_Source\PSoC4/Cm0Start.c **** 
 446:.\Generated_Source\PSoC4/Cm0Start.c ****     /* Initialize configuration registers. */
 447:.\Generated_Source\PSoC4/Cm0Start.c ****     cyfitter_cfg();
 336              		.loc 1 447 0 is_stmt 1
 337 0032 FFF7FEFF 		bl	cyfitter_cfg
 448:.\Generated_Source\PSoC4/Cm0Start.c **** 
ARM GAS  C:\Users\Steve\AppData\Local\Temp\cc45aw4U.s 			page 15


 449:.\Generated_Source\PSoC4/Cm0Start.c ****     #if !defined (__ICCARM__)
 450:.\Generated_Source\PSoC4/Cm0Start.c ****         /* Actually, no need to clean this variable, just to make compiler happy. */
 451:.\Generated_Source\PSoC4/Cm0Start.c ****         cySysNoInitDataValid = 0u;
 338              		.loc 1 451 0
 339 0036 0D4B     		ldr	r3, .L26+12
 340 0038 0022     		mov	r2, #0
 341 003a 1A60     		str	r2, [r3]
 452:.\Generated_Source\PSoC4/Cm0Start.c ****     #endif  /* !defined (__ICCARM__) */
 453:.\Generated_Source\PSoC4/Cm0Start.c **** 
 454:.\Generated_Source\PSoC4/Cm0Start.c ****     #if (CYDEV_PROJ_TYPE != CYDEV_PROJ_TYPE_STANDARD)
 455:.\Generated_Source\PSoC4/Cm0Start.c **** 
 456:.\Generated_Source\PSoC4/Cm0Start.c ****         /* Need to make sure that this variable will not be optimized out */
 457:.\Generated_Source\PSoC4/Cm0Start.c ****         if (0u == cyBtldrRunType)
 342              		.loc 1 457 0
 343 003c 0C4B     		ldr	r3, .L26+16
 344 003e 1B68     		ldr	r3, [r3]
 345 0040 002B     		cmp	r3, #0
 346 0042 02D1     		bne	.L25
 458:.\Generated_Source\PSoC4/Cm0Start.c ****         {
 459:.\Generated_Source\PSoC4/Cm0Start.c ****             cyBtldrRunType = 0u;
 347              		.loc 1 459 0
 348 0044 0A4B     		ldr	r3, .L26+16
 349 0046 0022     		mov	r2, #0
 350 0048 1A60     		str	r2, [r3]
 351              	.L25:
 460:.\Generated_Source\PSoC4/Cm0Start.c ****         }
 461:.\Generated_Source\PSoC4/Cm0Start.c **** 
 462:.\Generated_Source\PSoC4/Cm0Start.c ****     #endif  /* (CYDEV_PROJ_TYPE != CYDEV_PROJ_TYPE_STANDARD) */
 463:.\Generated_Source\PSoC4/Cm0Start.c **** 
 464:.\Generated_Source\PSoC4/Cm0Start.c ****     /* Vector Table is located at 0x2000:0000 in SRAM */
 465:.\Generated_Source\PSoC4/Cm0Start.c ****     CY_CPUSS_CONFIG_REG |= CY_CPUSS_CONFIG_VECT_IN_RAM;
 352              		.loc 1 465 0
 353 004a 8023     		mov	r3, #128
 354 004c DB05     		lsl	r3, r3, #23
 355 004e 8022     		mov	r2, #128
 356 0050 D205     		lsl	r2, r2, #23
 357 0052 1268     		ldr	r2, [r2]
 358 0054 0121     		mov	r1, #1
 359 0056 0A43     		orr	r2, r1
 360 0058 1A60     		str	r2, [r3]
 466:.\Generated_Source\PSoC4/Cm0Start.c **** }
 361              		.loc 1 466 0
 362 005a BD46     		mov	sp, r7
 363 005c 02B0     		add	sp, sp, #8
 364              		@ sp needed for prologue
 365 005e 80BD     		pop	{r7, pc}
 366              	.L27:
 367              		.align	2
 368              	.L26:
 369 0060 00000000 		.word	RomVectors
 370 0064 00000000 		.word	IntDefaultHandler
 371 0068 00000000 		.word	CyRamVectors
 372 006c 00000000 		.word	cySysNoInitDataValid
 373 0070 00000000 		.word	cyBtldrRunType
 374              		.cfi_endproc
 375              	.LFE4:
 376              		.size	initialize_psoc, .-initialize_psoc
ARM GAS  C:\Users\Steve\AppData\Local\Temp\cc45aw4U.s 			page 16


 377              		.section	.init_array,"aw",%init_array
 378              		.align	2
 379 0000 00000000 		.word	initialize_psoc(target1)
 380              		.weak	__cy_region_num
 381              		.text
 382              	.Letext0:
 383              		.file 2 ".\\Generated_Source\\PSoC4\\cytypes.h"
 384              		.file 3 "c:\\program files (x86)\\cypress\\psoc creator\\3.0\\psoc creator\\import\\gnu_cs\\arm\\4
 385              		.section	.debug_info,"",%progbits
 386              	.Ldebug_info0:
 387 0000 CE020000 		.4byte	0x2ce
 388 0004 0200     		.2byte	0x2
 389 0006 00000000 		.4byte	.Ldebug_abbrev0
 390 000a 04       		.byte	0x4
 391 000b 01       		.uleb128 0x1
 392 000c 18020000 		.4byte	.LASF38
 393 0010 01       		.byte	0x1
 394 0011 EA010000 		.4byte	.LASF39
 395 0015 B7000000 		.4byte	.LASF40
 396 0019 00000000 		.4byte	.Ldebug_ranges0+0
 397 001d 00000000 		.4byte	0
 398 0021 00000000 		.4byte	0
 399 0025 00000000 		.4byte	.Ldebug_line0
 400 0029 02       		.uleb128 0x2
 401 002a 01       		.byte	0x1
 402 002b 06       		.byte	0x6
 403 002c 6A020000 		.4byte	.LASF0
 404 0030 02       		.uleb128 0x2
 405 0031 01       		.byte	0x1
 406 0032 08       		.byte	0x8
 407 0033 5E000000 		.4byte	.LASF1
 408 0037 02       		.uleb128 0x2
 409 0038 02       		.byte	0x2
 410 0039 05       		.byte	0x5
 411 003a 0E020000 		.4byte	.LASF2
 412 003e 02       		.uleb128 0x2
 413 003f 02       		.byte	0x2
 414 0040 07       		.byte	0x7
 415 0041 9E000000 		.4byte	.LASF3
 416 0045 02       		.uleb128 0x2
 417 0046 04       		.byte	0x4
 418 0047 05       		.byte	0x5
 419 0048 61020000 		.4byte	.LASF4
 420 004c 02       		.uleb128 0x2
 421 004d 04       		.byte	0x4
 422 004e 07       		.byte	0x7
 423 004f 77000000 		.4byte	.LASF5
 424 0053 02       		.uleb128 0x2
 425 0054 08       		.byte	0x8
 426 0055 05       		.byte	0x5
 427 0056 D7010000 		.4byte	.LASF6
 428 005a 02       		.uleb128 0x2
 429 005b 08       		.byte	0x8
 430 005c 07       		.byte	0x7
 431 005d 89010000 		.4byte	.LASF7
 432 0061 03       		.uleb128 0x3
 433 0062 04       		.byte	0x4
ARM GAS  C:\Users\Steve\AppData\Local\Temp\cc45aw4U.s 			page 17


 434 0063 05       		.byte	0x5
 435 0064 696E7400 		.ascii	"int\000"
 436 0068 02       		.uleb128 0x2
 437 0069 04       		.byte	0x4
 438 006a 07       		.byte	0x7
 439 006b 7C010000 		.4byte	.LASF8
 440 006f 04       		.uleb128 0x4
 441 0070 6B010000 		.4byte	.LASF12
 442 0074 02       		.byte	0x2
 443 0075 5D       		.byte	0x5d
 444 0076 4C000000 		.4byte	0x4c
 445 007a 02       		.uleb128 0x2
 446 007b 04       		.byte	0x4
 447 007c 04       		.byte	0x4
 448 007d 53000000 		.4byte	.LASF9
 449 0081 02       		.uleb128 0x2
 450 0082 08       		.byte	0x8
 451 0083 04       		.byte	0x4
 452 0084 45010000 		.4byte	.LASF10
 453 0088 02       		.uleb128 0x2
 454 0089 01       		.byte	0x1
 455 008a 08       		.byte	0x8
 456 008b E5010000 		.4byte	.LASF11
 457 008f 04       		.uleb128 0x4
 458 0090 00000000 		.4byte	.LASF13
 459 0094 02       		.byte	0x2
 460 0095 F2       		.byte	0xf2
 461 0096 9A000000 		.4byte	0x9a
 462 009a 05       		.uleb128 0x5
 463 009b 6F000000 		.4byte	0x6f
 464 009f 06       		.uleb128 0x6
 465 00a0 A6010000 		.4byte	.LASF14
 466 00a4 02       		.byte	0x2
 467 00a5 0201     		.2byte	0x102
 468 00a7 AB000000 		.4byte	0xab
 469 00ab 07       		.uleb128 0x7
 470 00ac 04       		.byte	0x4
 471 00ad B1000000 		.4byte	0xb1
 472 00b1 08       		.uleb128 0x8
 473 00b2 01       		.byte	0x1
 474 00b3 02       		.uleb128 0x2
 475 00b4 04       		.byte	0x4
 476 00b5 07       		.byte	0x7
 477 00b6 CE010000 		.4byte	.LASF15
 478 00ba 09       		.uleb128 0x9
 479 00bb 88000000 		.4byte	0x88
 480 00bf 04       		.uleb128 0x4
 481 00c0 06000000 		.4byte	.LASF16
 482 00c4 03       		.byte	0x3
 483 00c5 D5       		.byte	0xd5
 484 00c6 68000000 		.4byte	0x68
 485 00ca 04       		.uleb128 0x4
 486 00cb BD010000 		.4byte	.LASF17
 487 00cf 01       		.byte	0x1
 488 00d0 CA       		.byte	0xca
 489 00d1 30000000 		.4byte	0x30
 490 00d5 0A       		.uleb128 0xa
ARM GAS  C:\Users\Steve\AppData\Local\Temp\cc45aw4U.s 			page 18


 491 00d6 8B020000 		.4byte	.LASF41
 492 00da 10       		.byte	0x10
 493 00db 01       		.byte	0x1
 494 00dc CC       		.byte	0xcc
 495 00dd 1A010000 		.4byte	0x11a
 496 00e1 0B       		.uleb128 0xb
 497 00e2 38000000 		.4byte	.LASF18
 498 00e6 01       		.byte	0x1
 499 00e7 CE       		.byte	0xce
 500 00e8 1A010000 		.4byte	0x11a
 501 00ec 02       		.byte	0x2
 502 00ed 23       		.byte	0x23
 503 00ee 00       		.uleb128 0
 504 00ef 0B       		.uleb128 0xb
 505 00f0 59000000 		.4byte	.LASF19
 506 00f4 01       		.byte	0x1
 507 00f5 CF       		.byte	0xcf
 508 00f6 1A010000 		.4byte	0x11a
 509 00fa 02       		.byte	0x2
 510 00fb 23       		.byte	0x23
 511 00fc 04       		.uleb128 0x4
 512 00fd 0B       		.uleb128 0xb
 513 00fe B3010000 		.4byte	.LASF20
 514 0102 01       		.byte	0x1
 515 0103 D0       		.byte	0xd0
 516 0104 BF000000 		.4byte	0xbf
 517 0108 02       		.byte	0x2
 518 0109 23       		.byte	0x23
 519 010a 08       		.uleb128 0x8
 520 010b 0B       		.uleb128 0xb
 521 010c 44000000 		.4byte	.LASF21
 522 0110 01       		.byte	0x1
 523 0111 D1       		.byte	0xd1
 524 0112 BF000000 		.4byte	0xbf
 525 0116 02       		.byte	0x2
 526 0117 23       		.byte	0x23
 527 0118 0C       		.uleb128 0xc
 528 0119 00       		.byte	0
 529 011a 07       		.uleb128 0x7
 530 011b 04       		.byte	0x4
 531 011c CA000000 		.4byte	0xca
 532 0120 0C       		.uleb128 0xc
 533 0121 01       		.byte	0x1
 534 0122 33010000 		.4byte	.LASF28
 535 0126 01       		.byte	0x1
 536 0127 62       		.byte	0x62
 537 0128 01       		.byte	0x1
 538 0129 00000000 		.4byte	.LFB0
 539 012d 06000000 		.4byte	.LFE0
 540 0131 00000000 		.4byte	.LLST0
 541 0135 01       		.byte	0x1
 542 0136 0D       		.uleb128 0xd
 543 0137 01       		.byte	0x1
 544 0138 2D010000 		.4byte	.LASF22
 545 013c 01       		.byte	0x1
 546 013d D9       		.byte	0xd9
 547 013e 01       		.byte	0x1
ARM GAS  C:\Users\Steve\AppData\Local\Temp\cc45aw4U.s 			page 19


 548 013f 00000000 		.4byte	.LFB1
 549 0143 28000000 		.4byte	.LFE1
 550 0147 2C000000 		.4byte	.LLST1
 551 014b 01       		.byte	0x1
 552 014c 6B010000 		.4byte	0x16b
 553 0150 0E       		.uleb128 0xe
 554 0151 3D000000 		.4byte	.LASF42
 555 0155 01       		.byte	0x1
 556 0156 D9       		.byte	0xd9
 557 0157 61000000 		.4byte	0x61
 558 015b 02       		.byte	0x2
 559 015c 91       		.byte	0x91
 560 015d 6C       		.sleb128 -20
 561 015e 0F       		.uleb128 0xf
 562 015f 7800     		.ascii	"x\000"
 563 0161 01       		.byte	0x1
 564 0162 DC       		.byte	0xdc
 565 0163 61000000 		.4byte	0x61
 566 0167 02       		.byte	0x2
 567 0168 91       		.byte	0x91
 568 0169 74       		.sleb128 -12
 569 016a 00       		.byte	0
 570 016b 0D       		.uleb128 0xd
 571 016c 01       		.byte	0x1
 572 016d 1A000000 		.4byte	.LASF23
 573 0171 01       		.byte	0x1
 574 0172 F6       		.byte	0xf6
 575 0173 01       		.byte	0x1
 576 0174 00000000 		.4byte	.LFB2
 577 0178 A4000000 		.4byte	.LFE2
 578 017c 64000000 		.4byte	.LLST2
 579 0180 01       		.byte	0x1
 580 0181 E6010000 		.4byte	0x1e6
 581 0185 10       		.uleb128 0x10
 582 0186 83020000 		.4byte	.LASF24
 583 018a 01       		.byte	0x1
 584 018b F8       		.byte	0xf8
 585 018c 68000000 		.4byte	0x68
 586 0190 02       		.byte	0x2
 587 0191 91       		.byte	0x91
 588 0192 74       		.sleb128 -12
 589 0193 10       		.uleb128 0x10
 590 0194 4E000000 		.4byte	.LASF25
 591 0198 01       		.byte	0x1
 592 0199 F9       		.byte	0xf9
 593 019a E6010000 		.4byte	0x1e6
 594 019e 02       		.byte	0x2
 595 019f 91       		.byte	0x91
 596 01a0 70       		.sleb128 -16
 597 01a1 11       		.uleb128 0x11
 598 01a2 18000000 		.4byte	.LBB2
 599 01a6 78000000 		.4byte	.LBE2
 600 01aa 0F       		.uleb128 0xf
 601 01ab 73726300 		.ascii	"src\000"
 602 01af 01       		.byte	0x1
 603 01b0 FE       		.byte	0xfe
 604 01b1 F1010000 		.4byte	0x1f1
ARM GAS  C:\Users\Steve\AppData\Local\Temp\cc45aw4U.s 			page 20


 605 01b5 02       		.byte	0x2
 606 01b6 91       		.byte	0x91
 607 01b7 6C       		.sleb128 -20
 608 01b8 0F       		.uleb128 0xf
 609 01b9 64737400 		.ascii	"dst\000"
 610 01bd 01       		.byte	0x1
 611 01be FF       		.byte	0xff
 612 01bf F1010000 		.4byte	0x1f1
 613 01c3 02       		.byte	0x2
 614 01c4 91       		.byte	0x91
 615 01c5 68       		.sleb128 -24
 616 01c6 12       		.uleb128 0x12
 617 01c7 A0010000 		.4byte	.LASF26
 618 01cb 01       		.byte	0x1
 619 01cc 0001     		.2byte	0x100
 620 01ce 68000000 		.4byte	0x68
 621 01d2 02       		.byte	0x2
 622 01d3 91       		.byte	0x91
 623 01d4 60       		.sleb128 -32
 624 01d5 12       		.uleb128 0x12
 625 01d6 22000000 		.4byte	.LASF27
 626 01da 01       		.byte	0x1
 627 01db 0101     		.2byte	0x101
 628 01dd 68000000 		.4byte	0x68
 629 01e1 02       		.byte	0x2
 630 01e2 91       		.byte	0x91
 631 01e3 64       		.sleb128 -28
 632 01e4 00       		.byte	0
 633 01e5 00       		.byte	0
 634 01e6 07       		.uleb128 0x7
 635 01e7 04       		.byte	0x4
 636 01e8 EC010000 		.4byte	0x1ec
 637 01ec 09       		.uleb128 0x9
 638 01ed D5000000 		.4byte	0xd5
 639 01f1 07       		.uleb128 0x7
 640 01f2 04       		.byte	0x4
 641 01f3 6F000000 		.4byte	0x6f
 642 01f7 13       		.uleb128 0x13
 643 01f8 01       		.byte	0x1
 644 01f9 B1000000 		.4byte	.LASF29
 645 01fd 01       		.byte	0x1
 646 01fe 2801     		.2byte	0x128
 647 0200 01       		.byte	0x1
 648 0201 00000000 		.4byte	.LFB3
 649 0205 14000000 		.4byte	.LFE3
 650 0209 9C000000 		.4byte	.LLST3
 651 020d 01       		.byte	0x1
 652 020e 14       		.uleb128 0x14
 653 020f 01       		.byte	0x1
 654 0210 5B010000 		.4byte	.LASF30
 655 0214 01       		.byte	0x1
 656 0215 A501     		.2byte	0x1a5
 657 0217 01       		.byte	0x1
 658 0218 00000000 		.4byte	.LFB4
 659 021c 74000000 		.4byte	.LFE4
 660 0220 C8000000 		.4byte	.LLST4
 661 0224 01       		.byte	0x1
ARM GAS  C:\Users\Steve\AppData\Local\Temp\cc45aw4U.s 			page 21


 662 0225 39020000 		.4byte	0x239
 663 0229 12       		.uleb128 0x12
 664 022a 72010000 		.4byte	.LASF31
 665 022e 01       		.byte	0x1
 666 022f A701     		.2byte	0x1a7
 667 0231 6F000000 		.4byte	0x6f
 668 0235 02       		.byte	0x2
 669 0236 91       		.byte	0x91
 670 0237 74       		.sleb128 -12
 671 0238 00       		.byte	0
 672 0239 10       		.uleb128 0x10
 673 023a 89000000 		.4byte	.LASF32
 674 023e 01       		.byte	0x1
 675 023f 39       		.byte	0x39
 676 0240 6F000000 		.4byte	0x6f
 677 0244 05       		.byte	0x5
 678 0245 03       		.byte	0x3
 679 0246 00000000 		.4byte	cySysNoInitDataValid
 680 024a 15       		.uleb128 0x15
 681 024b 4C010000 		.4byte	.LASF33
 682 024f 01       		.byte	0x1
 683 0250 4A       		.byte	0x4a
 684 0251 9A000000 		.4byte	0x9a
 685 0255 01       		.byte	0x1
 686 0256 05       		.byte	0x5
 687 0257 03       		.byte	0x3
 688 0258 00000000 		.4byte	cyBtldrRunType
 689 025c 16       		.uleb128 0x16
 690 025d D5000000 		.4byte	0xd5
 691 0261 67020000 		.4byte	0x267
 692 0265 17       		.uleb128 0x17
 693 0266 00       		.byte	0
 694 0267 18       		.uleb128 0x18
 695 0268 76020000 		.4byte	.LASF34
 696 026c 01       		.byte	0x1
 697 026d D4       		.byte	0xd4
 698 026e 74020000 		.4byte	0x274
 699 0272 01       		.byte	0x1
 700 0273 01       		.byte	0x1
 701 0274 09       		.uleb128 0x9
 702 0275 5C020000 		.4byte	0x25c
 703 0279 18       		.uleb128 0x18
 704 027a 28000000 		.4byte	.LASF35
 705 027e 01       		.byte	0x1
 706 027f D5       		.byte	0xd5
 707 0280 BA000000 		.4byte	0xba
 708 0284 01       		.byte	0x1
 709 0285 01       		.byte	0x1
 710 0286 16       		.uleb128 0x16
 711 0287 9F000000 		.4byte	0x9f
 712 028b 96020000 		.4byte	0x296
 713 028f 19       		.uleb128 0x19
 714 0290 B3000000 		.4byte	0xb3
 715 0294 2F       		.byte	0x2f
 716 0295 00       		.byte	0
 717 0296 1A       		.uleb128 0x1a
 718 0297 0D000000 		.4byte	.LASF36
ARM GAS  C:\Users\Steve\AppData\Local\Temp\cc45aw4U.s 			page 22


 719 029b 01       		.byte	0x1
 720 029c 7101     		.2byte	0x171
 721 029e 86020000 		.4byte	0x286
 722 02a2 01       		.byte	0x1
 723 02a3 05       		.byte	0x5
 724 02a4 03       		.byte	0x3
 725 02a5 00000000 		.4byte	CyRamVectors
 726 02a9 16       		.uleb128 0x16
 727 02aa 9F000000 		.4byte	0x9f
 728 02ae B9020000 		.4byte	0x2b9
 729 02b2 19       		.uleb128 0x19
 730 02b3 B3000000 		.4byte	0xb3
 731 02b7 03       		.byte	0x3
 732 02b8 00       		.byte	0
 733 02b9 1A       		.uleb128 0x1a
 734 02ba 6C000000 		.4byte	.LASF37
 735 02be 01       		.byte	0x1
 736 02bf 8201     		.2byte	0x182
 737 02c1 CC020000 		.4byte	0x2cc
 738 02c5 01       		.byte	0x1
 739 02c6 05       		.byte	0x5
 740 02c7 03       		.byte	0x3
 741 02c8 00000000 		.4byte	RomVectors
 742 02cc 09       		.uleb128 0x9
 743 02cd A9020000 		.4byte	0x2a9
 744 02d1 00       		.byte	0
 745              		.section	.debug_abbrev,"",%progbits
 746              	.Ldebug_abbrev0:
 747 0000 01       		.uleb128 0x1
 748 0001 11       		.uleb128 0x11
 749 0002 01       		.byte	0x1
 750 0003 25       		.uleb128 0x25
 751 0004 0E       		.uleb128 0xe
 752 0005 13       		.uleb128 0x13
 753 0006 0B       		.uleb128 0xb
 754 0007 03       		.uleb128 0x3
 755 0008 0E       		.uleb128 0xe
 756 0009 1B       		.uleb128 0x1b
 757 000a 0E       		.uleb128 0xe
 758 000b 55       		.uleb128 0x55
 759 000c 06       		.uleb128 0x6
 760 000d 11       		.uleb128 0x11
 761 000e 01       		.uleb128 0x1
 762 000f 52       		.uleb128 0x52
 763 0010 01       		.uleb128 0x1
 764 0011 10       		.uleb128 0x10
 765 0012 06       		.uleb128 0x6
 766 0013 00       		.byte	0
 767 0014 00       		.byte	0
 768 0015 02       		.uleb128 0x2
 769 0016 24       		.uleb128 0x24
 770 0017 00       		.byte	0
 771 0018 0B       		.uleb128 0xb
 772 0019 0B       		.uleb128 0xb
 773 001a 3E       		.uleb128 0x3e
 774 001b 0B       		.uleb128 0xb
 775 001c 03       		.uleb128 0x3
ARM GAS  C:\Users\Steve\AppData\Local\Temp\cc45aw4U.s 			page 23


 776 001d 0E       		.uleb128 0xe
 777 001e 00       		.byte	0
 778 001f 00       		.byte	0
 779 0020 03       		.uleb128 0x3
 780 0021 24       		.uleb128 0x24
 781 0022 00       		.byte	0
 782 0023 0B       		.uleb128 0xb
 783 0024 0B       		.uleb128 0xb
 784 0025 3E       		.uleb128 0x3e
 785 0026 0B       		.uleb128 0xb
 786 0027 03       		.uleb128 0x3
 787 0028 08       		.uleb128 0x8
 788 0029 00       		.byte	0
 789 002a 00       		.byte	0
 790 002b 04       		.uleb128 0x4
 791 002c 16       		.uleb128 0x16
 792 002d 00       		.byte	0
 793 002e 03       		.uleb128 0x3
 794 002f 0E       		.uleb128 0xe
 795 0030 3A       		.uleb128 0x3a
 796 0031 0B       		.uleb128 0xb
 797 0032 3B       		.uleb128 0x3b
 798 0033 0B       		.uleb128 0xb
 799 0034 49       		.uleb128 0x49
 800 0035 13       		.uleb128 0x13
 801 0036 00       		.byte	0
 802 0037 00       		.byte	0
 803 0038 05       		.uleb128 0x5
 804 0039 35       		.uleb128 0x35
 805 003a 00       		.byte	0
 806 003b 49       		.uleb128 0x49
 807 003c 13       		.uleb128 0x13
 808 003d 00       		.byte	0
 809 003e 00       		.byte	0
 810 003f 06       		.uleb128 0x6
 811 0040 16       		.uleb128 0x16
 812 0041 00       		.byte	0
 813 0042 03       		.uleb128 0x3
 814 0043 0E       		.uleb128 0xe
 815 0044 3A       		.uleb128 0x3a
 816 0045 0B       		.uleb128 0xb
 817 0046 3B       		.uleb128 0x3b
 818 0047 05       		.uleb128 0x5
 819 0048 49       		.uleb128 0x49
 820 0049 13       		.uleb128 0x13
 821 004a 00       		.byte	0
 822 004b 00       		.byte	0
 823 004c 07       		.uleb128 0x7
 824 004d 0F       		.uleb128 0xf
 825 004e 00       		.byte	0
 826 004f 0B       		.uleb128 0xb
 827 0050 0B       		.uleb128 0xb
 828 0051 49       		.uleb128 0x49
 829 0052 13       		.uleb128 0x13
 830 0053 00       		.byte	0
 831 0054 00       		.byte	0
 832 0055 08       		.uleb128 0x8
ARM GAS  C:\Users\Steve\AppData\Local\Temp\cc45aw4U.s 			page 24


 833 0056 15       		.uleb128 0x15
 834 0057 00       		.byte	0
 835 0058 27       		.uleb128 0x27
 836 0059 0C       		.uleb128 0xc
 837 005a 00       		.byte	0
 838 005b 00       		.byte	0
 839 005c 09       		.uleb128 0x9
 840 005d 26       		.uleb128 0x26
 841 005e 00       		.byte	0
 842 005f 49       		.uleb128 0x49
 843 0060 13       		.uleb128 0x13
 844 0061 00       		.byte	0
 845 0062 00       		.byte	0
 846 0063 0A       		.uleb128 0xa
 847 0064 13       		.uleb128 0x13
 848 0065 01       		.byte	0x1
 849 0066 03       		.uleb128 0x3
 850 0067 0E       		.uleb128 0xe
 851 0068 0B       		.uleb128 0xb
 852 0069 0B       		.uleb128 0xb
 853 006a 3A       		.uleb128 0x3a
 854 006b 0B       		.uleb128 0xb
 855 006c 3B       		.uleb128 0x3b
 856 006d 0B       		.uleb128 0xb
 857 006e 01       		.uleb128 0x1
 858 006f 13       		.uleb128 0x13
 859 0070 00       		.byte	0
 860 0071 00       		.byte	0
 861 0072 0B       		.uleb128 0xb
 862 0073 0D       		.uleb128 0xd
 863 0074 00       		.byte	0
 864 0075 03       		.uleb128 0x3
 865 0076 0E       		.uleb128 0xe
 866 0077 3A       		.uleb128 0x3a
 867 0078 0B       		.uleb128 0xb
 868 0079 3B       		.uleb128 0x3b
 869 007a 0B       		.uleb128 0xb
 870 007b 49       		.uleb128 0x49
 871 007c 13       		.uleb128 0x13
 872 007d 38       		.uleb128 0x38
 873 007e 0A       		.uleb128 0xa
 874 007f 00       		.byte	0
 875 0080 00       		.byte	0
 876 0081 0C       		.uleb128 0xc
 877 0082 2E       		.uleb128 0x2e
 878 0083 00       		.byte	0
 879 0084 3F       		.uleb128 0x3f
 880 0085 0C       		.uleb128 0xc
 881 0086 03       		.uleb128 0x3
 882 0087 0E       		.uleb128 0xe
 883 0088 3A       		.uleb128 0x3a
 884 0089 0B       		.uleb128 0xb
 885 008a 3B       		.uleb128 0x3b
 886 008b 0B       		.uleb128 0xb
 887 008c 27       		.uleb128 0x27
 888 008d 0C       		.uleb128 0xc
 889 008e 11       		.uleb128 0x11
ARM GAS  C:\Users\Steve\AppData\Local\Temp\cc45aw4U.s 			page 25


 890 008f 01       		.uleb128 0x1
 891 0090 12       		.uleb128 0x12
 892 0091 01       		.uleb128 0x1
 893 0092 40       		.uleb128 0x40
 894 0093 06       		.uleb128 0x6
 895 0094 9742     		.uleb128 0x2117
 896 0096 0C       		.uleb128 0xc
 897 0097 00       		.byte	0
 898 0098 00       		.byte	0
 899 0099 0D       		.uleb128 0xd
 900 009a 2E       		.uleb128 0x2e
 901 009b 01       		.byte	0x1
 902 009c 3F       		.uleb128 0x3f
 903 009d 0C       		.uleb128 0xc
 904 009e 03       		.uleb128 0x3
 905 009f 0E       		.uleb128 0xe
 906 00a0 3A       		.uleb128 0x3a
 907 00a1 0B       		.uleb128 0xb
 908 00a2 3B       		.uleb128 0x3b
 909 00a3 0B       		.uleb128 0xb
 910 00a4 27       		.uleb128 0x27
 911 00a5 0C       		.uleb128 0xc
 912 00a6 11       		.uleb128 0x11
 913 00a7 01       		.uleb128 0x1
 914 00a8 12       		.uleb128 0x12
 915 00a9 01       		.uleb128 0x1
 916 00aa 40       		.uleb128 0x40
 917 00ab 06       		.uleb128 0x6
 918 00ac 9642     		.uleb128 0x2116
 919 00ae 0C       		.uleb128 0xc
 920 00af 01       		.uleb128 0x1
 921 00b0 13       		.uleb128 0x13
 922 00b1 00       		.byte	0
 923 00b2 00       		.byte	0
 924 00b3 0E       		.uleb128 0xe
 925 00b4 05       		.uleb128 0x5
 926 00b5 00       		.byte	0
 927 00b6 03       		.uleb128 0x3
 928 00b7 0E       		.uleb128 0xe
 929 00b8 3A       		.uleb128 0x3a
 930 00b9 0B       		.uleb128 0xb
 931 00ba 3B       		.uleb128 0x3b
 932 00bb 0B       		.uleb128 0xb
 933 00bc 49       		.uleb128 0x49
 934 00bd 13       		.uleb128 0x13
 935 00be 02       		.uleb128 0x2
 936 00bf 0A       		.uleb128 0xa
 937 00c0 00       		.byte	0
 938 00c1 00       		.byte	0
 939 00c2 0F       		.uleb128 0xf
 940 00c3 34       		.uleb128 0x34
 941 00c4 00       		.byte	0
 942 00c5 03       		.uleb128 0x3
 943 00c6 08       		.uleb128 0x8
 944 00c7 3A       		.uleb128 0x3a
 945 00c8 0B       		.uleb128 0xb
 946 00c9 3B       		.uleb128 0x3b
ARM GAS  C:\Users\Steve\AppData\Local\Temp\cc45aw4U.s 			page 26


 947 00ca 0B       		.uleb128 0xb
 948 00cb 49       		.uleb128 0x49
 949 00cc 13       		.uleb128 0x13
 950 00cd 02       		.uleb128 0x2
 951 00ce 0A       		.uleb128 0xa
 952 00cf 00       		.byte	0
 953 00d0 00       		.byte	0
 954 00d1 10       		.uleb128 0x10
 955 00d2 34       		.uleb128 0x34
 956 00d3 00       		.byte	0
 957 00d4 03       		.uleb128 0x3
 958 00d5 0E       		.uleb128 0xe
 959 00d6 3A       		.uleb128 0x3a
 960 00d7 0B       		.uleb128 0xb
 961 00d8 3B       		.uleb128 0x3b
 962 00d9 0B       		.uleb128 0xb
 963 00da 49       		.uleb128 0x49
 964 00db 13       		.uleb128 0x13
 965 00dc 02       		.uleb128 0x2
 966 00dd 0A       		.uleb128 0xa
 967 00de 00       		.byte	0
 968 00df 00       		.byte	0
 969 00e0 11       		.uleb128 0x11
 970 00e1 0B       		.uleb128 0xb
 971 00e2 01       		.byte	0x1
 972 00e3 11       		.uleb128 0x11
 973 00e4 01       		.uleb128 0x1
 974 00e5 12       		.uleb128 0x12
 975 00e6 01       		.uleb128 0x1
 976 00e7 00       		.byte	0
 977 00e8 00       		.byte	0
 978 00e9 12       		.uleb128 0x12
 979 00ea 34       		.uleb128 0x34
 980 00eb 00       		.byte	0
 981 00ec 03       		.uleb128 0x3
 982 00ed 0E       		.uleb128 0xe
 983 00ee 3A       		.uleb128 0x3a
 984 00ef 0B       		.uleb128 0xb
 985 00f0 3B       		.uleb128 0x3b
 986 00f1 05       		.uleb128 0x5
 987 00f2 49       		.uleb128 0x49
 988 00f3 13       		.uleb128 0x13
 989 00f4 02       		.uleb128 0x2
 990 00f5 0A       		.uleb128 0xa
 991 00f6 00       		.byte	0
 992 00f7 00       		.byte	0
 993 00f8 13       		.uleb128 0x13
 994 00f9 2E       		.uleb128 0x2e
 995 00fa 00       		.byte	0
 996 00fb 3F       		.uleb128 0x3f
 997 00fc 0C       		.uleb128 0xc
 998 00fd 03       		.uleb128 0x3
 999 00fe 0E       		.uleb128 0xe
 1000 00ff 3A       		.uleb128 0x3a
 1001 0100 0B       		.uleb128 0xb
 1002 0101 3B       		.uleb128 0x3b
 1003 0102 05       		.uleb128 0x5
ARM GAS  C:\Users\Steve\AppData\Local\Temp\cc45aw4U.s 			page 27


 1004 0103 27       		.uleb128 0x27
 1005 0104 0C       		.uleb128 0xc
 1006 0105 11       		.uleb128 0x11
 1007 0106 01       		.uleb128 0x1
 1008 0107 12       		.uleb128 0x12
 1009 0108 01       		.uleb128 0x1
 1010 0109 40       		.uleb128 0x40
 1011 010a 06       		.uleb128 0x6
 1012 010b 9642     		.uleb128 0x2116
 1013 010d 0C       		.uleb128 0xc
 1014 010e 00       		.byte	0
 1015 010f 00       		.byte	0
 1016 0110 14       		.uleb128 0x14
 1017 0111 2E       		.uleb128 0x2e
 1018 0112 01       		.byte	0x1
 1019 0113 3F       		.uleb128 0x3f
 1020 0114 0C       		.uleb128 0xc
 1021 0115 03       		.uleb128 0x3
 1022 0116 0E       		.uleb128 0xe
 1023 0117 3A       		.uleb128 0x3a
 1024 0118 0B       		.uleb128 0xb
 1025 0119 3B       		.uleb128 0x3b
 1026 011a 05       		.uleb128 0x5
 1027 011b 27       		.uleb128 0x27
 1028 011c 0C       		.uleb128 0xc
 1029 011d 11       		.uleb128 0x11
 1030 011e 01       		.uleb128 0x1
 1031 011f 12       		.uleb128 0x12
 1032 0120 01       		.uleb128 0x1
 1033 0121 40       		.uleb128 0x40
 1034 0122 06       		.uleb128 0x6
 1035 0123 9642     		.uleb128 0x2116
 1036 0125 0C       		.uleb128 0xc
 1037 0126 01       		.uleb128 0x1
 1038 0127 13       		.uleb128 0x13
 1039 0128 00       		.byte	0
 1040 0129 00       		.byte	0
 1041 012a 15       		.uleb128 0x15
 1042 012b 34       		.uleb128 0x34
 1043 012c 00       		.byte	0
 1044 012d 03       		.uleb128 0x3
 1045 012e 0E       		.uleb128 0xe
 1046 012f 3A       		.uleb128 0x3a
 1047 0130 0B       		.uleb128 0xb
 1048 0131 3B       		.uleb128 0x3b
 1049 0132 0B       		.uleb128 0xb
 1050 0133 49       		.uleb128 0x49
 1051 0134 13       		.uleb128 0x13
 1052 0135 3F       		.uleb128 0x3f
 1053 0136 0C       		.uleb128 0xc
 1054 0137 02       		.uleb128 0x2
 1055 0138 0A       		.uleb128 0xa
 1056 0139 00       		.byte	0
 1057 013a 00       		.byte	0
 1058 013b 16       		.uleb128 0x16
 1059 013c 01       		.uleb128 0x1
 1060 013d 01       		.byte	0x1
ARM GAS  C:\Users\Steve\AppData\Local\Temp\cc45aw4U.s 			page 28


 1061 013e 49       		.uleb128 0x49
 1062 013f 13       		.uleb128 0x13
 1063 0140 01       		.uleb128 0x1
 1064 0141 13       		.uleb128 0x13
 1065 0142 00       		.byte	0
 1066 0143 00       		.byte	0
 1067 0144 17       		.uleb128 0x17
 1068 0145 21       		.uleb128 0x21
 1069 0146 00       		.byte	0
 1070 0147 00       		.byte	0
 1071 0148 00       		.byte	0
 1072 0149 18       		.uleb128 0x18
 1073 014a 34       		.uleb128 0x34
 1074 014b 00       		.byte	0
 1075 014c 03       		.uleb128 0x3
 1076 014d 0E       		.uleb128 0xe
 1077 014e 3A       		.uleb128 0x3a
 1078 014f 0B       		.uleb128 0xb
 1079 0150 3B       		.uleb128 0x3b
 1080 0151 0B       		.uleb128 0xb
 1081 0152 49       		.uleb128 0x49
 1082 0153 13       		.uleb128 0x13
 1083 0154 3F       		.uleb128 0x3f
 1084 0155 0C       		.uleb128 0xc
 1085 0156 3C       		.uleb128 0x3c
 1086 0157 0C       		.uleb128 0xc
 1087 0158 00       		.byte	0
 1088 0159 00       		.byte	0
 1089 015a 19       		.uleb128 0x19
 1090 015b 21       		.uleb128 0x21
 1091 015c 00       		.byte	0
 1092 015d 49       		.uleb128 0x49
 1093 015e 13       		.uleb128 0x13
 1094 015f 2F       		.uleb128 0x2f
 1095 0160 0B       		.uleb128 0xb
 1096 0161 00       		.byte	0
 1097 0162 00       		.byte	0
 1098 0163 1A       		.uleb128 0x1a
 1099 0164 34       		.uleb128 0x34
 1100 0165 00       		.byte	0
 1101 0166 03       		.uleb128 0x3
 1102 0167 0E       		.uleb128 0xe
 1103 0168 3A       		.uleb128 0x3a
 1104 0169 0B       		.uleb128 0xb
 1105 016a 3B       		.uleb128 0x3b
 1106 016b 05       		.uleb128 0x5
 1107 016c 49       		.uleb128 0x49
 1108 016d 13       		.uleb128 0x13
 1109 016e 3F       		.uleb128 0x3f
 1110 016f 0C       		.uleb128 0xc
 1111 0170 02       		.uleb128 0x2
 1112 0171 0A       		.uleb128 0xa
 1113 0172 00       		.byte	0
 1114 0173 00       		.byte	0
 1115 0174 00       		.byte	0
 1116              		.section	.debug_loc,"",%progbits
 1117              	.Ldebug_loc0:
ARM GAS  C:\Users\Steve\AppData\Local\Temp\cc45aw4U.s 			page 29


 1118              	.LLST0:
 1119 0000 00000000 		.4byte	.LFB0
 1120 0004 02000000 		.4byte	.LCFI0
 1121 0008 0200     		.2byte	0x2
 1122 000a 7D       		.byte	0x7d
 1123 000b 00       		.sleb128 0
 1124 000c 02000000 		.4byte	.LCFI0
 1125 0010 04000000 		.4byte	.LCFI1
 1126 0014 0200     		.2byte	0x2
 1127 0016 7D       		.byte	0x7d
 1128 0017 08       		.sleb128 8
 1129 0018 04000000 		.4byte	.LCFI1
 1130 001c 06000000 		.4byte	.LFE0
 1131 0020 0200     		.2byte	0x2
 1132 0022 77       		.byte	0x77
 1133 0023 08       		.sleb128 8
 1134 0024 00000000 		.4byte	0
 1135 0028 00000000 		.4byte	0
 1136              	.LLST1:
 1137 002c 00000000 		.4byte	.LFB1
 1138 0030 02000000 		.4byte	.LCFI2
 1139 0034 0200     		.2byte	0x2
 1140 0036 7D       		.byte	0x7d
 1141 0037 00       		.sleb128 0
 1142 0038 02000000 		.4byte	.LCFI2
 1143 003c 04000000 		.4byte	.LCFI3
 1144 0040 0200     		.2byte	0x2
 1145 0042 7D       		.byte	0x7d
 1146 0043 08       		.sleb128 8
 1147 0044 04000000 		.4byte	.LCFI3
 1148 0048 06000000 		.4byte	.LCFI4
 1149 004c 0200     		.2byte	0x2
 1150 004e 7D       		.byte	0x7d
 1151 004f 18       		.sleb128 24
 1152 0050 06000000 		.4byte	.LCFI4
 1153 0054 28000000 		.4byte	.LFE1
 1154 0058 0200     		.2byte	0x2
 1155 005a 77       		.byte	0x77
 1156 005b 18       		.sleb128 24
 1157 005c 00000000 		.4byte	0
 1158 0060 00000000 		.4byte	0
 1159              	.LLST2:
 1160 0064 00000000 		.4byte	.LFB2
 1161 0068 02000000 		.4byte	.LCFI5
 1162 006c 0200     		.2byte	0x2
 1163 006e 7D       		.byte	0x7d
 1164 006f 00       		.sleb128 0
 1165 0070 02000000 		.4byte	.LCFI5
 1166 0074 04000000 		.4byte	.LCFI6
 1167 0078 0200     		.2byte	0x2
 1168 007a 7D       		.byte	0x7d
 1169 007b 08       		.sleb128 8
 1170 007c 04000000 		.4byte	.LCFI6
 1171 0080 06000000 		.4byte	.LCFI7
 1172 0084 0200     		.2byte	0x2
 1173 0086 7D       		.byte	0x7d
 1174 0087 20       		.sleb128 32
ARM GAS  C:\Users\Steve\AppData\Local\Temp\cc45aw4U.s 			page 30


 1175 0088 06000000 		.4byte	.LCFI7
 1176 008c A4000000 		.4byte	.LFE2
 1177 0090 0200     		.2byte	0x2
 1178 0092 77       		.byte	0x77
 1179 0093 20       		.sleb128 32
 1180 0094 00000000 		.4byte	0
 1181 0098 00000000 		.4byte	0
 1182              	.LLST3:
 1183 009c 00000000 		.4byte	.LFB3
 1184 00a0 02000000 		.4byte	.LCFI8
 1185 00a4 0200     		.2byte	0x2
 1186 00a6 7D       		.byte	0x7d
 1187 00a7 00       		.sleb128 0
 1188 00a8 02000000 		.4byte	.LCFI8
 1189 00ac 04000000 		.4byte	.LCFI9
 1190 00b0 0200     		.2byte	0x2
 1191 00b2 7D       		.byte	0x7d
 1192 00b3 08       		.sleb128 8
 1193 00b4 04000000 		.4byte	.LCFI9
 1194 00b8 14000000 		.4byte	.LFE3
 1195 00bc 0200     		.2byte	0x2
 1196 00be 77       		.byte	0x77
 1197 00bf 08       		.sleb128 8
 1198 00c0 00000000 		.4byte	0
 1199 00c4 00000000 		.4byte	0
 1200              	.LLST4:
 1201 00c8 00000000 		.4byte	.LFB4
 1202 00cc 02000000 		.4byte	.LCFI10
 1203 00d0 0200     		.2byte	0x2
 1204 00d2 7D       		.byte	0x7d
 1205 00d3 00       		.sleb128 0
 1206 00d4 02000000 		.4byte	.LCFI10
 1207 00d8 04000000 		.4byte	.LCFI11
 1208 00dc 0200     		.2byte	0x2
 1209 00de 7D       		.byte	0x7d
 1210 00df 08       		.sleb128 8
 1211 00e0 04000000 		.4byte	.LCFI11
 1212 00e4 06000000 		.4byte	.LCFI12
 1213 00e8 0200     		.2byte	0x2
 1214 00ea 7D       		.byte	0x7d
 1215 00eb 10       		.sleb128 16
 1216 00ec 06000000 		.4byte	.LCFI12
 1217 00f0 74000000 		.4byte	.LFE4
 1218 00f4 0200     		.2byte	0x2
 1219 00f6 77       		.byte	0x77
 1220 00f7 10       		.sleb128 16
 1221 00f8 00000000 		.4byte	0
 1222 00fc 00000000 		.4byte	0
 1223              		.section	.debug_aranges,"",%progbits
 1224 0000 3C000000 		.4byte	0x3c
 1225 0004 0200     		.2byte	0x2
 1226 0006 00000000 		.4byte	.Ldebug_info0
 1227 000a 04       		.byte	0x4
 1228 000b 00       		.byte	0
 1229 000c 0000     		.2byte	0
 1230 000e 0000     		.2byte	0
 1231 0010 00000000 		.4byte	.LFB0
ARM GAS  C:\Users\Steve\AppData\Local\Temp\cc45aw4U.s 			page 31


 1232 0014 06000000 		.4byte	.LFE0-.LFB0
 1233 0018 00000000 		.4byte	.LFB1
 1234 001c 28000000 		.4byte	.LFE1-.LFB1
 1235 0020 00000000 		.4byte	.LFB2
 1236 0024 A4000000 		.4byte	.LFE2-.LFB2
 1237 0028 00000000 		.4byte	.LFB3
 1238 002c 14000000 		.4byte	.LFE3-.LFB3
 1239 0030 00000000 		.4byte	.LFB4
 1240 0034 74000000 		.4byte	.LFE4-.LFB4
 1241 0038 00000000 		.4byte	0
 1242 003c 00000000 		.4byte	0
 1243              		.section	.debug_ranges,"",%progbits
 1244              	.Ldebug_ranges0:
 1245 0000 00000000 		.4byte	.LFB0
 1246 0004 06000000 		.4byte	.LFE0
 1247 0008 00000000 		.4byte	.LFB1
 1248 000c 28000000 		.4byte	.LFE1
 1249 0010 00000000 		.4byte	.LFB2
 1250 0014 A4000000 		.4byte	.LFE2
 1251 0018 00000000 		.4byte	.LFB3
 1252 001c 14000000 		.4byte	.LFE3
 1253 0020 00000000 		.4byte	.LFB4
 1254 0024 74000000 		.4byte	.LFE4
 1255 0028 00000000 		.4byte	0
 1256 002c 00000000 		.4byte	0
 1257              		.section	.debug_line,"",%progbits
 1258              	.Ldebug_line0:
 1259 0000 98010000 		.section	.debug_str,"MS",%progbits,1
 1259      0200D300 
 1259      00000201 
 1259      FB0E0D00 
 1259      01010101 
 1260              	.LASF13:
 1261 0000 72656733 		.ascii	"reg32\000"
 1261      3200
 1262              	.LASF16:
 1263 0006 73697A65 		.ascii	"size_t\000"
 1263      5F7400
 1264              	.LASF36:
 1265 000d 43795261 		.ascii	"CyRamVectors\000"
 1265      6D566563 
 1265      746F7273 
 1265      00
 1266              	.LASF23:
 1267 001a 53746172 		.ascii	"Start_c\000"
 1267      745F6300 
 1268              	.LASF27:
 1269 0022 636F756E 		.ascii	"count\000"
 1269      7400
 1270              	.LASF35:
 1271 0028 5F5F6379 		.ascii	"__cy_region_num\000"
 1271      5F726567 
 1271      696F6E5F 
 1271      6E756D00 
 1272              	.LASF18:
 1273 0038 696E6974 		.ascii	"init\000"
 1273      00
ARM GAS  C:\Users\Steve\AppData\Local\Temp\cc45aw4U.s 			page 32


 1274              	.LASF42:
 1275 003d 73746174 		.ascii	"status\000"
 1275      757300
 1276              	.LASF21:
 1277 0044 7A65726F 		.ascii	"zero_size\000"
 1277      5F73697A 
 1277      6500
 1278              	.LASF25:
 1279 004e 72707472 		.ascii	"rptr\000"
 1279      00
 1280              	.LASF9:
 1281 0053 666C6F61 		.ascii	"float\000"
 1281      7400
 1282              	.LASF19:
 1283 0059 64617461 		.ascii	"data\000"
 1283      00
 1284              	.LASF1:
 1285 005e 756E7369 		.ascii	"unsigned char\000"
 1285      676E6564 
 1285      20636861 
 1285      7200
 1286              	.LASF37:
 1287 006c 526F6D56 		.ascii	"RomVectors\000"
 1287      6563746F 
 1287      727300
 1288              	.LASF5:
 1289 0077 6C6F6E67 		.ascii	"long unsigned int\000"
 1289      20756E73 
 1289      69676E65 
 1289      6420696E 
 1289      7400
 1290              	.LASF32:
 1291 0089 63795379 		.ascii	"cySysNoInitDataValid\000"
 1291      734E6F49 
 1291      6E697444 
 1291      61746156 
 1291      616C6964 
 1292              	.LASF3:
 1293 009e 73686F72 		.ascii	"short unsigned int\000"
 1293      7420756E 
 1293      7369676E 
 1293      65642069 
 1293      6E7400
 1294              	.LASF29:
 1295 00b1 52657365 		.ascii	"Reset\000"
 1295      7400
 1296              	.LASF40:
 1297 00b7 433A5C55 		.ascii	"C:\\Users\\Steve\\Desktop\\Projects\\MarsRover\\BYU"
 1297      73657273 
 1297      5C537465 
 1297      76655C44 
 1297      65736B74 
 1298 00e4 2D4D6172 		.ascii	"-MarsRover\\MasterControllerBoard\\MasterController"
 1298      73526F76 
 1298      65725C4D 
 1298      61737465 
 1298      72436F6E 
ARM GAS  C:\Users\Steve\AppData\Local\Temp\cc45aw4U.s 			page 33


 1299 0115 5C4D6173 		.ascii	"\\MasterController.cydsn\000"
 1299      74657243 
 1299      6F6E7472 
 1299      6F6C6C65 
 1299      722E6379 
 1300              	.LASF22:
 1301 012d 5F657869 		.ascii	"_exit\000"
 1301      7400
 1302              	.LASF28:
 1303 0133 496E7444 		.ascii	"IntDefaultHandler\000"
 1303      65666175 
 1303      6C744861 
 1303      6E646C65 
 1303      7200
 1304              	.LASF10:
 1305 0145 646F7562 		.ascii	"double\000"
 1305      6C6500
 1306              	.LASF33:
 1307 014c 63794274 		.ascii	"cyBtldrRunType\000"
 1307      6C647252 
 1307      756E5479 
 1307      706500
 1308              	.LASF30:
 1309 015b 696E6974 		.ascii	"initialize_psoc\000"
 1309      69616C69 
 1309      7A655F70 
 1309      736F6300 
 1310              	.LASF12:
 1311 016b 75696E74 		.ascii	"uint32\000"
 1311      333200
 1312              	.LASF31:
 1313 0172 696E6465 		.ascii	"indexInit\000"
 1313      78496E69 
 1313      7400
 1314              	.LASF8:
 1315 017c 756E7369 		.ascii	"unsigned int\000"
 1315      676E6564 
 1315      20696E74 
 1315      00
 1316              	.LASF7:
 1317 0189 6C6F6E67 		.ascii	"long long unsigned int\000"
 1317      206C6F6E 
 1317      6720756E 
 1317      7369676E 
 1317      65642069 
 1318              	.LASF26:
 1319 01a0 6C696D69 		.ascii	"limit\000"
 1319      7400
 1320              	.LASF14:
 1321 01a6 63796973 		.ascii	"cyisraddress\000"
 1321      72616464 
 1321      72657373 
 1321      00
 1322              	.LASF20:
 1323 01b3 696E6974 		.ascii	"init_size\000"
 1323      5F73697A 
 1323      6500
ARM GAS  C:\Users\Steve\AppData\Local\Temp\cc45aw4U.s 			page 34


 1324              	.LASF17:
 1325 01bd 5F5F6379 		.ascii	"__cy_byte_align8\000"
 1325      5F627974 
 1325      655F616C 
 1325      69676E38 
 1325      00
 1326              	.LASF15:
 1327 01ce 73697A65 		.ascii	"sizetype\000"
 1327      74797065 
 1327      00
 1328              	.LASF6:
 1329 01d7 6C6F6E67 		.ascii	"long long int\000"
 1329      206C6F6E 
 1329      6720696E 
 1329      7400
 1330              	.LASF11:
 1331 01e5 63686172 		.ascii	"char\000"
 1331      00
 1332              	.LASF39:
 1333 01ea 2E5C4765 		.ascii	".\\Generated_Source\\PSoC4\\Cm0Start.c\000"
 1333      6E657261 
 1333      7465645F 
 1333      536F7572 
 1333      63655C50 
 1334              	.LASF2:
 1335 020e 73686F72 		.ascii	"short int\000"
 1335      7420696E 
 1335      7400
 1336              	.LASF38:
 1337 0218 474E5520 		.ascii	"GNU C 4.7.3 20130312 (release) [ARM/embedded-4_7-br"
 1337      4320342E 
 1337      372E3320 
 1337      32303133 
 1337      30333132 
 1338 024b 616E6368 		.ascii	"anch revision 196615]\000"
 1338      20726576 
 1338      6973696F 
 1338      6E203139 
 1338      36363135 
 1339              	.LASF4:
 1340 0261 6C6F6E67 		.ascii	"long int\000"
 1340      20696E74 
 1340      00
 1341              	.LASF0:
 1342 026a 7369676E 		.ascii	"signed char\000"
 1342      65642063 
 1342      68617200 
 1343              	.LASF34:
 1344 0276 5F5F6379 		.ascii	"__cy_regions\000"
 1344      5F726567 
 1344      696F6E73 
 1344      00
 1345              	.LASF24:
 1346 0283 72656769 		.ascii	"regions\000"
 1346      6F6E7300 
 1347              	.LASF41:
 1348 028b 5F5F6379 		.ascii	"__cy_region\000"
ARM GAS  C:\Users\Steve\AppData\Local\Temp\cc45aw4U.s 			page 35


 1348      5F726567 
 1348      696F6E00 
 1349              		.ident	"GCC: (GNU Tools for ARM Embedded Processors) 4.7.3 20130312 (release) [ARM/embedded-4_7-br
