ARM GAS  C:\Users\Jared\AppData\Local\Temp\ccWElxBO.s 			page 1


   1              		.cpu cortex-m0
   2              		.fpu softvfp
   3              		.eabi_attribute 20, 1
   4              		.eabi_attribute 21, 1
   5              		.eabi_attribute 23, 3
   6              		.eabi_attribute 24, 1
   7              		.eabi_attribute 25, 1
   8              		.eabi_attribute 26, 1
   9              		.eabi_attribute 30, 6
  10              		.eabi_attribute 34, 0
  11              		.eabi_attribute 18, 4
  12              		.code	16
  13              		.file	"Bootloadable_1.c"
  14              		.text
  15              	.Ltext0:
  16              		.cfi_sections	.debug_frame
  17              		.section	.text.Bootloadable_1_Load,"ax",%progbits
  18              		.align	2
  19              		.global	Bootloadable_1_Load
  20              		.code	16
  21              		.thumb_func
  22              		.type	Bootloadable_1_Load, %function
  23              	Bootloadable_1_Load:
  24              	.LFB0:
  25              		.file 1 ".\\Generated_Source\\PSoC4\\Bootloadable_1.c"
   1:.\Generated_Source\PSoC4/Bootloadable_1.c **** /*******************************************************************************
   2:.\Generated_Source\PSoC4/Bootloadable_1.c **** * File Name: Bootloadable_1.c
   3:.\Generated_Source\PSoC4/Bootloadable_1.c **** * Version 1.20
   4:.\Generated_Source\PSoC4/Bootloadable_1.c **** *
   5:.\Generated_Source\PSoC4/Bootloadable_1.c **** *  Description:
   6:.\Generated_Source\PSoC4/Bootloadable_1.c **** *   Provides an API for the Bootloadable application. The API includes a
   7:.\Generated_Source\PSoC4/Bootloadable_1.c **** *   single function for starting bootloader.
   8:.\Generated_Source\PSoC4/Bootloadable_1.c **** *
   9:.\Generated_Source\PSoC4/Bootloadable_1.c **** ********************************************************************************
  10:.\Generated_Source\PSoC4/Bootloadable_1.c **** * Copyright 2008-2013, Cypress Semiconductor Corporation.  All rights reserved.
  11:.\Generated_Source\PSoC4/Bootloadable_1.c **** * You may use this file only in accordance with the license, terms, conditions,
  12:.\Generated_Source\PSoC4/Bootloadable_1.c **** * disclaimers, and limitations in the end user license agreement accompanying
  13:.\Generated_Source\PSoC4/Bootloadable_1.c **** * the software package with which this file was provided.
  14:.\Generated_Source\PSoC4/Bootloadable_1.c **** *******************************************************************************/
  15:.\Generated_Source\PSoC4/Bootloadable_1.c **** 
  16:.\Generated_Source\PSoC4/Bootloadable_1.c **** #include "Bootloadable_1.h"
  17:.\Generated_Source\PSoC4/Bootloadable_1.c **** 
  18:.\Generated_Source\PSoC4/Bootloadable_1.c **** 
  19:.\Generated_Source\PSoC4/Bootloadable_1.c **** /*******************************************************************************
  20:.\Generated_Source\PSoC4/Bootloadable_1.c **** * Function Name: Bootloadable_1_Load
  21:.\Generated_Source\PSoC4/Bootloadable_1.c **** ********************************************************************************
  22:.\Generated_Source\PSoC4/Bootloadable_1.c **** * Summary:
  23:.\Generated_Source\PSoC4/Bootloadable_1.c **** *  Begins the bootloading algorithm, downloading a new ACD image from the host.
  24:.\Generated_Source\PSoC4/Bootloadable_1.c **** *
  25:.\Generated_Source\PSoC4/Bootloadable_1.c **** * Parameters:
  26:.\Generated_Source\PSoC4/Bootloadable_1.c **** *  None
  27:.\Generated_Source\PSoC4/Bootloadable_1.c **** *
  28:.\Generated_Source\PSoC4/Bootloadable_1.c **** * Returns:
  29:.\Generated_Source\PSoC4/Bootloadable_1.c **** *  This method will never return. It will load a new application and reset
  30:.\Generated_Source\PSoC4/Bootloadable_1.c **** *  the device.
  31:.\Generated_Source\PSoC4/Bootloadable_1.c **** *
  32:.\Generated_Source\PSoC4/Bootloadable_1.c **** *******************************************************************************/
ARM GAS  C:\Users\Jared\AppData\Local\Temp\ccWElxBO.s 			page 2


  33:.\Generated_Source\PSoC4/Bootloadable_1.c **** void Bootloadable_1_Load(void) 
  34:.\Generated_Source\PSoC4/Bootloadable_1.c **** {
  26              		.loc 1 34 0
  27              		.cfi_startproc
  28 0000 80B5     		push	{r7, lr}
  29              	.LCFI0:
  30              		.cfi_def_cfa_offset 8
  31              		.cfi_offset 7, -8
  32              		.cfi_offset 14, -4
  33 0002 00AF     		add	r7, sp, #0
  34              	.LCFI1:
  35              		.cfi_def_cfa_register 7
  35:.\Generated_Source\PSoC4/Bootloadable_1.c ****     /* Schedule Bootloader to start after reset */
  36:.\Generated_Source\PSoC4/Bootloadable_1.c ****     Bootloadable_1_SET_RUN_TYPE(Bootloadable_1_START_BTLDR);
  36              		.loc 1 36 0
  37 0004 034B     		ldr	r3, .L2
  38 0006 4022     		mov	r2, #64
  39 0008 1A60     		str	r2, [r3]
  37:.\Generated_Source\PSoC4/Bootloadable_1.c **** 
  38:.\Generated_Source\PSoC4/Bootloadable_1.c ****     CySoftwareReset();
  40              		.loc 1 38 0
  41 000a FFF7FEFF 		bl	CySoftwareReset
  39:.\Generated_Source\PSoC4/Bootloadable_1.c **** }
  42              		.loc 1 39 0
  43 000e BD46     		mov	sp, r7
  44              		@ sp needed for prologue
  45 0010 80BD     		pop	{r7, pc}
  46              	.L3:
  47 0012 C046     		.align	2
  48              	.L2:
  49 0014 00000000 		.word	cyBtldrRunType
  50              		.cfi_endproc
  51              	.LFE0:
  52              		.size	Bootloadable_1_Load, .-Bootloadable_1_Load
  53              		.section	.text.Bootloadable_1_SetFlashByte,"ax",%progbits
  54              		.align	2
  55              		.global	Bootloadable_1_SetFlashByte
  56              		.code	16
  57              		.thumb_func
  58              		.type	Bootloadable_1_SetFlashByte, %function
  59              	Bootloadable_1_SetFlashByte:
  60              	.LFB1:
  40:.\Generated_Source\PSoC4/Bootloadable_1.c **** 
  41:.\Generated_Source\PSoC4/Bootloadable_1.c **** 
  42:.\Generated_Source\PSoC4/Bootloadable_1.c **** /*******************************************************************************
  43:.\Generated_Source\PSoC4/Bootloadable_1.c **** * Function Name: Bootloadable_1_SetFlashByte
  44:.\Generated_Source\PSoC4/Bootloadable_1.c **** ********************************************************************************
  45:.\Generated_Source\PSoC4/Bootloadable_1.c **** * Summary:
  46:.\Generated_Source\PSoC4/Bootloadable_1.c **** *  Sets byte at specified address in Flash.
  47:.\Generated_Source\PSoC4/Bootloadable_1.c **** *
  48:.\Generated_Source\PSoC4/Bootloadable_1.c **** * Parameters:
  49:.\Generated_Source\PSoC4/Bootloadable_1.c **** *  None
  50:.\Generated_Source\PSoC4/Bootloadable_1.c **** *
  51:.\Generated_Source\PSoC4/Bootloadable_1.c **** * Returns:
  52:.\Generated_Source\PSoC4/Bootloadable_1.c **** *  None
  53:.\Generated_Source\PSoC4/Bootloadable_1.c **** *
  54:.\Generated_Source\PSoC4/Bootloadable_1.c **** *******************************************************************************/
ARM GAS  C:\Users\Jared\AppData\Local\Temp\ccWElxBO.s 			page 3


  55:.\Generated_Source\PSoC4/Bootloadable_1.c **** void Bootloadable_1_SetFlashByte(uint32 address, uint8 runType) 
  56:.\Generated_Source\PSoC4/Bootloadable_1.c **** {
  61              		.loc 1 56 0
  62              		.cfi_startproc
  63 0000 80B5     		push	{r7, lr}
  64              	.LCFI2:
  65              		.cfi_def_cfa_offset 8
  66              		.cfi_offset 7, -8
  67              		.cfi_offset 14, -4
  68 0002 A6B0     		sub	sp, sp, #152
  69              	.LCFI3:
  70              		.cfi_def_cfa_offset 160
  71 0004 00AF     		add	r7, sp, #0
  72              	.LCFI4:
  73              		.cfi_def_cfa_register 7
  74 0006 7860     		str	r0, [r7, #4]
  75 0008 0A1C     		mov	r2, r1
  76 000a FB1C     		add	r3, r7, #3
  77 000c 1A70     		strb	r2, [r3]
  57:.\Generated_Source\PSoC4/Bootloadable_1.c ****     uint32 flsAddr = address - CYDEV_FLASH_BASE;
  78              		.loc 1 57 0
  79 000e 7B68     		ldr	r3, [r7, #4]
  80 0010 9020     		mov	r0, #144
  81 0012 C019     		add	r0, r0, r7
  82 0014 0360     		str	r3, [r0]
  58:.\Generated_Source\PSoC4/Bootloadable_1.c ****     uint8 rowData[CYDEV_FLS_ROW_SIZE];
  59:.\Generated_Source\PSoC4/Bootloadable_1.c **** 
  60:.\Generated_Source\PSoC4/Bootloadable_1.c ****     #if !(CY_PSOC4)
  61:.\Generated_Source\PSoC4/Bootloadable_1.c ****         uint8 arrayId = (uint8)(flsAddr / CYDEV_FLS_SECTOR_SIZE);
  62:.\Generated_Source\PSoC4/Bootloadable_1.c ****     #endif  /* !(CY_PSOC4) */
  63:.\Generated_Source\PSoC4/Bootloadable_1.c **** 
  64:.\Generated_Source\PSoC4/Bootloadable_1.c ****     uint16 rowNum = (uint16)((flsAddr % CYDEV_FLS_SECTOR_SIZE) / CYDEV_FLS_ROW_SIZE);
  83              		.loc 1 64 0
  84 0016 9022     		mov	r2, #144
  85 0018 D219     		add	r2, r2, r7
  86 001a 1368     		ldr	r3, [r2]
  87 001c 5B04     		lsl	r3, r3, #17
  88 001e 5B0C     		lsr	r3, r3, #17
  89 0020 DA09     		lsr	r2, r3, #7
  90 0022 3B1C     		mov	r3, r7
  91 0024 8E33     		add	r3, r3, #142
  92 0026 1A80     		strh	r2, [r3]
  65:.\Generated_Source\PSoC4/Bootloadable_1.c ****     uint32 baseAddr = address - (address % CYDEV_FLS_ROW_SIZE);
  93              		.loc 1 65 0
  94 0028 7B68     		ldr	r3, [r7, #4]
  95 002a 7F22     		mov	r2, #127
  96 002c 9343     		bic	r3, r2
  97 002e 8820     		mov	r0, #136
  98 0030 C019     		add	r0, r0, r7
  99 0032 0360     		str	r3, [r0]
  66:.\Generated_Source\PSoC4/Bootloadable_1.c ****     uint16 idx;
  67:.\Generated_Source\PSoC4/Bootloadable_1.c **** 
  68:.\Generated_Source\PSoC4/Bootloadable_1.c **** 
  69:.\Generated_Source\PSoC4/Bootloadable_1.c ****     for (idx = 0u; idx < CYDEV_FLS_ROW_SIZE; idx++)
 100              		.loc 1 69 0
 101 0034 3B1C     		mov	r3, r7
 102 0036 9633     		add	r3, r3, #150
ARM GAS  C:\Users\Jared\AppData\Local\Temp\ccWElxBO.s 			page 4


 103 0038 0022     		mov	r2, #0
 104 003a 1A80     		strh	r2, [r3]
 105 003c 14E0     		b	.L5
 106              	.L6:
  70:.\Generated_Source\PSoC4/Bootloadable_1.c ****     {
  71:.\Generated_Source\PSoC4/Bootloadable_1.c ****         rowData[idx] = Bootloadable_1_GET_CODE_DATA(baseAddr + idx);
 107              		.loc 1 71 0 discriminator 2
 108 003e 3B1C     		mov	r3, r7
 109 0040 9633     		add	r3, r3, #150
 110 0042 1B88     		ldrh	r3, [r3]
 111 0044 3A1C     		mov	r2, r7
 112 0046 9632     		add	r2, r2, #150
 113 0048 1188     		ldrh	r1, [r2]
 114 004a 8820     		mov	r0, #136
 115 004c C019     		add	r0, r0, r7
 116 004e 0268     		ldr	r2, [r0]
 117 0050 8A18     		add	r2, r1, r2
 118 0052 1178     		ldrb	r1, [r2]
 119 0054 3A1C     		mov	r2, r7
 120 0056 0832     		add	r2, r2, #8
 121 0058 D154     		strb	r1, [r2, r3]
  69:.\Generated_Source\PSoC4/Bootloadable_1.c ****     for (idx = 0u; idx < CYDEV_FLS_ROW_SIZE; idx++)
 122              		.loc 1 69 0 discriminator 2
 123 005a 3B1C     		mov	r3, r7
 124 005c 9633     		add	r3, r3, #150
 125 005e 3A1C     		mov	r2, r7
 126 0060 9632     		add	r2, r2, #150
 127 0062 1288     		ldrh	r2, [r2]
 128 0064 0132     		add	r2, r2, #1
 129 0066 1A80     		strh	r2, [r3]
 130              	.L5:
  69:.\Generated_Source\PSoC4/Bootloadable_1.c ****     for (idx = 0u; idx < CYDEV_FLS_ROW_SIZE; idx++)
 131              		.loc 1 69 0 is_stmt 0 discriminator 1
 132 0068 3B1C     		mov	r3, r7
 133 006a 9633     		add	r3, r3, #150
 134 006c 1B88     		ldrh	r3, [r3]
 135 006e 7F2B     		cmp	r3, #127
 136 0070 E5D9     		bls	.L6
  72:.\Generated_Source\PSoC4/Bootloadable_1.c ****     }
  73:.\Generated_Source\PSoC4/Bootloadable_1.c ****     rowData[address % CYDEV_FLS_ROW_SIZE] = runType;
 137              		.loc 1 73 0 is_stmt 1
 138 0072 7A68     		ldr	r2, [r7, #4]
 139 0074 7F23     		mov	r3, #127
 140 0076 1340     		and	r3, r2
 141 0078 3A1C     		mov	r2, r7
 142 007a 0832     		add	r2, r2, #8
 143 007c F91C     		add	r1, r7, #3
 144 007e 0978     		ldrb	r1, [r1]
 145 0080 D154     		strb	r1, [r2, r3]
  74:.\Generated_Source\PSoC4/Bootloadable_1.c **** 
  75:.\Generated_Source\PSoC4/Bootloadable_1.c **** 
  76:.\Generated_Source\PSoC4/Bootloadable_1.c ****     #if(CY_PSOC4)
  77:.\Generated_Source\PSoC4/Bootloadable_1.c ****         (void) CySysFlashWriteRow((uint32)rowNum, rowData);
 146              		.loc 1 77 0
 147 0082 3B1C     		mov	r3, r7
 148 0084 8E33     		add	r3, r3, #142
 149 0086 1A88     		ldrh	r2, [r3]
ARM GAS  C:\Users\Jared\AppData\Local\Temp\ccWElxBO.s 			page 5


 150 0088 3B1C     		mov	r3, r7
 151 008a 0833     		add	r3, r3, #8
 152 008c 101C     		mov	r0, r2
 153 008e 191C     		mov	r1, r3
 154 0090 FFF7FEFF 		bl	CySysFlashWriteRow
  78:.\Generated_Source\PSoC4/Bootloadable_1.c ****     #else
  79:.\Generated_Source\PSoC4/Bootloadable_1.c ****         (void) CyWriteRowData(arrayId, rowNum, rowData);
  80:.\Generated_Source\PSoC4/Bootloadable_1.c ****     #endif  /* (CY_PSOC4) */
  81:.\Generated_Source\PSoC4/Bootloadable_1.c **** }
 155              		.loc 1 81 0
 156 0094 BD46     		mov	sp, r7
 157 0096 26B0     		add	sp, sp, #152
 158              		@ sp needed for prologue
 159 0098 80BD     		pop	{r7, pc}
 160              		.cfi_endproc
 161              	.LFE1:
 162              		.size	Bootloadable_1_SetFlashByte, .-Bootloadable_1_SetFlashByte
 163 009a C046     		.text
 164              	.Letext0:
 165              		.file 2 ".\\Generated_Source\\PSoC4\\cytypes.h"
 166              		.file 3 ".\\Generated_Source\\PSoC4\\Bootloadable_1.h"
 167              		.section	.debug_info,"",%progbits
 168              	.Ldebug_info0:
 169 0000 61010000 		.4byte	0x161
 170 0004 0200     		.2byte	0x2
 171 0006 00000000 		.4byte	.Ldebug_abbrev0
 172 000a 04       		.byte	0x4
 173 000b 01       		.uleb128 0x1
 174 000c 84000000 		.4byte	.LASF22
 175 0010 01       		.byte	0x1
 176 0011 5A000000 		.4byte	.LASF23
 177 0015 3B010000 		.4byte	.LASF24
 178 0019 00000000 		.4byte	.Ldebug_ranges0+0
 179 001d 00000000 		.4byte	0
 180 0021 00000000 		.4byte	0
 181 0025 00000000 		.4byte	.Ldebug_line0
 182 0029 02       		.uleb128 0x2
 183 002a 01       		.byte	0x1
 184 002b 06       		.byte	0x6
 185 002c C5010000 		.4byte	.LASF0
 186 0030 02       		.uleb128 0x2
 187 0031 01       		.byte	0x1
 188 0032 08       		.byte	0x8
 189 0033 1C010000 		.4byte	.LASF1
 190 0037 02       		.uleb128 0x2
 191 0038 02       		.byte	0x2
 192 0039 05       		.byte	0x5
 193 003a D7010000 		.4byte	.LASF2
 194 003e 02       		.uleb128 0x2
 195 003f 02       		.byte	0x2
 196 0040 07       		.byte	0x7
 197 0041 FC000000 		.4byte	.LASF3
 198 0045 02       		.uleb128 0x2
 199 0046 04       		.byte	0x4
 200 0047 05       		.byte	0x5
 201 0048 32010000 		.4byte	.LASF4
 202 004c 02       		.uleb128 0x2
ARM GAS  C:\Users\Jared\AppData\Local\Temp\ccWElxBO.s 			page 6


 203 004d 04       		.byte	0x4
 204 004e 07       		.byte	0x7
 205 004f D3000000 		.4byte	.LASF5
 206 0053 02       		.uleb128 0x2
 207 0054 08       		.byte	0x8
 208 0055 05       		.byte	0x5
 209 0056 00000000 		.4byte	.LASF6
 210 005a 02       		.uleb128 0x2
 211 005b 08       		.byte	0x8
 212 005c 07       		.byte	0x7
 213 005d E5000000 		.4byte	.LASF7
 214 0061 03       		.uleb128 0x3
 215 0062 04       		.byte	0x4
 216 0063 05       		.byte	0x5
 217 0064 696E7400 		.ascii	"int\000"
 218 0068 02       		.uleb128 0x2
 219 0069 04       		.byte	0x4
 220 006a 07       		.byte	0x7
 221 006b 15000000 		.4byte	.LASF8
 222 006f 04       		.uleb128 0x4
 223 0070 CD000000 		.4byte	.LASF9
 224 0074 02       		.byte	0x2
 225 0075 5B       		.byte	0x5b
 226 0076 30000000 		.4byte	0x30
 227 007a 04       		.uleb128 0x4
 228 007b E1010000 		.4byte	.LASF10
 229 007f 02       		.byte	0x2
 230 0080 5C       		.byte	0x5c
 231 0081 3E000000 		.4byte	0x3e
 232 0085 04       		.uleb128 0x4
 233 0086 0E000000 		.4byte	.LASF11
 234 008a 02       		.byte	0x2
 235 008b 5D       		.byte	0x5d
 236 008c 4C000000 		.4byte	0x4c
 237 0090 02       		.uleb128 0x2
 238 0091 04       		.byte	0x4
 239 0092 04       		.byte	0x4
 240 0093 D1010000 		.4byte	.LASF12
 241 0097 02       		.uleb128 0x2
 242 0098 08       		.byte	0x8
 243 0099 04       		.byte	0x4
 244 009a A6010000 		.4byte	.LASF13
 245 009e 02       		.uleb128 0x2
 246 009f 01       		.byte	0x1
 247 00a0 08       		.byte	0x8
 248 00a1 17010000 		.4byte	.LASF14
 249 00a5 05       		.uleb128 0x5
 250 00a6 85000000 		.4byte	0x85
 251 00aa 02       		.uleb128 0x2
 252 00ab 04       		.byte	0x4
 253 00ac 07       		.byte	0x7
 254 00ad F7010000 		.4byte	.LASF15
 255 00b1 06       		.uleb128 0x6
 256 00b2 01       		.byte	0x1
 257 00b3 22000000 		.4byte	.LASF25
 258 00b7 01       		.byte	0x1
 259 00b8 21       		.byte	0x21
ARM GAS  C:\Users\Jared\AppData\Local\Temp\ccWElxBO.s 			page 7


 260 00b9 01       		.byte	0x1
 261 00ba 00000000 		.4byte	.LFB0
 262 00be 18000000 		.4byte	.LFE0
 263 00c2 00000000 		.4byte	.LLST0
 264 00c6 01       		.byte	0x1
 265 00c7 07       		.uleb128 0x7
 266 00c8 01       		.byte	0x1
 267 00c9 36000000 		.4byte	.LASF26
 268 00cd 01       		.byte	0x1
 269 00ce 37       		.byte	0x37
 270 00cf 01       		.byte	0x1
 271 00d0 00000000 		.4byte	.LFB1
 272 00d4 9A000000 		.4byte	.LFE1
 273 00d8 2C000000 		.4byte	.LLST1
 274 00dc 01       		.byte	0x1
 275 00dd 47010000 		.4byte	0x147
 276 00e1 08       		.uleb128 0x8
 277 00e2 0F010000 		.4byte	.LASF16
 278 00e6 01       		.byte	0x1
 279 00e7 37       		.byte	0x37
 280 00e8 85000000 		.4byte	0x85
 281 00ec 03       		.byte	0x3
 282 00ed 91       		.byte	0x91
 283 00ee E47E     		.sleb128 -156
 284 00f0 08       		.uleb128 0x8
 285 00f1 52000000 		.4byte	.LASF17
 286 00f5 01       		.byte	0x1
 287 00f6 37       		.byte	0x37
 288 00f7 6F000000 		.4byte	0x6f
 289 00fb 03       		.byte	0x3
 290 00fc 91       		.byte	0x91
 291 00fd E37E     		.sleb128 -157
 292 00ff 09       		.uleb128 0x9
 293 0100 2A010000 		.4byte	.LASF18
 294 0104 01       		.byte	0x1
 295 0105 39       		.byte	0x39
 296 0106 85000000 		.4byte	0x85
 297 010a 02       		.byte	0x2
 298 010b 91       		.byte	0x91
 299 010c 70       		.sleb128 -16
 300 010d 09       		.uleb128 0x9
 301 010e EF010000 		.4byte	.LASF19
 302 0112 01       		.byte	0x1
 303 0113 3A       		.byte	0x3a
 304 0114 47010000 		.4byte	0x147
 305 0118 03       		.byte	0x3
 306 0119 91       		.byte	0x91
 307 011a E87E     		.sleb128 -152
 308 011c 09       		.uleb128 0x9
 309 011d E8010000 		.4byte	.LASF20
 310 0121 01       		.byte	0x1
 311 0122 40       		.byte	0x40
 312 0123 7A000000 		.4byte	0x7a
 313 0127 02       		.byte	0x2
 314 0128 91       		.byte	0x91
 315 0129 6E       		.sleb128 -18
 316 012a 09       		.uleb128 0x9
ARM GAS  C:\Users\Jared\AppData\Local\Temp\ccWElxBO.s 			page 8


 317 012b AD010000 		.4byte	.LASF21
 318 012f 01       		.byte	0x1
 319 0130 41       		.byte	0x41
 320 0131 85000000 		.4byte	0x85
 321 0135 02       		.byte	0x2
 322 0136 91       		.byte	0x91
 323 0137 68       		.sleb128 -24
 324 0138 0A       		.uleb128 0xa
 325 0139 69647800 		.ascii	"idx\000"
 326 013d 01       		.byte	0x1
 327 013e 42       		.byte	0x42
 328 013f 7A000000 		.4byte	0x7a
 329 0143 02       		.byte	0x2
 330 0144 91       		.byte	0x91
 331 0145 76       		.sleb128 -10
 332 0146 00       		.byte	0
 333 0147 0B       		.uleb128 0xb
 334 0148 6F000000 		.4byte	0x6f
 335 014c 57010000 		.4byte	0x157
 336 0150 0C       		.uleb128 0xc
 337 0151 AA000000 		.4byte	0xaa
 338 0155 7F       		.byte	0x7f
 339 0156 00       		.byte	0
 340 0157 0D       		.uleb128 0xd
 341 0158 B6010000 		.4byte	.LASF27
 342 015c 03       		.byte	0x3
 343 015d 37       		.byte	0x37
 344 015e A5000000 		.4byte	0xa5
 345 0162 01       		.byte	0x1
 346 0163 01       		.byte	0x1
 347 0164 00       		.byte	0
 348              		.section	.debug_abbrev,"",%progbits
 349              	.Ldebug_abbrev0:
 350 0000 01       		.uleb128 0x1
 351 0001 11       		.uleb128 0x11
 352 0002 01       		.byte	0x1
 353 0003 25       		.uleb128 0x25
 354 0004 0E       		.uleb128 0xe
 355 0005 13       		.uleb128 0x13
 356 0006 0B       		.uleb128 0xb
 357 0007 03       		.uleb128 0x3
 358 0008 0E       		.uleb128 0xe
 359 0009 1B       		.uleb128 0x1b
 360 000a 0E       		.uleb128 0xe
 361 000b 55       		.uleb128 0x55
 362 000c 06       		.uleb128 0x6
 363 000d 11       		.uleb128 0x11
 364 000e 01       		.uleb128 0x1
 365 000f 52       		.uleb128 0x52
 366 0010 01       		.uleb128 0x1
 367 0011 10       		.uleb128 0x10
 368 0012 06       		.uleb128 0x6
 369 0013 00       		.byte	0
 370 0014 00       		.byte	0
 371 0015 02       		.uleb128 0x2
 372 0016 24       		.uleb128 0x24
 373 0017 00       		.byte	0
ARM GAS  C:\Users\Jared\AppData\Local\Temp\ccWElxBO.s 			page 9


 374 0018 0B       		.uleb128 0xb
 375 0019 0B       		.uleb128 0xb
 376 001a 3E       		.uleb128 0x3e
 377 001b 0B       		.uleb128 0xb
 378 001c 03       		.uleb128 0x3
 379 001d 0E       		.uleb128 0xe
 380 001e 00       		.byte	0
 381 001f 00       		.byte	0
 382 0020 03       		.uleb128 0x3
 383 0021 24       		.uleb128 0x24
 384 0022 00       		.byte	0
 385 0023 0B       		.uleb128 0xb
 386 0024 0B       		.uleb128 0xb
 387 0025 3E       		.uleb128 0x3e
 388 0026 0B       		.uleb128 0xb
 389 0027 03       		.uleb128 0x3
 390 0028 08       		.uleb128 0x8
 391 0029 00       		.byte	0
 392 002a 00       		.byte	0
 393 002b 04       		.uleb128 0x4
 394 002c 16       		.uleb128 0x16
 395 002d 00       		.byte	0
 396 002e 03       		.uleb128 0x3
 397 002f 0E       		.uleb128 0xe
 398 0030 3A       		.uleb128 0x3a
 399 0031 0B       		.uleb128 0xb
 400 0032 3B       		.uleb128 0x3b
 401 0033 0B       		.uleb128 0xb
 402 0034 49       		.uleb128 0x49
 403 0035 13       		.uleb128 0x13
 404 0036 00       		.byte	0
 405 0037 00       		.byte	0
 406 0038 05       		.uleb128 0x5
 407 0039 35       		.uleb128 0x35
 408 003a 00       		.byte	0
 409 003b 49       		.uleb128 0x49
 410 003c 13       		.uleb128 0x13
 411 003d 00       		.byte	0
 412 003e 00       		.byte	0
 413 003f 06       		.uleb128 0x6
 414 0040 2E       		.uleb128 0x2e
 415 0041 00       		.byte	0
 416 0042 3F       		.uleb128 0x3f
 417 0043 0C       		.uleb128 0xc
 418 0044 03       		.uleb128 0x3
 419 0045 0E       		.uleb128 0xe
 420 0046 3A       		.uleb128 0x3a
 421 0047 0B       		.uleb128 0xb
 422 0048 3B       		.uleb128 0x3b
 423 0049 0B       		.uleb128 0xb
 424 004a 27       		.uleb128 0x27
 425 004b 0C       		.uleb128 0xc
 426 004c 11       		.uleb128 0x11
 427 004d 01       		.uleb128 0x1
 428 004e 12       		.uleb128 0x12
 429 004f 01       		.uleb128 0x1
 430 0050 40       		.uleb128 0x40
ARM GAS  C:\Users\Jared\AppData\Local\Temp\ccWElxBO.s 			page 10


 431 0051 06       		.uleb128 0x6
 432 0052 9642     		.uleb128 0x2116
 433 0054 0C       		.uleb128 0xc
 434 0055 00       		.byte	0
 435 0056 00       		.byte	0
 436 0057 07       		.uleb128 0x7
 437 0058 2E       		.uleb128 0x2e
 438 0059 01       		.byte	0x1
 439 005a 3F       		.uleb128 0x3f
 440 005b 0C       		.uleb128 0xc
 441 005c 03       		.uleb128 0x3
 442 005d 0E       		.uleb128 0xe
 443 005e 3A       		.uleb128 0x3a
 444 005f 0B       		.uleb128 0xb
 445 0060 3B       		.uleb128 0x3b
 446 0061 0B       		.uleb128 0xb
 447 0062 27       		.uleb128 0x27
 448 0063 0C       		.uleb128 0xc
 449 0064 11       		.uleb128 0x11
 450 0065 01       		.uleb128 0x1
 451 0066 12       		.uleb128 0x12
 452 0067 01       		.uleb128 0x1
 453 0068 40       		.uleb128 0x40
 454 0069 06       		.uleb128 0x6
 455 006a 9642     		.uleb128 0x2116
 456 006c 0C       		.uleb128 0xc
 457 006d 01       		.uleb128 0x1
 458 006e 13       		.uleb128 0x13
 459 006f 00       		.byte	0
 460 0070 00       		.byte	0
 461 0071 08       		.uleb128 0x8
 462 0072 05       		.uleb128 0x5
 463 0073 00       		.byte	0
 464 0074 03       		.uleb128 0x3
 465 0075 0E       		.uleb128 0xe
 466 0076 3A       		.uleb128 0x3a
 467 0077 0B       		.uleb128 0xb
 468 0078 3B       		.uleb128 0x3b
 469 0079 0B       		.uleb128 0xb
 470 007a 49       		.uleb128 0x49
 471 007b 13       		.uleb128 0x13
 472 007c 02       		.uleb128 0x2
 473 007d 0A       		.uleb128 0xa
 474 007e 00       		.byte	0
 475 007f 00       		.byte	0
 476 0080 09       		.uleb128 0x9
 477 0081 34       		.uleb128 0x34
 478 0082 00       		.byte	0
 479 0083 03       		.uleb128 0x3
 480 0084 0E       		.uleb128 0xe
 481 0085 3A       		.uleb128 0x3a
 482 0086 0B       		.uleb128 0xb
 483 0087 3B       		.uleb128 0x3b
 484 0088 0B       		.uleb128 0xb
 485 0089 49       		.uleb128 0x49
 486 008a 13       		.uleb128 0x13
 487 008b 02       		.uleb128 0x2
ARM GAS  C:\Users\Jared\AppData\Local\Temp\ccWElxBO.s 			page 11


 488 008c 0A       		.uleb128 0xa
 489 008d 00       		.byte	0
 490 008e 00       		.byte	0
 491 008f 0A       		.uleb128 0xa
 492 0090 34       		.uleb128 0x34
 493 0091 00       		.byte	0
 494 0092 03       		.uleb128 0x3
 495 0093 08       		.uleb128 0x8
 496 0094 3A       		.uleb128 0x3a
 497 0095 0B       		.uleb128 0xb
 498 0096 3B       		.uleb128 0x3b
 499 0097 0B       		.uleb128 0xb
 500 0098 49       		.uleb128 0x49
 501 0099 13       		.uleb128 0x13
 502 009a 02       		.uleb128 0x2
 503 009b 0A       		.uleb128 0xa
 504 009c 00       		.byte	0
 505 009d 00       		.byte	0
 506 009e 0B       		.uleb128 0xb
 507 009f 01       		.uleb128 0x1
 508 00a0 01       		.byte	0x1
 509 00a1 49       		.uleb128 0x49
 510 00a2 13       		.uleb128 0x13
 511 00a3 01       		.uleb128 0x1
 512 00a4 13       		.uleb128 0x13
 513 00a5 00       		.byte	0
 514 00a6 00       		.byte	0
 515 00a7 0C       		.uleb128 0xc
 516 00a8 21       		.uleb128 0x21
 517 00a9 00       		.byte	0
 518 00aa 49       		.uleb128 0x49
 519 00ab 13       		.uleb128 0x13
 520 00ac 2F       		.uleb128 0x2f
 521 00ad 0B       		.uleb128 0xb
 522 00ae 00       		.byte	0
 523 00af 00       		.byte	0
 524 00b0 0D       		.uleb128 0xd
 525 00b1 34       		.uleb128 0x34
 526 00b2 00       		.byte	0
 527 00b3 03       		.uleb128 0x3
 528 00b4 0E       		.uleb128 0xe
 529 00b5 3A       		.uleb128 0x3a
 530 00b6 0B       		.uleb128 0xb
 531 00b7 3B       		.uleb128 0x3b
 532 00b8 0B       		.uleb128 0xb
 533 00b9 49       		.uleb128 0x49
 534 00ba 13       		.uleb128 0x13
 535 00bb 3F       		.uleb128 0x3f
 536 00bc 0C       		.uleb128 0xc
 537 00bd 3C       		.uleb128 0x3c
 538 00be 0C       		.uleb128 0xc
 539 00bf 00       		.byte	0
 540 00c0 00       		.byte	0
 541 00c1 00       		.byte	0
 542              		.section	.debug_loc,"",%progbits
 543              	.Ldebug_loc0:
 544              	.LLST0:
ARM GAS  C:\Users\Jared\AppData\Local\Temp\ccWElxBO.s 			page 12


 545 0000 00000000 		.4byte	.LFB0
 546 0004 02000000 		.4byte	.LCFI0
 547 0008 0200     		.2byte	0x2
 548 000a 7D       		.byte	0x7d
 549 000b 00       		.sleb128 0
 550 000c 02000000 		.4byte	.LCFI0
 551 0010 04000000 		.4byte	.LCFI1
 552 0014 0200     		.2byte	0x2
 553 0016 7D       		.byte	0x7d
 554 0017 08       		.sleb128 8
 555 0018 04000000 		.4byte	.LCFI1
 556 001c 18000000 		.4byte	.LFE0
 557 0020 0200     		.2byte	0x2
 558 0022 77       		.byte	0x77
 559 0023 08       		.sleb128 8
 560 0024 00000000 		.4byte	0
 561 0028 00000000 		.4byte	0
 562              	.LLST1:
 563 002c 00000000 		.4byte	.LFB1
 564 0030 02000000 		.4byte	.LCFI2
 565 0034 0200     		.2byte	0x2
 566 0036 7D       		.byte	0x7d
 567 0037 00       		.sleb128 0
 568 0038 02000000 		.4byte	.LCFI2
 569 003c 04000000 		.4byte	.LCFI3
 570 0040 0200     		.2byte	0x2
 571 0042 7D       		.byte	0x7d
 572 0043 08       		.sleb128 8
 573 0044 04000000 		.4byte	.LCFI3
 574 0048 06000000 		.4byte	.LCFI4
 575 004c 0300     		.2byte	0x3
 576 004e 7D       		.byte	0x7d
 577 004f A001     		.sleb128 160
 578 0051 06000000 		.4byte	.LCFI4
 579 0055 9A000000 		.4byte	.LFE1
 580 0059 0300     		.2byte	0x3
 581 005b 77       		.byte	0x77
 582 005c A001     		.sleb128 160
 583 005e 00000000 		.4byte	0
 584 0062 00000000 		.4byte	0
 585              		.section	.debug_aranges,"",%progbits
 586 0000 24000000 		.4byte	0x24
 587 0004 0200     		.2byte	0x2
 588 0006 00000000 		.4byte	.Ldebug_info0
 589 000a 04       		.byte	0x4
 590 000b 00       		.byte	0
 591 000c 0000     		.2byte	0
 592 000e 0000     		.2byte	0
 593 0010 00000000 		.4byte	.LFB0
 594 0014 18000000 		.4byte	.LFE0-.LFB0
 595 0018 00000000 		.4byte	.LFB1
 596 001c 9A000000 		.4byte	.LFE1-.LFB1
 597 0020 00000000 		.4byte	0
 598 0024 00000000 		.4byte	0
 599              		.section	.debug_ranges,"",%progbits
 600              	.Ldebug_ranges0:
 601 0000 00000000 		.4byte	.LFB0
ARM GAS  C:\Users\Jared\AppData\Local\Temp\ccWElxBO.s 			page 13


 602 0004 18000000 		.4byte	.LFE0
 603 0008 00000000 		.4byte	.LFB1
 604 000c 9A000000 		.4byte	.LFE1
 605 0010 00000000 		.4byte	0
 606 0014 00000000 		.4byte	0
 607              		.section	.debug_line,"",%progbits
 608              	.Ldebug_line0:
 609 0000 A0000000 		.section	.debug_str,"MS",%progbits,1
 609      02006100 
 609      00000201 
 609      FB0E0D00 
 609      01010101 
 610              	.LASF6:
 611 0000 6C6F6E67 		.ascii	"long long int\000"
 611      206C6F6E 
 611      6720696E 
 611      7400
 612              	.LASF11:
 613 000e 75696E74 		.ascii	"uint32\000"
 613      333200
 614              	.LASF8:
 615 0015 756E7369 		.ascii	"unsigned int\000"
 615      676E6564 
 615      20696E74 
 615      00
 616              	.LASF25:
 617 0022 426F6F74 		.ascii	"Bootloadable_1_Load\000"
 617      6C6F6164 
 617      61626C65 
 617      5F315F4C 
 617      6F616400 
 618              	.LASF26:
 619 0036 426F6F74 		.ascii	"Bootloadable_1_SetFlashByte\000"
 619      6C6F6164 
 619      61626C65 
 619      5F315F53 
 619      6574466C 
 620              	.LASF17:
 621 0052 72756E54 		.ascii	"runType\000"
 621      79706500 
 622              	.LASF23:
 623 005a 2E5C4765 		.ascii	".\\Generated_Source\\PSoC4\\Bootloadable_1.c\000"
 623      6E657261 
 623      7465645F 
 623      536F7572 
 623      63655C50 
 624              	.LASF22:
 625 0084 474E5520 		.ascii	"GNU C 4.7.3 20130312 (release) [ARM/embedded-4_7-br"
 625      4320342E 
 625      372E3320 
 625      32303133 
 625      30333132 
 626 00b7 616E6368 		.ascii	"anch revision 196615]\000"
 626      20726576 
 626      6973696F 
 626      6E203139 
 626      36363135 
ARM GAS  C:\Users\Jared\AppData\Local\Temp\ccWElxBO.s 			page 14


 627              	.LASF9:
 628 00cd 75696E74 		.ascii	"uint8\000"
 628      3800
 629              	.LASF5:
 630 00d3 6C6F6E67 		.ascii	"long unsigned int\000"
 630      20756E73 
 630      69676E65 
 630      6420696E 
 630      7400
 631              	.LASF7:
 632 00e5 6C6F6E67 		.ascii	"long long unsigned int\000"
 632      206C6F6E 
 632      6720756E 
 632      7369676E 
 632      65642069 
 633              	.LASF3:
 634 00fc 73686F72 		.ascii	"short unsigned int\000"
 634      7420756E 
 634      7369676E 
 634      65642069 
 634      6E7400
 635              	.LASF16:
 636 010f 61646472 		.ascii	"address\000"
 636      65737300 
 637              	.LASF14:
 638 0117 63686172 		.ascii	"char\000"
 638      00
 639              	.LASF1:
 640 011c 756E7369 		.ascii	"unsigned char\000"
 640      676E6564 
 640      20636861 
 640      7200
 641              	.LASF18:
 642 012a 666C7341 		.ascii	"flsAddr\000"
 642      64647200 
 643              	.LASF4:
 644 0132 6C6F6E67 		.ascii	"long int\000"
 644      20696E74 
 644      00
 645              	.LASF24:
 646 013b 433A5C55 		.ascii	"C:\\Users\\Jared\\Documents\\PSoC Creator\\MasterCo"
 646      73657273 
 646      5C4A6172 
 646      65645C44 
 646      6F63756D 
 647 0169 6E74726F 		.ascii	"ntrollerBoard\\MasterController\\BYURover2015MainBo"
 647      6C6C6572 
 647      426F6172 
 647      645C4D61 
 647      73746572 
 648 019a 61726453 		.ascii	"ardSM.cydsn\000"
 648      4D2E6379 
 648      64736E00 
 649              	.LASF13:
 650 01a6 646F7562 		.ascii	"double\000"
 650      6C6500
 651              	.LASF21:
ARM GAS  C:\Users\Jared\AppData\Local\Temp\ccWElxBO.s 			page 15


 652 01ad 62617365 		.ascii	"baseAddr\000"
 652      41646472 
 652      00
 653              	.LASF27:
 654 01b6 63794274 		.ascii	"cyBtldrRunType\000"
 654      6C647252 
 654      756E5479 
 654      706500
 655              	.LASF0:
 656 01c5 7369676E 		.ascii	"signed char\000"
 656      65642063 
 656      68617200 
 657              	.LASF12:
 658 01d1 666C6F61 		.ascii	"float\000"
 658      7400
 659              	.LASF2:
 660 01d7 73686F72 		.ascii	"short int\000"
 660      7420696E 
 660      7400
 661              	.LASF10:
 662 01e1 75696E74 		.ascii	"uint16\000"
 662      313600
 663              	.LASF20:
 664 01e8 726F774E 		.ascii	"rowNum\000"
 664      756D00
 665              	.LASF19:
 666 01ef 726F7744 		.ascii	"rowData\000"
 666      61746100 
 667              	.LASF15:
 668 01f7 73697A65 		.ascii	"sizetype\000"
 668      74797065 
 668      00
 669              		.ident	"GCC: (GNU Tools for ARM Embedded Processors) 4.7.3 20130312 (release) [ARM/embedded-4_7-br
