ARM GAS  C:\Users\Jared\AppData\Local\Temp\ccQnePTi.s 			page 1


   1              		.cpu cortex-m0
   2              		.fpu softvfp
   3              		.eabi_attribute 20, 1
   4              		.eabi_attribute 21, 1
   5              		.eabi_attribute 23, 3
   6              		.eabi_attribute 24, 1
   7              		.eabi_attribute 25, 1
   8              		.eabi_attribute 26, 1
   9              		.eabi_attribute 30, 6
  10              		.eabi_attribute 34, 0
  11              		.eabi_attribute 18, 4
  12              		.code	16
  13              		.file	"main.c"
  14              		.text
  15              	.Ltext0:
  16              		.cfi_sections	.debug_frame
  17              		.global	simulatedIncommingInfo
  18              		.data
  19              		.align	2
  20              		.type	simulatedIncommingInfo, %object
  21              		.size	simulatedIncommingInfo, 8
  22              	simulatedIncommingInfo:
  23 0000 DC05     		.short	1500
  24 0002 DC05     		.short	1500
  25 0004 DC05     		.short	1500
  26 0006 DC05     		.short	1500
  27              		.comm	incomingUDP,20,4
  28              		.global	tick
  29              		.type	tick, %object
  30              		.size	tick, 1
  31              	tick:
  32 0008 01       		.byte	1
  33 0009 000000   		.section	.rodata
  34              		.align	2
  35              		.type	INCREMENT_AMMOUNT, %object
  36              		.size	INCREMENT_AMMOUNT, 4
  37              	INCREMENT_AMMOUNT:
  38 0000 14000000 		.word	20
  39              		.global	wiznetMilk
  40              		.bss
  41              		.type	wiznetMilk, %object
  42              		.size	wiznetMilk, 1
  43              	wiznetMilk:
  44 0000 00       		.space	1
  45              		.comm	sch,96,4
  46              		.section	.text.putdata,"ax",%progbits
  47              		.align	2
  48              		.global	putdata
  49              		.code	16
  50              		.thumb_func
  51              		.type	putdata, %function
  52              	putdata:
  53              	.LFB33:
  54              		.file 1 ".\\main.c"
   1:.\main.c      **** /*
   2:.\main.c      ****     BYU Mars Rover Main Board Scheduler Alpha (v1.0)
   3:.\main.c      ****     Designed by: Jeffrey Nybo
ARM GAS  C:\Users\Jared\AppData\Local\Temp\ccQnePTi.s 			page 2


   4:.\main.c      ****     
   5:.\main.c      ****     Description:
   6:.\main.c      ****         This is a basic Scheduler intended for use on the main board of the BYU 2015
   7:.\main.c      ****     University Rover Challenge Rover. The Scheduler consists of a basic 4 stage 
   8:.\main.c      ****     mechanism: read, update, report, wait. Read, reads the top item in the incomming
   9:.\main.c      ****     commands array. Update updates the actuators. Report, creates the report. Wait simply
  10:.\main.c      ****     is a wait state to be used when there is nothing in the IncommingCommands array.
  11:.\main.c      ****     
  12:.\main.c      ****         Three structures are used in this implementation: IncommingCommands array, ToDoList and Rep
  13:.\main.c      ****     The IncommingCommands array stores all of the incomming commands from the Wiznet (or in test ca
  14:.\main.c      ****     from the computer via uart). The ToDoList is where all current to be executed commands are stor
  15:.\main.c      ****     The report is a structure that maintains all of the information that will be sent back to the 
  16:.\main.c      ****     source (computer or wiznet).
  17:.\main.c      ****     
  18:.\main.c      ****     
  19:.\main.c      ****     
  20:.\main.c      ****     
  21:.\main.c      **** */
  22:.\main.c      **** /*========================================
  23:.\main.c      ****  *
  24:.\main.c      ****  * Copyright BRIGHAM YOUNG UNIVERSITY, 2015
  25:.\main.c      ****  * All Rights Reserved
  26:.\main.c      ****  * UNPUBLISHED, LICENSED SOFTWARE.
  27:.\main.c      ****  *
  28:.\main.c      ****  * CONFIDENTIAL AND PROPRIETARY INFORMATION
  29:.\main.c      ****  * WHICH IS THE PROPERTY OF BRIGHAM YOUNG UNIVERSITY.
  30:.\main.c      ****  *
  31:.\main.c      ****  * ========================================
  32:.\main.c      **** */
  33:.\main.c      **** #include <project.h>
  34:.\main.c      **** #include <stdbool.h>
  35:.\main.c      **** #include <string.h>
  36:.\main.c      **** #include "Scheduler.h"
  37:.\main.c      **** #include "wiznet5500.h"
  38:.\main.c      **** 
  39:.\main.c      **** #define UDP_SIZE 20
  40:.\main.c      **** 
  41:.\main.c      **** volatile uint16_t simulatedIncommingInfo[] = {1500, 1500, 1500, 1500};
  42:.\main.c      **** 
  43:.\main.c      **** uint8_t incomingUDP[UDP_SIZE];
  44:.\main.c      **** 
  45:.\main.c      **** 
  46:.\main.c      **** 
  47:.\main.c      **** /* Local vars */
  48:.\main.c      **** 
  49:.\main.c      **** volatile bool tick = true;
  50:.\main.c      **** static const uint32 INCREMENT_AMMOUNT = 20;
  51:.\main.c      **** 
  52:.\main.c      **** volatile bool wiznetMilk = false;
  53:.\main.c      **** 
  54:.\main.c      **** Scheduler sch;
  55:.\main.c      **** 
  56:.\main.c      **** 
  57:.\main.c      **** void putdata(void* p, char c)
  58:.\main.c      **** {
  55              		.loc 1 58 0
  56              		.cfi_startproc
ARM GAS  C:\Users\Jared\AppData\Local\Temp\ccQnePTi.s 			page 3


  57 0000 80B5     		push	{r7, lr}
  58              	.LCFI0:
  59              		.cfi_def_cfa_offset 8
  60              		.cfi_offset 7, -8
  61              		.cfi_offset 14, -4
  62 0002 82B0     		sub	sp, sp, #8
  63              	.LCFI1:
  64              		.cfi_def_cfa_offset 16
  65 0004 00AF     		add	r7, sp, #0
  66              	.LCFI2:
  67              		.cfi_def_cfa_register 7
  68 0006 7860     		str	r0, [r7, #4]
  69 0008 0A1C     		mov	r2, r1
  70 000a FB1C     		add	r3, r7, #3
  71 000c 1A70     		strb	r2, [r3]
  59:.\main.c      ****     if(c == '\n')
  72              		.loc 1 59 0
  73 000e FB1C     		add	r3, r7, #3
  74 0010 1B78     		ldrb	r3, [r3]
  75 0012 0A2B     		cmp	r3, #10
  76 0014 02D1     		bne	.L2
  60:.\main.c      ****     {
  61:.\main.c      ****      UART_1_UartPutChar('\r');   
  77              		.loc 1 61 0
  78 0016 0D20     		mov	r0, #13
  79 0018 FFF7FEFF 		bl	UART_1_SpiUartWriteTxData
  80              	.L2:
  62:.\main.c      ****     }
  63:.\main.c      ****     
  64:.\main.c      ****  UART_1_UartPutChar(c);
  81              		.loc 1 64 0
  82 001c FB1C     		add	r3, r7, #3
  83 001e 1B78     		ldrb	r3, [r3]
  84 0020 181C     		mov	r0, r3
  85 0022 FFF7FEFF 		bl	UART_1_SpiUartWriteTxData
  65:.\main.c      **** }
  86              		.loc 1 65 0
  87 0026 BD46     		mov	sp, r7
  88 0028 02B0     		add	sp, sp, #8
  89              		@ sp needed for prologue
  90 002a 80BD     		pop	{r7, pc}
  91              		.cfi_endproc
  92              	.LFE33:
  93              		.size	putdata, .-putdata
  94              		.section	.text.myISR,"ax",%progbits
  95              		.align	2
  96              		.global	myISR
  97              		.code	16
  98              		.thumb_func
  99              		.type	myISR, %function
 100              	myISR:
 101              	.LFB34:
  66:.\main.c      **** 
  67:.\main.c      **** 
  68:.\main.c      **** 
  69:.\main.c      **** /*Tick function ISR*/
  70:.\main.c      **** //put tick functions here!!!!!
ARM GAS  C:\Users\Jared\AppData\Local\Temp\ccQnePTi.s 			page 4


  71:.\main.c      **** CY_ISR(myISR)
  72:.\main.c      **** {
 102              		.loc 1 72 0
 103              		.cfi_startproc
 104 0000 80B5     		push	{r7, lr}
 105              	.LCFI3:
 106              		.cfi_def_cfa_offset 8
 107              		.cfi_offset 7, -8
 108              		.cfi_offset 14, -4
 109 0002 82B0     		sub	sp, sp, #8
 110              	.LCFI4:
 111              		.cfi_def_cfa_offset 16
 112 0004 00AF     		add	r7, sp, #0
 113              	.LCFI5:
 114              		.cfi_def_cfa_register 7
  73:.\main.c      ****     
  74:.\main.c      ****     uint32 intr = (uint32) Timer_GetInterruptSourceMasked();
 115              		.loc 1 74 0
 116 0006 FFF7FEFF 		bl	Timer_GetInterruptSourceMasked
 117 000a 031C     		mov	r3, r0
 118 000c 7B60     		str	r3, [r7, #4]
  75:.\main.c      ****     Timer_ClearInterrupt(intr);
 119              		.loc 1 75 0
 120 000e 7B68     		ldr	r3, [r7, #4]
 121 0010 181C     		mov	r0, r3
 122 0012 FFF7FEFF 		bl	Timer_ClearInterrupt
  76:.\main.c      ****     isr_ClearPending();
 123              		.loc 1 76 0
 124 0016 FFF7FEFF 		bl	isr_ClearPending
  77:.\main.c      ****     
  78:.\main.c      ****     
  79:.\main.c      ****     /* Insert routine code here */
  80:.\main.c      ****         tick = true;
 125              		.loc 1 80 0
 126 001a 034B     		ldr	r3, .L4
 127 001c 0122     		mov	r2, #1
 128 001e 1A70     		strb	r2, [r3]
  81:.\main.c      ****     
  82:.\main.c      ****     // taskScheduler(&sch, simulatedIncommingInfo);
  83:.\main.c      ****     //printf("tick\n\r");
  84:.\main.c      ****     
  85:.\main.c      ****     
  86:.\main.c      **** }
 129              		.loc 1 86 0
 130 0020 BD46     		mov	sp, r7
 131 0022 02B0     		add	sp, sp, #8
 132              		@ sp needed for prologue
 133 0024 80BD     		pop	{r7, pc}
 134              	.L5:
 135 0026 C046     		.align	2
 136              	.L4:
 137 0028 00000000 		.word	tick
 138              		.cfi_endproc
 139              	.LFE34:
 140              		.size	myISR, .-myISR
 141              		.section	.rodata
 142              		.align	2
ARM GAS  C:\Users\Jared\AppData\Local\Temp\ccQnePTi.s 			page 5


 143              	.LC1:
 144 0004 42746E00 		.ascii	"Btn\000"
 145              		.align	2
 146              	.LC4:
 147 0008 7700     		.ascii	"w\000"
 148              		.section	.text.uartISR,"ax",%progbits
 149              		.align	2
 150              		.global	uartISR
 151              		.code	16
 152              		.thumb_func
 153              		.type	uartISR, %function
 154              	uartISR:
 155              	.LFB35:
  87:.\main.c      **** 
  88:.\main.c      **** /* UART Keyboard Command Module Interrupt Service Routine (KCMISR) */
  89:.\main.c      **** 
  90:.\main.c      **** CY_ISR(uartISR)
  91:.\main.c      **** {
 156              		.loc 1 91 0
 157              		.cfi_startproc
 158 0000 80B5     		push	{r7, lr}
 159              	.LCFI6:
 160              		.cfi_def_cfa_offset 8
 161              		.cfi_offset 7, -8
 162              		.cfi_offset 14, -4
 163 0002 84B0     		sub	sp, sp, #16
 164              	.LCFI7:
 165              		.cfi_def_cfa_offset 24
 166 0004 00AF     		add	r7, sp, #0
 167              	.LCFI8:
 168              		.cfi_def_cfa_register 7
  92:.\main.c      ****     uint32 intre = (uint32) UART_1_GetRxInterruptSourceMasked();
 169              		.loc 1 92 0
 170 0006 254B     		ldr	r3, .L21
 171 0008 1B68     		ldr	r3, [r3]
 172 000a BB60     		str	r3, [r7, #8]
  93:.\main.c      ****     uint32 getChar = (uint32) UART_1_UartGetChar();
 173              		.loc 1 93 0
 174 000c FFF7FEFF 		bl	UART_1_UartGetChar
 175 0010 031C     		mov	r3, r0
 176 0012 7B60     		str	r3, [r7, #4]
  94:.\main.c      ****    printf("Btn");
 177              		.loc 1 94 0
 178 0014 224B     		ldr	r3, .L21+4
 179 0016 181C     		mov	r0, r3
 180 0018 FFF7FEFF 		bl	tfp_printf
  95:.\main.c      ****     /* Insert interrupt code here */
  96:.\main.c      ****     switch(getChar)
 181              		.loc 1 96 0
 182 001c 7B68     		ldr	r3, [r7, #4]
 183 001e 323B     		sub	r3, r3, #50
 184 0020 452B     		cmp	r3, #69
 185 0022 24D8     		bhi	.L7
 186 0024 9A00     		lsl	r2, r3, #2
 187 0026 1F4B     		ldr	r3, .L21+8
 188 0028 D318     		add	r3, r2, r3
 189 002a 1B68     		ldr	r3, [r3]
ARM GAS  C:\Users\Jared\AppData\Local\Temp\ccQnePTi.s 			page 6


 190 002c 9F46     		mov	pc, r3
 191              		.section	.rodata
 192 000a 0000     		.align	2
 193              	.L16:
 194 000c 8C000000 		.word	.L20
 195 0010 6E000000 		.word	.L7
 196 0014 8C000000 		.word	.L20
 197 0018 6E000000 		.word	.L7
 198 001c 8C000000 		.word	.L20
 199 0020 6E000000 		.word	.L7
 200 0024 8C000000 		.word	.L20
 201 0028 6E000000 		.word	.L7
 202 002c 6E000000 		.word	.L7
 203 0030 6E000000 		.word	.L7
 204 0034 6E000000 		.word	.L7
 205 0038 6E000000 		.word	.L7
 206 003c 6E000000 		.word	.L7
 207 0040 6E000000 		.word	.L7
 208 0044 6E000000 		.word	.L7
 209 0048 6E000000 		.word	.L7
 210 004c 6E000000 		.word	.L7
 211 0050 6E000000 		.word	.L7
 212 0054 6E000000 		.word	.L7
 213 0058 6E000000 		.word	.L7
 214 005c 6E000000 		.word	.L7
 215 0060 6E000000 		.word	.L7
 216 0064 6E000000 		.word	.L7
 217 0068 6E000000 		.word	.L7
 218 006c 6E000000 		.word	.L7
 219 0070 6E000000 		.word	.L7
 220 0074 6E000000 		.word	.L7
 221 0078 6E000000 		.word	.L7
 222 007c 6E000000 		.word	.L7
 223 0080 6E000000 		.word	.L7
 224 0084 6E000000 		.word	.L7
 225 0088 6E000000 		.word	.L7
 226 008c 6E000000 		.word	.L7
 227 0090 6E000000 		.word	.L7
 228 0094 6E000000 		.word	.L7
 229 0098 6E000000 		.word	.L7
 230 009c 6E000000 		.word	.L7
 231 00a0 6E000000 		.word	.L7
 232 00a4 6E000000 		.word	.L7
 233 00a8 6E000000 		.word	.L7
 234 00ac 6E000000 		.word	.L7
 235 00b0 6E000000 		.word	.L7
 236 00b4 6E000000 		.word	.L7
 237 00b8 6E000000 		.word	.L7
 238 00bc 6E000000 		.word	.L7
 239 00c0 6E000000 		.word	.L7
 240 00c4 6E000000 		.word	.L7
 241 00c8 44000000 		.word	.L12
 242 00cc 6E000000 		.word	.L7
 243 00d0 6E000000 		.word	.L7
 244 00d4 60000000 		.word	.L13
 245 00d8 6E000000 		.word	.L7
 246 00dc 6E000000 		.word	.L7
ARM GAS  C:\Users\Jared\AppData\Local\Temp\ccQnePTi.s 			page 7


 247 00e0 6E000000 		.word	.L7
 248 00e4 6E000000 		.word	.L7
 249 00e8 6E000000 		.word	.L7
 250 00ec 6E000000 		.word	.L7
 251 00f0 6E000000 		.word	.L7
 252 00f4 6E000000 		.word	.L7
 253 00f8 6E000000 		.word	.L7
 254 00fc 6E000000 		.word	.L7
 255 0100 6E000000 		.word	.L7
 256 0104 6E000000 		.word	.L7
 257 0108 6E000000 		.word	.L7
 258 010c 6E000000 		.word	.L7
 259 0110 52000000 		.word	.L14
 260 0114 6E000000 		.word	.L7
 261 0118 6E000000 		.word	.L7
 262 011c 6E000000 		.word	.L7
 263 0120 2E000000 		.word	.L15
 264              		.section	.text.uartISR
 265              	.L15:
  97:.\main.c      ****     {
  98:.\main.c      ****         case 'w':
  99:.\main.c      ****             printf("w");
 266              		.loc 1 99 0
 267 002e 1E4B     		ldr	r3, .L21+12
 268 0030 181C     		mov	r0, r3
 269 0032 FFF7FEFF 		bl	tfp_printf
 100:.\main.c      ****            simulatedIncommingInfo[0] = 1900;
 270              		.loc 1 100 0
 271 0036 1D4B     		ldr	r3, .L21+16
 272 0038 1D4A     		ldr	r2, .L21+20
 273 003a 1A80     		strh	r2, [r3]
 101:.\main.c      ****            simulatedIncommingInfo[1] = 1900;
 274              		.loc 1 101 0
 275 003c 1B4B     		ldr	r3, .L21+16
 276 003e 1C4A     		ldr	r2, .L21+20
 277 0040 5A80     		strh	r2, [r3, #2]
 102:.\main.c      ****         break;
 278              		.loc 1 102 0
 279 0042 24E0     		b	.L17
 280              	.L12:
 103:.\main.c      ****         
 104:.\main.c      ****         case 'a':
 105:.\main.c      ****            simulatedIncommingInfo[0] = 1900;
 281              		.loc 1 105 0
 282 0044 194B     		ldr	r3, .L21+16
 283 0046 1A4A     		ldr	r2, .L21+20
 284 0048 1A80     		strh	r2, [r3]
 106:.\main.c      ****            simulatedIncommingInfo[1] = 1500;
 285              		.loc 1 106 0
 286 004a 184B     		ldr	r3, .L21+16
 287 004c 194A     		ldr	r2, .L21+24
 288 004e 5A80     		strh	r2, [r3, #2]
 107:.\main.c      ****         break;
 289              		.loc 1 107 0
 290 0050 1DE0     		b	.L17
 291              	.L14:
 108:.\main.c      ****         
ARM GAS  C:\Users\Jared\AppData\Local\Temp\ccQnePTi.s 			page 8


 109:.\main.c      ****         case 's':
 110:.\main.c      ****             simulatedIncommingInfo[0] = 1100;
 292              		.loc 1 110 0
 293 0052 164B     		ldr	r3, .L21+16
 294 0054 184A     		ldr	r2, .L21+28
 295 0056 1A80     		strh	r2, [r3]
 111:.\main.c      ****             simulatedIncommingInfo[1] = 1100;
 296              		.loc 1 111 0
 297 0058 144B     		ldr	r3, .L21+16
 298 005a 174A     		ldr	r2, .L21+28
 299 005c 5A80     		strh	r2, [r3, #2]
 112:.\main.c      ****         break;
 300              		.loc 1 112 0
 301 005e 16E0     		b	.L17
 302              	.L13:
 113:.\main.c      ****         
 114:.\main.c      ****         case 'd':
 115:.\main.c      ****             simulatedIncommingInfo[0] = 1500;
 303              		.loc 1 115 0
 304 0060 124B     		ldr	r3, .L21+16
 305 0062 144A     		ldr	r2, .L21+24
 306 0064 1A80     		strh	r2, [r3]
 116:.\main.c      ****             simulatedIncommingInfo[1] = 1900;
 307              		.loc 1 116 0
 308 0066 114B     		ldr	r3, .L21+16
 309 0068 114A     		ldr	r2, .L21+20
 310 006a 5A80     		strh	r2, [r3, #2]
 117:.\main.c      ****         break;
 311              		.loc 1 117 0
 312 006c 0FE0     		b	.L17
 313              	.L7:
 314              	.LBB2:
 118:.\main.c      ****         
 119:.\main.c      ****         case '8':
 120:.\main.c      ****         
 121:.\main.c      ****         break;
 122:.\main.c      ****         
 123:.\main.c      ****         case '2':
 124:.\main.c      ****        
 125:.\main.c      ****         break;
 126:.\main.c      ****         
 127:.\main.c      ****         case '4':
 128:.\main.c      ****         
 129:.\main.c      ****         break;
 130:.\main.c      ****         
 131:.\main.c      ****         case '6':
 132:.\main.c      ****         
 133:.\main.c      ****         break;
 134:.\main.c      ****         
 135:.\main.c      ****         default:
 136:.\main.c      ****         for(int i = 0; i<4; i++)
 315              		.loc 1 136 0
 316 006e 0023     		mov	r3, #0
 317 0070 FB60     		str	r3, [r7, #12]
 318 0072 07E0     		b	.L18
 319              	.L19:
 137:.\main.c      ****         {
ARM GAS  C:\Users\Jared\AppData\Local\Temp\ccQnePTi.s 			page 9


 138:.\main.c      ****             simulatedIncommingInfo[i] = 1500;
 320              		.loc 1 138 0 discriminator 2
 321 0074 0D4B     		ldr	r3, .L21+16
 322 0076 FA68     		ldr	r2, [r7, #12]
 323 0078 5200     		lsl	r2, r2, #1
 324 007a 0E49     		ldr	r1, .L21+24
 325 007c D152     		strh	r1, [r2, r3]
 136:.\main.c      ****         for(int i = 0; i<4; i++)
 326              		.loc 1 136 0 discriminator 2
 327 007e FB68     		ldr	r3, [r7, #12]
 328 0080 0133     		add	r3, r3, #1
 329 0082 FB60     		str	r3, [r7, #12]
 330              	.L18:
 136:.\main.c      ****         for(int i = 0; i<4; i++)
 331              		.loc 1 136 0 is_stmt 0 discriminator 1
 332 0084 FB68     		ldr	r3, [r7, #12]
 333 0086 032B     		cmp	r3, #3
 334 0088 F4DD     		ble	.L19
 335              	.LBE2:
 139:.\main.c      ****         }
 140:.\main.c      ****         break;
 336              		.loc 1 140 0 is_stmt 1
 337 008a 00E0     		b	.L17
 338              	.L20:
 125:.\main.c      ****         break;
 339              		.loc 1 125 0
 340 008c C046     		mov	r8, r8
 341              	.L17:
 141:.\main.c      ****         
 142:.\main.c      ****     }
 143:.\main.c      ****     
 144:.\main.c      ****     UART_1_ClearRxInterruptSource(intre);
 342              		.loc 1 144 0
 343 008e 0B4B     		ldr	r3, .L21+32
 344 0090 BA68     		ldr	r2, [r7, #8]
 345 0092 1A60     		str	r2, [r3]
 145:.\main.c      **** }
 346              		.loc 1 145 0
 347 0094 BD46     		mov	sp, r7
 348 0096 04B0     		add	sp, sp, #16
 349              		@ sp needed for prologue
 350 0098 80BD     		pop	{r7, pc}
 351              	.L22:
 352 009a C046     		.align	2
 353              	.L21:
 354 009c CC0F0640 		.word	1074139084
 355 00a0 04000000 		.word	.LC1
 356 00a4 0C000000 		.word	.L16
 357 00a8 08000000 		.word	.LC4
 358 00ac 00000000 		.word	simulatedIncommingInfo
 359 00b0 6C070000 		.word	1900
 360 00b4 DC050000 		.word	1500
 361 00b8 4C040000 		.word	1100
 362 00bc C00F0640 		.word	1074139072
 363              		.cfi_endproc
 364              	.LFE35:
 365              		.size	uartISR, .-uartISR
ARM GAS  C:\Users\Jared\AppData\Local\Temp\ccQnePTi.s 			page 10


 366              		.section	.text.spiISR,"ax",%progbits
 367              		.align	2
 368              		.global	spiISR
 369              		.code	16
 370              		.thumb_func
 371              		.type	spiISR, %function
 372              	spiISR:
 373              	.LFB36:
 146:.\main.c      **** 
 147:.\main.c      **** CY_ISR(spiISR)
 148:.\main.c      **** {
 374              		.loc 1 148 0
 375              		.cfi_startproc
 376 0000 80B5     		push	{r7, lr}
 377              	.LCFI9:
 378              		.cfi_def_cfa_offset 8
 379              		.cfi_offset 7, -8
 380              		.cfi_offset 14, -4
 381 0002 00AF     		add	r7, sp, #0
 382              	.LCFI10:
 383              		.cfi_def_cfa_register 7
 149:.\main.c      ****     //wiznetClearInterrupts();
 150:.\main.c      ****     
 151:.\main.c      ****     //wiznetReadUdpFrame(incomingUDP, UDP_SIZE);  
 152:.\main.c      ****     
 153:.\main.c      ****     wiznetMilk = true;
 384              		.loc 1 153 0
 385 0004 034B     		ldr	r3, .L24
 386 0006 0122     		mov	r2, #1
 387 0008 1A70     		strb	r2, [r3]
 154:.\main.c      ****     
 155:.\main.c      ****     WIZ_INT_ClearInterrupt();
 388              		.loc 1 155 0
 389 000a FFF7FEFF 		bl	WIZ_INT_ClearInterrupt
 156:.\main.c      **** }
 390              		.loc 1 156 0
 391 000e BD46     		mov	sp, r7
 392              		@ sp needed for prologue
 393 0010 80BD     		pop	{r7, pc}
 394              	.L25:
 395 0012 C046     		.align	2
 396              	.L24:
 397 0014 00000000 		.word	wiznetMilk
 398              		.cfi_endproc
 399              	.LFE36:
 400              		.size	spiISR, .-spiISR
 401              		.section	.text.main,"ax",%progbits
 402              		.align	2
 403              		.global	main
 404              		.code	16
 405              		.thumb_func
 406              		.type	main, %function
 407              	main:
 408              	.LFB37:
 157:.\main.c      **** 
 158:.\main.c      **** 
 159:.\main.c      **** 
ARM GAS  C:\Users\Jared\AppData\Local\Temp\ccQnePTi.s 			page 11


 160:.\main.c      **** int main()
 161:.\main.c      **** {
 409              		.loc 1 161 0
 410              		.cfi_startproc
 411 0000 80B5     		push	{r7, lr}
 412              	.LCFI11:
 413              		.cfi_def_cfa_offset 8
 414              		.cfi_offset 7, -8
 415              		.cfi_offset 14, -4
 416 0002 82B0     		sub	sp, sp, #8
 417              	.LCFI12:
 418              		.cfi_def_cfa_offset 16
 419 0004 00AF     		add	r7, sp, #0
 420              	.LCFI13:
 421              		.cfi_def_cfa_register 7
 162:.\main.c      ****     /* Place your initialization/startup code here (e.g. MyInst_Start()) */
 163:.\main.c      ****     
 164:.\main.c      ****     /* Print */
 165:.\main.c      ****     init_printf(NULL, putdata);
 422              		.loc 1 165 0
 423 0006 3A4B     		ldr	r3, .L36
 424 0008 0020     		mov	r0, #0
 425 000a 191C     		mov	r1, r3
 426 000c FFF7FEFF 		bl	init_printf
 166:.\main.c      ****     
 167:.\main.c      ****      /* Timers */
 168:.\main.c      ****     Timer_Start();
 427              		.loc 1 168 0
 428 0010 FFF7FEFF 		bl	Timer_Start
 169:.\main.c      ****      /* Comms */
 170:.\main.c      ****     UART_1_Start();
 429              		.loc 1 170 0
 430 0014 FFF7FEFF 		bl	UART_1_Start
 171:.\main.c      ****     GPS_UART_Start();
 431              		.loc 1 171 0
 432 0018 FFF7FEFF 		bl	GPS_UART_Start
 172:.\main.c      ****     SPIM_Start();
 433              		.loc 1 172 0
 434 001c FFF7FEFF 		bl	SPIM_Start
 173:.\main.c      ****     isr_StartEx(myISR);
 435              		.loc 1 173 0
 436 0020 344B     		ldr	r3, .L36+4
 437 0022 181C     		mov	r0, r3
 438 0024 FFF7FEFF 		bl	isr_StartEx
 174:.\main.c      ****     ISRUART_StartEx(uartISR);
 439              		.loc 1 174 0
 440 0028 334B     		ldr	r3, .L36+8
 441 002a 181C     		mov	r0, r3
 442 002c FFF7FEFF 		bl	ISRUART_StartEx
 175:.\main.c      ****     WIZ_RST_Write(1);
 443              		.loc 1 175 0
 444 0030 0120     		mov	r0, #1
 445 0032 FFF7FEFF 		bl	WIZ_RST_Write
 176:.\main.c      ****     WIZ_SS_Write(1);
 446              		.loc 1 176 0
 447 0036 0120     		mov	r0, #1
 448 0038 FFF7FEFF 		bl	WIZ_SS_Write
ARM GAS  C:\Users\Jared\AppData\Local\Temp\ccQnePTi.s 			page 12


 177:.\main.c      ****     
 178:.\main.c      ****     
 179:.\main.c      ****     
 180:.\main.c      ****     WIZ_RST_Write(0);
 449              		.loc 1 180 0
 450 003c 0020     		mov	r0, #0
 451 003e FFF7FEFF 		bl	WIZ_RST_Write
 181:.\main.c      ****     CyDelay(10);
 452              		.loc 1 181 0
 453 0042 0A20     		mov	r0, #10
 454 0044 FFF7FEFF 		bl	CyDelay
 182:.\main.c      ****     WIZ_RST_Write(1);
 455              		.loc 1 182 0
 456 0048 0120     		mov	r0, #1
 457 004a FFF7FEFF 		bl	WIZ_RST_Write
 458              	.LBB3:
 183:.\main.c      ****     // CyDelay(50);
 184:.\main.c      ****     
 185:.\main.c      ****     for(uint8_t i=0; i<100; i++) if(WIZ_RDY_Read()) continue; else CyDelay(1);
 459              		.loc 1 185 0
 460 004e FB1D     		add	r3, r7, #7
 461 0050 0022     		mov	r2, #0
 462 0052 1A70     		strb	r2, [r3]
 463 0054 0EE0     		b	.L27
 464              	.L30:
 465              		.loc 1 185 0 is_stmt 0 discriminator 3
 466 0056 FFF7FEFF 		bl	WIZ_RDY_Read
 467 005a 031C     		mov	r3, r0
 468 005c 002B     		cmp	r3, #0
 469 005e 03D1     		bne	.L34
 470              	.L28:
 471              		.loc 1 185 0 discriminator 2
 472 0060 0120     		mov	r0, #1
 473 0062 FFF7FEFF 		bl	CyDelay
 474 0066 00E0     		b	.L29
 475              	.L34:
 476              		.loc 1 185 0
 477 0068 C046     		mov	r8, r8
 478              	.L29:
 479              		.loc 1 185 0 discriminator 2
 480 006a FB1D     		add	r3, r7, #7
 481 006c FA1D     		add	r2, r7, #7
 482 006e 1278     		ldrb	r2, [r2]
 483 0070 0132     		add	r2, r2, #1
 484 0072 1A70     		strb	r2, [r3]
 485              	.L27:
 486              		.loc 1 185 0 discriminator 1
 487 0074 FB1D     		add	r3, r7, #7
 488 0076 1B78     		ldrb	r3, [r3]
 489 0078 632B     		cmp	r3, #99
 490 007a ECD9     		bls	.L30
 491              	.LBE3:
 186:.\main.c      ****     
 187:.\main.c      ****       //Todo: the ip addresss constants
 188:.\main.c      ****     //printf("%u",wiznetInit(3u,1u,27015u));
 189:.\main.c      ****     wiznetInit(3u,1u,27015u);
 492              		.loc 1 189 0 is_stmt 1
ARM GAS  C:\Users\Jared\AppData\Local\Temp\ccQnePTi.s 			page 13


 493 007c 1F4B     		ldr	r3, .L36+12
 494 007e 0320     		mov	r0, #3
 495 0080 0121     		mov	r1, #1
 496 0082 1A1C     		mov	r2, r3
 497 0084 FFF7FEFF 		bl	wiznetInit
 190:.\main.c      ****     
 191:.\main.c      ****     Wheels_1_Start();
 498              		.loc 1 191 0
 499 0088 FFF7FEFF 		bl	Wheels_1_Start
 192:.\main.c      ****     Wheels_2_Start();
 500              		.loc 1 192 0
 501 008c FFF7FEFF 		bl	Wheels_2_Start
 193:.\main.c      ****     Gimbal_Start();
 502              		.loc 1 193 0
 503 0090 FFF7FEFF 		bl	Gimbal_Start
 194:.\main.c      ****     
 195:.\main.c      ****     ISRSPI_StartEx(spiISR);
 504              		.loc 1 195 0
 505 0094 1A4B     		ldr	r3, .L36+16
 506 0096 181C     		mov	r0, r3
 507 0098 FFF7FEFF 		bl	ISRSPI_StartEx
 196:.\main.c      ****     
 197:.\main.c      ****     CyDelay(5000);
 508              		.loc 1 197 0
 509 009c 194B     		ldr	r3, .L36+20
 510 009e 181C     		mov	r0, r3
 511 00a0 FFF7FEFF 		bl	CyDelay
 198:.\main.c      ****     isr_StartEx(myISR);
 512              		.loc 1 198 0
 513 00a4 134B     		ldr	r3, .L36+4
 514 00a6 181C     		mov	r0, r3
 515 00a8 FFF7FEFF 		bl	isr_StartEx
 199:.\main.c      ****     
 200:.\main.c      ****      CyGlobalIntEnable;  /* Uncomment this line to enable global interrupts. */
 516              		.loc 1 200 0
 517              	@ 200 ".\main.c" 1
 518 00ac 62B6     		CPSIE   i
 519              	@ 0 "" 2
 520              		.code	16
 521 00ae 00E0     		b	.L33
 522              	.L35:
 201:.\main.c      ****     
 202:.\main.c      ****     //printf("BYU ROVER IS READY!");
 203:.\main.c      ****    
 204:.\main.c      ****    
 205:.\main.c      ****     for(;;)
 206:.\main.c      ****     {
 207:.\main.c      ****         /* Place your application code here. */
 208:.\main.c      ****         if(tick)
 209:.\main.c      ****         {
 210:.\main.c      ****          tick = false;
 211:.\main.c      ****          taskScheduler(&sch, incomingUDP);
 212:.\main.c      ****         }
 213:.\main.c      ****         //if(wiznetMilk)
 214:.\main.c      ****         if(WIZ_INT_Read()==0)
 215:.\main.c      ****         {
 216:.\main.c      ****         
ARM GAS  C:\Users\Jared\AppData\Local\Temp\ccQnePTi.s 			page 14


 217:.\main.c      ****         
 218:.\main.c      ****         
 219:.\main.c      ****         wiznetMilk = false;
 220:.\main.c      ****         wiznetClearInterrupts();
 221:.\main.c      ****         
 222:.\main.c      ****         wiznetReadUdpFrame(incomingUDP, UDP_SIZE); 
 223:.\main.c      ****         //printf("RecievedUDP: %u", incomingUDP[4]);
 224:.\main.c      ****         }
 225:.\main.c      ****        
 226:.\main.c      ****         
 227:.\main.c      ****         
 228:.\main.c      ****        
 229:.\main.c      ****        
 230:.\main.c      ****     }
 523              		.loc 1 230 0
 524 00b0 C046     		mov	r8, r8
 525              	.L33:
 208:.\main.c      ****         if(tick)
 526              		.loc 1 208 0
 527 00b2 154B     		ldr	r3, .L36+24
 528 00b4 1B78     		ldrb	r3, [r3]
 529 00b6 DBB2     		uxtb	r3, r3
 530 00b8 002B     		cmp	r3, #0
 531 00ba 08D0     		beq	.L31
 210:.\main.c      ****          tick = false;
 532              		.loc 1 210 0
 533 00bc 124B     		ldr	r3, .L36+24
 534 00be 0022     		mov	r2, #0
 535 00c0 1A70     		strb	r2, [r3]
 211:.\main.c      ****          taskScheduler(&sch, incomingUDP);
 536              		.loc 1 211 0
 537 00c2 124A     		ldr	r2, .L36+28
 538 00c4 124B     		ldr	r3, .L36+32
 539 00c6 101C     		mov	r0, r2
 540 00c8 191C     		mov	r1, r3
 541 00ca FFF7FEFF 		bl	taskScheduler
 542              	.L31:
 214:.\main.c      ****         if(WIZ_INT_Read()==0)
 543              		.loc 1 214 0
 544 00ce FFF7FEFF 		bl	WIZ_INT_Read
 545 00d2 031C     		mov	r3, r0
 546 00d4 002B     		cmp	r3, #0
 547 00d6 EBD1     		bne	.L35
 219:.\main.c      ****         wiznetMilk = false;
 548              		.loc 1 219 0
 549 00d8 0E4B     		ldr	r3, .L36+36
 550 00da 0022     		mov	r2, #0
 551 00dc 1A70     		strb	r2, [r3]
 220:.\main.c      ****         wiznetClearInterrupts();
 552              		.loc 1 220 0
 553 00de FFF7FEFF 		bl	wiznetClearInterrupts
 222:.\main.c      ****         wiznetReadUdpFrame(incomingUDP, UDP_SIZE); 
 554              		.loc 1 222 0
 555 00e2 0B4B     		ldr	r3, .L36+32
 556 00e4 181C     		mov	r0, r3
 557 00e6 1421     		mov	r1, #20
 558 00e8 FFF7FEFF 		bl	wiznetReadUdpFrame
ARM GAS  C:\Users\Jared\AppData\Local\Temp\ccQnePTi.s 			page 15


 559              		.loc 1 230 0
 560 00ec E0E7     		b	.L35
 561              	.L37:
 562 00ee C046     		.align	2
 563              	.L36:
 564 00f0 00000000 		.word	putdata
 565 00f4 00000000 		.word	myISR
 566 00f8 00000000 		.word	uartISR
 567 00fc 87690000 		.word	27015
 568 0100 00000000 		.word	spiISR
 569 0104 88130000 		.word	5000
 570 0108 00000000 		.word	tick
 571 010c 00000000 		.word	sch
 572 0110 00000000 		.word	incomingUDP
 573 0114 00000000 		.word	wiznetMilk
 574              		.cfi_endproc
 575              	.LFE37:
 576              		.size	main, .-main
 577              		.text
 578              	.Letext0:
 579              		.file 2 "c:\\program files (x86)\\cypress\\psoc creator\\3.0\\psoc creator\\import\\gnu_cs\\arm\\4
 580              		.file 3 "./Generated_Source/PSoC4/cytypes.h"
 581              		.file 4 ".\\infoReports.h"
 582              		.file 5 ".\\Scheduler.h"
 583              		.section	.debug_info,"",%progbits
 584              	.Ldebug_info0:
 585 0000 4C030000 		.4byte	0x34c
 586 0004 0200     		.2byte	0x2
 587 0006 00000000 		.4byte	.Ldebug_abbrev0
 588 000a 04       		.byte	0x4
 589 000b 01       		.uleb128 0x1
 590 000c F3010000 		.4byte	.LASF43
 591 0010 01       		.byte	0x1
 592 0011 36010000 		.4byte	.LASF44
 593 0015 4D000000 		.4byte	.LASF45
 594 0019 00000000 		.4byte	.Ldebug_ranges0+0
 595 001d 00000000 		.4byte	0
 596 0021 00000000 		.4byte	0
 597 0025 00000000 		.4byte	.Ldebug_line0
 598 0029 02       		.uleb128 0x2
 599 002a 01       		.byte	0x1
 600 002b 06       		.byte	0x6
 601 002c 45020000 		.4byte	.LASF0
 602 0030 03       		.uleb128 0x3
 603 0031 90010000 		.4byte	.LASF3
 604 0035 02       		.byte	0x2
 605 0036 2A       		.byte	0x2a
 606 0037 3B000000 		.4byte	0x3b
 607 003b 02       		.uleb128 0x2
 608 003c 01       		.byte	0x1
 609 003d 08       		.byte	0x8
 610 003e 66010000 		.4byte	.LASF1
 611 0042 02       		.uleb128 0x2
 612 0043 02       		.byte	0x2
 613 0044 05       		.byte	0x5
 614 0045 E0010000 		.4byte	.LASF2
 615 0049 03       		.uleb128 0x3
ARM GAS  C:\Users\Jared\AppData\Local\Temp\ccQnePTi.s 			page 16


 616 004a EA010000 		.4byte	.LASF4
 617 004e 02       		.byte	0x2
 618 004f 36       		.byte	0x36
 619 0050 54000000 		.4byte	0x54
 620 0054 02       		.uleb128 0x2
 621 0055 02       		.byte	0x2
 622 0056 07       		.byte	0x7
 623 0057 05010000 		.4byte	.LASF5
 624 005b 02       		.uleb128 0x2
 625 005c 04       		.byte	0x4
 626 005d 05       		.byte	0x5
 627 005e 3C020000 		.4byte	.LASF6
 628 0062 02       		.uleb128 0x2
 629 0063 04       		.byte	0x4
 630 0064 07       		.byte	0x7
 631 0065 F3000000 		.4byte	.LASF7
 632 0069 02       		.uleb128 0x2
 633 006a 08       		.byte	0x8
 634 006b 05       		.byte	0x5
 635 006c AC010000 		.4byte	.LASF8
 636 0070 02       		.uleb128 0x2
 637 0071 08       		.byte	0x8
 638 0072 07       		.byte	0x7
 639 0073 C8000000 		.4byte	.LASF9
 640 0077 04       		.uleb128 0x4
 641 0078 04       		.byte	0x4
 642 0079 05       		.byte	0x5
 643 007a 696E7400 		.ascii	"int\000"
 644 007e 02       		.uleb128 0x2
 645 007f 04       		.byte	0x4
 646 0080 07       		.byte	0x7
 647 0081 74010000 		.4byte	.LASF10
 648 0085 03       		.uleb128 0x3
 649 0086 47010000 		.4byte	.LASF11
 650 008a 03       		.byte	0x3
 651 008b 5C       		.byte	0x5c
 652 008c 54000000 		.4byte	0x54
 653 0090 03       		.uleb128 0x3
 654 0091 5A010000 		.4byte	.LASF12
 655 0095 03       		.byte	0x3
 656 0096 5D       		.byte	0x5d
 657 0097 62000000 		.4byte	0x62
 658 009b 02       		.uleb128 0x2
 659 009c 04       		.byte	0x4
 660 009d 04       		.byte	0x4
 661 009e C2000000 		.4byte	.LASF13
 662 00a2 02       		.uleb128 0x2
 663 00a3 08       		.byte	0x8
 664 00a4 04       		.byte	0x4
 665 00a5 1D010000 		.4byte	.LASF14
 666 00a9 02       		.uleb128 0x2
 667 00aa 01       		.byte	0x1
 668 00ab 08       		.byte	0x8
 669 00ac C4010000 		.4byte	.LASF15
 670 00b0 03       		.uleb128 0x3
 671 00b1 11000000 		.4byte	.LASF16
 672 00b5 03       		.byte	0x3
ARM GAS  C:\Users\Jared\AppData\Local\Temp\ccQnePTi.s 			page 17


 673 00b6 F2       		.byte	0xf2
 674 00b7 BB000000 		.4byte	0xbb
 675 00bb 05       		.uleb128 0x5
 676 00bc 90000000 		.4byte	0x90
 677 00c0 02       		.uleb128 0x2
 678 00c1 04       		.byte	0x4
 679 00c2 07       		.byte	0x7
 680 00c3 98010000 		.4byte	.LASF17
 681 00c7 06       		.uleb128 0x6
 682 00c8 04       		.byte	0x4
 683 00c9 07       		.uleb128 0x7
 684 00ca 57020000 		.4byte	.LASF23
 685 00ce 08       		.byte	0x8
 686 00cf 04       		.byte	0x4
 687 00d0 16       		.byte	0x16
 688 00d1 0E010000 		.4byte	0x10e
 689 00d5 08       		.uleb128 0x8
 690 00d6 A1010000 		.4byte	.LASF18
 691 00da 04       		.byte	0x4
 692 00db 18       		.byte	0x18
 693 00dc 85000000 		.4byte	0x85
 694 00e0 02       		.byte	0x2
 695 00e1 23       		.byte	0x23
 696 00e2 00       		.uleb128 0
 697 00e3 08       		.uleb128 0x8
 698 00e4 E7000000 		.4byte	.LASF19
 699 00e8 04       		.byte	0x4
 700 00e9 19       		.byte	0x19
 701 00ea 85000000 		.4byte	0x85
 702 00ee 02       		.byte	0x2
 703 00ef 23       		.byte	0x23
 704 00f0 02       		.uleb128 0x2
 705 00f1 08       		.uleb128 0x8
 706 00f2 BA010000 		.4byte	.LASF20
 707 00f6 04       		.byte	0x4
 708 00f7 1A       		.byte	0x1a
 709 00f8 85000000 		.4byte	0x85
 710 00fc 02       		.byte	0x2
 711 00fd 23       		.byte	0x23
 712 00fe 04       		.uleb128 0x4
 713 00ff 08       		.uleb128 0x8
 714 0100 00000000 		.4byte	.LASF21
 715 0104 04       		.byte	0x4
 716 0105 1B       		.byte	0x1b
 717 0106 85000000 		.4byte	0x85
 718 010a 02       		.byte	0x2
 719 010b 23       		.byte	0x23
 720 010c 06       		.uleb128 0x6
 721 010d 00       		.byte	0
 722 010e 03       		.uleb128 0x3
 723 010f 38000000 		.4byte	.LASF22
 724 0113 04       		.byte	0x4
 725 0114 1C       		.byte	0x1c
 726 0115 C9000000 		.4byte	0xc9
 727 0119 07       		.uleb128 0x7
 728 011a 29000000 		.4byte	.LASF24
 729 011e 08       		.byte	0x8
ARM GAS  C:\Users\Jared\AppData\Local\Temp\ccQnePTi.s 			page 18


 730 011f 04       		.byte	0x4
 731 0120 1E       		.byte	0x1e
 732 0121 5E010000 		.4byte	0x15e
 733 0125 08       		.uleb128 0x8
 734 0126 A1010000 		.4byte	.LASF18
 735 012a 04       		.byte	0x4
 736 012b 20       		.byte	0x20
 737 012c 85000000 		.4byte	0x85
 738 0130 02       		.byte	0x2
 739 0131 23       		.byte	0x23
 740 0132 00       		.uleb128 0
 741 0133 08       		.uleb128 0x8
 742 0134 E7000000 		.4byte	.LASF19
 743 0138 04       		.byte	0x4
 744 0139 21       		.byte	0x21
 745 013a 85000000 		.4byte	0x85
 746 013e 02       		.byte	0x2
 747 013f 23       		.byte	0x23
 748 0140 02       		.uleb128 0x2
 749 0141 08       		.uleb128 0x8
 750 0142 BA010000 		.4byte	.LASF20
 751 0146 04       		.byte	0x4
 752 0147 22       		.byte	0x22
 753 0148 85000000 		.4byte	0x85
 754 014c 02       		.byte	0x2
 755 014d 23       		.byte	0x23
 756 014e 04       		.uleb128 0x4
 757 014f 08       		.uleb128 0x8
 758 0150 00000000 		.4byte	.LASF21
 759 0154 04       		.byte	0x4
 760 0155 23       		.byte	0x23
 761 0156 85000000 		.4byte	0x85
 762 015a 02       		.byte	0x2
 763 015b 23       		.byte	0x23
 764 015c 06       		.uleb128 0x6
 765 015d 00       		.byte	0
 766 015e 03       		.uleb128 0x3
 767 015f 6B020000 		.4byte	.LASF25
 768 0163 04       		.byte	0x4
 769 0164 25       		.byte	0x25
 770 0165 19010000 		.4byte	0x119
 771 0169 07       		.uleb128 0x7
 772 016a 86010000 		.4byte	.LASF26
 773 016e 60       		.byte	0x60
 774 016f 05       		.byte	0x5
 775 0170 34       		.byte	0x34
 776 0171 A0010000 		.4byte	0x1a0
 777 0175 08       		.uleb128 0x8
 778 0176 81010000 		.4byte	.LASF27
 779 017a 05       		.byte	0x5
 780 017b 36       		.byte	0x36
 781 017c 0E010000 		.4byte	0x10e
 782 0180 02       		.byte	0x2
 783 0181 23       		.byte	0x23
 784 0182 00       		.uleb128 0
 785 0183 08       		.uleb128 0x8
 786 0184 29000000 		.4byte	.LASF24
ARM GAS  C:\Users\Jared\AppData\Local\Temp\ccQnePTi.s 			page 19


 787 0188 05       		.byte	0x5
 788 0189 37       		.byte	0x37
 789 018a 5E010000 		.4byte	0x15e
 790 018e 02       		.byte	0x2
 791 018f 23       		.byte	0x23
 792 0190 08       		.uleb128 0x8
 793 0191 08       		.uleb128 0x8
 794 0192 41000000 		.4byte	.LASF28
 795 0196 05       		.byte	0x5
 796 0197 38       		.byte	0x38
 797 0198 A0010000 		.4byte	0x1a0
 798 019c 02       		.byte	0x2
 799 019d 23       		.byte	0x23
 800 019e 10       		.uleb128 0x10
 801 019f 00       		.byte	0
 802 01a0 09       		.uleb128 0x9
 803 01a1 A9000000 		.4byte	0xa9
 804 01a5 B0010000 		.4byte	0x1b0
 805 01a9 0A       		.uleb128 0xa
 806 01aa C0000000 		.4byte	0xc0
 807 01ae 4F       		.byte	0x4f
 808 01af 00       		.byte	0
 809 01b0 03       		.uleb128 0x3
 810 01b1 B8000000 		.4byte	.LASF29
 811 01b5 05       		.byte	0x5
 812 01b6 3A       		.byte	0x3a
 813 01b7 69010000 		.4byte	0x169
 814 01bb 0B       		.uleb128 0xb
 815 01bc 01       		.byte	0x1
 816 01bd 30000000 		.4byte	.LASF30
 817 01c1 01       		.byte	0x1
 818 01c2 39       		.byte	0x39
 819 01c3 01       		.byte	0x1
 820 01c4 00000000 		.4byte	.LFB33
 821 01c8 2C000000 		.4byte	.LFE33
 822 01cc 00000000 		.4byte	.LLST0
 823 01d0 01       		.byte	0x1
 824 01d1 EE010000 		.4byte	0x1ee
 825 01d5 0C       		.uleb128 0xc
 826 01d6 7000     		.ascii	"p\000"
 827 01d8 01       		.byte	0x1
 828 01d9 39       		.byte	0x39
 829 01da C7000000 		.4byte	0xc7
 830 01de 02       		.byte	0x2
 831 01df 91       		.byte	0x91
 832 01e0 74       		.sleb128 -12
 833 01e1 0C       		.uleb128 0xc
 834 01e2 6300     		.ascii	"c\000"
 835 01e4 01       		.byte	0x1
 836 01e5 39       		.byte	0x39
 837 01e6 A9000000 		.4byte	0xa9
 838 01ea 02       		.byte	0x2
 839 01eb 91       		.byte	0x91
 840 01ec 73       		.sleb128 -13
 841 01ed 00       		.byte	0
 842 01ee 0B       		.uleb128 0xb
 843 01ef 01       		.byte	0x1
ARM GAS  C:\Users\Jared\AppData\Local\Temp\ccQnePTi.s 			page 20


 844 01f0 51020000 		.4byte	.LASF31
 845 01f4 01       		.byte	0x1
 846 01f5 47       		.byte	0x47
 847 01f6 01       		.byte	0x1
 848 01f7 00000000 		.4byte	.LFB34
 849 01fb 2C000000 		.4byte	.LFE34
 850 01ff 38000000 		.4byte	.LLST1
 851 0203 01       		.byte	0x1
 852 0204 17020000 		.4byte	0x217
 853 0208 0D       		.uleb128 0xd
 854 0209 66020000 		.4byte	.LASF33
 855 020d 01       		.byte	0x1
 856 020e 4A       		.byte	0x4a
 857 020f 90000000 		.4byte	0x90
 858 0213 02       		.byte	0x2
 859 0214 91       		.byte	0x91
 860 0215 74       		.sleb128 -12
 861 0216 00       		.byte	0
 862 0217 0B       		.uleb128 0xb
 863 0218 01       		.byte	0x1
 864 0219 DF000000 		.4byte	.LASF32
 865 021d 01       		.byte	0x1
 866 021e 5A       		.byte	0x5a
 867 021f 01       		.byte	0x1
 868 0220 00000000 		.4byte	.LFB35
 869 0224 C0000000 		.4byte	.LFE35
 870 0228 70000000 		.4byte	.LLST2
 871 022c 01       		.byte	0x1
 872 022d 64020000 		.4byte	0x264
 873 0231 0D       		.uleb128 0xd
 874 0232 0B000000 		.4byte	.LASF34
 875 0236 01       		.byte	0x1
 876 0237 5C       		.byte	0x5c
 877 0238 90000000 		.4byte	0x90
 878 023c 02       		.byte	0x2
 879 023d 91       		.byte	0x91
 880 023e 70       		.sleb128 -16
 881 023f 0D       		.uleb128 0xd
 882 0240 3F010000 		.4byte	.LASF35
 883 0244 01       		.byte	0x1
 884 0245 5D       		.byte	0x5d
 885 0246 90000000 		.4byte	0x90
 886 024a 02       		.byte	0x2
 887 024b 91       		.byte	0x91
 888 024c 6C       		.sleb128 -20
 889 024d 0E       		.uleb128 0xe
 890 024e 6E000000 		.4byte	.LBB2
 891 0252 8A000000 		.4byte	.LBE2
 892 0256 0F       		.uleb128 0xf
 893 0257 6900     		.ascii	"i\000"
 894 0259 01       		.byte	0x1
 895 025a 88       		.byte	0x88
 896 025b 77000000 		.4byte	0x77
 897 025f 02       		.byte	0x2
 898 0260 91       		.byte	0x91
 899 0261 74       		.sleb128 -12
 900 0262 00       		.byte	0
ARM GAS  C:\Users\Jared\AppData\Local\Temp\ccQnePTi.s 			page 21


 901 0263 00       		.byte	0
 902 0264 10       		.uleb128 0x10
 903 0265 01       		.byte	0x1
 904 0266 22000000 		.4byte	.LASF46
 905 026a 01       		.byte	0x1
 906 026b 93       		.byte	0x93
 907 026c 01       		.byte	0x1
 908 026d 00000000 		.4byte	.LFB36
 909 0271 18000000 		.4byte	.LFE36
 910 0275 A8000000 		.4byte	.LLST3
 911 0279 01       		.byte	0x1
 912 027a 11       		.uleb128 0x11
 913 027b 01       		.byte	0x1
 914 027c 61010000 		.4byte	.LASF36
 915 0280 01       		.byte	0x1
 916 0281 A0       		.byte	0xa0
 917 0282 77000000 		.4byte	0x77
 918 0286 00000000 		.4byte	.LFB37
 919 028a 18010000 		.4byte	.LFE37
 920 028e D4000000 		.4byte	.LLST4
 921 0292 01       		.byte	0x1
 922 0293 AE020000 		.4byte	0x2ae
 923 0297 0E       		.uleb128 0xe
 924 0298 4E000000 		.4byte	.LBB3
 925 029c 7C000000 		.4byte	.LBE3
 926 02a0 0F       		.uleb128 0xf
 927 02a1 6900     		.ascii	"i\000"
 928 02a3 01       		.byte	0x1
 929 02a4 B9       		.byte	0xb9
 930 02a5 30000000 		.4byte	0x30
 931 02a9 02       		.byte	0x2
 932 02aa 91       		.byte	0x91
 933 02ab 77       		.sleb128 -9
 934 02ac 00       		.byte	0
 935 02ad 00       		.byte	0
 936 02ae 0D       		.uleb128 0xd
 937 02af 24010000 		.4byte	.LASF37
 938 02b3 01       		.byte	0x1
 939 02b4 32       		.byte	0x32
 940 02b5 BF020000 		.4byte	0x2bf
 941 02b9 05       		.byte	0x5
 942 02ba 03       		.byte	0x3
 943 02bb 00000000 		.4byte	INCREMENT_AMMOUNT
 944 02bf 12       		.uleb128 0x12
 945 02c0 90000000 		.4byte	0x90
 946 02c4 09       		.uleb128 0x9
 947 02c5 49000000 		.4byte	0x49
 948 02c9 D4020000 		.4byte	0x2d4
 949 02cd 0A       		.uleb128 0xa
 950 02ce C0000000 		.4byte	0xc0
 951 02d2 03       		.byte	0x3
 952 02d3 00       		.byte	0
 953 02d4 13       		.uleb128 0x13
 954 02d5 C9010000 		.4byte	.LASF38
 955 02d9 01       		.byte	0x1
 956 02da 29       		.byte	0x29
 957 02db E6020000 		.4byte	0x2e6
ARM GAS  C:\Users\Jared\AppData\Local\Temp\ccQnePTi.s 			page 22


 958 02df 01       		.byte	0x1
 959 02e0 05       		.byte	0x5
 960 02e1 03       		.byte	0x3
 961 02e2 00000000 		.4byte	simulatedIncommingInfo
 962 02e6 05       		.uleb128 0x5
 963 02e7 C4020000 		.4byte	0x2c4
 964 02eb 09       		.uleb128 0x9
 965 02ec 30000000 		.4byte	0x30
 966 02f0 FB020000 		.4byte	0x2fb
 967 02f4 0A       		.uleb128 0xa
 968 02f5 C0000000 		.4byte	0xc0
 969 02f9 13       		.byte	0x13
 970 02fa 00       		.byte	0
 971 02fb 13       		.uleb128 0x13
 972 02fc 4E010000 		.4byte	.LASF39
 973 0300 01       		.byte	0x1
 974 0301 2B       		.byte	0x2b
 975 0302 EB020000 		.4byte	0x2eb
 976 0306 01       		.byte	0x1
 977 0307 05       		.byte	0x5
 978 0308 03       		.byte	0x3
 979 0309 00000000 		.4byte	incomingUDP
 980 030d 13       		.uleb128 0x13
 981 030e 18010000 		.4byte	.LASF40
 982 0312 01       		.byte	0x1
 983 0313 31       		.byte	0x31
 984 0314 1F030000 		.4byte	0x31f
 985 0318 01       		.byte	0x1
 986 0319 05       		.byte	0x5
 987 031a 03       		.byte	0x3
 988 031b 00000000 		.4byte	tick
 989 031f 05       		.uleb128 0x5
 990 0320 24030000 		.4byte	0x324
 991 0324 02       		.uleb128 0x2
 992 0325 01       		.byte	0x1
 993 0326 02       		.byte	0x2
 994 0327 60020000 		.4byte	.LASF41
 995 032b 13       		.uleb128 0x13
 996 032c 17000000 		.4byte	.LASF42
 997 0330 01       		.byte	0x1
 998 0331 34       		.byte	0x34
 999 0332 1F030000 		.4byte	0x31f
 1000 0336 01       		.byte	0x1
 1001 0337 05       		.byte	0x5
 1002 0338 03       		.byte	0x3
 1003 0339 00000000 		.4byte	wiznetMilk
 1004 033d 14       		.uleb128 0x14
 1005 033e 73636800 		.ascii	"sch\000"
 1006 0342 01       		.byte	0x1
 1007 0343 36       		.byte	0x36
 1008 0344 B0010000 		.4byte	0x1b0
 1009 0348 01       		.byte	0x1
 1010 0349 05       		.byte	0x5
 1011 034a 03       		.byte	0x3
 1012 034b 00000000 		.4byte	sch
 1013 034f 00       		.byte	0
 1014              		.section	.debug_abbrev,"",%progbits
ARM GAS  C:\Users\Jared\AppData\Local\Temp\ccQnePTi.s 			page 23


 1015              	.Ldebug_abbrev0:
 1016 0000 01       		.uleb128 0x1
 1017 0001 11       		.uleb128 0x11
 1018 0002 01       		.byte	0x1
 1019 0003 25       		.uleb128 0x25
 1020 0004 0E       		.uleb128 0xe
 1021 0005 13       		.uleb128 0x13
 1022 0006 0B       		.uleb128 0xb
 1023 0007 03       		.uleb128 0x3
 1024 0008 0E       		.uleb128 0xe
 1025 0009 1B       		.uleb128 0x1b
 1026 000a 0E       		.uleb128 0xe
 1027 000b 55       		.uleb128 0x55
 1028 000c 06       		.uleb128 0x6
 1029 000d 11       		.uleb128 0x11
 1030 000e 01       		.uleb128 0x1
 1031 000f 52       		.uleb128 0x52
 1032 0010 01       		.uleb128 0x1
 1033 0011 10       		.uleb128 0x10
 1034 0012 06       		.uleb128 0x6
 1035 0013 00       		.byte	0
 1036 0014 00       		.byte	0
 1037 0015 02       		.uleb128 0x2
 1038 0016 24       		.uleb128 0x24
 1039 0017 00       		.byte	0
 1040 0018 0B       		.uleb128 0xb
 1041 0019 0B       		.uleb128 0xb
 1042 001a 3E       		.uleb128 0x3e
 1043 001b 0B       		.uleb128 0xb
 1044 001c 03       		.uleb128 0x3
 1045 001d 0E       		.uleb128 0xe
 1046 001e 00       		.byte	0
 1047 001f 00       		.byte	0
 1048 0020 03       		.uleb128 0x3
 1049 0021 16       		.uleb128 0x16
 1050 0022 00       		.byte	0
 1051 0023 03       		.uleb128 0x3
 1052 0024 0E       		.uleb128 0xe
 1053 0025 3A       		.uleb128 0x3a
 1054 0026 0B       		.uleb128 0xb
 1055 0027 3B       		.uleb128 0x3b
 1056 0028 0B       		.uleb128 0xb
 1057 0029 49       		.uleb128 0x49
 1058 002a 13       		.uleb128 0x13
 1059 002b 00       		.byte	0
 1060 002c 00       		.byte	0
 1061 002d 04       		.uleb128 0x4
 1062 002e 24       		.uleb128 0x24
 1063 002f 00       		.byte	0
 1064 0030 0B       		.uleb128 0xb
 1065 0031 0B       		.uleb128 0xb
 1066 0032 3E       		.uleb128 0x3e
 1067 0033 0B       		.uleb128 0xb
 1068 0034 03       		.uleb128 0x3
 1069 0035 08       		.uleb128 0x8
 1070 0036 00       		.byte	0
 1071 0037 00       		.byte	0
ARM GAS  C:\Users\Jared\AppData\Local\Temp\ccQnePTi.s 			page 24


 1072 0038 05       		.uleb128 0x5
 1073 0039 35       		.uleb128 0x35
 1074 003a 00       		.byte	0
 1075 003b 49       		.uleb128 0x49
 1076 003c 13       		.uleb128 0x13
 1077 003d 00       		.byte	0
 1078 003e 00       		.byte	0
 1079 003f 06       		.uleb128 0x6
 1080 0040 0F       		.uleb128 0xf
 1081 0041 00       		.byte	0
 1082 0042 0B       		.uleb128 0xb
 1083 0043 0B       		.uleb128 0xb
 1084 0044 00       		.byte	0
 1085 0045 00       		.byte	0
 1086 0046 07       		.uleb128 0x7
 1087 0047 13       		.uleb128 0x13
 1088 0048 01       		.byte	0x1
 1089 0049 03       		.uleb128 0x3
 1090 004a 0E       		.uleb128 0xe
 1091 004b 0B       		.uleb128 0xb
 1092 004c 0B       		.uleb128 0xb
 1093 004d 3A       		.uleb128 0x3a
 1094 004e 0B       		.uleb128 0xb
 1095 004f 3B       		.uleb128 0x3b
 1096 0050 0B       		.uleb128 0xb
 1097 0051 01       		.uleb128 0x1
 1098 0052 13       		.uleb128 0x13
 1099 0053 00       		.byte	0
 1100 0054 00       		.byte	0
 1101 0055 08       		.uleb128 0x8
 1102 0056 0D       		.uleb128 0xd
 1103 0057 00       		.byte	0
 1104 0058 03       		.uleb128 0x3
 1105 0059 0E       		.uleb128 0xe
 1106 005a 3A       		.uleb128 0x3a
 1107 005b 0B       		.uleb128 0xb
 1108 005c 3B       		.uleb128 0x3b
 1109 005d 0B       		.uleb128 0xb
 1110 005e 49       		.uleb128 0x49
 1111 005f 13       		.uleb128 0x13
 1112 0060 38       		.uleb128 0x38
 1113 0061 0A       		.uleb128 0xa
 1114 0062 00       		.byte	0
 1115 0063 00       		.byte	0
 1116 0064 09       		.uleb128 0x9
 1117 0065 01       		.uleb128 0x1
 1118 0066 01       		.byte	0x1
 1119 0067 49       		.uleb128 0x49
 1120 0068 13       		.uleb128 0x13
 1121 0069 01       		.uleb128 0x1
 1122 006a 13       		.uleb128 0x13
 1123 006b 00       		.byte	0
 1124 006c 00       		.byte	0
 1125 006d 0A       		.uleb128 0xa
 1126 006e 21       		.uleb128 0x21
 1127 006f 00       		.byte	0
 1128 0070 49       		.uleb128 0x49
ARM GAS  C:\Users\Jared\AppData\Local\Temp\ccQnePTi.s 			page 25


 1129 0071 13       		.uleb128 0x13
 1130 0072 2F       		.uleb128 0x2f
 1131 0073 0B       		.uleb128 0xb
 1132 0074 00       		.byte	0
 1133 0075 00       		.byte	0
 1134 0076 0B       		.uleb128 0xb
 1135 0077 2E       		.uleb128 0x2e
 1136 0078 01       		.byte	0x1
 1137 0079 3F       		.uleb128 0x3f
 1138 007a 0C       		.uleb128 0xc
 1139 007b 03       		.uleb128 0x3
 1140 007c 0E       		.uleb128 0xe
 1141 007d 3A       		.uleb128 0x3a
 1142 007e 0B       		.uleb128 0xb
 1143 007f 3B       		.uleb128 0x3b
 1144 0080 0B       		.uleb128 0xb
 1145 0081 27       		.uleb128 0x27
 1146 0082 0C       		.uleb128 0xc
 1147 0083 11       		.uleb128 0x11
 1148 0084 01       		.uleb128 0x1
 1149 0085 12       		.uleb128 0x12
 1150 0086 01       		.uleb128 0x1
 1151 0087 40       		.uleb128 0x40
 1152 0088 06       		.uleb128 0x6
 1153 0089 9642     		.uleb128 0x2116
 1154 008b 0C       		.uleb128 0xc
 1155 008c 01       		.uleb128 0x1
 1156 008d 13       		.uleb128 0x13
 1157 008e 00       		.byte	0
 1158 008f 00       		.byte	0
 1159 0090 0C       		.uleb128 0xc
 1160 0091 05       		.uleb128 0x5
 1161 0092 00       		.byte	0
 1162 0093 03       		.uleb128 0x3
 1163 0094 08       		.uleb128 0x8
 1164 0095 3A       		.uleb128 0x3a
 1165 0096 0B       		.uleb128 0xb
 1166 0097 3B       		.uleb128 0x3b
 1167 0098 0B       		.uleb128 0xb
 1168 0099 49       		.uleb128 0x49
 1169 009a 13       		.uleb128 0x13
 1170 009b 02       		.uleb128 0x2
 1171 009c 0A       		.uleb128 0xa
 1172 009d 00       		.byte	0
 1173 009e 00       		.byte	0
 1174 009f 0D       		.uleb128 0xd
 1175 00a0 34       		.uleb128 0x34
 1176 00a1 00       		.byte	0
 1177 00a2 03       		.uleb128 0x3
 1178 00a3 0E       		.uleb128 0xe
 1179 00a4 3A       		.uleb128 0x3a
 1180 00a5 0B       		.uleb128 0xb
 1181 00a6 3B       		.uleb128 0x3b
 1182 00a7 0B       		.uleb128 0xb
 1183 00a8 49       		.uleb128 0x49
 1184 00a9 13       		.uleb128 0x13
 1185 00aa 02       		.uleb128 0x2
ARM GAS  C:\Users\Jared\AppData\Local\Temp\ccQnePTi.s 			page 26


 1186 00ab 0A       		.uleb128 0xa
 1187 00ac 00       		.byte	0
 1188 00ad 00       		.byte	0
 1189 00ae 0E       		.uleb128 0xe
 1190 00af 0B       		.uleb128 0xb
 1191 00b0 01       		.byte	0x1
 1192 00b1 11       		.uleb128 0x11
 1193 00b2 01       		.uleb128 0x1
 1194 00b3 12       		.uleb128 0x12
 1195 00b4 01       		.uleb128 0x1
 1196 00b5 00       		.byte	0
 1197 00b6 00       		.byte	0
 1198 00b7 0F       		.uleb128 0xf
 1199 00b8 34       		.uleb128 0x34
 1200 00b9 00       		.byte	0
 1201 00ba 03       		.uleb128 0x3
 1202 00bb 08       		.uleb128 0x8
 1203 00bc 3A       		.uleb128 0x3a
 1204 00bd 0B       		.uleb128 0xb
 1205 00be 3B       		.uleb128 0x3b
 1206 00bf 0B       		.uleb128 0xb
 1207 00c0 49       		.uleb128 0x49
 1208 00c1 13       		.uleb128 0x13
 1209 00c2 02       		.uleb128 0x2
 1210 00c3 0A       		.uleb128 0xa
 1211 00c4 00       		.byte	0
 1212 00c5 00       		.byte	0
 1213 00c6 10       		.uleb128 0x10
 1214 00c7 2E       		.uleb128 0x2e
 1215 00c8 00       		.byte	0
 1216 00c9 3F       		.uleb128 0x3f
 1217 00ca 0C       		.uleb128 0xc
 1218 00cb 03       		.uleb128 0x3
 1219 00cc 0E       		.uleb128 0xe
 1220 00cd 3A       		.uleb128 0x3a
 1221 00ce 0B       		.uleb128 0xb
 1222 00cf 3B       		.uleb128 0x3b
 1223 00d0 0B       		.uleb128 0xb
 1224 00d1 27       		.uleb128 0x27
 1225 00d2 0C       		.uleb128 0xc
 1226 00d3 11       		.uleb128 0x11
 1227 00d4 01       		.uleb128 0x1
 1228 00d5 12       		.uleb128 0x12
 1229 00d6 01       		.uleb128 0x1
 1230 00d7 40       		.uleb128 0x40
 1231 00d8 06       		.uleb128 0x6
 1232 00d9 9642     		.uleb128 0x2116
 1233 00db 0C       		.uleb128 0xc
 1234 00dc 00       		.byte	0
 1235 00dd 00       		.byte	0
 1236 00de 11       		.uleb128 0x11
 1237 00df 2E       		.uleb128 0x2e
 1238 00e0 01       		.byte	0x1
 1239 00e1 3F       		.uleb128 0x3f
 1240 00e2 0C       		.uleb128 0xc
 1241 00e3 03       		.uleb128 0x3
 1242 00e4 0E       		.uleb128 0xe
ARM GAS  C:\Users\Jared\AppData\Local\Temp\ccQnePTi.s 			page 27


 1243 00e5 3A       		.uleb128 0x3a
 1244 00e6 0B       		.uleb128 0xb
 1245 00e7 3B       		.uleb128 0x3b
 1246 00e8 0B       		.uleb128 0xb
 1247 00e9 49       		.uleb128 0x49
 1248 00ea 13       		.uleb128 0x13
 1249 00eb 11       		.uleb128 0x11
 1250 00ec 01       		.uleb128 0x1
 1251 00ed 12       		.uleb128 0x12
 1252 00ee 01       		.uleb128 0x1
 1253 00ef 40       		.uleb128 0x40
 1254 00f0 06       		.uleb128 0x6
 1255 00f1 9642     		.uleb128 0x2116
 1256 00f3 0C       		.uleb128 0xc
 1257 00f4 01       		.uleb128 0x1
 1258 00f5 13       		.uleb128 0x13
 1259 00f6 00       		.byte	0
 1260 00f7 00       		.byte	0
 1261 00f8 12       		.uleb128 0x12
 1262 00f9 26       		.uleb128 0x26
 1263 00fa 00       		.byte	0
 1264 00fb 49       		.uleb128 0x49
 1265 00fc 13       		.uleb128 0x13
 1266 00fd 00       		.byte	0
 1267 00fe 00       		.byte	0
 1268 00ff 13       		.uleb128 0x13
 1269 0100 34       		.uleb128 0x34
 1270 0101 00       		.byte	0
 1271 0102 03       		.uleb128 0x3
 1272 0103 0E       		.uleb128 0xe
 1273 0104 3A       		.uleb128 0x3a
 1274 0105 0B       		.uleb128 0xb
 1275 0106 3B       		.uleb128 0x3b
 1276 0107 0B       		.uleb128 0xb
 1277 0108 49       		.uleb128 0x49
 1278 0109 13       		.uleb128 0x13
 1279 010a 3F       		.uleb128 0x3f
 1280 010b 0C       		.uleb128 0xc
 1281 010c 02       		.uleb128 0x2
 1282 010d 0A       		.uleb128 0xa
 1283 010e 00       		.byte	0
 1284 010f 00       		.byte	0
 1285 0110 14       		.uleb128 0x14
 1286 0111 34       		.uleb128 0x34
 1287 0112 00       		.byte	0
 1288 0113 03       		.uleb128 0x3
 1289 0114 08       		.uleb128 0x8
 1290 0115 3A       		.uleb128 0x3a
 1291 0116 0B       		.uleb128 0xb
 1292 0117 3B       		.uleb128 0x3b
 1293 0118 0B       		.uleb128 0xb
 1294 0119 49       		.uleb128 0x49
 1295 011a 13       		.uleb128 0x13
 1296 011b 3F       		.uleb128 0x3f
 1297 011c 0C       		.uleb128 0xc
 1298 011d 02       		.uleb128 0x2
 1299 011e 0A       		.uleb128 0xa
ARM GAS  C:\Users\Jared\AppData\Local\Temp\ccQnePTi.s 			page 28


 1300 011f 00       		.byte	0
 1301 0120 00       		.byte	0
 1302 0121 00       		.byte	0
 1303              		.section	.debug_loc,"",%progbits
 1304              	.Ldebug_loc0:
 1305              	.LLST0:
 1306 0000 00000000 		.4byte	.LFB33
 1307 0004 02000000 		.4byte	.LCFI0
 1308 0008 0200     		.2byte	0x2
 1309 000a 7D       		.byte	0x7d
 1310 000b 00       		.sleb128 0
 1311 000c 02000000 		.4byte	.LCFI0
 1312 0010 04000000 		.4byte	.LCFI1
 1313 0014 0200     		.2byte	0x2
 1314 0016 7D       		.byte	0x7d
 1315 0017 08       		.sleb128 8
 1316 0018 04000000 		.4byte	.LCFI1
 1317 001c 06000000 		.4byte	.LCFI2
 1318 0020 0200     		.2byte	0x2
 1319 0022 7D       		.byte	0x7d
 1320 0023 10       		.sleb128 16
 1321 0024 06000000 		.4byte	.LCFI2
 1322 0028 2C000000 		.4byte	.LFE33
 1323 002c 0200     		.2byte	0x2
 1324 002e 77       		.byte	0x77
 1325 002f 10       		.sleb128 16
 1326 0030 00000000 		.4byte	0
 1327 0034 00000000 		.4byte	0
 1328              	.LLST1:
 1329 0038 00000000 		.4byte	.LFB34
 1330 003c 02000000 		.4byte	.LCFI3
 1331 0040 0200     		.2byte	0x2
 1332 0042 7D       		.byte	0x7d
 1333 0043 00       		.sleb128 0
 1334 0044 02000000 		.4byte	.LCFI3
 1335 0048 04000000 		.4byte	.LCFI4
 1336 004c 0200     		.2byte	0x2
 1337 004e 7D       		.byte	0x7d
 1338 004f 08       		.sleb128 8
 1339 0050 04000000 		.4byte	.LCFI4
 1340 0054 06000000 		.4byte	.LCFI5
 1341 0058 0200     		.2byte	0x2
 1342 005a 7D       		.byte	0x7d
 1343 005b 10       		.sleb128 16
 1344 005c 06000000 		.4byte	.LCFI5
 1345 0060 2C000000 		.4byte	.LFE34
 1346 0064 0200     		.2byte	0x2
 1347 0066 77       		.byte	0x77
 1348 0067 10       		.sleb128 16
 1349 0068 00000000 		.4byte	0
 1350 006c 00000000 		.4byte	0
 1351              	.LLST2:
 1352 0070 00000000 		.4byte	.LFB35
 1353 0074 02000000 		.4byte	.LCFI6
 1354 0078 0200     		.2byte	0x2
 1355 007a 7D       		.byte	0x7d
 1356 007b 00       		.sleb128 0
ARM GAS  C:\Users\Jared\AppData\Local\Temp\ccQnePTi.s 			page 29


 1357 007c 02000000 		.4byte	.LCFI6
 1358 0080 04000000 		.4byte	.LCFI7
 1359 0084 0200     		.2byte	0x2
 1360 0086 7D       		.byte	0x7d
 1361 0087 08       		.sleb128 8
 1362 0088 04000000 		.4byte	.LCFI7
 1363 008c 06000000 		.4byte	.LCFI8
 1364 0090 0200     		.2byte	0x2
 1365 0092 7D       		.byte	0x7d
 1366 0093 18       		.sleb128 24
 1367 0094 06000000 		.4byte	.LCFI8
 1368 0098 C0000000 		.4byte	.LFE35
 1369 009c 0200     		.2byte	0x2
 1370 009e 77       		.byte	0x77
 1371 009f 18       		.sleb128 24
 1372 00a0 00000000 		.4byte	0
 1373 00a4 00000000 		.4byte	0
 1374              	.LLST3:
 1375 00a8 00000000 		.4byte	.LFB36
 1376 00ac 02000000 		.4byte	.LCFI9
 1377 00b0 0200     		.2byte	0x2
 1378 00b2 7D       		.byte	0x7d
 1379 00b3 00       		.sleb128 0
 1380 00b4 02000000 		.4byte	.LCFI9
 1381 00b8 04000000 		.4byte	.LCFI10
 1382 00bc 0200     		.2byte	0x2
 1383 00be 7D       		.byte	0x7d
 1384 00bf 08       		.sleb128 8
 1385 00c0 04000000 		.4byte	.LCFI10
 1386 00c4 18000000 		.4byte	.LFE36
 1387 00c8 0200     		.2byte	0x2
 1388 00ca 77       		.byte	0x77
 1389 00cb 08       		.sleb128 8
 1390 00cc 00000000 		.4byte	0
 1391 00d0 00000000 		.4byte	0
 1392              	.LLST4:
 1393 00d4 00000000 		.4byte	.LFB37
 1394 00d8 02000000 		.4byte	.LCFI11
 1395 00dc 0200     		.2byte	0x2
 1396 00de 7D       		.byte	0x7d
 1397 00df 00       		.sleb128 0
 1398 00e0 02000000 		.4byte	.LCFI11
 1399 00e4 04000000 		.4byte	.LCFI12
 1400 00e8 0200     		.2byte	0x2
 1401 00ea 7D       		.byte	0x7d
 1402 00eb 08       		.sleb128 8
 1403 00ec 04000000 		.4byte	.LCFI12
 1404 00f0 06000000 		.4byte	.LCFI13
 1405 00f4 0200     		.2byte	0x2
 1406 00f6 7D       		.byte	0x7d
 1407 00f7 10       		.sleb128 16
 1408 00f8 06000000 		.4byte	.LCFI13
 1409 00fc 18010000 		.4byte	.LFE37
 1410 0100 0200     		.2byte	0x2
 1411 0102 77       		.byte	0x77
 1412 0103 10       		.sleb128 16
 1413 0104 00000000 		.4byte	0
ARM GAS  C:\Users\Jared\AppData\Local\Temp\ccQnePTi.s 			page 30


 1414 0108 00000000 		.4byte	0
 1415              		.section	.debug_aranges,"",%progbits
 1416 0000 3C000000 		.4byte	0x3c
 1417 0004 0200     		.2byte	0x2
 1418 0006 00000000 		.4byte	.Ldebug_info0
 1419 000a 04       		.byte	0x4
 1420 000b 00       		.byte	0
 1421 000c 0000     		.2byte	0
 1422 000e 0000     		.2byte	0
 1423 0010 00000000 		.4byte	.LFB33
 1424 0014 2C000000 		.4byte	.LFE33-.LFB33
 1425 0018 00000000 		.4byte	.LFB34
 1426 001c 2C000000 		.4byte	.LFE34-.LFB34
 1427 0020 00000000 		.4byte	.LFB35
 1428 0024 C0000000 		.4byte	.LFE35-.LFB35
 1429 0028 00000000 		.4byte	.LFB36
 1430 002c 18000000 		.4byte	.LFE36-.LFB36
 1431 0030 00000000 		.4byte	.LFB37
 1432 0034 18010000 		.4byte	.LFE37-.LFB37
 1433 0038 00000000 		.4byte	0
 1434 003c 00000000 		.4byte	0
 1435              		.section	.debug_ranges,"",%progbits
 1436              	.Ldebug_ranges0:
 1437 0000 00000000 		.4byte	.LFB33
 1438 0004 2C000000 		.4byte	.LFE33
 1439 0008 00000000 		.4byte	.LFB34
 1440 000c 2C000000 		.4byte	.LFE34
 1441 0010 00000000 		.4byte	.LFB35
 1442 0014 C0000000 		.4byte	.LFE35
 1443 0018 00000000 		.4byte	.LFB36
 1444 001c 18000000 		.4byte	.LFE36
 1445 0020 00000000 		.4byte	.LFB37
 1446 0024 18010000 		.4byte	.LFE37
 1447 0028 00000000 		.4byte	0
 1448 002c 00000000 		.4byte	0
 1449              		.section	.debug_line,"",%progbits
 1450              	.Ldebug_line0:
 1451 0000 D6010000 		.section	.debug_str,"MS",%progbits,1
 1451      02000F01 
 1451      00000201 
 1451      FB0E0D00 
 1451      01010101 
 1452              	.LASF21:
 1453 0000 67696D62 		.ascii	"gimbalTilt\000"
 1453      616C5469 
 1453      6C7400
 1454              	.LASF34:
 1455 000b 696E7472 		.ascii	"intre\000"
 1455      6500
 1456              	.LASF16:
 1457 0011 72656733 		.ascii	"reg32\000"
 1457      3200
 1458              	.LASF42:
 1459 0017 77697A6E 		.ascii	"wiznetMilk\000"
 1459      65744D69 
 1459      6C6B00
 1460              	.LASF46:
ARM GAS  C:\Users\Jared\AppData\Local\Temp\ccQnePTi.s 			page 31


 1461 0022 73706949 		.ascii	"spiISR\000"
 1461      535200
 1462              	.LASF24:
 1463 0029 7265706F 		.ascii	"report\000"
 1463      727400
 1464              	.LASF30:
 1465 0030 70757464 		.ascii	"putdata\000"
 1465      61746100 
 1466              	.LASF22:
 1467 0038 546F446F 		.ascii	"ToDoList\000"
 1467      4C697374 
 1467      00
 1468              	.LASF28:
 1469 0041 67707349 		.ascii	"gpsIncoming\000"
 1469      6E636F6D 
 1469      696E6700 
 1470              	.LASF45:
 1471 004d 433A5C55 		.ascii	"C:\\Users\\Jared\\Documents\\PSoC Creator\\MasterCo"
 1471      73657273 
 1471      5C4A6172 
 1471      65645C44 
 1471      6F63756D 
 1472 007b 6E74726F 		.ascii	"ntrollerBoard\\MasterController\\BYURover2015MainBo"
 1472      6C6C6572 
 1472      426F6172 
 1472      645C4D61 
 1472      73746572 
 1473 00ac 61726453 		.ascii	"ardSM.cydsn\000"
 1473      4D2E6379 
 1473      64736E00 
 1474              	.LASF29:
 1475 00b8 53636865 		.ascii	"Scheduler\000"
 1475      64756C65 
 1475      7200
 1476              	.LASF13:
 1477 00c2 666C6F61 		.ascii	"float\000"
 1477      7400
 1478              	.LASF9:
 1479 00c8 6C6F6E67 		.ascii	"long long unsigned int\000"
 1479      206C6F6E 
 1479      6720756E 
 1479      7369676E 
 1479      65642069 
 1480              	.LASF32:
 1481 00df 75617274 		.ascii	"uartISR\000"
 1481      49535200 
 1482              	.LASF19:
 1483 00e7 72696768 		.ascii	"rightWheels\000"
 1483      74576865 
 1483      656C7300 
 1484              	.LASF7:
 1485 00f3 6C6F6E67 		.ascii	"long unsigned int\000"
 1485      20756E73 
 1485      69676E65 
 1485      6420696E 
 1485      7400
 1486              	.LASF5:
ARM GAS  C:\Users\Jared\AppData\Local\Temp\ccQnePTi.s 			page 32


 1487 0105 73686F72 		.ascii	"short unsigned int\000"
 1487      7420756E 
 1487      7369676E 
 1487      65642069 
 1487      6E7400
 1488              	.LASF40:
 1489 0118 7469636B 		.ascii	"tick\000"
 1489      00
 1490              	.LASF14:
 1491 011d 646F7562 		.ascii	"double\000"
 1491      6C6500
 1492              	.LASF37:
 1493 0124 494E4352 		.ascii	"INCREMENT_AMMOUNT\000"
 1493      454D454E 
 1493      545F414D 
 1493      4D4F554E 
 1493      5400
 1494              	.LASF44:
 1495 0136 2E5C6D61 		.ascii	".\\main.c\000"
 1495      696E2E63 
 1495      00
 1496              	.LASF35:
 1497 013f 67657443 		.ascii	"getChar\000"
 1497      68617200 
 1498              	.LASF11:
 1499 0147 75696E74 		.ascii	"uint16\000"
 1499      313600
 1500              	.LASF39:
 1501 014e 696E636F 		.ascii	"incomingUDP\000"
 1501      6D696E67 
 1501      55445000 
 1502              	.LASF12:
 1503 015a 75696E74 		.ascii	"uint32\000"
 1503      333200
 1504              	.LASF36:
 1505 0161 6D61696E 		.ascii	"main\000"
 1505      00
 1506              	.LASF1:
 1507 0166 756E7369 		.ascii	"unsigned char\000"
 1507      676E6564 
 1507      20636861 
 1507      7200
 1508              	.LASF10:
 1509 0174 756E7369 		.ascii	"unsigned int\000"
 1509      676E6564 
 1509      20696E74 
 1509      00
 1510              	.LASF27:
 1511 0181 746F646F 		.ascii	"todo\000"
 1511      00
 1512              	.LASF26:
 1513 0186 73636865 		.ascii	"scheduler\000"
 1513      64756C65 
 1513      7200
 1514              	.LASF3:
 1515 0190 75696E74 		.ascii	"uint8_t\000"
 1515      385F7400 
ARM GAS  C:\Users\Jared\AppData\Local\Temp\ccQnePTi.s 			page 33


 1516              	.LASF17:
 1517 0198 73697A65 		.ascii	"sizetype\000"
 1517      74797065 
 1517      00
 1518              	.LASF18:
 1519 01a1 6C656674 		.ascii	"leftWheels\000"
 1519      57686565 
 1519      6C7300
 1520              	.LASF8:
 1521 01ac 6C6F6E67 		.ascii	"long long int\000"
 1521      206C6F6E 
 1521      6720696E 
 1521      7400
 1522              	.LASF20:
 1523 01ba 67696D62 		.ascii	"gimbalPan\000"
 1523      616C5061 
 1523      6E00
 1524              	.LASF15:
 1525 01c4 63686172 		.ascii	"char\000"
 1525      00
 1526              	.LASF38:
 1527 01c9 73696D75 		.ascii	"simulatedIncommingInfo\000"
 1527      6C617465 
 1527      64496E63 
 1527      6F6D6D69 
 1527      6E67496E 
 1528              	.LASF2:
 1529 01e0 73686F72 		.ascii	"short int\000"
 1529      7420696E 
 1529      7400
 1530              	.LASF4:
 1531 01ea 75696E74 		.ascii	"uint16_t\000"
 1531      31365F74 
 1531      00
 1532              	.LASF43:
 1533 01f3 474E5520 		.ascii	"GNU C 4.7.3 20130312 (release) [ARM/embedded-4_7-br"
 1533      4320342E 
 1533      372E3320 
 1533      32303133 
 1533      30333132 
 1534 0226 616E6368 		.ascii	"anch revision 196615]\000"
 1534      20726576 
 1534      6973696F 
 1534      6E203139 
 1534      36363135 
 1535              	.LASF6:
 1536 023c 6C6F6E67 		.ascii	"long int\000"
 1536      20696E74 
 1536      00
 1537              	.LASF0:
 1538 0245 7369676E 		.ascii	"signed char\000"
 1538      65642063 
 1538      68617200 
 1539              	.LASF31:
 1540 0251 6D794953 		.ascii	"myISR\000"
 1540      5200
 1541              	.LASF23:
ARM GAS  C:\Users\Jared\AppData\Local\Temp\ccQnePTi.s 			page 34


 1542 0257 746F646F 		.ascii	"todolist\000"
 1542      6C697374 
 1542      00
 1543              	.LASF41:
 1544 0260 5F426F6F 		.ascii	"_Bool\000"
 1544      6C00
 1545              	.LASF33:
 1546 0266 696E7472 		.ascii	"intr\000"
 1546      00
 1547              	.LASF25:
 1548 026b 5265706F 		.ascii	"Report\000"
 1548      727400
 1549              		.ident	"GCC: (GNU Tools for ARM Embedded Processors) 4.7.3 20130312 (release) [ARM/embedded-4_7-br
