ARM GAS  C:\Users\Jared\AppData\Local\Temp\ccjIs36k.s 			page 1


   1              		.cpu cortex-m0
   2              		.fpu softvfp
   3              		.eabi_attribute 20, 1
   4              		.eabi_attribute 21, 1
   5              		.eabi_attribute 23, 3
   6              		.eabi_attribute 24, 1
   7              		.eabi_attribute 25, 1
   8              		.eabi_attribute 26, 1
   9              		.eabi_attribute 30, 6
  10              		.eabi_attribute 34, 0
  11              		.eabi_attribute 18, 4
  12              		.code	16
  13              		.file	"VidMux.c"
  14              		.text
  15              	.Ltext0:
  16              		.cfi_sections	.debug_frame
  17              	.Letext0:
  18              		.section	.debug_info,"",%progbits
  19              	.Ldebug_info0:
  20 0000 75000000 		.4byte	0x75
  21 0004 0200     		.2byte	0x2
  22 0006 00000000 		.4byte	.Ldebug_abbrev0
  23 000a 04       		.byte	0x4
  24 000b 01       		.uleb128 0x1
  25 000c 0E010000 		.4byte	.LASF12
  26 0010 01       		.byte	0x1
  27 0011 7F000000 		.4byte	.LASF13
  28 0015 00000000 		.4byte	.LASF14
  29 0019 00000000 		.4byte	.Ldebug_line0
  30 001d 02       		.uleb128 0x2
  31 001e 01       		.byte	0x1
  32 001f 06       		.byte	0x6
  33 0020 60010000 		.4byte	.LASF0
  34 0024 02       		.uleb128 0x2
  35 0025 01       		.byte	0x1
  36 0026 08       		.byte	0x8
  37 0027 71000000 		.4byte	.LASF1
  38 002b 02       		.uleb128 0x2
  39 002c 02       		.byte	0x2
  40 002d 05       		.byte	0x5
  41 002e 04010000 		.4byte	.LASF2
  42 0032 02       		.uleb128 0x2
  43 0033 02       		.byte	0x2
  44 0034 07       		.byte	0x7
  45 0035 B3000000 		.4byte	.LASF3
  46 0039 02       		.uleb128 0x2
  47 003a 04       		.byte	0x4
  48 003b 05       		.byte	0x5
  49 003c 57010000 		.4byte	.LASF4
  50 0040 02       		.uleb128 0x2
  51 0041 04       		.byte	0x4
  52 0042 07       		.byte	0x7
  53 0043 A1000000 		.4byte	.LASF5
  54 0047 02       		.uleb128 0x2
  55 0048 08       		.byte	0x8
  56 0049 05       		.byte	0x5
  57 004a F1000000 		.4byte	.LASF6
ARM GAS  C:\Users\Jared\AppData\Local\Temp\ccjIs36k.s 			page 2


  58 004e 02       		.uleb128 0x2
  59 004f 08       		.byte	0x8
  60 0050 07       		.byte	0x7
  61 0051 DA000000 		.4byte	.LASF7
  62 0055 03       		.uleb128 0x3
  63 0056 04       		.byte	0x4
  64 0057 05       		.byte	0x5
  65 0058 696E7400 		.ascii	"int\000"
  66 005c 02       		.uleb128 0x2
  67 005d 04       		.byte	0x4
  68 005e 07       		.byte	0x7
  69 005f CD000000 		.4byte	.LASF8
  70 0063 02       		.uleb128 0x2
  71 0064 04       		.byte	0x4
  72 0065 04       		.byte	0x4
  73 0066 6B000000 		.4byte	.LASF9
  74 006a 02       		.uleb128 0x2
  75 006b 08       		.byte	0x8
  76 006c 04       		.byte	0x4
  77 006d C6000000 		.4byte	.LASF10
  78 0071 02       		.uleb128 0x2
  79 0072 01       		.byte	0x1
  80 0073 08       		.byte	0x8
  81 0074 FF000000 		.4byte	.LASF11
  82 0078 00       		.byte	0
  83              		.section	.debug_abbrev,"",%progbits
  84              	.Ldebug_abbrev0:
  85 0000 01       		.uleb128 0x1
  86 0001 11       		.uleb128 0x11
  87 0002 01       		.byte	0x1
  88 0003 25       		.uleb128 0x25
  89 0004 0E       		.uleb128 0xe
  90 0005 13       		.uleb128 0x13
  91 0006 0B       		.uleb128 0xb
  92 0007 03       		.uleb128 0x3
  93 0008 0E       		.uleb128 0xe
  94 0009 1B       		.uleb128 0x1b
  95 000a 0E       		.uleb128 0xe
  96 000b 10       		.uleb128 0x10
  97 000c 06       		.uleb128 0x6
  98 000d 00       		.byte	0
  99 000e 00       		.byte	0
 100 000f 02       		.uleb128 0x2
 101 0010 24       		.uleb128 0x24
 102 0011 00       		.byte	0
 103 0012 0B       		.uleb128 0xb
 104 0013 0B       		.uleb128 0xb
 105 0014 3E       		.uleb128 0x3e
 106 0015 0B       		.uleb128 0xb
 107 0016 03       		.uleb128 0x3
 108 0017 0E       		.uleb128 0xe
 109 0018 00       		.byte	0
 110 0019 00       		.byte	0
 111 001a 03       		.uleb128 0x3
 112 001b 24       		.uleb128 0x24
 113 001c 00       		.byte	0
 114 001d 0B       		.uleb128 0xb
ARM GAS  C:\Users\Jared\AppData\Local\Temp\ccjIs36k.s 			page 3


 115 001e 0B       		.uleb128 0xb
 116 001f 3E       		.uleb128 0x3e
 117 0020 0B       		.uleb128 0xb
 118 0021 03       		.uleb128 0x3
 119 0022 08       		.uleb128 0x8
 120 0023 00       		.byte	0
 121 0024 00       		.byte	0
 122 0025 00       		.byte	0
 123              		.section	.debug_aranges,"",%progbits
 124 0000 14000000 		.4byte	0x14
 125 0004 0200     		.2byte	0x2
 126 0006 00000000 		.4byte	.Ldebug_info0
 127 000a 04       		.byte	0x4
 128 000b 00       		.byte	0
 129 000c 0000     		.2byte	0
 130 000e 0000     		.2byte	0
 131 0010 00000000 		.4byte	0
 132 0014 00000000 		.4byte	0
 133              		.section	.debug_line,"",%progbits
 134              	.Ldebug_line0:
 135 0000 19000000 		.section	.debug_str,"MS",%progbits,1
 135      02001300 
 135      00000201 
 135      FB0E0D00 
 135      01010101 
 136              	.LASF14:
 137 0000 433A5C55 		.ascii	"C:\\Users\\Jared\\Documents\\PSoC Creator\\MasterCo"
 137      73657273 
 137      5C4A6172 
 137      65645C44 
 137      6F63756D 
 138 002e 6E74726F 		.ascii	"ntrollerBoard\\MasterController\\BYURover2015MainBo"
 138      6C6C6572 
 138      426F6172 
 138      645C4D61 
 138      73746572 
 139 005f 61726453 		.ascii	"ardSM.cydsn\000"
 139      4D2E6379 
 139      64736E00 
 140              	.LASF9:
 141 006b 666C6F61 		.ascii	"float\000"
 141      7400
 142              	.LASF1:
 143 0071 756E7369 		.ascii	"unsigned char\000"
 143      676E6564 
 143      20636861 
 143      7200
 144              	.LASF13:
 145 007f 2E5C4765 		.ascii	".\\Generated_Source\\PSoC4\\VidMux.c\000"
 145      6E657261 
 145      7465645F 
 145      536F7572 
 145      63655C50 
 146              	.LASF5:
 147 00a1 6C6F6E67 		.ascii	"long unsigned int\000"
 147      20756E73 
 147      69676E65 
ARM GAS  C:\Users\Jared\AppData\Local\Temp\ccjIs36k.s 			page 4


 147      6420696E 
 147      7400
 148              	.LASF3:
 149 00b3 73686F72 		.ascii	"short unsigned int\000"
 149      7420756E 
 149      7369676E 
 149      65642069 
 149      6E7400
 150              	.LASF10:
 151 00c6 646F7562 		.ascii	"double\000"
 151      6C6500
 152              	.LASF8:
 153 00cd 756E7369 		.ascii	"unsigned int\000"
 153      676E6564 
 153      20696E74 
 153      00
 154              	.LASF7:
 155 00da 6C6F6E67 		.ascii	"long long unsigned int\000"
 155      206C6F6E 
 155      6720756E 
 155      7369676E 
 155      65642069 
 156              	.LASF6:
 157 00f1 6C6F6E67 		.ascii	"long long int\000"
 157      206C6F6E 
 157      6720696E 
 157      7400
 158              	.LASF11:
 159 00ff 63686172 		.ascii	"char\000"
 159      00
 160              	.LASF2:
 161 0104 73686F72 		.ascii	"short int\000"
 161      7420696E 
 161      7400
 162              	.LASF12:
 163 010e 474E5520 		.ascii	"GNU C 4.7.3 20130312 (release) [ARM/embedded-4_7-br"
 163      4320342E 
 163      372E3320 
 163      32303133 
 163      30333132 
 164 0141 616E6368 		.ascii	"anch revision 196615]\000"
 164      20726576 
 164      6973696F 
 164      6E203139 
 164      36363135 
 165              	.LASF4:
 166 0157 6C6F6E67 		.ascii	"long int\000"
 166      20696E74 
 166      00
 167              	.LASF0:
 168 0160 7369676E 		.ascii	"signed char\000"
 168      65642063 
 168      68617200 
 169              		.ident	"GCC: (GNU Tools for ARM Embedded Processors) 4.7.3 20130312 (release) [ARM/embedded-4_7-br
