Loading plugins phase: Elapsed time ==> 0s.250ms
Initializing data phase: Elapsed time ==> 0s.000ms
<CYPRESSTAG name="CyDsfit arguments...">
cydsfit arguments: -.fdsnotice -.fdswarpdepfile=warp_dependencies.txt -.fdselabdepfile=elab_dependencies.txt -.fdsbldfile=generated_files.txt -p C:\Users\Clayton\Documents\Mars Rover\MasterControllerBoard\BYURover2015\BYURover2015MainBoardSM.cydsn\BYURover2015MainBoardSM.cyprj -d CY8C4245AXI-483 -s C:\Users\Clayton\Documents\Mars Rover\MasterControllerBoard\BYURover2015\BYURover2015MainBoardSM.cydsn\Generated_Source\PSoC4 -- -yv2 -q10 -ygs -o2 -v3 -.fftcfgtype=LE</CYPRESSTAG>
<CYPRESSTAG name="Design elaboration results...">
ADD: pft.M0111: information: One or more rows of flash have been configured to be protected; however, debugging has been enabled in the System DWR Editor. This means that while write restrictions are honored flash rows can still be read via SWD or JTAG. To prevent any ability to read the flash rows, disable debugging in the System DWR Editor.
 * C:\Users\Clayton\Documents\Mars Rover\MasterControllerBoard\BYURover2015\BYURover2015MainBoardSM.cydsn\BYURover2015MainBoardSM.cydwr (Chip Protection)

</CYPRESSTAG>
Elaboration phase: Elapsed time ==> 2s.843ms
<CYPRESSTAG name="HDL generation results...">
</CYPRESSTAG>
HDL generation phase: Elapsed time ==> 0s.062ms
<CYPRESSTAG name="Synthesis results...">

     | | | | | | |
   _________________
  -|               |-
  -|               |-
  -|               |-
  -|    CYPRESS    |-
  -|               |-
  -|               |-   Warp Verilog Synthesis Compiler: Version 6.3 IR 41
  -|               |-   Copyright (C) 1991-2001 Cypress Semiconductor
   |_______________|
     | | | | | | |

======================================================================
Compiling:  BYURover2015MainBoardSM.v
Program  :   C:\Program Files (x86)\Cypress\PSoC Creator\3.1\PSoC Creator\warp\bin/warp.exe
Options  :    -yv2 -q10 -ygs -o2 -v3 -.fftcfgtype=LE -ya -.fftprj=C:\Users\Clayton\Documents\Mars Rover\MasterControllerBoard\BYURover2015\BYURover2015MainBoardSM.cydsn\BYURover2015MainBoardSM.cyprj -dcpsoc3 BYURover2015MainBoardSM.v -verilog
======================================================================

======================================================================
Compiling:  BYURover2015MainBoardSM.v
Program  :   C:\Program Files (x86)\Cypress\PSoC Creator\3.1\PSoC Creator\warp\bin/warp.exe
Options  :    -yv2 -q10 -ygs -o2 -v3 -.fftcfgtype=LE -ya -.fftprj=C:\Users\Clayton\Documents\Mars Rover\MasterControllerBoard\BYURover2015\BYURover2015MainBoardSM.cydsn\BYURover2015MainBoardSM.cyprj -dcpsoc3 BYURover2015MainBoardSM.v -verilog
======================================================================

======================================================================
Compiling:  BYURover2015MainBoardSM.v
Program  :   vlogfe
Options  :    -yv2 -q10 -ygs -o2 -v3 -.fftcfgtype=LE -ya -.fftprj=C:\Users\Clayton\Documents\Mars Rover\MasterControllerBoard\BYURover2015\BYURover2015MainBoardSM.cydsn\BYURover2015MainBoardSM.cyprj -dcpsoc3 -verilog BYURover2015MainBoardSM.v
======================================================================

vlogfe V6.3 IR 41:  Verilog parser
Sat Feb 28 16:29:30 2015


======================================================================
Compiling:  BYURover2015MainBoardSM.v
Program  :   vpp
Options  :    -yv2 -q10 BYURover2015MainBoardSM.v
======================================================================

vpp V6.3 IR 41:  Verilog Pre-Processor
Sat Feb 28 16:29:30 2015

Flattening file 'C:\Program Files (x86)\Cypress\PSoC Creator\3.1\PSoC Creator\warp\..\psoc\content\cyprimitives\CyPrimitives.cylib\ZeroTerminal\ZeroTerminal.v'
Flattening file 'C:\Program Files (x86)\Cypress\PSoC Creator\3.1\PSoC Creator\warp\..\psoc\content\cyprimitives\CyPrimitives.cylib\cy_virtualmux_v1_0\cy_virtualmux_v1_0.v'
Flattening file 'C:\Program Files (x86)\Cypress\PSoC Creator\3.1\PSoC Creator\warp\..\psoc\content\cyprimitives\CyPrimitives.cylib\or_v1_0\or_v1_0.v'
Flattening file 'C:\Program Files (x86)\Cypress\PSoC Creator\3.1\PSoC Creator\warp\..\psoc\content\cyprimitives\CyPrimitives.cylib\demux_v1_10\demux_v1_10.v'
Flattening file 'C:\Program Files (x86)\Cypress\PSoC Creator\3.1\PSoC Creator\warp\..\psoc\content\cyprimitives\CyPrimitives.cylib\CyControlReg_v1_70\CyControlReg_v1_70.v'
Flattening file 'C:\Program Files (x86)\Cypress\PSoC Creator\3.1\PSoC Creator\warp\lib\common\cypress.v'
Flattening file 'C:\Program Files (x86)\Cypress\PSoC Creator\3.1\PSoC Creator\warp\lib\common\cy_psoc3_inc.v'

vpp:  No errors.

Library 'work' => directory 'lcpsoc3'
General_symbol_table
General_symbol_table
Linking 'C:\Program Files (x86)\Cypress\PSoC Creator\3.1\PSoC Creator\warp\lib\common\std.vhd'.
Linking 'C:\Program Files (x86)\Cypress\PSoC Creator\3.1\PSoC Creator\warp\lib\common\cypress.vhd'.
Linking 'C:\Program Files (x86)\Cypress\PSoC Creator\3.1\PSoC Creator\warp\lib\common\work\cypress.vif'.
Linking 'C:\Program Files (x86)\Cypress\PSoC Creator\3.1\PSoC Creator\warp\lib\ieee\work\stdlogic.vif'.
Linking 'C:\Program Files (x86)\Cypress\PSoC Creator\3.1\PSoC Creator\warp\lib\common\stdlogic\lpmpkg.vif'.
Linking 'C:\Program Files (x86)\Cypress\PSoC Creator\3.1\PSoC Creator\warp\lib\common\stdlogic\rtlpkg.vif'.
Linking 'C:\Program Files (x86)\Cypress\PSoC Creator\3.1\PSoC Creator\warp\lib\common\stdlogic\mod_cnst.vif'.
Linking 'C:\Program Files (x86)\Cypress\PSoC Creator\3.1\PSoC Creator\warp\lib\common\stdlogic\mod_mthv.vif'.
Linking 'C:\Program Files (x86)\Cypress\PSoC Creator\3.1\PSoC Creator\warp\lib\common\stdlogic\mod_genv.vif'.
Using control file 'BYURover2015MainBoardSM.ctl'.

vlogfe:  No errors.


======================================================================
Compiling:  BYURover2015MainBoardSM.v
Program  :   tovif
Options  :    -yv2 -q10 -ygs -o2 -v3 -.fftcfgtype=LE -ya -.fftprj=C:\Users\Clayton\Documents\Mars Rover\MasterControllerBoard\BYURover2015\BYURover2015MainBoardSM.cydsn\BYURover2015MainBoardSM.cyprj -dcpsoc3 -verilog BYURover2015MainBoardSM.v
======================================================================

tovif V6.3 IR 41:  High-level synthesis
Sat Feb 28 16:29:31 2015

Linking 'C:\Program Files (x86)\Cypress\PSoC Creator\3.1\PSoC Creator\warp\lib\common\std.vhd'.
Linking 'C:\Program Files (x86)\Cypress\PSoC Creator\3.1\PSoC Creator\warp\lib\common\cypress.vhd'.
Linking 'C:\Program Files (x86)\Cypress\PSoC Creator\3.1\PSoC Creator\warp\lib\common\work\cypress.vif'.
Linking 'C:\Program Files (x86)\Cypress\PSoC Creator\3.1\PSoC Creator\warp\lib\ieee\work\stdlogic.vif'.
Linking 'C:\Program Files (x86)\Cypress\PSoC Creator\3.1\PSoC Creator\warp\lib\common\stdlogic\lpmpkg.vif'.
Linking 'C:\Program Files (x86)\Cypress\PSoC Creator\3.1\PSoC Creator\warp\lib\common\stdlogic\rtlpkg.vif'.
Linking 'C:\Program Files (x86)\Cypress\PSoC Creator\3.1\PSoC Creator\warp\lib\common\stdlogic\mod_cnst.vif'.
Linking 'C:\Program Files (x86)\Cypress\PSoC Creator\3.1\PSoC Creator\warp\lib\common\stdlogic\mod_mthv.vif'.
Linking 'C:\Program Files (x86)\Cypress\PSoC Creator\3.1\PSoC Creator\warp\lib\common\stdlogic\mod_genv.vif'.
Linking 'C:\Users\Clayton\Documents\Mars Rover\MasterControllerBoard\BYURover2015\BYURover2015MainBoardSM.cydsn\codegentemp\BYURover2015MainBoardSM.ctl'.
Linking 'C:\Program Files (x86)\Cypress\PSoC Creator\3.1\PSoC Creator\psoc\content\cyprimitives\CyPrimitives.cylib\ZeroTerminal\ZeroTerminal.v'.
Linking 'C:\Users\Clayton\Documents\Mars Rover\MasterControllerBoard\BYURover2015\BYURover2015MainBoardSM.cydsn\codegentemp\BYURover2015MainBoardSM.v'.
Linking 'C:\Program Files (x86)\Cypress\PSoC Creator\3.1\PSoC Creator\psoc\content\cyprimitives\CyPrimitives.cylib\cy_virtualmux_v1_0\cy_virtualmux_v1_0.v'.
Linking 'C:\Program Files (x86)\Cypress\PSoC Creator\3.1\PSoC Creator\psoc\content\cyprimitives\CyPrimitives.cylib\or_v1_0\or_v1_0.v'.
Linking 'C:\Program Files (x86)\Cypress\PSoC Creator\3.1\PSoC Creator\psoc\content\cyprimitives\CyPrimitives.cylib\demux_v1_10\demux_v1_10.v'.
Linking 'C:\Program Files (x86)\Cypress\PSoC Creator\3.1\PSoC Creator\psoc\content\cyprimitives\CyPrimitives.cylib\CyControlReg_v1_70\CyControlReg_v1_70.v'.
Linking 'C:\Program Files (x86)\Cypress\PSoC Creator\3.1\PSoC Creator\warp\lib\common\cypress.v'.
Linking 'C:\Program Files (x86)\Cypress\PSoC Creator\3.1\PSoC Creator\warp\lib\common\cy_psoc3_inc.v'.

tovif:  No errors.


======================================================================
Compiling:  BYURover2015MainBoardSM.v
Program  :   topld
Options  :    -yv2 -q10 -ygs -o2 -v3 -.fftcfgtype=LE -ya -.fftprj=C:\Users\Clayton\Documents\Mars Rover\MasterControllerBoard\BYURover2015\BYURover2015MainBoardSM.cydsn\BYURover2015MainBoardSM.cyprj -dcpsoc3 -verilog BYURover2015MainBoardSM.v
======================================================================

topld V6.3 IR 41:  Synthesis and optimization
Sat Feb 28 16:29:31 2015

Linking 'C:\Program Files (x86)\Cypress\PSoC Creator\3.1\PSoC Creator\warp\lib\common\std.vhd'.
Linking 'C:\Program Files (x86)\Cypress\PSoC Creator\3.1\PSoC Creator\warp\lib\common\cypress.vhd'.
Linking 'C:\Program Files (x86)\Cypress\PSoC Creator\3.1\PSoC Creator\warp\lib\common\work\cypress.vif'.
Linking 'C:\Program Files (x86)\Cypress\PSoC Creator\3.1\PSoC Creator\warp\lib\ieee\work\stdlogic.vif'.
Linking 'C:\Program Files (x86)\Cypress\PSoC Creator\3.1\PSoC Creator\warp\lib\common\stdlogic\lpmpkg.vif'.
Linking 'C:\Program Files (x86)\Cypress\PSoC Creator\3.1\PSoC Creator\warp\lib\common\stdlogic\rtlpkg.vif'.
Linking 'C:\Program Files (x86)\Cypress\PSoC Creator\3.1\PSoC Creator\warp\lib\common\stdlogic\mod_cnst.vif'.
Linking 'C:\Program Files (x86)\Cypress\PSoC Creator\3.1\PSoC Creator\warp\lib\common\stdlogic\mod_mthv.vif'.
Linking 'C:\Program Files (x86)\Cypress\PSoC Creator\3.1\PSoC Creator\warp\lib\common\stdlogic\mod_genv.vif'.
Linking 'C:\Users\Clayton\Documents\Mars Rover\MasterControllerBoard\BYURover2015\BYURover2015MainBoardSM.cydsn\codegentemp\BYURover2015MainBoardSM.ctl'.
Linking 'C:\Program Files (x86)\Cypress\PSoC Creator\3.1\PSoC Creator\psoc\content\cyprimitives\CyPrimitives.cylib\ZeroTerminal\ZeroTerminal.v'.
Linking 'C:\Users\Clayton\Documents\Mars Rover\MasterControllerBoard\BYURover2015\BYURover2015MainBoardSM.cydsn\codegentemp\BYURover2015MainBoardSM.v'.
Linking 'C:\Program Files (x86)\Cypress\PSoC Creator\3.1\PSoC Creator\psoc\content\cyprimitives\CyPrimitives.cylib\cy_virtualmux_v1_0\cy_virtualmux_v1_0.v'.
Linking 'C:\Program Files (x86)\Cypress\PSoC Creator\3.1\PSoC Creator\psoc\content\cyprimitives\CyPrimitives.cylib\or_v1_0\or_v1_0.v'.
Linking 'C:\Program Files (x86)\Cypress\PSoC Creator\3.1\PSoC Creator\psoc\content\cyprimitives\CyPrimitives.cylib\demux_v1_10\demux_v1_10.v'.
Linking 'C:\Program Files (x86)\Cypress\PSoC Creator\3.1\PSoC Creator\psoc\content\cyprimitives\CyPrimitives.cylib\CyControlReg_v1_70\CyControlReg_v1_70.v'.
Linking 'C:\Program Files (x86)\Cypress\PSoC Creator\3.1\PSoC Creator\warp\lib\common\cypress.v'.
Linking 'C:\Program Files (x86)\Cypress\PSoC Creator\3.1\PSoC Creator\warp\lib\common\cy_psoc3_inc.v'.
Linking 'C:\Program Files (x86)\Cypress\PSoC Creator\3.1\PSoC Creator\warp\lib\lcpsoc3\stdlogic\cpsoc3.vif'.

----------------------------------------------------------
Detecting unused logic.
----------------------------------------------------------
    User names
	\UART_1:Net_452\
	\UART_1:Net_682\
	\UART_1:uncfg_rx_irq\
	\UART_1:Net_754\
	\UART_1:Net_767\
	\UART_1:Net_547\
	\UART_1:Net_891\
	\UART_1:Net_474\
	\UART_1:Net_899\
	\SignalSel:control_bus_7\
	\SignalSel:control_bus_6\
	\SignalSel:control_bus_5\
	\SignalSel:control_bus_4\
	\SignalSel:control_bus_3\
	\SignalSel:control_bus_2\
	Net_474
	Net_475
	Net_476
	Net_478
	Net_479
	Net_480
	Net_481
	\SPI_1:Net_459\
	\SPI_1:Net_676\
	\SPI_1:Net_416\
	\SPI_1:Net_682\
	\SPI_1:uncfg_rx_irq\
	\SPI_1:Net_754\
	\SPI_1:Net_767\
	\SPI_1:Net_547\
	\SPI_1:Net_891\
	\SPI_1:Net_474\
	\SPI_1:Net_899\


Deleted 33 User equations/components.
Deleted 0 Synthesized equations/components.

------------------------------------------------------
Alias Detection
------------------------------------------------------
Aliasing \UART_1:Net_676\ to \UART_1:Net_459\
Aliasing \UART_1:Net_245\ to \UART_1:Net_459\
Aliasing \UART_1:Net_416\ to \UART_1:Net_459\
Aliasing zero to \UART_1:Net_459\
Aliasing one to \UART_1:tmpOE__tx_net_0\
Aliasing \UART_1:tmpOE__rx_net_0\ to \UART_1:tmpOE__tx_net_0\
Aliasing \UART_1:Net_747\ to \UART_1:Net_459\
Aliasing \Timer:Net_75\ to \UART_1:Net_459\
Aliasing \Timer:Net_69\ to \UART_1:tmpOE__tx_net_0\
Aliasing \Timer:Net_66\ to \UART_1:Net_459\
Aliasing \Timer:Net_82\ to \UART_1:Net_459\
Aliasing \Timer:Net_72\ to \UART_1:Net_459\
Aliasing \SignalGenerator:Net_75\ to \UART_1:Net_459\
Aliasing \SignalGenerator:Net_69\ to \UART_1:tmpOE__tx_net_0\
Aliasing \SignalGenerator:Net_66\ to \UART_1:Net_459\
Aliasing \SignalGenerator:Net_82\ to \UART_1:Net_459\
Aliasing \SignalGenerator:Net_72\ to \UART_1:Net_459\
Aliasing tmpOE__L_Servo_net_0 to \UART_1:tmpOE__tx_net_0\
Aliasing tmpOE__R_Servo_net_0 to \UART_1:tmpOE__tx_net_0\
Aliasing tmpOE__GimbalP_net_0 to \UART_1:tmpOE__tx_net_0\
Aliasing tmpOE__GimbalT_net_0 to \UART_1:tmpOE__tx_net_0\
Aliasing \SignalSel:clk\ to \UART_1:Net_459\
Aliasing \SignalSel:rst\ to \UART_1:Net_459\
Aliasing \InputValue:clk\ to \UART_1:Net_459\
Aliasing \InputValue:rst\ to \UART_1:Net_459\
Aliasing \SPI_1:tmpOE__ss_s_net_0\ to \UART_1:tmpOE__tx_net_0\
Aliasing \SPI_1:Net_452\ to \UART_1:Net_459\
Aliasing \SPI_1:Net_245\ to \UART_1:Net_459\
Aliasing \SPI_1:tmpOE__miso_s_net_0\ to \UART_1:tmpOE__tx_net_0\
Aliasing \SPI_1:tmpOE__sclk_s_net_0\ to \UART_1:tmpOE__tx_net_0\
Aliasing \SPI_1:tmpOE__mosi_s_net_0\ to \UART_1:tmpOE__tx_net_0\
Aliasing \SPI_1:Net_747\ to \UART_1:Net_459\
Removing Lhs of wire \UART_1:Net_652\[3] = \UART_1:Net_459\[2]
Removing Lhs of wire \UART_1:Net_676\[5] = \UART_1:Net_459\[2]
Removing Lhs of wire \UART_1:Net_245\[6] = \UART_1:Net_459\[2]
Removing Lhs of wire \UART_1:Net_416\[7] = \UART_1:Net_459\[2]
Removing Rhs of wire \UART_1:Net_654\[8] = \UART_1:Net_379\[9]
Removing Lhs of wire \UART_1:SCBclock\[12] = \UART_1:Net_847\[1]
Removing Lhs of wire \UART_1:Net_653\[13] = \UART_1:Net_459\[2]
Removing Lhs of wire \UART_1:Net_909\[14] = \UART_1:Net_459\[2]
Removing Lhs of wire \UART_1:Net_663\[15] = \UART_1:Net_459\[2]
Removing Rhs of wire zero[22] = \UART_1:Net_459\[2]
Removing Rhs of wire one[23] = \UART_1:tmpOE__tx_net_0\[17]
Removing Lhs of wire \UART_1:tmpOE__rx_net_0\[28] = one[23]
Removing Lhs of wire \UART_1:Net_739\[32] = zero[22]
Removing Lhs of wire \UART_1:Net_747\[33] = zero[22]
Removing Lhs of wire \Timer:Net_81\[62] = Net_206[58]
Removing Lhs of wire \Timer:Net_75\[63] = zero[22]
Removing Lhs of wire \Timer:Net_69\[64] = one[23]
Removing Lhs of wire \Timer:Net_66\[65] = zero[22]
Removing Lhs of wire \Timer:Net_82\[66] = zero[22]
Removing Lhs of wire \Timer:Net_72\[67] = zero[22]
Removing Lhs of wire \SignalGenerator:Net_81\[75] = Net_452[87]
Removing Lhs of wire \SignalGenerator:Net_75\[76] = zero[22]
Removing Lhs of wire \SignalGenerator:Net_69\[77] = one[23]
Removing Lhs of wire \SignalGenerator:Net_66\[78] = zero[22]
Removing Lhs of wire \SignalGenerator:Net_82\[79] = zero[22]
Removing Lhs of wire \SignalGenerator:Net_72\[80] = zero[22]
Removing Lhs of wire tmpOE__L_Servo_net_0[90] = one[23]
Removing Rhs of wire Net_434[91] = \demux_1:tmp__demux_1_0_reg\[96]
Removing Rhs of wire Net_375_1[97] = \SignalSel:control_out_1\[139]
Removing Rhs of wire Net_375_1[97] = \SignalSel:control_1\[148]
Removing Rhs of wire Net_375_0[98] = \SignalSel:control_out_0\[140]
Removing Rhs of wire Net_375_0[98] = \SignalSel:control_0\[149]
Removing Rhs of wire Net_438[99] = \InputValue:control_out_0\[152]
Removing Rhs of wire Net_438[99] = \InputValue:control_0\[175]
Removing Rhs of wire Net_435[103] = \demux_1:tmp__demux_1_1_reg\[100]
Removing Rhs of wire Net_436[104] = \demux_1:tmp__demux_1_2_reg\[101]
Removing Rhs of wire Net_437[105] = \demux_1:tmp__demux_1_3_reg\[102]
Removing Lhs of wire tmpOE__R_Servo_net_0[107] = one[23]
Removing Lhs of wire tmpOE__GimbalP_net_0[114] = one[23]
Removing Lhs of wire tmpOE__GimbalT_net_0[120] = one[23]
Removing Lhs of wire \SignalSel:clk\[125] = zero[22]
Removing Lhs of wire \SignalSel:rst\[126] = zero[22]
Removing Lhs of wire \InputValue:clk\[150] = zero[22]
Removing Lhs of wire \InputValue:rst\[151] = zero[22]
Removing Lhs of wire \SPI_1:tmpOE__ss_s_net_0\[180] = one[23]
Removing Lhs of wire \SPI_1:Net_652\[185] = \SPI_1:Net_458\[181]
Removing Lhs of wire \SPI_1:Net_452\[186] = zero[22]
Removing Lhs of wire \SPI_1:Net_245\[188] = zero[22]
Removing Lhs of wire \SPI_1:Net_654\[190] = zero[22]
Removing Lhs of wire \SPI_1:SCBclock\[193] = \SPI_1:Net_847\[177]
Removing Rhs of wire \SPI_1:Net_653\[194] = \SPI_1:Net_387\[195]
Removing Rhs of wire \SPI_1:Net_909\[196] = \SPI_1:Net_252\[197]
Removing Lhs of wire \SPI_1:Net_663\[198] = zero[22]
Removing Lhs of wire \SPI_1:tmpOE__miso_s_net_0\[200] = one[23]
Removing Lhs of wire \SPI_1:tmpOE__sclk_s_net_0\[209] = one[23]
Removing Lhs of wire \SPI_1:tmpOE__mosi_s_net_0\[214] = one[23]
Removing Lhs of wire \SPI_1:Net_739\[218] = zero[22]
Removing Lhs of wire \SPI_1:Net_747\[219] = zero[22]

------------------------------------------------------
Aliased 0 equations, 58 wires.
------------------------------------------------------

----------------------------------------------------------
Circuit simplification
----------------------------------------------------------

Substituting virtuals - pass 1:


----------------------------------------------------------
Circuit simplification results:

	Expanded 0 signals.
	Turned 0 signals into soft nodes.
	Maximum default expansion cost was set at 3.
----------------------------------------------------------

topld:  No errors.

CYPRESS_DIR    : C:\Program Files (x86)\Cypress\PSoC Creator\3.1\PSoC Creator\warp
Warp Program   : C:\Program Files (x86)\Cypress\PSoC Creator\3.1\PSoC Creator\warp\bin/warp.exe
Warp Arguments : -yv2 -q10 -ygs -o2 -v3 -.fftcfgtype=LE -ya "-.fftprj=C:\Users\Clayton\Documents\Mars Rover\MasterControllerBoard\BYURover2015\BYURover2015MainBoardSM.cydsn\BYURover2015MainBoardSM.cyprj" -dcpsoc3 BYURover2015MainBoardSM.v -verilog
</CYPRESSTAG>
Warp synthesis phase: Elapsed time ==> 0s.859ms
<CYPRESSTAG name="Fitter results...">
<CYPRESSTAG name="Fitter startup details...">
cyp3fit: V3.1.0.1570, Family: PSoC3, Started at: Saturday, 28 February 2015 16:29:31
Options: -yv2 -q10 -ygs -o2 -v3 -.fftcfgtype=LE -ya -.fftprj=C:\Users\Clayton\Documents\Mars Rover\MasterControllerBoard\BYURover2015\BYURover2015MainBoardSM.cydsn\BYURover2015MainBoardSM.cyprj -d CY8C4245AXI-483 BYURover2015MainBoardSM.v -verilog
</CYPRESSTAG>
<CYPRESSTAG name="Design parsing">
Design parsing phase: Elapsed time ==> 0s.015ms
</CYPRESSTAG>
<CYPRESSTAG name="Tech mapping">
<CYPRESSTAG name="Initial Mapping" icon="FILE_RPT_TECHM">
<CYPRESSTAG name="Global Clock Selection" icon="FILE_RPT_TECHM">
    Fixed Function Clock 2: Automatic-assigning  clock 'SPI_1_SCBCLK'. Signal=\SPI_1:Net_847_ff2\
    Fixed Function Clock 3: Automatic-assigning  clock 'UART_1_SCBCLK'. Signal=\UART_1:Net_847_ff3\
    Fixed Function Clock 8: Automatic-assigning  clock 'Clock_2'. Signal=Net_452_ff8
    Fixed Function Clock 9: Automatic-assigning  clock 'Clock_1'. Signal=Net_206_ff9
<CYPRESSTAG name="UDB Clock/Enable Remapping Results">
</CYPRESSTAG>
</CYPRESSTAG>
ADD: pft.M0040: information: The following 6 pin(s) will be assigned a location by the fitter: \SPI_1:miso_s(0)\, \SPI_1:mosi_s(0)\, \SPI_1:sclk_s(0)\, \SPI_1:ss_s(0)\, \UART_1:rx(0)\, \UART_1:tx(0)\


Removing unused cells resulting from optimization
Done removing unused cells.
<CYPRESSTAG name="Duplicate Macrocell detection">
</CYPRESSTAG>
</CYPRESSTAG>
<CYPRESSTAG name="Duplicate Macrocell detection">
</CYPRESSTAG>
<CYPRESSTAG name="Design Equations" icon="FILE_RPT_EQUATION">

------------------------------------------------------------
Design Equations
------------------------------------------------------------
    <CYPRESSTAG name="Pin listing">

    ------------------------------------------------------------
    Pin listing
    ------------------------------------------------------------

    Pin : Name = GimbalP(0)
        Attributes:
            In Group/Port: True
            In Sync Option: AUTO
            Out Sync Option: NOSYNC
            Interrupt generated: False
            Interrupt mode: NONE
            Drive mode: CMOS_OUT
            VTrip: EITHER
            Slew: FAST
            Input Sync needed: False
            Output Sync needed: False
            SC shield enabled: False
            POR State: ANY
            LCD Mode: COMMON
            Register Mode: RegComb
            CaSense Mode: NEITHER
            Treat as pin: True
            Is OE Registered: False
            Uses Analog: False
            Can contain Digital: True
            Is SIO: False
            SIO Output Buf: NONREGULATED
            SIO Input Buf: SINGLE_ENDED
            SIO HiFreq: LOW
            SIO Hyst: DISABLED
            SIO Vtrip: MULTIPLIER_0_5
            SIO RefSel: VCC_IO
            Required Capabilitites: DIGITAL, ROUTABLE
            Initial Value: 1
            IO Voltage: 0
        PORT MAP (
            pa_out => GimbalP(0)__PA ,
            input => Net_436 ,
            pad => GimbalP(0)_PAD );
        Properties:
        {
        }

    Pin : Name = GimbalT(0)
        Attributes:
            In Group/Port: True
            In Sync Option: AUTO
            Out Sync Option: NOSYNC
            Interrupt generated: False
            Interrupt mode: NONE
            Drive mode: CMOS_OUT
            VTrip: EITHER
            Slew: FAST
            Input Sync needed: False
            Output Sync needed: False
            SC shield enabled: False
            POR State: ANY
            LCD Mode: COMMON
            Register Mode: RegComb
            CaSense Mode: NEITHER
            Treat as pin: True
            Is OE Registered: False
            Uses Analog: False
            Can contain Digital: True
            Is SIO: False
            SIO Output Buf: NONREGULATED
            SIO Input Buf: SINGLE_ENDED
            SIO HiFreq: LOW
            SIO Hyst: DISABLED
            SIO Vtrip: MULTIPLIER_0_5
            SIO RefSel: VCC_IO
            Required Capabilitites: DIGITAL, ROUTABLE
            Initial Value: 1
            IO Voltage: 0
        PORT MAP (
            pa_out => GimbalT(0)__PA ,
            input => Net_437 ,
            pad => GimbalT(0)_PAD );
        Properties:
        {
        }

    Pin : Name = L_Servo(0)
        Attributes:
            In Group/Port: True
            In Sync Option: AUTO
            Out Sync Option: NOSYNC
            Interrupt generated: False
            Interrupt mode: NONE
            Drive mode: CMOS_OUT
            VTrip: EITHER
            Slew: FAST
            Input Sync needed: False
            Output Sync needed: False
            SC shield enabled: False
            POR State: ANY
            LCD Mode: COMMON
            Register Mode: RegComb
            CaSense Mode: NEITHER
            Treat as pin: True
            Is OE Registered: False
            Uses Analog: False
            Can contain Digital: True
            Is SIO: False
            SIO Output Buf: NONREGULATED
            SIO Input Buf: SINGLE_ENDED
            SIO HiFreq: LOW
            SIO Hyst: DISABLED
            SIO Vtrip: MULTIPLIER_0_5
            SIO RefSel: VCC_IO
            Required Capabilitites: DIGITAL, ROUTABLE
            Initial Value: 1
            IO Voltage: 0
        PORT MAP (
            pa_out => L_Servo(0)__PA ,
            input => Net_434 ,
            pad => L_Servo(0)_PAD );
        Properties:
        {
        }

    Pin : Name = R_Servo(0)
        Attributes:
            In Group/Port: True
            In Sync Option: AUTO
            Out Sync Option: NOSYNC
            Interrupt generated: False
            Interrupt mode: NONE
            Drive mode: CMOS_OUT
            VTrip: EITHER
            Slew: FAST
            Input Sync needed: False
            Output Sync needed: False
            SC shield enabled: False
            POR State: ANY
            LCD Mode: COMMON
            Register Mode: RegComb
            CaSense Mode: NEITHER
            Treat as pin: True
            Is OE Registered: False
            Uses Analog: False
            Can contain Digital: True
            Is SIO: False
            SIO Output Buf: NONREGULATED
            SIO Input Buf: SINGLE_ENDED
            SIO HiFreq: LOW
            SIO Hyst: DISABLED
            SIO Vtrip: MULTIPLIER_0_5
            SIO RefSel: VCC_IO
            Required Capabilitites: DIGITAL, ROUTABLE
            Initial Value: 1
            IO Voltage: 0
        PORT MAP (
            pa_out => R_Servo(0)__PA ,
            input => Net_435 ,
            pad => R_Servo(0)_PAD );
        Properties:
        {
        }

    Pin : Name = \SPI_1:miso_s(0)\
        Attributes:
            In Group/Port: True
            In Sync Option: NOSYNC
            Out Sync Option: NOSYNC
            Interrupt generated: False
            Interrupt mode: NONE
            Drive mode: CMOS_OUT
            VTrip: CMOS
            Slew: FAST
            Input Sync needed: False
            Output Sync needed: False
            SC shield enabled: False
            POR State: ANY
            LCD Mode: COMMON
            Register Mode: RegComb
            CaSense Mode: NEITHER
            Treat as pin: True
            Is OE Registered: False
            Uses Analog: False
            Can contain Digital: True
            Is SIO: False
            SIO Output Buf: NONREGULATED
            SIO Input Buf: SINGLE_ENDED
            SIO HiFreq: LOW
            SIO Hyst: DISABLED
            SIO Vtrip: MULTIPLIER_0_5
            SIO RefSel: VCC_IO
            Required Capabilitites: DIGITAL, SPI_MISO
            Initial Value: 1
            IO Voltage: 0
        PORT MAP (
            pa_out => \SPI_1:miso_s(0)\__PA ,
            input => \SPI_1:Net_703\ ,
            pad => \SPI_1:miso_s(0)_PAD\ );

    Pin : Name = \SPI_1:mosi_s(0)\
        Attributes:
            In Group/Port: True
            In Sync Option: NOSYNC
            Out Sync Option: AUTO
            Interrupt generated: False
            Interrupt mode: NONE
            Drive mode: HI_Z_DIGITAL
            VTrip: CMOS
            Slew: FAST
            Input Sync needed: False
            Output Sync needed: False
            SC shield enabled: False
            POR State: ANY
            LCD Mode: COMMON
            Register Mode: RegComb
            CaSense Mode: NEITHER
            Treat as pin: True
            Is OE Registered: False
            Uses Analog: False
            Can contain Digital: True
            Is SIO: False
            SIO Output Buf: NONREGULATED
            SIO Input Buf: SINGLE_ENDED
            SIO HiFreq: LOW
            SIO Hyst: DISABLED
            SIO Vtrip: MULTIPLIER_0_5
            SIO RefSel: VCC_IO
            Required Capabilitites: DIGITAL, SPI_MOSI
            Initial Value: 0
            IO Voltage: 0
        PORT MAP (
            pa_out => \SPI_1:mosi_s(0)\__PA ,
            fb => \SPI_1:Net_909\ ,
            pad => \SPI_1:mosi_s(0)_PAD\ );

    Pin : Name = \SPI_1:sclk_s(0)\
        Attributes:
            In Group/Port: True
            In Sync Option: NOSYNC
            Out Sync Option: AUTO
            Interrupt generated: False
            Interrupt mode: NONE
            Drive mode: HI_Z_DIGITAL
            VTrip: CMOS
            Slew: FAST
            Input Sync needed: False
            Output Sync needed: False
            SC shield enabled: False
            POR State: ANY
            LCD Mode: COMMON
            Register Mode: RegComb
            CaSense Mode: NEITHER
            Treat as pin: True
            Is OE Registered: False
            Uses Analog: False
            Can contain Digital: True
            Is SIO: False
            SIO Output Buf: NONREGULATED
            SIO Input Buf: SINGLE_ENDED
            SIO HiFreq: LOW
            SIO Hyst: DISABLED
            SIO Vtrip: MULTIPLIER_0_5
            SIO RefSel: VCC_IO
            Required Capabilitites: DIGITAL, SPI_SCLK
            Initial Value: 0
            IO Voltage: 0
        PORT MAP (
            pa_out => \SPI_1:sclk_s(0)\__PA ,
            fb => \SPI_1:Net_653\ ,
            pad => \SPI_1:sclk_s(0)_PAD\ );

    Pin : Name = \SPI_1:ss_s(0)\
        Attributes:
            In Group/Port: True
            In Sync Option: NOSYNC
            Out Sync Option: AUTO
            Interrupt generated: False
            Interrupt mode: NONE
            Drive mode: HI_Z_DIGITAL
            VTrip: CMOS
            Slew: FAST
            Input Sync needed: False
            Output Sync needed: False
            SC shield enabled: False
            POR State: ANY
            LCD Mode: COMMON
            Register Mode: RegComb
            CaSense Mode: NEITHER
            Treat as pin: True
            Is OE Registered: False
            Uses Analog: False
            Can contain Digital: True
            Is SIO: False
            SIO Output Buf: NONREGULATED
            SIO Input Buf: SINGLE_ENDED
            SIO HiFreq: LOW
            SIO Hyst: DISABLED
            SIO Vtrip: MULTIPLIER_0_5
            SIO RefSel: VCC_IO
            Required Capabilitites: DIGITAL, SPI_SS
            Initial Value: 0
            IO Voltage: 0
        PORT MAP (
            pa_out => \SPI_1:ss_s(0)\__PA ,
            fb => \SPI_1:Net_458\ ,
            pad => \SPI_1:ss_s(0)_PAD\ );

    Pin : Name = \UART_1:rx(0)\
        Attributes:
            In Group/Port: True
            In Sync Option: NOSYNC
            Out Sync Option: AUTO
            Interrupt generated: False
            Interrupt mode: NONE
            Drive mode: HI_Z_DIGITAL
            VTrip: CMOS
            Slew: FAST
            Input Sync needed: False
            Output Sync needed: False
            SC shield enabled: False
            POR State: ANY
            LCD Mode: COMMON
            Register Mode: RegComb
            CaSense Mode: NEITHER
            Treat as pin: True
            Is OE Registered: False
            Uses Analog: False
            Can contain Digital: True
            Is SIO: False
            SIO Output Buf: NONREGULATED
            SIO Input Buf: SINGLE_ENDED
            SIO HiFreq: LOW
            SIO Hyst: DISABLED
            SIO Vtrip: MULTIPLIER_0_5
            SIO RefSel: VCC_IO
            Required Capabilitites: DIGITAL, SCB_UART_RX
            Initial Value: 0
            IO Voltage: 0
        PORT MAP (
            pa_out => \UART_1:rx(0)\__PA ,
            fb => \UART_1:Net_654\ ,
            pad => \UART_1:rx(0)_PAD\ );

    Pin : Name = \UART_1:tx(0)\
        Attributes:
            In Group/Port: True
            In Sync Option: NOSYNC
            Out Sync Option: NOSYNC
            Interrupt generated: False
            Interrupt mode: NONE
            Drive mode: CMOS_OUT
            VTrip: CMOS
            Slew: FAST
            Input Sync needed: False
            Output Sync needed: False
            SC shield enabled: False
            POR State: ANY
            LCD Mode: COMMON
            Register Mode: RegComb
            CaSense Mode: NEITHER
            Treat as pin: True
            Is OE Registered: False
            Uses Analog: False
            Can contain Digital: True
            Is SIO: False
            SIO Output Buf: NONREGULATED
            SIO Input Buf: SINGLE_ENDED
            SIO HiFreq: LOW
            SIO Hyst: DISABLED
            SIO Vtrip: MULTIPLIER_0_5
            SIO RefSel: VCC_IO
            Required Capabilitites: DIGITAL, SCB_UART_TX
            Initial Value: 1
            IO Voltage: 0
        PORT MAP (
            pa_out => \UART_1:tx(0)\__PA ,
            input => \UART_1:Net_656\ ,
            pad => \UART_1:tx(0)_PAD\ );
    </CYPRESSTAG>
    <CYPRESSTAG name="Macrocell listing" icon="FILE_RPT_EQUATION">

    ------------------------------------------------------------
    Macrocell listing
    ------------------------------------------------------------

    MacroCell: Name=Net_434, Mode=(Combinatorial)
        Total # of inputs        : 3
        Total # of product terms : 1
            Clock Enable: True
        Main Equation            : 1 pterm
        (
              !Net_375_1 * !Net_375_0 * Net_438
        );
        Output = Net_434 (fanout=1)

    MacroCell: Name=Net_435, Mode=(Combinatorial)
        Total # of inputs        : 3
        Total # of product terms : 1
            Clock Enable: True
        Main Equation            : 1 pterm
        (
              !Net_375_1 * Net_375_0 * Net_438
        );
        Output = Net_435 (fanout=1)

    MacroCell: Name=Net_436, Mode=(Combinatorial)
        Total # of inputs        : 3
        Total # of product terms : 1
            Clock Enable: True
        Main Equation            : 1 pterm
        (
              Net_375_1 * !Net_375_0 * Net_438
        );
        Output = Net_436 (fanout=1)

    MacroCell: Name=Net_437, Mode=(Combinatorial)
        Total # of inputs        : 3
        Total # of product terms : 1
            Clock Enable: True
        Main Equation            : 1 pterm
        (
              Net_375_1 * Net_375_0 * Net_438
        );
        Output = Net_437 (fanout=1)
    </CYPRESSTAG>
    <CYPRESSTAG name="Datapath listing">
    </CYPRESSTAG>
    <CYPRESSTAG name="Status register listing">
    </CYPRESSTAG>
    <CYPRESSTAG name="StatusI register listing">
    </CYPRESSTAG>
    <CYPRESSTAG name="Sync listing">
    </CYPRESSTAG>
    <CYPRESSTAG name="Control register listing">

    ------------------------------------------------------------
    Control register listing
    ------------------------------------------------------------

    controlcell: Name =\InputValue:Sync:ctrl_reg\
        PORT MAP (
            control_7 => \InputValue:control_7\ ,
            control_6 => \InputValue:control_6\ ,
            control_5 => \InputValue:control_5\ ,
            control_4 => \InputValue:control_4\ ,
            control_3 => \InputValue:control_3\ ,
            control_2 => \InputValue:control_2\ ,
            control_1 => \InputValue:control_1\ ,
            control_0 => Net_438 );
        Properties:
        {
            cy_ctrl_mode_0 = "00000000"
            cy_ctrl_mode_1 = "00000000"
            cy_ext_reset = 0
            cy_force_order = 1
            cy_init_value = "00000000"
        }
        Clock Enable: True

    controlcell: Name =\SignalSel:Sync:ctrl_reg\
        PORT MAP (
            control_7 => \SignalSel:control_7\ ,
            control_6 => \SignalSel:control_6\ ,
            control_5 => \SignalSel:control_5\ ,
            control_4 => \SignalSel:control_4\ ,
            control_3 => \SignalSel:control_3\ ,
            control_2 => \SignalSel:control_2\ ,
            control_1 => Net_375_1 ,
            control_0 => Net_375_0 );
        Properties:
        {
            cy_ctrl_mode_0 = "00000000"
            cy_ctrl_mode_1 = "00000000"
            cy_ext_reset = 0
            cy_force_order = 1
            cy_init_value = "00000000"
        }
        Clock Enable: True
    </CYPRESSTAG>
    <CYPRESSTAG name="Count7 listing">
    </CYPRESSTAG>
    <CYPRESSTAG name="DRQ listing">
    </CYPRESSTAG>
    <CYPRESSTAG name="Interrupt listing">

    ------------------------------------------------------------
    Interrupt listing
    ------------------------------------------------------------

    interrupt: Name =ISRUART
        PORT MAP (
            interrupt => Net_5 );
        Properties:
        {
            int_type = "10"
        }

    interrupt: Name =Servo_isr
        PORT MAP (
            interrupt => Net_451 );
        Properties:
        {
            int_type = "10"
        }

    interrupt: Name =isr
        PORT MAP (
            interrupt => Net_49 );
        Properties:
        {
            int_type = "10"
        }
    </CYPRESSTAG>
</CYPRESSTAG>
<CYPRESSTAG name="Technology mapping summary" expanded>

------------------------------------------------------------
Technology mapping summary
------------------------------------------------------------

Resource Type                 : Used : Free :  Max :  % Used
============================================================
Digital clock dividers        :    0 :    4 :    4 :   0.00%
Pins                          :   12 :   24 :   36 :  33.33%
UDB Macrocells                :    4 :   28 :   32 :  12.50%
UDB Unique Pterms             :    4 :   60 :   64 :   6.25%
UDB Total Pterms              :    4 :      :      : 
UDB Datapath Cells            :    0 :    4 :    4 :   0.00%
UDB Status Cells              :    0 :    4 :    4 :   0.00%
UDB Control Cells             :    2 :    2 :    4 :  50.00%
            Control Registers :    2 
Interrupts                    :    3 :   29 :   32 :   9.38%
Comparator/Opamp Fixed Blocks :    0 :    2 :    2 :   0.00%
SAR Fixed Blocks              :    0 :    1 :    1 :   0.00%
CSD Fixed Blocks              :    0 :    1 :    1 :   0.00%
CapSense Blocks               :    0 :    1 :    1 :   0.00%
8-bit CapSense IDACs          :    0 :    1 :    1 :   0.00%
7-bit CapSense IDACs          :    0 :    1 :    1 :   0.00%
Temperature Sensors           :    0 :    1 :    1 :   0.00%
Low Power Comparators         :    0 :    2 :    2 :   0.00%
TCPWM Blocks                  :    2 :    2 :    4 :  50.00%
Serial Communication Blocks   :    2 :    0 :    2 : 100.00%
Segment LCD Blocks            :    0 :    1 :    1 :   0.00%
</CYPRESSTAG>
Technology Mapping: Elapsed time ==> 0s.453ms
Tech mapping phase: Elapsed time ==> 0s.484ms
</CYPRESSTAG>
<CYPRESSTAG name="Analog Placement">
<CYPRESSTAG name="Analog Placement">
Elapsed time ==> 0.0098822s
</CYPRESSTAG>
Analog Placement phase: Elapsed time ==> 0s.031ms
</CYPRESSTAG>
<CYPRESSTAG name="Analog Routing">
<CYPRESSTAG name="Analog Routing">
Route success=True, Iterations=1 Elapsed=0.0013620 secs
</CYPRESSTAG>
Analog Routing phase: Elapsed time ==> 0s.000ms
</CYPRESSTAG>
<CYPRESSTAG name="Analog Code Generation">
============ Analog Final Answer Routes ============
Dump of CyAnalogRoutingResultsDB
Map of net to items {
}
Map of item to net {
}
Mux Info {
}
Analog Code Generation phase: Elapsed time ==> 0s.109ms
</CYPRESSTAG>
<CYPRESSTAG name="Digital Placement">
<CYPRESSTAG name="Detailed placement messages">
I2659: No Constrained paths were found. The placer will run in non-timing driven mode.
I2076: Total run-time: 0.3 sec.

</CYPRESSTAG>
<CYPRESSTAG name="PLD Packing">
<CYPRESSTAG name="PLD Packing Summary" expanded>

------------------------------------------------------------
PLD Packing Summary
------------------------------------------------------------
            Resource Type : Used : Free :  Max :  % Used
    ====================================================
                     PLDs :    1 :    7 :    8 :  12.50%

<CYPRESSTAG name="PLD Statistics">

        PLD Resource Type :     Average/LAB
    =======================================
                   Inputs :            3.00
                   Pterms :            4.00
               Macrocells :            4.00
</CYPRESSTAG>
<CYPRESSTAG name="Packed PLD Contents">
Packed PLD Contents not displayed at this verbose level.</CYPRESSTAG>
</CYPRESSTAG>
PLD Packing: Elapsed time ==> 0s.000ms
</CYPRESSTAG>
<CYPRESSTAG name="Partitioning">
<CYPRESSTAG name="Initial Partitioning Summary">
Initial Partitioning Summary not displayed at this verbose level.</CYPRESSTAG>
<CYPRESSTAG name="Final Partitioning Summary">
Final Partitioning Summary not displayed at this verbose level.</CYPRESSTAG>
Partitioning: Elapsed time ==> 0s.015ms
</CYPRESSTAG>
<CYPRESSTAG name="Simulated Annealing">
Annealing: Elapsed time ==> 0s.000ms
<CYPRESSTAG name="Simulated Annealing Results">
The seed used for moves was 114161200.
Inital cost was 58, final cost is 58 (0.00% improvement).</CYPRESSTAG>
</CYPRESSTAG>
<CYPRESSTAG name="Final Placement Summary">

------------------------------------------------------------
Final Placement Summary
------------------------------------------------------------

       Resource Type :      Count : Avg Inputs : Avg Outputs
    ========================================================
                 UDB :          2 :       1.50 :       2.00
<CYPRESSTAG name="Final Placement Details">
<CYPRESSTAG name="Component Details">

------------------------------------------------------------
Component Placement Details
------------------------------------------------------------
UDB [UDB=(0,0)] contents:
controlcell: Name =\InputValue:Sync:ctrl_reg\
    PORT MAP (
        control_7 => \InputValue:control_7\ ,
        control_6 => \InputValue:control_6\ ,
        control_5 => \InputValue:control_5\ ,
        control_4 => \InputValue:control_4\ ,
        control_3 => \InputValue:control_3\ ,
        control_2 => \InputValue:control_2\ ,
        control_1 => \InputValue:control_1\ ,
        control_0 => Net_438 );
    Properties:
    {
        cy_ctrl_mode_0 = "00000000"
        cy_ctrl_mode_1 = "00000000"
        cy_ext_reset = 0
        cy_force_order = 1
        cy_init_value = "00000000"
    }
    Clock Enable: True

UDB [UDB=(0,1)] is empty.
UDB [UDB=(1,0)] contents:
LAB@[UDB=(1,0)][LB=0] #macrocells=4, #inputs=3, #pterms=4
{
    [McSlotId=0]:     MacroCell: Name=Net_435, Mode=(Combinatorial) @ [UDB=(1,0)][LB=0][MC=0]
        Total # of inputs        : 3
        Total # of product terms : 1
            Clock Enable: True
        Main Equation            : 1 pterm
        (
              !Net_375_1 * Net_375_0 * Net_438
        );
        Output = Net_435 (fanout=1)
        Properties               : 
        {
        }

    [McSlotId=1]:     MacroCell: Name=Net_434, Mode=(Combinatorial) @ [UDB=(1,0)][LB=0][MC=1]
        Total # of inputs        : 3
        Total # of product terms : 1
            Clock Enable: True
        Main Equation            : 1 pterm
        (
              !Net_375_1 * !Net_375_0 * Net_438
        );
        Output = Net_434 (fanout=1)
        Properties               : 
        {
        }

    [McSlotId=2]:     MacroCell: Name=Net_436, Mode=(Combinatorial) @ [UDB=(1,0)][LB=0][MC=2]
        Total # of inputs        : 3
        Total # of product terms : 1
            Clock Enable: True
        Main Equation            : 1 pterm
        (
              Net_375_1 * !Net_375_0 * Net_438
        );
        Output = Net_436 (fanout=1)
        Properties               : 
        {
        }

    [McSlotId=3]:     MacroCell: Name=Net_437, Mode=(Combinatorial) @ [UDB=(1,0)][LB=0][MC=3]
        Total # of inputs        : 3
        Total # of product terms : 1
            Clock Enable: True
        Main Equation            : 1 pterm
        (
              Net_375_1 * Net_375_0 * Net_438
        );
        Output = Net_437 (fanout=1)
        Properties               : 
        {
        }
}

controlcell: Name =\SignalSel:Sync:ctrl_reg\
    PORT MAP (
        control_7 => \SignalSel:control_7\ ,
        control_6 => \SignalSel:control_6\ ,
        control_5 => \SignalSel:control_5\ ,
        control_4 => \SignalSel:control_4\ ,
        control_3 => \SignalSel:control_3\ ,
        control_2 => \SignalSel:control_2\ ,
        control_1 => Net_375_1 ,
        control_0 => Net_375_0 );
    Properties:
    {
        cy_ctrl_mode_0 = "00000000"
        cy_ctrl_mode_1 = "00000000"
        cy_ext_reset = 0
        cy_force_order = 1
        cy_init_value = "00000000"
    }
    Clock Enable: True

UDB [UDB=(1,1)] is empty.
Intr hod @ [IntrHod=(0)]: 
  Intr@ [IntrHod=(0)][IntrId=(10)] 
    interrupt: Name =ISRUART
        PORT MAP (
            interrupt => Net_5 );
        Properties:
        {
            int_type = "10"
        }
  Intr@ [IntrHod=(0)][IntrId=(16)] 
    interrupt: Name =isr
        PORT MAP (
            interrupt => Net_49 );
        Properties:
        {
            int_type = "10"
        }
  Intr@ [IntrHod=(0)][IntrId=(17)] 
    interrupt: Name =Servo_isr
        PORT MAP (
            interrupt => Net_451 );
        Properties:
        {
            int_type = "10"
        }
Port 0 contains the following IO cells:
[IoId=4]: 
Pin : Name = \SPI_1:mosi_s(0)\
    Attributes:
        In Group/Port: True
        In Sync Option: NOSYNC
        Out Sync Option: AUTO
        Interrupt generated: False
        Interrupt mode: NONE
        Drive mode: HI_Z_DIGITAL
        VTrip: CMOS
        Slew: FAST
        Input Sync needed: False
        Output Sync needed: False
        SC shield enabled: False
        POR State: ANY
        LCD Mode: COMMON
        Register Mode: RegComb
        CaSense Mode: NEITHER
        Treat as pin: True
        Is OE Registered: False
        Uses Analog: False
        Can contain Digital: True
        Is SIO: False
        SIO Output Buf: NONREGULATED
        SIO Input Buf: SINGLE_ENDED
        SIO HiFreq: LOW
        SIO Hyst: DISABLED
        SIO Vtrip: MULTIPLIER_0_5
        SIO RefSel: VCC_IO
        Required Capabilitites: DIGITAL, SPI_MOSI
        Initial Value: 0
        IO Voltage: 0
    PORT MAP (
        pa_out => \SPI_1:mosi_s(0)\__PA ,
        fb => \SPI_1:Net_909\ ,
        pad => \SPI_1:mosi_s(0)_PAD\ );
    Properties:
    {
    }

[IoId=5]: 
Pin : Name = \SPI_1:miso_s(0)\
    Attributes:
        In Group/Port: True
        In Sync Option: NOSYNC
        Out Sync Option: NOSYNC
        Interrupt generated: False
        Interrupt mode: NONE
        Drive mode: CMOS_OUT
        VTrip: CMOS
        Slew: FAST
        Input Sync needed: False
        Output Sync needed: False
        SC shield enabled: False
        POR State: ANY
        LCD Mode: COMMON
        Register Mode: RegComb
        CaSense Mode: NEITHER
        Treat as pin: True
        Is OE Registered: False
        Uses Analog: False
        Can contain Digital: True
        Is SIO: False
        SIO Output Buf: NONREGULATED
        SIO Input Buf: SINGLE_ENDED
        SIO HiFreq: LOW
        SIO Hyst: DISABLED
        SIO Vtrip: MULTIPLIER_0_5
        SIO RefSel: VCC_IO
        Required Capabilitites: DIGITAL, SPI_MISO
        Initial Value: 1
        IO Voltage: 0
    PORT MAP (
        pa_out => \SPI_1:miso_s(0)\__PA ,
        input => \SPI_1:Net_703\ ,
        pad => \SPI_1:miso_s(0)_PAD\ );
    Properties:
    {
    }

[IoId=6]: 
Pin : Name = \SPI_1:sclk_s(0)\
    Attributes:
        In Group/Port: True
        In Sync Option: NOSYNC
        Out Sync Option: AUTO
        Interrupt generated: False
        Interrupt mode: NONE
        Drive mode: HI_Z_DIGITAL
        VTrip: CMOS
        Slew: FAST
        Input Sync needed: False
        Output Sync needed: False
        SC shield enabled: False
        POR State: ANY
        LCD Mode: COMMON
        Register Mode: RegComb
        CaSense Mode: NEITHER
        Treat as pin: True
        Is OE Registered: False
        Uses Analog: False
        Can contain Digital: True
        Is SIO: False
        SIO Output Buf: NONREGULATED
        SIO Input Buf: SINGLE_ENDED
        SIO HiFreq: LOW
        SIO Hyst: DISABLED
        SIO Vtrip: MULTIPLIER_0_5
        SIO RefSel: VCC_IO
        Required Capabilitites: DIGITAL, SPI_SCLK
        Initial Value: 0
        IO Voltage: 0
    PORT MAP (
        pa_out => \SPI_1:sclk_s(0)\__PA ,
        fb => \SPI_1:Net_653\ ,
        pad => \SPI_1:sclk_s(0)_PAD\ );
    Properties:
    {
    }

[IoId=7]: 
Pin : Name = \SPI_1:ss_s(0)\
    Attributes:
        In Group/Port: True
        In Sync Option: NOSYNC
        Out Sync Option: AUTO
        Interrupt generated: False
        Interrupt mode: NONE
        Drive mode: HI_Z_DIGITAL
        VTrip: CMOS
        Slew: FAST
        Input Sync needed: False
        Output Sync needed: False
        SC shield enabled: False
        POR State: ANY
        LCD Mode: COMMON
        Register Mode: RegComb
        CaSense Mode: NEITHER
        Treat as pin: True
        Is OE Registered: False
        Uses Analog: False
        Can contain Digital: True
        Is SIO: False
        SIO Output Buf: NONREGULATED
        SIO Input Buf: SINGLE_ENDED
        SIO HiFreq: LOW
        SIO Hyst: DISABLED
        SIO Vtrip: MULTIPLIER_0_5
        SIO RefSel: VCC_IO
        Required Capabilitites: DIGITAL, SPI_SS
        Initial Value: 0
        IO Voltage: 0
    PORT MAP (
        pa_out => \SPI_1:ss_s(0)\__PA ,
        fb => \SPI_1:Net_458\ ,
        pad => \SPI_1:ss_s(0)_PAD\ );
    Properties:
    {
    }

Port 1 contains the following IO cells:
[IoId=0]: 
Pin : Name = L_Servo(0)
    Attributes:
        In Group/Port: True
        In Sync Option: AUTO
        Out Sync Option: NOSYNC
        Interrupt generated: False
        Interrupt mode: NONE
        Drive mode: CMOS_OUT
        VTrip: EITHER
        Slew: FAST
        Input Sync needed: False
        Output Sync needed: False
        SC shield enabled: False
        POR State: ANY
        LCD Mode: COMMON
        Register Mode: RegComb
        CaSense Mode: NEITHER
        Treat as pin: True
        Is OE Registered: False
        Uses Analog: False
        Can contain Digital: True
        Is SIO: False
        SIO Output Buf: NONREGULATED
        SIO Input Buf: SINGLE_ENDED
        SIO HiFreq: LOW
        SIO Hyst: DISABLED
        SIO Vtrip: MULTIPLIER_0_5
        SIO RefSel: VCC_IO
        Required Capabilitites: DIGITAL, ROUTABLE
        Initial Value: 1
        IO Voltage: 0
    PORT MAP (
        pa_out => L_Servo(0)__PA ,
        input => Net_434 ,
        pad => L_Servo(0)_PAD );
    Properties:
    {
    }

[IoId=2]: 
Pin : Name = GimbalT(0)
    Attributes:
        In Group/Port: True
        In Sync Option: AUTO
        Out Sync Option: NOSYNC
        Interrupt generated: False
        Interrupt mode: NONE
        Drive mode: CMOS_OUT
        VTrip: EITHER
        Slew: FAST
        Input Sync needed: False
        Output Sync needed: False
        SC shield enabled: False
        POR State: ANY
        LCD Mode: COMMON
        Register Mode: RegComb
        CaSense Mode: NEITHER
        Treat as pin: True
        Is OE Registered: False
        Uses Analog: False
        Can contain Digital: True
        Is SIO: False
        SIO Output Buf: NONREGULATED
        SIO Input Buf: SINGLE_ENDED
        SIO HiFreq: LOW
        SIO Hyst: DISABLED
        SIO Vtrip: MULTIPLIER_0_5
        SIO RefSel: VCC_IO
        Required Capabilitites: DIGITAL, ROUTABLE
        Initial Value: 1
        IO Voltage: 0
    PORT MAP (
        pa_out => GimbalT(0)__PA ,
        input => Net_437 ,
        pad => GimbalT(0)_PAD );
    Properties:
    {
    }

[IoId=3]: 
Pin : Name = GimbalP(0)
    Attributes:
        In Group/Port: True
        In Sync Option: AUTO
        Out Sync Option: NOSYNC
        Interrupt generated: False
        Interrupt mode: NONE
        Drive mode: CMOS_OUT
        VTrip: EITHER
        Slew: FAST
        Input Sync needed: False
        Output Sync needed: False
        SC shield enabled: False
        POR State: ANY
        LCD Mode: COMMON
        Register Mode: RegComb
        CaSense Mode: NEITHER
        Treat as pin: True
        Is OE Registered: False
        Uses Analog: False
        Can contain Digital: True
        Is SIO: False
        SIO Output Buf: NONREGULATED
        SIO Input Buf: SINGLE_ENDED
        SIO HiFreq: LOW
        SIO Hyst: DISABLED
        SIO Vtrip: MULTIPLIER_0_5
        SIO RefSel: VCC_IO
        Required Capabilitites: DIGITAL, ROUTABLE
        Initial Value: 1
        IO Voltage: 0
    PORT MAP (
        pa_out => GimbalP(0)__PA ,
        input => Net_436 ,
        pad => GimbalP(0)_PAD );
    Properties:
    {
    }

[IoId=7]: 
Pin : Name = R_Servo(0)
    Attributes:
        In Group/Port: True
        In Sync Option: AUTO
        Out Sync Option: NOSYNC
        Interrupt generated: False
        Interrupt mode: NONE
        Drive mode: CMOS_OUT
        VTrip: EITHER
        Slew: FAST
        Input Sync needed: False
        Output Sync needed: False
        SC shield enabled: False
        POR State: ANY
        LCD Mode: COMMON
        Register Mode: RegComb
        CaSense Mode: NEITHER
        Treat as pin: True
        Is OE Registered: False
        Uses Analog: False
        Can contain Digital: True
        Is SIO: False
        SIO Output Buf: NONREGULATED
        SIO Input Buf: SINGLE_ENDED
        SIO HiFreq: LOW
        SIO Hyst: DISABLED
        SIO Vtrip: MULTIPLIER_0_5
        SIO RefSel: VCC_IO
        Required Capabilitites: DIGITAL, ROUTABLE
        Initial Value: 1
        IO Voltage: 0
    PORT MAP (
        pa_out => R_Servo(0)__PA ,
        input => Net_435 ,
        pad => R_Servo(0)_PAD );
    Properties:
    {
    }

Port 2 is empty
Port 3 is empty
Port 4 contains the following IO cells:
[IoId=0]: 
Pin : Name = \UART_1:rx(0)\
    Attributes:
        In Group/Port: True
        In Sync Option: NOSYNC
        Out Sync Option: AUTO
        Interrupt generated: False
        Interrupt mode: NONE
        Drive mode: HI_Z_DIGITAL
        VTrip: CMOS
        Slew: FAST
        Input Sync needed: False
        Output Sync needed: False
        SC shield enabled: False
        POR State: ANY
        LCD Mode: COMMON
        Register Mode: RegComb
        CaSense Mode: NEITHER
        Treat as pin: True
        Is OE Registered: False
        Uses Analog: False
        Can contain Digital: True
        Is SIO: False
        SIO Output Buf: NONREGULATED
        SIO Input Buf: SINGLE_ENDED
        SIO HiFreq: LOW
        SIO Hyst: DISABLED
        SIO Vtrip: MULTIPLIER_0_5
        SIO RefSel: VCC_IO
        Required Capabilitites: DIGITAL, SCB_UART_RX
        Initial Value: 0
        IO Voltage: 0
    PORT MAP (
        pa_out => \UART_1:rx(0)\__PA ,
        fb => \UART_1:Net_654\ ,
        pad => \UART_1:rx(0)_PAD\ );
    Properties:
    {
    }

[IoId=1]: 
Pin : Name = \UART_1:tx(0)\
    Attributes:
        In Group/Port: True
        In Sync Option: NOSYNC
        Out Sync Option: NOSYNC
        Interrupt generated: False
        Interrupt mode: NONE
        Drive mode: CMOS_OUT
        VTrip: CMOS
        Slew: FAST
        Input Sync needed: False
        Output Sync needed: False
        SC shield enabled: False
        POR State: ANY
        LCD Mode: COMMON
        Register Mode: RegComb
        CaSense Mode: NEITHER
        Treat as pin: True
        Is OE Registered: False
        Uses Analog: False
        Can contain Digital: True
        Is SIO: False
        SIO Output Buf: NONREGULATED
        SIO Input Buf: SINGLE_ENDED
        SIO HiFreq: LOW
        SIO Hyst: DISABLED
        SIO Vtrip: MULTIPLIER_0_5
        SIO RefSel: VCC_IO
        Required Capabilitites: DIGITAL, SCB_UART_TX
        Initial Value: 1
        IO Voltage: 0
    PORT MAP (
        pa_out => \UART_1:tx(0)\__PA ,
        input => \UART_1:Net_656\ ,
        pad => \UART_1:tx(0)_PAD\ );
    Properties:
    {
    }

Clock group 0: 
    M0S8 Clock Block @ [FFB(Clock,0)]: 
    m0s8clockblockcell: Name =ClockBlock
        PORT MAP (
            dsi_in_0 => ClockBlock_Routed1 ,
            lfclk => ClockBlock_LFCLK ,
            ilo => ClockBlock_ILO ,
            sysclk => ClockBlock_SYSCLK ,
            ext => ClockBlock_EXTCLK ,
            imo => ClockBlock_IMO ,
            hfclk => ClockBlock_HFCLK ,
            ff_div_2 => \SPI_1:Net_847_ff2\ ,
            ff_div_3 => \UART_1:Net_847_ff3\ ,
            ff_div_8 => Net_452_ff8 ,
            ff_div_9 => Net_206_ff9 );
        Properties:
        {
        }
PM group 0: empty
SPC group 0: empty
WDT group 0: empty
FSS group 0: empty
Low Power Comparator group 0: empty
Serial Communication Block group 0: 
    Scb Block @ [FFB(SCB,0)]: 
    m0s8scbcell: Name =\UART_1:SCB\
        PORT MAP (
            clock => \UART_1:Net_847_ff3\ ,
            interrupt => Net_5 ,
            rx => \UART_1:Net_654\ ,
            tx => \UART_1:Net_656\ ,
            rts => \UART_1:Net_751\ ,
            mosi_m => \UART_1:Net_660\ ,
            select_m_3 => \UART_1:ss_3\ ,
            select_m_2 => \UART_1:ss_2\ ,
            select_m_1 => \UART_1:ss_1\ ,
            select_m_0 => \UART_1:ss_0\ ,
            sclk_m => \UART_1:Net_687\ ,
            miso_s => \UART_1:Net_703\ ,
            tx_req => \UART_1:Net_823\ ,
            rx_req => \UART_1:Net_824\ );
        Properties:
        {
            cy_registers = ""
            scb_mode = 2
        }
    Scb Block @ [FFB(SCB,1)]: 
    m0s8scbcell: Name =\SPI_1:SCB\
        PORT MAP (
            clock => \SPI_1:Net_847_ff2\ ,
            interrupt => Net_507 ,
            tx => \SPI_1:Net_656\ ,
            rts => \SPI_1:Net_751\ ,
            mosi_m => \SPI_1:Net_660\ ,
            select_m_3 => \SPI_1:ss_3\ ,
            select_m_2 => \SPI_1:ss_2\ ,
            select_m_1 => \SPI_1:ss_1\ ,
            select_m_0 => \SPI_1:ss_0\ ,
            sclk_m => \SPI_1:Net_687\ ,
            mosi_s => \SPI_1:Net_909\ ,
            miso_s => \SPI_1:Net_703\ ,
            select_s => \SPI_1:Net_458\ ,
            sclk_s => \SPI_1:Net_653\ ,
            tx_req => \SPI_1:Net_823\ ,
            rx_req => \SPI_1:Net_824\ );
        Properties:
        {
            cy_registers = ""
            scb_mode = 1
        }
CSD Fixed Block group 0: empty
8-bit CapSense IDAC group 0: empty
7-bit CapSense IDAC group 0: empty
TCPWM Block group 0: 
    Tcpwm Block @ [FFB(TCPWM,0)]: 
    m0s8tcpwmcell: Name =\Timer:cy_m0s8_tcpwm_1\
        PORT MAP (
            clock => Net_206_ff9 ,
            capture => zero ,
            count => one ,
            reload => zero ,
            stop => zero ,
            start => zero ,
            tr_underflow => Net_77 ,
            tr_overflow => Net_76 ,
            tr_compare_match => Net_78 ,
            line_out => Net_79 ,
            line_out_compl => Net_80 ,
            interrupt => Net_49 );
        Properties:
        {
            cy_registers = ""
        }
    Tcpwm Block @ [FFB(TCPWM,1)]: 
    m0s8tcpwmcell: Name =\SignalGenerator:cy_m0s8_tcpwm_1\
        PORT MAP (
            clock => Net_452_ff8 ,
            capture => zero ,
            count => one ,
            reload => zero ,
            stop => zero ,
            start => zero ,
            tr_underflow => Net_492 ,
            tr_overflow => Net_491 ,
            tr_compare_match => Net_493 ,
            line_out => Net_494 ,
            line_out_compl => Net_495 ,
            interrupt => Net_451 );
        Properties:
        {
            cy_registers = ""
        }
Comparator/Opamp Fixed Block group 0: empty
Temperature Sensor group 0: empty
SAR Fixed Block group 0: empty
Segment LCD Block group 0: empty
CLK_GEN group 0: 
    M0S8 Clock Gen Block @ [FFB(CLK_GEN,0)]: 
    m0s8clockgenblockcell: Name =ClockGenBlock
        PORT MAP (
             );
        Properties:
        {
        }
LPCOMPBLOCK group 0: empty
CTBMBLOCK group 0: empty
ANAPUMP group 0: empty
</CYPRESSTAG>
<CYPRESSTAG name="Port Configuration Details">

------------------------------------------------------------
Port Configuration report
------------------------------------------------------------
     |     |       | Interrupt |                  |                   | 
Port | Pin | Fixed |      Type |       Drive Mode |              Name | Connections
-----+-----+-------+-----------+------------------+-------------------+---------------------
   0 |   4 |       |      NONE |     HI_Z_DIGITAL | \SPI_1:mosi_s(0)\ | FB(\SPI_1:Net_909\)
     |   5 |       |      NONE |         CMOS_OUT | \SPI_1:miso_s(0)\ | In(\SPI_1:Net_703\)
     |   6 |       |      NONE |     HI_Z_DIGITAL | \SPI_1:sclk_s(0)\ | FB(\SPI_1:Net_653\)
     |   7 |       |      NONE |     HI_Z_DIGITAL |   \SPI_1:ss_s(0)\ | FB(\SPI_1:Net_458\)
-----+-----+-------+-----------+------------------+-------------------+---------------------
   1 |   0 |     * |      NONE |         CMOS_OUT |        L_Servo(0) | In(Net_434)
     |   2 |     * |      NONE |         CMOS_OUT |        GimbalT(0) | In(Net_437)
     |   3 |     * |      NONE |         CMOS_OUT |        GimbalP(0) | In(Net_436)
     |   7 |     * |      NONE |         CMOS_OUT |        R_Servo(0) | In(Net_435)
-----+-----+-------+-----------+------------------+-------------------+---------------------
   4 |   0 |       |      NONE |     HI_Z_DIGITAL |    \UART_1:rx(0)\ | FB(\UART_1:Net_654\)
     |   1 |       |      NONE |         CMOS_OUT |    \UART_1:tx(0)\ | In(\UART_1:Net_656\)
--------------------------------------------------------------------------------------------
</CYPRESSTAG>
</CYPRESSTAG>
</CYPRESSTAG>
Digital component placer commit/Report: Elapsed time ==> 0s.000ms
Digital Placement phase: Elapsed time ==> 0s.421ms
</CYPRESSTAG>
<CYPRESSTAG name="Digital Routing">
Routing successful.
Digital Routing phase: Elapsed time ==> 0s.468ms
</CYPRESSTAG>
<CYPRESSTAG name="Bitstream and API generation">
Bitstream and API generation phase: Elapsed time ==> 0s.218ms
</CYPRESSTAG>
<CYPRESSTAG name="Bitstream verification">
Bitstream verification phase: Elapsed time ==> 0s.046ms
</CYPRESSTAG>
<CYPRESSTAG name="Static timing analysis">
Timing report is in BYURover2015MainBoardSM_timing.html.
Static timing analysis phase: Elapsed time ==> 0s.203ms
</CYPRESSTAG>
<CYPRESSTAG name="Data reporting">
Data reporting phase: Elapsed time ==> 0s.703ms
</CYPRESSTAG>
<CYPRESSTAG name="Database update...">
Design database save phase: Elapsed time ==> 0s.140ms
</CYPRESSTAG>
cydsfit: Elapsed time ==> 2s.859ms
</CYPRESSTAG>
Fitter phase: Elapsed time ==> 2s.906ms
API generation phase: Elapsed time ==> 1s.375ms
Dependency generation phase: Elapsed time ==> 0s.015ms
Cleanup phase: Elapsed time ==> 0s.000ms
