ARM GAS  C:\Users\wbz\AppData\Local\Temp\ccJKFnhu.s 			page 1


   1              		.cpu cortex-m0
   2              		.fpu softvfp
   3              		.eabi_attribute 20, 1
   4              		.eabi_attribute 21, 1
   5              		.eabi_attribute 23, 3
   6              		.eabi_attribute 24, 1
   7              		.eabi_attribute 25, 1
   8              		.eabi_attribute 26, 1
   9              		.eabi_attribute 30, 6
  10              		.eabi_attribute 18, 4
  11              		.code	16
  12              		.file	"cyfitter_cfg.c"
  13              		.section	.debug_abbrev,"",%progbits
  14              	.Ldebug_abbrev0:
  15              		.section	.debug_info,"",%progbits
  16              	.Ldebug_info0:
  17              		.section	.debug_line,"",%progbits
  18              	.Ldebug_line0:
  19 0000 7B010000 		.text
  19      0200EA00 
  19      00000201 
  19      FB0E0D00 
  19      01010101 
  20              	.Ltext0:
  21              		.cfi_sections	.debug_frame
  22              		.section	.text.CYMEMZERO,"ax",%progbits
  23              		.align	2
  24              		.code	16
  25              		.thumb_func
  26              		.type	CYMEMZERO, %function
  27              	CYMEMZERO:
  28              	.LFB0:
  29              		.file 1 ".\\Generated_Source\\PSoC4\\cyfitter_cfg.c"
   1:.\Generated_Source\PSoC4/cyfitter_cfg.c **** /*******************************************************************************
   2:.\Generated_Source\PSoC4/cyfitter_cfg.c **** * FILENAME: cyfitter_cfg.c
   3:.\Generated_Source\PSoC4/cyfitter_cfg.c **** * PSoC Creator 2.2 Service Pack 1
   4:.\Generated_Source\PSoC4/cyfitter_cfg.c **** *
   5:.\Generated_Source\PSoC4/cyfitter_cfg.c **** * Description:
   6:.\Generated_Source\PSoC4/cyfitter_cfg.c **** * This file is automatically generated by PSoC Creator with device 
   7:.\Generated_Source\PSoC4/cyfitter_cfg.c **** * initialization code.  Except for the user defined sections in
   8:.\Generated_Source\PSoC4/cyfitter_cfg.c **** * CyClockStartupError(), this file should not be modified.
   9:.\Generated_Source\PSoC4/cyfitter_cfg.c **** *
  10:.\Generated_Source\PSoC4/cyfitter_cfg.c **** ********************************************************************************
  11:.\Generated_Source\PSoC4/cyfitter_cfg.c **** * Copyright 2013, Cypress Semiconductor Corporation.  All rights reserved.
  12:.\Generated_Source\PSoC4/cyfitter_cfg.c **** * You may use this file only in accordance with the license, terms, conditions, 
  13:.\Generated_Source\PSoC4/cyfitter_cfg.c **** * disclaimers, and limitations in the end user license agreement accompanying 
  14:.\Generated_Source\PSoC4/cyfitter_cfg.c **** * the software package with which this file was provided.
  15:.\Generated_Source\PSoC4/cyfitter_cfg.c **** ********************************************************************************/
  16:.\Generated_Source\PSoC4/cyfitter_cfg.c **** 
  17:.\Generated_Source\PSoC4/cyfitter_cfg.c **** #include <string.h>
  18:.\Generated_Source\PSoC4/cyfitter_cfg.c **** #include <cytypes.h>
  19:.\Generated_Source\PSoC4/cyfitter_cfg.c **** #include <cydevice_trm.h>
  20:.\Generated_Source\PSoC4/cyfitter_cfg.c **** #include <cyfitter.h>
  21:.\Generated_Source\PSoC4/cyfitter_cfg.c **** #include <CyLib.h>
  22:.\Generated_Source\PSoC4/cyfitter_cfg.c **** #include <cyfitter_cfg.h>
  23:.\Generated_Source\PSoC4/cyfitter_cfg.c **** 
  24:.\Generated_Source\PSoC4/cyfitter_cfg.c **** /* Clock startup error codes                                                   */
ARM GAS  C:\Users\wbz\AppData\Local\Temp\ccJKFnhu.s 			page 2


  25:.\Generated_Source\PSoC4/cyfitter_cfg.c **** #define CYCLOCKSTART_NO_ERROR    0u
  26:.\Generated_Source\PSoC4/cyfitter_cfg.c **** #define CYCLOCKSTART_XTAL_ERROR  1u
  27:.\Generated_Source\PSoC4/cyfitter_cfg.c **** #define CYCLOCKSTART_32KHZ_ERROR 2u
  28:.\Generated_Source\PSoC4/cyfitter_cfg.c **** #define CYCLOCKSTART_PLL_ERROR   3u
  29:.\Generated_Source\PSoC4/cyfitter_cfg.c **** 
  30:.\Generated_Source\PSoC4/cyfitter_cfg.c **** #ifdef CY_NEED_CYCLOCKSTARTUPERROR
  31:.\Generated_Source\PSoC4/cyfitter_cfg.c **** /*******************************************************************************
  32:.\Generated_Source\PSoC4/cyfitter_cfg.c **** * Function Name: CyClockStartupError
  33:.\Generated_Source\PSoC4/cyfitter_cfg.c **** ********************************************************************************
  34:.\Generated_Source\PSoC4/cyfitter_cfg.c **** * Summary:
  35:.\Generated_Source\PSoC4/cyfitter_cfg.c **** *  If an error is encountered during clock configuration (crystal startup error,
  36:.\Generated_Source\PSoC4/cyfitter_cfg.c **** *  PLL lock error, etc.), the system will end up here.  Unless reimplemented by
  37:.\Generated_Source\PSoC4/cyfitter_cfg.c **** *  the customer, this function will stop in an infinite loop.
  38:.\Generated_Source\PSoC4/cyfitter_cfg.c **** *
  39:.\Generated_Source\PSoC4/cyfitter_cfg.c **** * Parameters:
  40:.\Generated_Source\PSoC4/cyfitter_cfg.c **** *   void
  41:.\Generated_Source\PSoC4/cyfitter_cfg.c **** *
  42:.\Generated_Source\PSoC4/cyfitter_cfg.c **** * Return:
  43:.\Generated_Source\PSoC4/cyfitter_cfg.c **** *   void
  44:.\Generated_Source\PSoC4/cyfitter_cfg.c **** *
  45:.\Generated_Source\PSoC4/cyfitter_cfg.c **** *******************************************************************************/
  46:.\Generated_Source\PSoC4/cyfitter_cfg.c **** #if defined(__GNUC__) || defined(__ARMCC_VERSION)
  47:.\Generated_Source\PSoC4/cyfitter_cfg.c **** __attribute__ ((unused))
  48:.\Generated_Source\PSoC4/cyfitter_cfg.c **** #endif
  49:.\Generated_Source\PSoC4/cyfitter_cfg.c **** static void CyClockStartupError(uint8 errorCode);
  50:.\Generated_Source\PSoC4/cyfitter_cfg.c **** #if defined(__GNUC__) || defined(__ARMCC_VERSION)
  51:.\Generated_Source\PSoC4/cyfitter_cfg.c **** __attribute__ ((unused))
  52:.\Generated_Source\PSoC4/cyfitter_cfg.c **** #endif
  53:.\Generated_Source\PSoC4/cyfitter_cfg.c **** static void CyClockStartupError(uint8 errorCode)
  54:.\Generated_Source\PSoC4/cyfitter_cfg.c **** {
  55:.\Generated_Source\PSoC4/cyfitter_cfg.c ****     /* To remove the compiler warning if errorCode not used.                */
  56:.\Generated_Source\PSoC4/cyfitter_cfg.c ****     errorCode = errorCode;
  57:.\Generated_Source\PSoC4/cyfitter_cfg.c **** 
  58:.\Generated_Source\PSoC4/cyfitter_cfg.c ****     /* `#START CyClockStartupError` */
  59:.\Generated_Source\PSoC4/cyfitter_cfg.c **** 
  60:.\Generated_Source\PSoC4/cyfitter_cfg.c ****     /* If we have a clock startup error (bad MHz crystal, PLL lock, etc.),  */
  61:.\Generated_Source\PSoC4/cyfitter_cfg.c ****     /* we will end up here to allow the customer to implement something to  */
  62:.\Generated_Source\PSoC4/cyfitter_cfg.c ****     /* deal with the clock condition.                                       */
  63:.\Generated_Source\PSoC4/cyfitter_cfg.c **** 
  64:.\Generated_Source\PSoC4/cyfitter_cfg.c ****     /* `#END` */
  65:.\Generated_Source\PSoC4/cyfitter_cfg.c **** 
  66:.\Generated_Source\PSoC4/cyfitter_cfg.c ****     /* If nothing else, stop here since the clocks have not started         */
  67:.\Generated_Source\PSoC4/cyfitter_cfg.c ****     /* correctly.                                                           */
  68:.\Generated_Source\PSoC4/cyfitter_cfg.c ****     while(1) {}
  69:.\Generated_Source\PSoC4/cyfitter_cfg.c **** }
  70:.\Generated_Source\PSoC4/cyfitter_cfg.c **** #endif
  71:.\Generated_Source\PSoC4/cyfitter_cfg.c **** 
  72:.\Generated_Source\PSoC4/cyfitter_cfg.c **** 
  73:.\Generated_Source\PSoC4/cyfitter_cfg.c **** #if defined(__GNUC__) || defined(__ARMCC_VERSION)
  74:.\Generated_Source\PSoC4/cyfitter_cfg.c **** 	#define CYPACKED __attribute__ ((packed))
  75:.\Generated_Source\PSoC4/cyfitter_cfg.c **** 	#define CYALIGNED __attribute__ ((aligned))
  76:.\Generated_Source\PSoC4/cyfitter_cfg.c **** 	
  77:.\Generated_Source\PSoC4/cyfitter_cfg.c **** 	#if defined(__ARMCC_VERSION)
  78:.\Generated_Source\PSoC4/cyfitter_cfg.c **** 		#define CY_CFG_MEMORY_BARRIER() __memory_changed()
  79:.\Generated_Source\PSoC4/cyfitter_cfg.c **** 	#else
  80:.\Generated_Source\PSoC4/cyfitter_cfg.c **** 		#define CY_CFG_MEMORY_BARRIER() __sync_synchronize()
  81:.\Generated_Source\PSoC4/cyfitter_cfg.c **** 	#endif
ARM GAS  C:\Users\wbz\AppData\Local\Temp\ccJKFnhu.s 			page 3


  82:.\Generated_Source\PSoC4/cyfitter_cfg.c **** 	
  83:.\Generated_Source\PSoC4/cyfitter_cfg.c **** 
  84:.\Generated_Source\PSoC4/cyfitter_cfg.c **** 	__attribute__ ((unused))
  85:.\Generated_Source\PSoC4/cyfitter_cfg.c **** 	static void CYMEMZERO(void *s, size_t n);
  86:.\Generated_Source\PSoC4/cyfitter_cfg.c **** 	__attribute__ ((unused))
  87:.\Generated_Source\PSoC4/cyfitter_cfg.c **** 	static void CYMEMZERO(void *s, size_t n)
  88:.\Generated_Source\PSoC4/cyfitter_cfg.c **** 	{
  30              		.loc 1 88 0
  31              		.cfi_startproc
  32 0000 80B5     		push	{r7, lr}
  33              	.LCFI0:
  34              		.cfi_def_cfa_offset 8
  35              		.cfi_offset 7, -8
  36              		.cfi_offset 14, -4
  37 0002 82B0     		sub	sp, sp, #8
  38              	.LCFI1:
  39              		.cfi_def_cfa_offset 16
  40 0004 00AF     		add	r7, sp, #0
  41              	.LCFI2:
  42              		.cfi_def_cfa_register 7
  43 0006 7860     		str	r0, [r7, #4]
  44 0008 3960     		str	r1, [r7]
  89:.\Generated_Source\PSoC4/cyfitter_cfg.c **** 		(void)memset(s, 0, n);
  45              		.loc 1 89 0
  46 000a 7A68     		ldr	r2, [r7, #4]
  47 000c 3B68     		ldr	r3, [r7]
  48 000e 101C     		mov	r0, r2
  49 0010 0021     		mov	r1, #0
  50 0012 1A1C     		mov	r2, r3
  51 0014 FFF7FEFF 		bl	memset
  90:.\Generated_Source\PSoC4/cyfitter_cfg.c **** 	}
  52              		.loc 1 90 0
  53 0018 BD46     		mov	sp, r7
  54 001a 02B0     		add	sp, sp, #8
  55              		@ sp needed for prologue
  56 001c 80BD     		pop	{r7, pc}
  57              		.cfi_endproc
  58              	.LFE0:
  59              		.size	CYMEMZERO, .-CYMEMZERO
  60 001e C046     		.section	.text.CYCONFIGCPY,"ax",%progbits
  61              		.align	2
  62              		.code	16
  63              		.thumb_func
  64              		.type	CYCONFIGCPY, %function
  65              	CYCONFIGCPY:
  66              	.LFB1:
  91:.\Generated_Source\PSoC4/cyfitter_cfg.c **** 	__attribute__ ((unused))
  92:.\Generated_Source\PSoC4/cyfitter_cfg.c **** 	static void CYCONFIGCPY(void *dest, const void *src, size_t n);
  93:.\Generated_Source\PSoC4/cyfitter_cfg.c **** 	__attribute__ ((unused))
  94:.\Generated_Source\PSoC4/cyfitter_cfg.c **** 	static void CYCONFIGCPY(void *dest, const void *src, size_t n)
  95:.\Generated_Source\PSoC4/cyfitter_cfg.c **** 	{
  67              		.loc 1 95 0
  68              		.cfi_startproc
  69 0000 80B5     		push	{r7, lr}
  70              	.LCFI3:
  71              		.cfi_def_cfa_offset 8
  72              		.cfi_offset 7, -8
ARM GAS  C:\Users\wbz\AppData\Local\Temp\ccJKFnhu.s 			page 4


  73              		.cfi_offset 14, -4
  74 0002 84B0     		sub	sp, sp, #16
  75              	.LCFI4:
  76              		.cfi_def_cfa_offset 24
  77 0004 00AF     		add	r7, sp, #0
  78              	.LCFI5:
  79              		.cfi_def_cfa_register 7
  80 0006 F860     		str	r0, [r7, #12]
  81 0008 B960     		str	r1, [r7, #8]
  82 000a 7A60     		str	r2, [r7, #4]
  96:.\Generated_Source\PSoC4/cyfitter_cfg.c **** 		(void)memcpy(dest, src, n);
  83              		.loc 1 96 0
  84 000c F968     		ldr	r1, [r7, #12]
  85 000e BA68     		ldr	r2, [r7, #8]
  86 0010 7B68     		ldr	r3, [r7, #4]
  87 0012 081C     		mov	r0, r1
  88 0014 111C     		mov	r1, r2
  89 0016 1A1C     		mov	r2, r3
  90 0018 FFF7FEFF 		bl	memcpy
  97:.\Generated_Source\PSoC4/cyfitter_cfg.c **** 	}
  91              		.loc 1 97 0
  92 001c BD46     		mov	sp, r7
  93 001e 04B0     		add	sp, sp, #16
  94              		@ sp needed for prologue
  95 0020 80BD     		pop	{r7, pc}
  96              		.cfi_endproc
  97              	.LFE1:
  98              		.size	CYCONFIGCPY, .-CYCONFIGCPY
  99 0022 C046     		.section	.text.CYCONFIGCPYCODE,"ax",%progbits
 100              		.align	2
 101              		.code	16
 102              		.thumb_func
 103              		.type	CYCONFIGCPYCODE, %function
 104              	CYCONFIGCPYCODE:
 105              	.LFB2:
  98:.\Generated_Source\PSoC4/cyfitter_cfg.c **** 	__attribute__ ((unused))
  99:.\Generated_Source\PSoC4/cyfitter_cfg.c **** 	static void CYCONFIGCPYCODE(void *dest, const void *src, size_t n);
 100:.\Generated_Source\PSoC4/cyfitter_cfg.c **** 	__attribute__ ((unused))
 101:.\Generated_Source\PSoC4/cyfitter_cfg.c **** 	static void CYCONFIGCPYCODE(void *dest, const void *src, size_t n)
 102:.\Generated_Source\PSoC4/cyfitter_cfg.c **** 	{
 106              		.loc 1 102 0
 107              		.cfi_startproc
 108 0000 80B5     		push	{r7, lr}
 109              	.LCFI6:
 110              		.cfi_def_cfa_offset 8
 111              		.cfi_offset 7, -8
 112              		.cfi_offset 14, -4
 113 0002 84B0     		sub	sp, sp, #16
 114              	.LCFI7:
 115              		.cfi_def_cfa_offset 24
 116 0004 00AF     		add	r7, sp, #0
 117              	.LCFI8:
 118              		.cfi_def_cfa_register 7
 119 0006 F860     		str	r0, [r7, #12]
 120 0008 B960     		str	r1, [r7, #8]
 121 000a 7A60     		str	r2, [r7, #4]
 103:.\Generated_Source\PSoC4/cyfitter_cfg.c **** 		(void)memcpy(dest, src, n);
ARM GAS  C:\Users\wbz\AppData\Local\Temp\ccJKFnhu.s 			page 5


 122              		.loc 1 103 0
 123 000c F968     		ldr	r1, [r7, #12]
 124 000e BA68     		ldr	r2, [r7, #8]
 125 0010 7B68     		ldr	r3, [r7, #4]
 126 0012 081C     		mov	r0, r1
 127 0014 111C     		mov	r1, r2
 128 0016 1A1C     		mov	r2, r3
 129 0018 FFF7FEFF 		bl	memcpy
 104:.\Generated_Source\PSoC4/cyfitter_cfg.c **** 	}
 130              		.loc 1 104 0
 131 001c BD46     		mov	sp, r7
 132 001e 04B0     		add	sp, sp, #16
 133              		@ sp needed for prologue
 134 0020 80BD     		pop	{r7, pc}
 135              		.cfi_endproc
 136              	.LFE2:
 137              		.size	CYCONFIGCPYCODE, .-CYCONFIGCPYCODE
 138 0022 C046     		.section	.psocinit,"ax",%progbits
 139              		.align	2
 140              		.code	16
 141              		.thumb_func
 142              		.type	SetIMOBGTrims, %function
 143              	SetIMOBGTrims:
 144              	.LFB3:
 105:.\Generated_Source\PSoC4/cyfitter_cfg.c **** #else
 106:.\Generated_Source\PSoC4/cyfitter_cfg.c **** 	#error Unsupported toolchain
 107:.\Generated_Source\PSoC4/cyfitter_cfg.c **** #endif
 108:.\Generated_Source\PSoC4/cyfitter_cfg.c **** 
 109:.\Generated_Source\PSoC4/cyfitter_cfg.c **** 
 110:.\Generated_Source\PSoC4/cyfitter_cfg.c **** /*******************************************************************************
 111:.\Generated_Source\PSoC4/cyfitter_cfg.c **** * Function Name: SetIMOBGTrims
 112:.\Generated_Source\PSoC4/cyfitter_cfg.c **** ********************************************************************************
 113:.\Generated_Source\PSoC4/cyfitter_cfg.c **** *
 114:.\Generated_Source\PSoC4/cyfitter_cfg.c **** * Summary:
 115:.\Generated_Source\PSoC4/cyfitter_cfg.c **** *   Performs the configuration of the bandgap trim for the IMO based on the given
 116:.\Generated_Source\PSoC4/cyfitter_cfg.c **** *   expected frequency of the IMO. 
 117:.\Generated_Source\PSoC4/cyfitter_cfg.c **** *
 118:.\Generated_Source\PSoC4/cyfitter_cfg.c **** * Parameters:
 119:.\Generated_Source\PSoC4/cyfitter_cfg.c **** *   imoFreq: Frequency for operation of the IMO.
 120:.\Generated_Source\PSoC4/cyfitter_cfg.c **** *
 121:.\Generated_Source\PSoC4/cyfitter_cfg.c **** * Return:
 122:.\Generated_Source\PSoC4/cyfitter_cfg.c **** *   void
 123:.\Generated_Source\PSoC4/cyfitter_cfg.c **** *
 124:.\Generated_Source\PSoC4/cyfitter_cfg.c **** *******************************************************************************/
 125:.\Generated_Source\PSoC4/cyfitter_cfg.c **** static void SetIMOBGTrims(uint8 imoFreq);
 126:.\Generated_Source\PSoC4/cyfitter_cfg.c **** __attribute__ ((section(".psocinit")))
 127:.\Generated_Source\PSoC4/cyfitter_cfg.c **** static void SetIMOBGTrims(uint8 imoFreq)
 128:.\Generated_Source\PSoC4/cyfitter_cfg.c **** {
 145              		.loc 1 128 0
 146              		.cfi_startproc
 147 0000 80B5     		push	{r7, lr}
 148              	.LCFI9:
 149              		.cfi_def_cfa_offset 8
 150              		.cfi_offset 7, -8
 151              		.cfi_offset 14, -4
 152 0002 84B0     		sub	sp, sp, #16
 153              	.LCFI10:
ARM GAS  C:\Users\wbz\AppData\Local\Temp\ccJKFnhu.s 			page 6


 154              		.cfi_def_cfa_offset 24
 155 0004 00AF     		add	r7, sp, #0
 156              	.LCFI11:
 157              		.cfi_def_cfa_register 7
 158 0006 021C     		mov	r2, r0
 159 0008 FB1D     		add	r3, r7, #7
 160 000a 1A70     		strb	r2, [r3]
 129:.\Generated_Source\PSoC4/cyfitter_cfg.c **** 	typedef struct {
 130:.\Generated_Source\PSoC4/cyfitter_cfg.c **** 		uint8 freq;
 131:.\Generated_Source\PSoC4/cyfitter_cfg.c **** 		uint8 absolute;
 132:.\Generated_Source\PSoC4/cyfitter_cfg.c **** 		uint8 tmpco;
 133:.\Generated_Source\PSoC4/cyfitter_cfg.c **** 	} CYPACKED imo_trim_entry_t;
 134:.\Generated_Source\PSoC4/cyfitter_cfg.c **** 
 135:.\Generated_Source\PSoC4/cyfitter_cfg.c **** 	typedef struct {
 136:.\Generated_Source\PSoC4/cyfitter_cfg.c **** 		imo_trim_entry_t entries[4];
 137:.\Generated_Source\PSoC4/cyfitter_cfg.c **** 	} CYPACKED imo_trim_table_t;
 138:.\Generated_Source\PSoC4/cyfitter_cfg.c **** 
 139:.\Generated_Source\PSoC4/cyfitter_cfg.c **** 	static const imo_trim_table_t *imo_trim_table = (const imo_trim_table_t *)CYREG_SFLASH_IMO_MAXF0;
 140:.\Generated_Source\PSoC4/cyfitter_cfg.c **** 	static const uint32 IMO_TRIM_FREQ_TABLE_ENTRIES = sizeof(imo_trim_table->entries)/sizeof(imo_trim_
 141:.\Generated_Source\PSoC4/cyfitter_cfg.c **** 
 142:.\Generated_Source\PSoC4/cyfitter_cfg.c **** 	int32 imoTrimIndex;
 143:.\Generated_Source\PSoC4/cyfitter_cfg.c **** 	uint8 setAbs;
 144:.\Generated_Source\PSoC4/cyfitter_cfg.c **** 	uint8 setTmpCo;
 145:.\Generated_Source\PSoC4/cyfitter_cfg.c **** 
 146:.\Generated_Source\PSoC4/cyfitter_cfg.c **** 	/* Traverse the SFLASH IMO frequency-dependent bandgap trim table to
 147:.\Generated_Source\PSoC4/cyfitter_cfg.c **** 	 * locate the appropriate value to trim the IMO bandgap based on freq. */
 148:.\Generated_Source\PSoC4/cyfitter_cfg.c **** 	setAbs = CY_GET_REG8((const void *)CYREG_SFLASH_IMO_ABS4);
 161              		.loc 1 148 0
 162 000c 224A     		ldr	r2, .L12
 163 000e 3B1C     		mov	r3, r7
 164 0010 0E33     		add	r3, r3, #14
 165 0012 1278     		ldrb	r2, [r2]
 166 0014 1A70     		strb	r2, [r3]
 149:.\Generated_Source\PSoC4/cyfitter_cfg.c **** 	setTmpCo = CY_GET_REG8((const void *)CYREG_SFLASH_IMO_TMPCO4);
 167              		.loc 1 149 0
 168 0016 214A     		ldr	r2, .L12+4
 169 0018 3B1C     		mov	r3, r7
 170 001a 0F33     		add	r3, r3, #15
 171 001c 1278     		ldrb	r2, [r2]
 172 001e 1A70     		strb	r2, [r3]
 150:.\Generated_Source\PSoC4/cyfitter_cfg.c **** 	for (imoTrimIndex = ((int32)IMO_TRIM_FREQ_TABLE_ENTRIES)-1;
 173              		.loc 1 150 0
 174 0020 1F4B     		ldr	r3, .L12+8
 175 0022 1B68     		ldr	r3, [r3]
 176 0024 013B     		sub	r3, r3, #1
 177 0026 BB60     		str	r3, [r7, #8]
 178 0028 1AE0     		b	.L8
 179              	.L10:
 151:.\Generated_Source\PSoC4/cyfitter_cfg.c **** 	     (imoTrimIndex >= 0) && (imoFreq <= imo_trim_table->entries[imoTrimIndex].freq);
 152:.\Generated_Source\PSoC4/cyfitter_cfg.c **** 	     imoTrimIndex--)
 153:.\Generated_Source\PSoC4/cyfitter_cfg.c **** 	{
 154:.\Generated_Source\PSoC4/cyfitter_cfg.c **** 		setAbs = imo_trim_table->entries[imoTrimIndex].absolute;
 180              		.loc 1 154 0
 181 002a 1E4B     		ldr	r3, .L12+12
 182 002c 1868     		ldr	r0, [r3]
 183 002e BA68     		ldr	r2, [r7, #8]
 184 0030 391C     		mov	r1, r7
ARM GAS  C:\Users\wbz\AppData\Local\Temp\ccJKFnhu.s 			page 7


 185 0032 0E31     		add	r1, r1, #14
 186 0034 131C     		mov	r3, r2
 187 0036 5B00     		lsl	r3, r3, #1
 188 0038 9B18     		add	r3, r3, r2
 189 003a 1B18     		add	r3, r3, r0
 190 003c 0133     		add	r3, r3, #1
 191 003e 1B78     		ldrb	r3, [r3]
 192 0040 0B70     		strb	r3, [r1]
 155:.\Generated_Source\PSoC4/cyfitter_cfg.c **** 		setTmpCo = imo_trim_table->entries[imoTrimIndex].tmpco;
 193              		.loc 1 155 0
 194 0042 184B     		ldr	r3, .L12+12
 195 0044 1868     		ldr	r0, [r3]
 196 0046 BA68     		ldr	r2, [r7, #8]
 197 0048 391C     		mov	r1, r7
 198 004a 0F31     		add	r1, r1, #15
 199 004c 131C     		mov	r3, r2
 200 004e 5B00     		lsl	r3, r3, #1
 201 0050 9B18     		add	r3, r3, r2
 202 0052 1B18     		add	r3, r3, r0
 203 0054 0233     		add	r3, r3, #2
 204 0056 1B78     		ldrb	r3, [r3]
 205 0058 0B70     		strb	r3, [r1]
 206              		.loc 1 152 0
 207 005a BB68     		ldr	r3, [r7, #8]
 208 005c 013B     		sub	r3, r3, #1
 209 005e BB60     		str	r3, [r7, #8]
 210              	.L8:
 211              		.loc 1 150 0
 212 0060 BB68     		ldr	r3, [r7, #8]
 213 0062 002B     		cmp	r3, #0
 214 0064 0ADB     		blt	.L9
 215              		.loc 1 151 0
 216 0066 0F4B     		ldr	r3, .L12+12
 217 0068 1968     		ldr	r1, [r3]
 218 006a BA68     		ldr	r2, [r7, #8]
 219 006c 131C     		mov	r3, r2
 220 006e 5B00     		lsl	r3, r3, #1
 221 0070 9B18     		add	r3, r3, r2
 222 0072 5B5C     		ldrb	r3, [r3, r1]
 223              		.loc 1 150 0
 224 0074 FA1D     		add	r2, r7, #7
 225 0076 1278     		ldrb	r2, [r2]
 226 0078 9A42     		cmp	r2, r3
 227 007a D6D9     		bls	.L10
 228              	.L9:
 156:.\Generated_Source\PSoC4/cyfitter_cfg.c **** 	}
 157:.\Generated_Source\PSoC4/cyfitter_cfg.c **** 
 158:.\Generated_Source\PSoC4/cyfitter_cfg.c **** 	CY_SET_REG32((void *)CYREG_PWR_BG_TRIM4, setAbs);
 229              		.loc 1 158 0
 230 007c 0A4B     		ldr	r3, .L12+16
 231 007e 3A1C     		mov	r2, r7
 232 0080 0E32     		add	r2, r2, #14
 233 0082 1278     		ldrb	r2, [r2]
 234 0084 1A60     		str	r2, [r3]
 159:.\Generated_Source\PSoC4/cyfitter_cfg.c **** 	CY_SET_REG32((void *)CYREG_PWR_BG_TRIM5, setTmpCo);
 235              		.loc 1 159 0
 236 0086 094B     		ldr	r3, .L12+20
ARM GAS  C:\Users\wbz\AppData\Local\Temp\ccJKFnhu.s 			page 8


 237 0088 3A1C     		mov	r2, r7
 238 008a 0F32     		add	r2, r2, #15
 239 008c 1278     		ldrb	r2, [r2]
 240 008e 1A60     		str	r2, [r3]
 160:.\Generated_Source\PSoC4/cyfitter_cfg.c **** }
 241              		.loc 1 160 0
 242 0090 BD46     		mov	sp, r7
 243 0092 04B0     		add	sp, sp, #16
 244              		@ sp needed for prologue
 245 0094 80BD     		pop	{r7, pc}
 246              	.L13:
 247 0096 C046     		.align	2
 248              	.L12:
 249 0098 CCF1FF0F 		.word	268431820
 250 009c CDF1FF0F 		.word	268431821
 251 00a0 0C000000 		.word	IMO_TRIM_FREQ_TABLE_ENTRIES.1827
 252 00a4 00000000 		.word	imo_trim_table.1826
 253 00a8 1CFF0B40 		.word	1074528028
 254 00ac 20FF0B40 		.word	1074528032
 255              		.cfi_endproc
 256              	.LFE3:
 257              		.size	SetIMOBGTrims, .-SetIMOBGTrims
 258              		.align	2
 259              		.code	16
 260              		.thumb_func
 261              		.type	ClockSetup, %function
 262              	ClockSetup:
 263              	.LFB4:
 161:.\Generated_Source\PSoC4/cyfitter_cfg.c **** 
 162:.\Generated_Source\PSoC4/cyfitter_cfg.c **** 
 163:.\Generated_Source\PSoC4/cyfitter_cfg.c **** 
 164:.\Generated_Source\PSoC4/cyfitter_cfg.c **** /*******************************************************************************
 165:.\Generated_Source\PSoC4/cyfitter_cfg.c **** * Function Name: ClockSetup
 166:.\Generated_Source\PSoC4/cyfitter_cfg.c **** ********************************************************************************
 167:.\Generated_Source\PSoC4/cyfitter_cfg.c **** *
 168:.\Generated_Source\PSoC4/cyfitter_cfg.c **** * Summary:
 169:.\Generated_Source\PSoC4/cyfitter_cfg.c **** *   Performs the initialization of all of the clocks in the device based on the
 170:.\Generated_Source\PSoC4/cyfitter_cfg.c **** *   settings in the Clock tab of the DWR.  This includes enabling the requested
 171:.\Generated_Source\PSoC4/cyfitter_cfg.c **** *   clocks and setting the necessary dividers to produce the desired frequency. 
 172:.\Generated_Source\PSoC4/cyfitter_cfg.c **** *
 173:.\Generated_Source\PSoC4/cyfitter_cfg.c **** * Parameters:
 174:.\Generated_Source\PSoC4/cyfitter_cfg.c **** *   void
 175:.\Generated_Source\PSoC4/cyfitter_cfg.c **** *
 176:.\Generated_Source\PSoC4/cyfitter_cfg.c **** * Return:
 177:.\Generated_Source\PSoC4/cyfitter_cfg.c **** *   void
 178:.\Generated_Source\PSoC4/cyfitter_cfg.c **** *
 179:.\Generated_Source\PSoC4/cyfitter_cfg.c **** *******************************************************************************/
 180:.\Generated_Source\PSoC4/cyfitter_cfg.c **** static void ClockSetup(void);
 181:.\Generated_Source\PSoC4/cyfitter_cfg.c **** __attribute__ ((section(".psocinit")))
 182:.\Generated_Source\PSoC4/cyfitter_cfg.c **** static void ClockSetup(void)
 183:.\Generated_Source\PSoC4/cyfitter_cfg.c **** {
 264              		.loc 1 183 0
 265              		.cfi_startproc
 266 00b0 80B5     		push	{r7, lr}
 267              	.LCFI12:
 268              		.cfi_def_cfa_offset 8
 269              		.cfi_offset 7, -8
ARM GAS  C:\Users\wbz\AppData\Local\Temp\ccJKFnhu.s 			page 9


 270              		.cfi_offset 14, -4
 271 00b2 00AF     		add	r7, sp, #0
 272              	.LCFI13:
 273              		.cfi_def_cfa_register 7
 184:.\Generated_Source\PSoC4/cyfitter_cfg.c **** 	/* Enable HALF_EN before trimming for the flash accelerator. */
 185:.\Generated_Source\PSoC4/cyfitter_cfg.c **** 	CY_SET_REG32((void CYXDATA *)(CYREG_CLK_SELECT), (CY_GET_REG32((void *)CYREG_CLK_SELECT) | 0x00040
 274              		.loc 1 185 0
 275 00b4 164A     		ldr	r2, .L16
 276 00b6 164B     		ldr	r3, .L16
 277 00b8 1968     		ldr	r1, [r3]
 278 00ba 8023     		mov	r3, #128
 279 00bc DB02     		lsl	r3, r3, #11
 280 00be 0B43     		orr	r3, r3, r1
 281 00c0 1360     		str	r3, [r2]
 186:.\Generated_Source\PSoC4/cyfitter_cfg.c **** 
 187:.\Generated_Source\PSoC4/cyfitter_cfg.c **** 	/* Trim IMO BG based on desired frequency. */
 188:.\Generated_Source\PSoC4/cyfitter_cfg.c **** 	SetIMOBGTrims(24u);
 282              		.loc 1 188 0
 283 00c2 1820     		mov	r0, #24
 284 00c4 FFF79CFF 		bl	SetIMOBGTrims
 189:.\Generated_Source\PSoC4/cyfitter_cfg.c **** 
 190:.\Generated_Source\PSoC4/cyfitter_cfg.c **** 	/* Going less than or equal to 24MHz, so update the clock speed then adjust trim value. */
 191:.\Generated_Source\PSoC4/cyfitter_cfg.c **** 	CY_SET_REG32((void CYXDATA *)(CYREG_CLK_IMO_TRIM2), (25u));
 285              		.loc 1 191 0
 286 00c8 124B     		ldr	r3, .L16+4
 287 00ca 1922     		mov	r2, #25
 288 00cc 1A60     		str	r2, [r3]
 192:.\Generated_Source\PSoC4/cyfitter_cfg.c **** 	CyDelayCycles(5u);
 289              		.loc 1 192 0
 290 00ce 0520     		mov	r0, #5
 291 00d0 FFF7FEFF 		bl	CyDelayCycles
 193:.\Generated_Source\PSoC4/cyfitter_cfg.c **** 	CY_SET_REG32((void CYXDATA *)(CYREG_CLK_IMO_TRIM1), (CY_GET_REG8((void *)CYREG_SFLASH_IMO_TRIM21))
 292              		.loc 1 193 0
 293 00d4 104B     		ldr	r3, .L16+8
 294 00d6 114A     		ldr	r2, .L16+12
 295 00d8 1278     		ldrb	r2, [r2]
 296 00da D2B2     		uxtb	r2, r2
 297 00dc 1A60     		str	r2, [r3]
 194:.\Generated_Source\PSoC4/cyfitter_cfg.c **** 	CyDelayUs(5u);
 298              		.loc 1 194 0
 299 00de 0520     		mov	r0, #5
 300 00e0 FFF7FEFF 		bl	CyDelayUs
 195:.\Generated_Source\PSoC4/cyfitter_cfg.c **** 
 196:.\Generated_Source\PSoC4/cyfitter_cfg.c **** 	/* Disable HALF_EN since it is not required at this IMO frequency. */
 197:.\Generated_Source\PSoC4/cyfitter_cfg.c **** 	CY_SET_REG32((void CYXDATA *)(CYREG_CLK_SELECT), (CY_GET_REG32((void *)CYREG_CLK_SELECT) & 0xFFFBF
 301              		.loc 1 197 0
 302 00e4 0A4B     		ldr	r3, .L16
 303 00e6 0A4A     		ldr	r2, .L16
 304 00e8 1168     		ldr	r1, [r2]
 305 00ea 0D4A     		ldr	r2, .L16+16
 306 00ec 0A40     		and	r2, r2, r1
 307 00ee 1A60     		str	r2, [r3]
 198:.\Generated_Source\PSoC4/cyfitter_cfg.c **** 
 199:.\Generated_Source\PSoC4/cyfitter_cfg.c **** 	/* CYDEV_CLK_SELECT00 Starting address: CYDEV_CLK_SELECT00 */
 200:.\Generated_Source\PSoC4/cyfitter_cfg.c **** 	CY_SET_XTND_REG32((void CYFAR *)(CYREG_CLK_SELECT02), 0x00000010u);
 308              		.loc 1 200 0
 309 00f0 0C4B     		ldr	r3, .L16+20
ARM GAS  C:\Users\wbz\AppData\Local\Temp\ccJKFnhu.s 			page 10


 310 00f2 1022     		mov	r2, #16
 311 00f4 1A60     		str	r2, [r3]
 201:.\Generated_Source\PSoC4/cyfitter_cfg.c **** 
 202:.\Generated_Source\PSoC4/cyfitter_cfg.c **** 	/* CYDEV_CLK_IMO_CONFIG Starting address: CYDEV_CLK_IMO_CONFIG */
 203:.\Generated_Source\PSoC4/cyfitter_cfg.c **** 	CY_SET_XTND_REG32((void CYFAR *)(CYREG_CLK_IMO_CONFIG), 0x80000000u);
 312              		.loc 1 203 0
 313 00f6 0C4A     		ldr	r2, .L16+24
 314 00f8 8023     		mov	r3, #128
 315 00fa 1B06     		lsl	r3, r3, #24
 316 00fc 1360     		str	r3, [r2]
 204:.\Generated_Source\PSoC4/cyfitter_cfg.c **** 
 205:.\Generated_Source\PSoC4/cyfitter_cfg.c **** 	/* CYDEV_CLK_ILO_CONFIG Starting address: CYDEV_CLK_ILO_CONFIG */
 206:.\Generated_Source\PSoC4/cyfitter_cfg.c **** 	CY_SET_XTND_REG32((void CYFAR *)(CYREG_CLK_ILO_CONFIG), 0x80000000u);
 317              		.loc 1 206 0
 318 00fe 0B4A     		ldr	r2, .L16+28
 319 0100 8023     		mov	r3, #128
 320 0102 1B06     		lsl	r3, r3, #24
 321 0104 1360     		str	r3, [r2]
 207:.\Generated_Source\PSoC4/cyfitter_cfg.c **** 
 208:.\Generated_Source\PSoC4/cyfitter_cfg.c **** 	/* CYDEV_CLK_DIVIDER_A00 Starting address: CYDEV_CLK_DIVIDER_A00 */
 209:.\Generated_Source\PSoC4/cyfitter_cfg.c **** 	CY_SET_XTND_REG32((void CYFAR *)(CYREG_CLK_DIVIDER_A00), 0x800000CFu);
 322              		.loc 1 209 0
 323 0106 0A4B     		ldr	r3, .L16+32
 324 0108 0A4A     		ldr	r2, .L16+36
 325 010a 1A60     		str	r2, [r3]
 210:.\Generated_Source\PSoC4/cyfitter_cfg.c **** 
 211:.\Generated_Source\PSoC4/cyfitter_cfg.c **** }
 326              		.loc 1 211 0
 327 010c BD46     		mov	sp, r7
 328              		@ sp needed for prologue
 329 010e 80BD     		pop	{r7, pc}
 330              	.L17:
 331              		.align	2
 332              	.L16:
 333 0110 00010B40 		.word	1074462976
 334 0114 2CFF0B40 		.word	1074528044
 335 0118 28FF0B40 		.word	1074528040
 336 011c E5F1FF0F 		.word	268431845
 337 0120 FFFFFBFF 		.word	-262145
 338 0124 08020240 		.word	1073873416
 339 0128 08010B40 		.word	1074462984
 340 012c 04010B40 		.word	1074462980
 341 0130 00000240 		.word	1073872896
 342 0134 CF000080 		.word	-2147483441
 343              		.cfi_endproc
 344              	.LFE4:
 345              		.size	ClockSetup, .-ClockSetup
 346              		.section	.text.AnalogSetDefault,"ax",%progbits
 347              		.align	2
 348              		.code	16
 349              		.thumb_func
 350              		.type	AnalogSetDefault, %function
 351              	AnalogSetDefault:
 352              	.LFB5:
 212:.\Generated_Source\PSoC4/cyfitter_cfg.c **** 
 213:.\Generated_Source\PSoC4/cyfitter_cfg.c **** 
 214:.\Generated_Source\PSoC4/cyfitter_cfg.c **** /* Analog API Functions */
ARM GAS  C:\Users\wbz\AppData\Local\Temp\ccJKFnhu.s 			page 11


 215:.\Generated_Source\PSoC4/cyfitter_cfg.c **** 
 216:.\Generated_Source\PSoC4/cyfitter_cfg.c **** 
 217:.\Generated_Source\PSoC4/cyfitter_cfg.c **** /*******************************************************************************
 218:.\Generated_Source\PSoC4/cyfitter_cfg.c **** * Function Name: AnalogSetDefault
 219:.\Generated_Source\PSoC4/cyfitter_cfg.c **** ********************************************************************************
 220:.\Generated_Source\PSoC4/cyfitter_cfg.c **** *
 221:.\Generated_Source\PSoC4/cyfitter_cfg.c **** * Summary:
 222:.\Generated_Source\PSoC4/cyfitter_cfg.c **** *  Sets up the analog portions of the chip to default values based on chip
 223:.\Generated_Source\PSoC4/cyfitter_cfg.c **** *  configuration options from the project.
 224:.\Generated_Source\PSoC4/cyfitter_cfg.c **** *
 225:.\Generated_Source\PSoC4/cyfitter_cfg.c **** * Parameters:
 226:.\Generated_Source\PSoC4/cyfitter_cfg.c **** *  void
 227:.\Generated_Source\PSoC4/cyfitter_cfg.c **** *
 228:.\Generated_Source\PSoC4/cyfitter_cfg.c **** * Return:
 229:.\Generated_Source\PSoC4/cyfitter_cfg.c **** *  void
 230:.\Generated_Source\PSoC4/cyfitter_cfg.c **** *
 231:.\Generated_Source\PSoC4/cyfitter_cfg.c **** *******************************************************************************/
 232:.\Generated_Source\PSoC4/cyfitter_cfg.c **** static void AnalogSetDefault(void);
 233:.\Generated_Source\PSoC4/cyfitter_cfg.c **** static void AnalogSetDefault(void)
 234:.\Generated_Source\PSoC4/cyfitter_cfg.c **** {
 353              		.loc 1 234 0
 354              		.cfi_startproc
 355 0000 80B5     		push	{r7, lr}
 356              	.LCFI14:
 357              		.cfi_def_cfa_offset 8
 358              		.cfi_offset 7, -8
 359              		.cfi_offset 14, -4
 360 0002 00AF     		add	r7, sp, #0
 361              	.LCFI15:
 362              		.cfi_def_cfa_register 7
 235:.\Generated_Source\PSoC4/cyfitter_cfg.c **** }
 363              		.loc 1 235 0
 364 0004 BD46     		mov	sp, r7
 365              		@ sp needed for prologue
 366 0006 80BD     		pop	{r7, pc}
 367              		.cfi_endproc
 368              	.LFE5:
 369              		.size	AnalogSetDefault, .-AnalogSetDefault
 370              		.section	.psocinit
 371              		.align	2
 372              		.global	cyfitter_cfg
 373              		.code	16
 374              		.thumb_func
 375              		.type	cyfitter_cfg, %function
 376              	cyfitter_cfg:
 377              	.LFB6:
 236:.\Generated_Source\PSoC4/cyfitter_cfg.c **** 
 237:.\Generated_Source\PSoC4/cyfitter_cfg.c **** #define CY_AMUX_UNUSED CYREG_SAR_MUX_SWITCH_STATUS
 238:.\Generated_Source\PSoC4/cyfitter_cfg.c **** 
 239:.\Generated_Source\PSoC4/cyfitter_cfg.c **** 
 240:.\Generated_Source\PSoC4/cyfitter_cfg.c **** /*******************************************************************************
 241:.\Generated_Source\PSoC4/cyfitter_cfg.c **** * Function Name: cyfitter_cfg
 242:.\Generated_Source\PSoC4/cyfitter_cfg.c **** ********************************************************************************
 243:.\Generated_Source\PSoC4/cyfitter_cfg.c **** * Summary:
 244:.\Generated_Source\PSoC4/cyfitter_cfg.c **** *  This function is called by the start-up code for the selected device. It
 245:.\Generated_Source\PSoC4/cyfitter_cfg.c **** *  performs all of the necessary device configuration based on the design
 246:.\Generated_Source\PSoC4/cyfitter_cfg.c **** *  settings.  This includes settings from the Design Wide Resources (DWR) such
ARM GAS  C:\Users\wbz\AppData\Local\Temp\ccJKFnhu.s 			page 12


 247:.\Generated_Source\PSoC4/cyfitter_cfg.c **** *  as Clocks and Pins as well as any component configuration that is necessary.
 248:.\Generated_Source\PSoC4/cyfitter_cfg.c **** *
 249:.\Generated_Source\PSoC4/cyfitter_cfg.c **** * Parameters:  
 250:.\Generated_Source\PSoC4/cyfitter_cfg.c **** *   void
 251:.\Generated_Source\PSoC4/cyfitter_cfg.c **** *
 252:.\Generated_Source\PSoC4/cyfitter_cfg.c **** * Return:
 253:.\Generated_Source\PSoC4/cyfitter_cfg.c **** *   void
 254:.\Generated_Source\PSoC4/cyfitter_cfg.c **** *
 255:.\Generated_Source\PSoC4/cyfitter_cfg.c **** *******************************************************************************/
 256:.\Generated_Source\PSoC4/cyfitter_cfg.c **** __attribute__ ((section(".psocinit")))
 257:.\Generated_Source\PSoC4/cyfitter_cfg.c **** void cyfitter_cfg(void)
 258:.\Generated_Source\PSoC4/cyfitter_cfg.c **** {
 378              		.loc 1 258 0
 379              		.cfi_startproc
 380 0138 80B5     		push	{r7, lr}
 381              	.LCFI16:
 382              		.cfi_def_cfa_offset 8
 383              		.cfi_offset 7, -8
 384              		.cfi_offset 14, -4
 385 013a 82B0     		sub	sp, sp, #8
 386              	.LCFI17:
 387              		.cfi_def_cfa_offset 16
 388 013c 00AF     		add	r7, sp, #0
 389              	.LCFI18:
 390              		.cfi_def_cfa_register 7
 259:.\Generated_Source\PSoC4/cyfitter_cfg.c **** 	/* Disable interrupts by default. Let user enable if/when they want. */
 260:.\Generated_Source\PSoC4/cyfitter_cfg.c **** 	CyGlobalIntDisable;
 391              		.loc 1 260 0
 392              	@ 260 ".\Generated_Source\PSoC4\cyfitter_cfg.c" 1
 393 013e 72B6     		CPSID   i
 394              	@ 0 "" 2
 395              		.code	16
 396              	.LBB2:
 261:.\Generated_Source\PSoC4/cyfitter_cfg.c **** 
 262:.\Generated_Source\PSoC4/cyfitter_cfg.c **** 	{
 263:.\Generated_Source\PSoC4/cyfitter_cfg.c **** 
 264:.\Generated_Source\PSoC4/cyfitter_cfg.c **** 		typedef struct {
 265:.\Generated_Source\PSoC4/cyfitter_cfg.c **** 			void CYFAR *address;
 266:.\Generated_Source\PSoC4/cyfitter_cfg.c **** 			uint16 size;
 267:.\Generated_Source\PSoC4/cyfitter_cfg.c **** 		} CYPACKED cfg_memset_t;
 268:.\Generated_Source\PSoC4/cyfitter_cfg.c **** 
 269:.\Generated_Source\PSoC4/cyfitter_cfg.c **** 		static const cfg_memset_t CYCODE cfg_memset_list [] = {
 270:.\Generated_Source\PSoC4/cyfitter_cfg.c **** 			/* address, size */
 271:.\Generated_Source\PSoC4/cyfitter_cfg.c **** 			{(void CYFAR *)(CYDEV_UDB_P0_U0_BASE), 1024u},
 272:.\Generated_Source\PSoC4/cyfitter_cfg.c **** 			{(void CYFAR *)(CYDEV_UDB_DSI0_BASE), 1024u},
 273:.\Generated_Source\PSoC4/cyfitter_cfg.c **** 		};
 274:.\Generated_Source\PSoC4/cyfitter_cfg.c **** 
 275:.\Generated_Source\PSoC4/cyfitter_cfg.c **** 		uint8 CYDATA i;
 276:.\Generated_Source\PSoC4/cyfitter_cfg.c **** 
 277:.\Generated_Source\PSoC4/cyfitter_cfg.c **** 		/* Zero out critical memory blocks before beginning configuration */
 278:.\Generated_Source\PSoC4/cyfitter_cfg.c **** 		for (i = 0u; i < (sizeof(cfg_memset_list)/sizeof(cfg_memset_list[0])); i++)
 397              		.loc 1 278 0
 398 0140 FB1C     		add	r3, r7, #3
 399 0142 0022     		mov	r2, #0
 400 0144 1A70     		strb	r2, [r3]
 401 0146 24E0     		b	.L21
 402              	.L22:
ARM GAS  C:\Users\wbz\AppData\Local\Temp\ccJKFnhu.s 			page 13


 403              	.LBB3:
 279:.\Generated_Source\PSoC4/cyfitter_cfg.c **** 		{
 280:.\Generated_Source\PSoC4/cyfitter_cfg.c **** 			const cfg_memset_t CYCODE * CYDATA ms = &cfg_memset_list[i];
 404              		.loc 1 280 0
 405 0148 FB1C     		add	r3, r7, #3
 406 014a 1A78     		ldrb	r2, [r3]
 407 014c 131C     		mov	r3, r2
 408 014e 5B00     		lsl	r3, r3, #1
 409 0150 9B18     		add	r3, r3, r2
 410 0152 5B00     		lsl	r3, r3, #1
 411 0154 1A1C     		mov	r2, r3
 412 0156 274B     		ldr	r3, .L24
 413 0158 D318     		add	r3, r2, r3
 414 015a 7B60     		str	r3, [r7, #4]
 281:.\Generated_Source\PSoC4/cyfitter_cfg.c **** 			CYMEMZERO(ms->address, (uint32)(ms->size));
 415              		.loc 1 281 0
 416 015c 7B68     		ldr	r3, [r7, #4]
 417 015e 1A78     		ldrb	r2, [r3]
 418 0160 5978     		ldrb	r1, [r3, #1]
 419 0162 0902     		lsl	r1, r1, #8
 420 0164 0A43     		orr	r2, r2, r1
 421 0166 9978     		ldrb	r1, [r3, #2]
 422 0168 0904     		lsl	r1, r1, #16
 423 016a 0A43     		orr	r2, r2, r1
 424 016c DB78     		ldrb	r3, [r3, #3]
 425 016e 1B06     		lsl	r3, r3, #24
 426 0170 1343     		orr	r3, r3, r2
 427 0172 1A1C     		mov	r2, r3
 428 0174 7B68     		ldr	r3, [r7, #4]
 429 0176 1979     		ldrb	r1, [r3, #4]
 430 0178 5B79     		ldrb	r3, [r3, #5]
 431 017a 1B02     		lsl	r3, r3, #8
 432 017c 0B43     		orr	r3, r3, r1
 433 017e 9BB2     		uxth	r3, r3
 434 0180 101C     		mov	r0, r2
 435 0182 191C     		mov	r1, r3
 436 0184 FFF7FEFF 		bl	CYMEMZERO
 437              	.LBE3:
 438              		.loc 1 278 0
 439 0188 FB1C     		add	r3, r7, #3
 440 018a FA1C     		add	r2, r7, #3
 441 018c 1278     		ldrb	r2, [r2]
 442 018e 0132     		add	r2, r2, #1
 443 0190 1A70     		strb	r2, [r3]
 444              	.L21:
 445 0192 FB1C     		add	r3, r7, #3
 446 0194 1B78     		ldrb	r3, [r3]
 447 0196 012B     		cmp	r3, #1
 448 0198 D6D9     		bls	.L22
 282:.\Generated_Source\PSoC4/cyfitter_cfg.c **** 		}
 283:.\Generated_Source\PSoC4/cyfitter_cfg.c **** 
 284:.\Generated_Source\PSoC4/cyfitter_cfg.c **** 		/* HSIOM Starting address: CYDEV_HSIOM_BASE */
 285:.\Generated_Source\PSoC4/cyfitter_cfg.c **** 		CY_SET_XTND_REG32((void CYFAR *)(CYREG_HSIOM_PORT_SEL3), 0x0000EE00u);
 449              		.loc 1 285 0
 450 019a 174A     		ldr	r2, .L24+4
 451 019c EE23     		mov	r3, #238
 452 019e 1B02     		lsl	r3, r3, #8
ARM GAS  C:\Users\wbz\AppData\Local\Temp\ccJKFnhu.s 			page 14


 453 01a0 1360     		str	r3, [r2]
 286:.\Generated_Source\PSoC4/cyfitter_cfg.c **** 		CY_SET_XTND_REG32((void CYFAR *)(CYREG_HSIOM_PORT_SEL4), 0x00000099u);
 454              		.loc 1 286 0
 455 01a2 164B     		ldr	r3, .L24+8
 456 01a4 9922     		mov	r2, #153
 457 01a6 1A60     		str	r2, [r3]
 287:.\Generated_Source\PSoC4/cyfitter_cfg.c **** 
 288:.\Generated_Source\PSoC4/cyfitter_cfg.c **** 		/* IOPINS0_3 Starting address: CYDEV_PRT3_DR */
 289:.\Generated_Source\PSoC4/cyfitter_cfg.c **** 		CY_SET_XTND_REG32((void CYFAR *)(CYREG_PRT3_PC), 0x00000D80u);
 458              		.loc 1 289 0
 459 01a8 154A     		ldr	r2, .L24+12
 460 01aa D823     		mov	r3, #216
 461 01ac 1B01     		lsl	r3, r3, #4
 462 01ae 1360     		str	r3, [r2]
 290:.\Generated_Source\PSoC4/cyfitter_cfg.c **** 
 291:.\Generated_Source\PSoC4/cyfitter_cfg.c **** 		/* IOPINS0_4 Starting address: CYDEV_PRT4_DR */
 292:.\Generated_Source\PSoC4/cyfitter_cfg.c **** 		CY_SET_XTND_REG32((void CYFAR *)(CYREG_PRT4_DR), 0x00000002u);
 463              		.loc 1 292 0
 464 01b0 144B     		ldr	r3, .L24+16
 465 01b2 0222     		mov	r2, #2
 466 01b4 1A60     		str	r2, [r3]
 293:.\Generated_Source\PSoC4/cyfitter_cfg.c **** 		CY_SET_XTND_REG32((void CYFAR *)(CYREG_PRT4_PC), 0x00000031u);
 467              		.loc 1 293 0
 468 01b6 144B     		ldr	r3, .L24+20
 469 01b8 3122     		mov	r2, #49
 470 01ba 1A60     		str	r2, [r3]
 294:.\Generated_Source\PSoC4/cyfitter_cfg.c **** 
 295:.\Generated_Source\PSoC4/cyfitter_cfg.c **** 		/* UDB_PA_3 Starting address: CYDEV_UDB_PA3_BASE */
 296:.\Generated_Source\PSoC4/cyfitter_cfg.c **** 		CY_SET_XTND_REG32((void CYFAR *)(CYDEV_UDB_PA3_BASE), 0x00990000u);
 471              		.loc 1 296 0
 472 01bc 134A     		ldr	r2, .L24+24
 473 01be 9923     		mov	r3, #153
 474 01c0 1B04     		lsl	r3, r3, #16
 475 01c2 1360     		str	r3, [r2]
 297:.\Generated_Source\PSoC4/cyfitter_cfg.c **** 
 298:.\Generated_Source\PSoC4/cyfitter_cfg.c **** 		/* Enable digital routing */
 299:.\Generated_Source\PSoC4/cyfitter_cfg.c **** 		CY_SET_XTND_REG8((void *)CYREG_UDB_UDBIF_BANK_CTL, CY_GET_XTND_REG8((void *)CYREG_UDB_UDBIF_BANK_
 476              		.loc 1 299 0
 477 01c4 124B     		ldr	r3, .L24+28
 478 01c6 124A     		ldr	r2, .L24+28
 479 01c8 1278     		ldrb	r2, [r2]
 480 01ca D1B2     		uxtb	r1, r2
 481 01cc 0222     		mov	r2, #2
 482 01ce 0A43     		orr	r2, r2, r1
 483 01d0 D2B2     		uxtb	r2, r2
 484 01d2 1A70     		strb	r2, [r3]
 300:.\Generated_Source\PSoC4/cyfitter_cfg.c **** 
 301:.\Generated_Source\PSoC4/cyfitter_cfg.c **** 		/* Enable UDB array */
 302:.\Generated_Source\PSoC4/cyfitter_cfg.c **** 		CY_SET_XTND_REG8((void *)CYREG_UDB_UDBIF_BANK_CTL, CY_GET_XTND_REG8((void *)CYREG_UDB_UDBIF_BANK_
 485              		.loc 1 302 0
 486 01d4 0E4B     		ldr	r3, .L24+28
 487 01d6 0E4A     		ldr	r2, .L24+28
 488 01d8 1278     		ldrb	r2, [r2]
 489 01da D1B2     		uxtb	r1, r2
 490 01dc 0622     		mov	r2, #6
 491 01de 0A43     		orr	r2, r2, r1
 492 01e0 D2B2     		uxtb	r2, r2
ARM GAS  C:\Users\wbz\AppData\Local\Temp\ccJKFnhu.s 			page 15


 493 01e2 1A70     		strb	r2, [r3]
 494              	.LBE2:
 303:.\Generated_Source\PSoC4/cyfitter_cfg.c **** 	}
 304:.\Generated_Source\PSoC4/cyfitter_cfg.c **** 
 305:.\Generated_Source\PSoC4/cyfitter_cfg.c **** 	/* Setup clocks based on selections from Clock DWR */
 306:.\Generated_Source\PSoC4/cyfitter_cfg.c **** 	ClockSetup();
 495              		.loc 1 306 0
 496 01e4 FFF764FF 		bl	ClockSetup
 307:.\Generated_Source\PSoC4/cyfitter_cfg.c **** 
 308:.\Generated_Source\PSoC4/cyfitter_cfg.c **** 	/* Perform basic analog initialization to defaults */
 309:.\Generated_Source\PSoC4/cyfitter_cfg.c **** 	AnalogSetDefault();
 497              		.loc 1 309 0
 498 01e8 FFF7FEFF 		bl	AnalogSetDefault
 310:.\Generated_Source\PSoC4/cyfitter_cfg.c **** 
 311:.\Generated_Source\PSoC4/cyfitter_cfg.c **** }
 499              		.loc 1 311 0
 500 01ec BD46     		mov	sp, r7
 501 01ee 02B0     		add	sp, sp, #8
 502              		@ sp needed for prologue
 503 01f0 80BD     		pop	{r7, pc}
 504              	.L25:
 505 01f2 C046     		.align	2
 506              	.L24:
 507 01f4 00000000 		.word	cfg_memset_list.1884
 508 01f8 0C000140 		.word	1073807372
 509 01fc 10000140 		.word	1073807376
 510 0200 08030440 		.word	1074004744
 511 0204 00040440 		.word	1074004992
 512 0208 08040440 		.word	1074005000
 513 020c 30500F40 		.word	1074745392
 514 0210 00700F40 		.word	1074753536
 515              		.cfi_endproc
 516              	.LFE6:
 517              		.size	cyfitter_cfg, .-cyfitter_cfg
 518              		.section	.rodata
 519              		.align	2
 520              		.type	cfg_memset_list.1884, %object
 521              		.size	cfg_memset_list.1884, 12
 522              	cfg_memset_list.1884:
 523 0000 00300F40 		.word	1074737152
 524 0004 0004     		.short	1024
 525 0006 00400F40 		.4byte	1074741248
 526 000a 0004     		.short	1024
 527              		.align	2
 528              		.type	IMO_TRIM_FREQ_TABLE_ENTRIES.1827, %object
 529              		.size	IMO_TRIM_FREQ_TABLE_ENTRIES.1827, 4
 530              	IMO_TRIM_FREQ_TABLE_ENTRIES.1827:
 531 000c 04000000 		.word	4
 532              		.data
 533              		.align	2
 534              		.type	imo_trim_table.1826, %object
 535              		.size	imo_trim_table.1826, 4
 536              	imo_trim_table.1826:
 537 0000 C0F1FF0F 		.word	268431808
 538              		.text
 539              	.Letext0:
 540              		.section	.debug_loc,"",%progbits
ARM GAS  C:\Users\wbz\AppData\Local\Temp\ccJKFnhu.s 			page 16


 541              	.Ldebug_loc0:
 542              	.LLST0:
 543 0000 00000000 		.4byte	.LFB0
 544 0004 02000000 		.4byte	.LCFI0
 545 0008 0100     		.2byte	0x1
 546 000a 5D       		.byte	0x5d
 547 000b 02000000 		.4byte	.LCFI0
 548 000f 04000000 		.4byte	.LCFI1
 549 0013 0200     		.2byte	0x2
 550 0015 7D       		.byte	0x7d
 551 0016 08       		.sleb128 8
 552 0017 04000000 		.4byte	.LCFI1
 553 001b 06000000 		.4byte	.LCFI2
 554 001f 0200     		.2byte	0x2
 555 0021 7D       		.byte	0x7d
 556 0022 10       		.sleb128 16
 557 0023 06000000 		.4byte	.LCFI2
 558 0027 1E000000 		.4byte	.LFE0
 559 002b 0200     		.2byte	0x2
 560 002d 77       		.byte	0x77
 561 002e 10       		.sleb128 16
 562 002f 00000000 		.4byte	0x0
 563 0033 00000000 		.4byte	0x0
 564              	.LLST1:
 565 0037 00000000 		.4byte	.LFB1
 566 003b 02000000 		.4byte	.LCFI3
 567 003f 0100     		.2byte	0x1
 568 0041 5D       		.byte	0x5d
 569 0042 02000000 		.4byte	.LCFI3
 570 0046 04000000 		.4byte	.LCFI4
 571 004a 0200     		.2byte	0x2
 572 004c 7D       		.byte	0x7d
 573 004d 08       		.sleb128 8
 574 004e 04000000 		.4byte	.LCFI4
 575 0052 06000000 		.4byte	.LCFI5
 576 0056 0200     		.2byte	0x2
 577 0058 7D       		.byte	0x7d
 578 0059 18       		.sleb128 24
 579 005a 06000000 		.4byte	.LCFI5
 580 005e 22000000 		.4byte	.LFE1
 581 0062 0200     		.2byte	0x2
 582 0064 77       		.byte	0x77
 583 0065 18       		.sleb128 24
 584 0066 00000000 		.4byte	0x0
 585 006a 00000000 		.4byte	0x0
 586              	.LLST2:
 587 006e 00000000 		.4byte	.LFB2
 588 0072 02000000 		.4byte	.LCFI6
 589 0076 0100     		.2byte	0x1
 590 0078 5D       		.byte	0x5d
 591 0079 02000000 		.4byte	.LCFI6
 592 007d 04000000 		.4byte	.LCFI7
 593 0081 0200     		.2byte	0x2
 594 0083 7D       		.byte	0x7d
 595 0084 08       		.sleb128 8
 596 0085 04000000 		.4byte	.LCFI7
 597 0089 06000000 		.4byte	.LCFI8
ARM GAS  C:\Users\wbz\AppData\Local\Temp\ccJKFnhu.s 			page 17


 598 008d 0200     		.2byte	0x2
 599 008f 7D       		.byte	0x7d
 600 0090 18       		.sleb128 24
 601 0091 06000000 		.4byte	.LCFI8
 602 0095 22000000 		.4byte	.LFE2
 603 0099 0200     		.2byte	0x2
 604 009b 77       		.byte	0x77
 605 009c 18       		.sleb128 24
 606 009d 00000000 		.4byte	0x0
 607 00a1 00000000 		.4byte	0x0
 608              	.LLST3:
 609 00a5 00000000 		.4byte	.LFB3
 610 00a9 02000000 		.4byte	.LCFI9
 611 00ad 0100     		.2byte	0x1
 612 00af 5D       		.byte	0x5d
 613 00b0 02000000 		.4byte	.LCFI9
 614 00b4 04000000 		.4byte	.LCFI10
 615 00b8 0200     		.2byte	0x2
 616 00ba 7D       		.byte	0x7d
 617 00bb 08       		.sleb128 8
 618 00bc 04000000 		.4byte	.LCFI10
 619 00c0 06000000 		.4byte	.LCFI11
 620 00c4 0200     		.2byte	0x2
 621 00c6 7D       		.byte	0x7d
 622 00c7 18       		.sleb128 24
 623 00c8 06000000 		.4byte	.LCFI11
 624 00cc B0000000 		.4byte	.LFE3
 625 00d0 0200     		.2byte	0x2
 626 00d2 77       		.byte	0x77
 627 00d3 18       		.sleb128 24
 628 00d4 00000000 		.4byte	0x0
 629 00d8 00000000 		.4byte	0x0
 630              	.LLST4:
 631 00dc B0000000 		.4byte	.LFB4
 632 00e0 B2000000 		.4byte	.LCFI12
 633 00e4 0100     		.2byte	0x1
 634 00e6 5D       		.byte	0x5d
 635 00e7 B2000000 		.4byte	.LCFI12
 636 00eb B4000000 		.4byte	.LCFI13
 637 00ef 0200     		.2byte	0x2
 638 00f1 7D       		.byte	0x7d
 639 00f2 08       		.sleb128 8
 640 00f3 B4000000 		.4byte	.LCFI13
 641 00f7 38010000 		.4byte	.LFE4
 642 00fb 0200     		.2byte	0x2
 643 00fd 77       		.byte	0x77
 644 00fe 08       		.sleb128 8
 645 00ff 00000000 		.4byte	0x0
 646 0103 00000000 		.4byte	0x0
 647              	.LLST5:
 648 0107 00000000 		.4byte	.LFB5
 649 010b 02000000 		.4byte	.LCFI14
 650 010f 0100     		.2byte	0x1
 651 0111 5D       		.byte	0x5d
 652 0112 02000000 		.4byte	.LCFI14
 653 0116 04000000 		.4byte	.LCFI15
 654 011a 0200     		.2byte	0x2
ARM GAS  C:\Users\wbz\AppData\Local\Temp\ccJKFnhu.s 			page 18


 655 011c 7D       		.byte	0x7d
 656 011d 08       		.sleb128 8
 657 011e 04000000 		.4byte	.LCFI15
 658 0122 08000000 		.4byte	.LFE5
 659 0126 0200     		.2byte	0x2
 660 0128 77       		.byte	0x77
 661 0129 08       		.sleb128 8
 662 012a 00000000 		.4byte	0x0
 663 012e 00000000 		.4byte	0x0
 664              	.LLST6:
 665 0132 38010000 		.4byte	.LFB6
 666 0136 3A010000 		.4byte	.LCFI16
 667 013a 0100     		.2byte	0x1
 668 013c 5D       		.byte	0x5d
 669 013d 3A010000 		.4byte	.LCFI16
 670 0141 3C010000 		.4byte	.LCFI17
 671 0145 0200     		.2byte	0x2
 672 0147 7D       		.byte	0x7d
 673 0148 08       		.sleb128 8
 674 0149 3C010000 		.4byte	.LCFI17
 675 014d 3E010000 		.4byte	.LCFI18
 676 0151 0200     		.2byte	0x2
 677 0153 7D       		.byte	0x7d
 678 0154 10       		.sleb128 16
 679 0155 3E010000 		.4byte	.LCFI18
 680 0159 14020000 		.4byte	.LFE6
 681 015d 0200     		.2byte	0x2
 682 015f 77       		.byte	0x77
 683 0160 10       		.sleb128 16
 684 0161 00000000 		.4byte	0x0
 685 0165 00000000 		.4byte	0x0
 686              		.file 2 "c:\\program files\\cypress\\psoc creator\\2.2\\psoc creator\\import\\gnu_cs\\arm\\4.4.1\\
 687              		.file 3 "./Generated_Source/PSoC4/cytypes.h"
 688              		.section	.debug_info
 689 0000 42030000 		.4byte	0x342
 690 0004 0200     		.2byte	0x2
 691 0006 00000000 		.4byte	.Ldebug_abbrev0
 692 000a 04       		.byte	0x4
 693 000b 01       		.uleb128 0x1
 694 000c 0A020000 		.4byte	.LASF40
 695 0010 01       		.byte	0x1
 696 0011 E2010000 		.4byte	.LASF41
 697 0015 4B010000 		.4byte	.LASF42
 698 0019 00000000 		.4byte	0x0
 699 001d 00000000 		.4byte	0x0
 700 0021 00000000 		.4byte	.Ldebug_ranges0+0x0
 701 0025 00000000 		.4byte	.Ldebug_line0
 702 0029 02       		.uleb128 0x2
 703 002a 01       		.byte	0x1
 704 002b 06       		.byte	0x6
 705 002c 56020000 		.4byte	.LASF0
 706 0030 02       		.uleb128 0x2
 707 0031 01       		.byte	0x1
 708 0032 08       		.byte	0x8
 709 0033 CB000000 		.4byte	.LASF1
 710 0037 02       		.uleb128 0x2
 711 0038 02       		.byte	0x2
ARM GAS  C:\Users\wbz\AppData\Local\Temp\ccJKFnhu.s 			page 19


 712 0039 05       		.byte	0x5
 713 003a 74000000 		.4byte	.LASF2
 714 003e 02       		.uleb128 0x2
 715 003f 02       		.byte	0x2
 716 0040 07       		.byte	0x7
 717 0041 61000000 		.4byte	.LASF3
 718 0045 03       		.uleb128 0x3
 719 0046 04       		.byte	0x4
 720 0047 05       		.byte	0x5
 721 0048 696E7400 		.ascii	"int\000"
 722 004c 02       		.uleb128 0x2
 723 004d 04       		.byte	0x4
 724 004e 07       		.byte	0x7
 725 004f 12010000 		.4byte	.LASF4
 726 0053 02       		.uleb128 0x2
 727 0054 08       		.byte	0x8
 728 0055 05       		.byte	0x5
 729 0056 00000000 		.4byte	.LASF5
 730 005a 02       		.uleb128 0x2
 731 005b 08       		.byte	0x8
 732 005c 07       		.byte	0x7
 733 005d 34010000 		.4byte	.LASF6
 734 0061 02       		.uleb128 0x2
 735 0062 04       		.byte	0x4
 736 0063 05       		.byte	0x5
 737 0064 3E020000 		.4byte	.LASF7
 738 0068 04       		.uleb128 0x4
 739 0069 04       		.byte	0x4
 740 006a 07       		.byte	0x7
 741 006b 05       		.uleb128 0x5
 742 006c 04       		.byte	0x4
 743 006d 02       		.uleb128 0x2
 744 006e 04       		.byte	0x4
 745 006f 07       		.byte	0x7
 746 0070 A9000000 		.4byte	.LASF8
 747 0074 02       		.uleb128 0x2
 748 0075 01       		.byte	0x1
 749 0076 08       		.byte	0x8
 750 0077 16020000 		.4byte	.LASF9
 751 007b 06       		.uleb128 0x6
 752 007c 17000000 		.4byte	.LASF10
 753 0080 02       		.byte	0x2
 754 0081 D3       		.byte	0xd3
 755 0082 4C000000 		.4byte	0x4c
 756 0086 06       		.uleb128 0x6
 757 0087 29020000 		.4byte	.LASF11
 758 008b 03       		.byte	0x3
 759 008c 4C       		.byte	0x4c
 760 008d 30000000 		.4byte	0x30
 761 0091 06       		.uleb128 0x6
 762 0092 04010000 		.4byte	.LASF12
 763 0096 03       		.byte	0x3
 764 0097 4D       		.byte	0x4d
 765 0098 3E000000 		.4byte	0x3e
 766 009c 06       		.uleb128 0x6
 767 009d 0B010000 		.4byte	.LASF13
 768 00a1 03       		.byte	0x3
ARM GAS  C:\Users\wbz\AppData\Local\Temp\ccJKFnhu.s 			page 20


 769 00a2 4E       		.byte	0x4e
 770 00a3 6D000000 		.4byte	0x6d
 771 00a7 06       		.uleb128 0x6
 772 00a8 BB000000 		.4byte	.LASF14
 773 00ac 03       		.byte	0x3
 774 00ad 51       		.byte	0x51
 775 00ae 61000000 		.4byte	0x61
 776 00b2 02       		.uleb128 0x2
 777 00b3 04       		.byte	0x4
 778 00b4 04       		.byte	0x4
 779 00b5 8C000000 		.4byte	.LASF15
 780 00b9 02       		.uleb128 0x2
 781 00ba 08       		.byte	0x8
 782 00bb 04       		.byte	0x4
 783 00bc D9000000 		.4byte	.LASF16
 784 00c0 07       		.uleb128 0x7
 785 00c1 C1000000 		.4byte	.LASF17
 786 00c5 01       		.byte	0x1
 787 00c6 57       		.byte	0x57
 788 00c7 01       		.byte	0x1
 789 00c8 00000000 		.4byte	.LFB0
 790 00cc 1E000000 		.4byte	.LFE0
 791 00d0 00000000 		.4byte	.LLST0
 792 00d4 F1000000 		.4byte	0xf1
 793 00d8 08       		.uleb128 0x8
 794 00d9 7300     		.ascii	"s\000"
 795 00db 01       		.byte	0x1
 796 00dc 57       		.byte	0x57
 797 00dd 6B000000 		.4byte	0x6b
 798 00e1 02       		.byte	0x2
 799 00e2 91       		.byte	0x91
 800 00e3 74       		.sleb128 -12
 801 00e4 08       		.uleb128 0x8
 802 00e5 6E00     		.ascii	"n\000"
 803 00e7 01       		.byte	0x1
 804 00e8 57       		.byte	0x57
 805 00e9 7B000000 		.4byte	0x7b
 806 00ed 02       		.byte	0x2
 807 00ee 91       		.byte	0x91
 808 00ef 70       		.sleb128 -16
 809 00f0 00       		.byte	0x0
 810 00f1 07       		.uleb128 0x7
 811 00f2 72020000 		.4byte	.LASF18
 812 00f6 01       		.byte	0x1
 813 00f7 5E       		.byte	0x5e
 814 00f8 01       		.byte	0x1
 815 00f9 00000000 		.4byte	.LFB1
 816 00fd 22000000 		.4byte	.LFE1
 817 0101 37000000 		.4byte	.LLST1
 818 0105 32010000 		.4byte	0x132
 819 0109 09       		.uleb128 0x9
 820 010a 9F000000 		.4byte	.LASF19
 821 010e 01       		.byte	0x1
 822 010f 5E       		.byte	0x5e
 823 0110 6B000000 		.4byte	0x6b
 824 0114 02       		.byte	0x2
 825 0115 91       		.byte	0x91
ARM GAS  C:\Users\wbz\AppData\Local\Temp\ccJKFnhu.s 			page 21


 826 0116 74       		.sleb128 -12
 827 0117 08       		.uleb128 0x8
 828 0118 73726300 		.ascii	"src\000"
 829 011c 01       		.byte	0x1
 830 011d 5E       		.byte	0x5e
 831 011e 32010000 		.4byte	0x132
 832 0122 02       		.byte	0x2
 833 0123 91       		.byte	0x91
 834 0124 70       		.sleb128 -16
 835 0125 08       		.uleb128 0x8
 836 0126 6E00     		.ascii	"n\000"
 837 0128 01       		.byte	0x1
 838 0129 5E       		.byte	0x5e
 839 012a 7B000000 		.4byte	0x7b
 840 012e 02       		.byte	0x2
 841 012f 91       		.byte	0x91
 842 0130 6C       		.sleb128 -20
 843 0131 00       		.byte	0x0
 844 0132 0A       		.uleb128 0xa
 845 0133 04       		.byte	0x4
 846 0134 38010000 		.4byte	0x138
 847 0138 0B       		.uleb128 0xb
 848 0139 07       		.uleb128 0x7
 849 013a 62020000 		.4byte	.LASF20
 850 013e 01       		.byte	0x1
 851 013f 65       		.byte	0x65
 852 0140 01       		.byte	0x1
 853 0141 00000000 		.4byte	.LFB2
 854 0145 22000000 		.4byte	.LFE2
 855 0149 6E000000 		.4byte	.LLST2
 856 014d 7A010000 		.4byte	0x17a
 857 0151 09       		.uleb128 0x9
 858 0152 9F000000 		.4byte	.LASF19
 859 0156 01       		.byte	0x1
 860 0157 65       		.byte	0x65
 861 0158 6B000000 		.4byte	0x6b
 862 015c 02       		.byte	0x2
 863 015d 91       		.byte	0x91
 864 015e 74       		.sleb128 -12
 865 015f 08       		.uleb128 0x8
 866 0160 73726300 		.ascii	"src\000"
 867 0164 01       		.byte	0x1
 868 0165 65       		.byte	0x65
 869 0166 32010000 		.4byte	0x132
 870 016a 02       		.byte	0x2
 871 016b 91       		.byte	0x91
 872 016c 70       		.sleb128 -16
 873 016d 08       		.uleb128 0x8
 874 016e 6E00     		.ascii	"n\000"
 875 0170 01       		.byte	0x1
 876 0171 65       		.byte	0x65
 877 0172 7B000000 		.4byte	0x7b
 878 0176 02       		.byte	0x2
 879 0177 91       		.byte	0x91
 880 0178 6C       		.sleb128 -20
 881 0179 00       		.byte	0x0
 882 017a 07       		.uleb128 0x7
ARM GAS  C:\Users\wbz\AppData\Local\Temp\ccJKFnhu.s 			page 22


 883 017b 7E000000 		.4byte	.LASF21
 884 017f 01       		.byte	0x1
 885 0180 7F       		.byte	0x7f
 886 0181 01       		.byte	0x1
 887 0182 00000000 		.4byte	.LFB3
 888 0186 B0000000 		.4byte	.LFE3
 889 018a A5000000 		.4byte	.LLST3
 890 018e 4D020000 		.4byte	0x24d
 891 0192 09       		.uleb128 0x9
 892 0193 E0000000 		.4byte	.LASF22
 893 0197 01       		.byte	0x1
 894 0198 7F       		.byte	0x7f
 895 0199 86000000 		.4byte	0x86
 896 019d 02       		.byte	0x2
 897 019e 91       		.byte	0x91
 898 019f 6F       		.sleb128 -17
 899 01a0 0C       		.uleb128 0xc
 900 01a1 03       		.byte	0x3
 901 01a2 01       		.byte	0x1
 902 01a3 81       		.byte	0x81
 903 01a4 D3010000 		.4byte	0x1d3
 904 01a8 0D       		.uleb128 0xd
 905 01a9 24020000 		.4byte	.LASF23
 906 01ad 01       		.byte	0x1
 907 01ae 82       		.byte	0x82
 908 01af 86000000 		.4byte	0x86
 909 01b3 02       		.byte	0x2
 910 01b4 23       		.byte	0x23
 911 01b5 00       		.uleb128 0x0
 912 01b6 0D       		.uleb128 0xd
 913 01b7 1B020000 		.4byte	.LASF24
 914 01bb 01       		.byte	0x1
 915 01bc 83       		.byte	0x83
 916 01bd 86000000 		.4byte	0x86
 917 01c1 02       		.byte	0x2
 918 01c2 23       		.byte	0x23
 919 01c3 01       		.uleb128 0x1
 920 01c4 0D       		.uleb128 0xd
 921 01c5 5B000000 		.4byte	.LASF25
 922 01c9 01       		.byte	0x1
 923 01ca 84       		.byte	0x84
 924 01cb 86000000 		.4byte	0x86
 925 01cf 02       		.byte	0x2
 926 01d0 23       		.byte	0x23
 927 01d1 02       		.uleb128 0x2
 928 01d2 00       		.byte	0x0
 929 01d3 06       		.uleb128 0x6
 930 01d4 2F000000 		.4byte	.LASF26
 931 01d8 01       		.byte	0x1
 932 01d9 85       		.byte	0x85
 933 01da A0010000 		.4byte	0x1a0
 934 01de 0C       		.uleb128 0xc
 935 01df 0C       		.byte	0xc
 936 01e0 01       		.byte	0x1
 937 01e1 87       		.byte	0x87
 938 01e2 F5010000 		.4byte	0x1f5
 939 01e6 0D       		.uleb128 0xd
ARM GAS  C:\Users\wbz\AppData\Local\Temp\ccJKFnhu.s 			page 23


 940 01e7 47020000 		.4byte	.LASF27
 941 01eb 01       		.byte	0x1
 942 01ec 88       		.byte	0x88
 943 01ed 4D020000 		.4byte	0x24d
 944 01f1 02       		.byte	0x2
 945 01f2 23       		.byte	0x23
 946 01f3 00       		.uleb128 0x0
 947 01f4 00       		.byte	0x0
 948 01f5 06       		.uleb128 0x6
 949 01f6 C4010000 		.4byte	.LASF28
 950 01fa 01       		.byte	0x1
 951 01fb 89       		.byte	0x89
 952 01fc DE010000 		.4byte	0x1de
 953 0200 0E       		.uleb128 0xe
 954 0201 2F020000 		.4byte	.LASF29
 955 0205 01       		.byte	0x1
 956 0206 8B       		.byte	0x8b
 957 0207 5D020000 		.4byte	0x25d
 958 020b 05       		.byte	0x5
 959 020c 03       		.byte	0x3
 960 020d 00000000 		.4byte	imo_trim_table.1826
 961 0211 0E       		.uleb128 0xe
 962 0212 E8000000 		.4byte	.LASF30
 963 0216 01       		.byte	0x1
 964 0217 8C       		.byte	0x8c
 965 0218 68020000 		.4byte	0x268
 966 021c 05       		.byte	0x5
 967 021d 03       		.byte	0x3
 968 021e 0C000000 		.4byte	IMO_TRIM_FREQ_TABLE_ENTRIES.1827
 969 0222 0E       		.uleb128 0xe
 970 0223 92000000 		.4byte	.LASF31
 971 0227 01       		.byte	0x1
 972 0228 8E       		.byte	0x8e
 973 0229 A7000000 		.4byte	0xa7
 974 022d 02       		.byte	0x2
 975 022e 91       		.byte	0x91
 976 022f 70       		.sleb128 -16
 977 0230 0E       		.uleb128 0xe
 978 0231 4F020000 		.4byte	.LASF32
 979 0235 01       		.byte	0x1
 980 0236 8F       		.byte	0x8f
 981 0237 86000000 		.4byte	0x86
 982 023b 02       		.byte	0x2
 983 023c 91       		.byte	0x91
 984 023d 76       		.sleb128 -10
 985 023e 0E       		.uleb128 0xe
 986 023f 0E000000 		.4byte	.LASF33
 987 0243 01       		.byte	0x1
 988 0244 90       		.byte	0x90
 989 0245 86000000 		.4byte	0x86
 990 0249 02       		.byte	0x2
 991 024a 91       		.byte	0x91
 992 024b 77       		.sleb128 -9
 993 024c 00       		.byte	0x0
 994 024d 0F       		.uleb128 0xf
 995 024e D3010000 		.4byte	0x1d3
 996 0252 5D020000 		.4byte	0x25d
ARM GAS  C:\Users\wbz\AppData\Local\Temp\ccJKFnhu.s 			page 24


 997 0256 10       		.uleb128 0x10
 998 0257 68000000 		.4byte	0x68
 999 025b 03       		.byte	0x3
 1000 025c 00       		.byte	0x0
 1001 025d 0A       		.uleb128 0xa
 1002 025e 04       		.byte	0x4
 1003 025f 63020000 		.4byte	0x263
 1004 0263 11       		.uleb128 0x11
 1005 0264 F5010000 		.4byte	0x1f5
 1006 0268 11       		.uleb128 0x11
 1007 0269 9C000000 		.4byte	0x9c
 1008 026d 12       		.uleb128 0x12
 1009 026e 50000000 		.4byte	.LASF34
 1010 0272 01       		.byte	0x1
 1011 0273 B6       		.byte	0xb6
 1012 0274 01       		.byte	0x1
 1013 0275 B0000000 		.4byte	.LFB4
 1014 0279 38010000 		.4byte	.LFE4
 1015 027d DC000000 		.4byte	.LLST4
 1016 0281 12       		.uleb128 0x12
 1017 0282 1E000000 		.4byte	.LASF35
 1018 0286 01       		.byte	0x1
 1019 0287 E9       		.byte	0xe9
 1020 0288 01       		.byte	0x1
 1021 0289 00000000 		.4byte	.LFB5
 1022 028d 08000000 		.4byte	.LFE5
 1023 0291 07010000 		.4byte	.LLST5
 1024 0295 13       		.uleb128 0x13
 1025 0296 01       		.byte	0x1
 1026 0297 1F010000 		.4byte	.LASF43
 1027 029b 01       		.byte	0x1
 1028 029c 0101     		.2byte	0x101
 1029 029e 01       		.byte	0x1
 1030 029f 38010000 		.4byte	.LFB6
 1031 02a3 14020000 		.4byte	.LFE6
 1032 02a7 32010000 		.4byte	.LLST6
 1033 02ab 25030000 		.4byte	0x325
 1034 02af 14       		.uleb128 0x14
 1035 02b0 40010000 		.4byte	.LBB2
 1036 02b4 E4010000 		.4byte	.LBE2
 1037 02b8 15       		.uleb128 0x15
 1038 02b9 06       		.byte	0x6
 1039 02ba 01       		.byte	0x1
 1040 02bb 0801     		.2byte	0x108
 1041 02bd E0020000 		.4byte	0x2e0
 1042 02c1 16       		.uleb128 0x16
 1043 02c2 2C010000 		.4byte	.LASF36
 1044 02c6 01       		.byte	0x1
 1045 02c7 0901     		.2byte	0x109
 1046 02c9 6B000000 		.4byte	0x6b
 1047 02cd 02       		.byte	0x2
 1048 02ce 23       		.byte	0x23
 1049 02cf 00       		.uleb128 0x0
 1050 02d0 16       		.uleb128 0x16
 1051 02d1 A4000000 		.4byte	.LASF37
 1052 02d5 01       		.byte	0x1
 1053 02d6 0A01     		.2byte	0x10a
ARM GAS  C:\Users\wbz\AppData\Local\Temp\ccJKFnhu.s 			page 25


 1054 02d8 91000000 		.4byte	0x91
 1055 02dc 02       		.byte	0x2
 1056 02dd 23       		.byte	0x23
 1057 02de 04       		.uleb128 0x4
 1058 02df 00       		.byte	0x0
 1059 02e0 17       		.uleb128 0x17
 1060 02e1 D5010000 		.4byte	.LASF38
 1061 02e5 01       		.byte	0x1
 1062 02e6 0B01     		.2byte	0x10b
 1063 02e8 B8020000 		.4byte	0x2b8
 1064 02ec 18       		.uleb128 0x18
 1065 02ed 40000000 		.4byte	.LASF39
 1066 02f1 01       		.byte	0x1
 1067 02f2 0D01     		.2byte	0x10d
 1068 02f4 35030000 		.4byte	0x335
 1069 02f8 05       		.byte	0x5
 1070 02f9 03       		.byte	0x3
 1071 02fa 00000000 		.4byte	cfg_memset_list.1884
 1072 02fe 19       		.uleb128 0x19
 1073 02ff 6900     		.ascii	"i\000"
 1074 0301 01       		.byte	0x1
 1075 0302 1301     		.2byte	0x113
 1076 0304 86000000 		.4byte	0x86
 1077 0308 02       		.byte	0x2
 1078 0309 91       		.byte	0x91
 1079 030a 73       		.sleb128 -13
 1080 030b 14       		.uleb128 0x14
 1081 030c 48010000 		.4byte	.LBB3
 1082 0310 88010000 		.4byte	.LBE3
 1083 0314 19       		.uleb128 0x19
 1084 0315 6D7300   		.ascii	"ms\000"
 1085 0318 01       		.byte	0x1
 1086 0319 1801     		.2byte	0x118
 1087 031b 3A030000 		.4byte	0x33a
 1088 031f 02       		.byte	0x2
 1089 0320 91       		.byte	0x91
 1090 0321 74       		.sleb128 -12
 1091 0322 00       		.byte	0x0
 1092 0323 00       		.byte	0x0
 1093 0324 00       		.byte	0x0
 1094 0325 0F       		.uleb128 0xf
 1095 0326 E0020000 		.4byte	0x2e0
 1096 032a 35030000 		.4byte	0x335
 1097 032e 10       		.uleb128 0x10
 1098 032f 68000000 		.4byte	0x68
 1099 0333 01       		.byte	0x1
 1100 0334 00       		.byte	0x0
 1101 0335 11       		.uleb128 0x11
 1102 0336 25030000 		.4byte	0x325
 1103 033a 0A       		.uleb128 0xa
 1104 033b 04       		.byte	0x4
 1105 033c 40030000 		.4byte	0x340
 1106 0340 11       		.uleb128 0x11
 1107 0341 E0020000 		.4byte	0x2e0
 1108 0345 00       		.byte	0x0
 1109              		.section	.debug_abbrev
 1110 0000 01       		.uleb128 0x1
ARM GAS  C:\Users\wbz\AppData\Local\Temp\ccJKFnhu.s 			page 26


 1111 0001 11       		.uleb128 0x11
 1112 0002 01       		.byte	0x1
 1113 0003 25       		.uleb128 0x25
 1114 0004 0E       		.uleb128 0xe
 1115 0005 13       		.uleb128 0x13
 1116 0006 0B       		.uleb128 0xb
 1117 0007 03       		.uleb128 0x3
 1118 0008 0E       		.uleb128 0xe
 1119 0009 1B       		.uleb128 0x1b
 1120 000a 0E       		.uleb128 0xe
 1121 000b 11       		.uleb128 0x11
 1122 000c 01       		.uleb128 0x1
 1123 000d 52       		.uleb128 0x52
 1124 000e 01       		.uleb128 0x1
 1125 000f 55       		.uleb128 0x55
 1126 0010 06       		.uleb128 0x6
 1127 0011 10       		.uleb128 0x10
 1128 0012 06       		.uleb128 0x6
 1129 0013 00       		.byte	0x0
 1130 0014 00       		.byte	0x0
 1131 0015 02       		.uleb128 0x2
 1132 0016 24       		.uleb128 0x24
 1133 0017 00       		.byte	0x0
 1134 0018 0B       		.uleb128 0xb
 1135 0019 0B       		.uleb128 0xb
 1136 001a 3E       		.uleb128 0x3e
 1137 001b 0B       		.uleb128 0xb
 1138 001c 03       		.uleb128 0x3
 1139 001d 0E       		.uleb128 0xe
 1140 001e 00       		.byte	0x0
 1141 001f 00       		.byte	0x0
 1142 0020 03       		.uleb128 0x3
 1143 0021 24       		.uleb128 0x24
 1144 0022 00       		.byte	0x0
 1145 0023 0B       		.uleb128 0xb
 1146 0024 0B       		.uleb128 0xb
 1147 0025 3E       		.uleb128 0x3e
 1148 0026 0B       		.uleb128 0xb
 1149 0027 03       		.uleb128 0x3
 1150 0028 08       		.uleb128 0x8
 1151 0029 00       		.byte	0x0
 1152 002a 00       		.byte	0x0
 1153 002b 04       		.uleb128 0x4
 1154 002c 24       		.uleb128 0x24
 1155 002d 00       		.byte	0x0
 1156 002e 0B       		.uleb128 0xb
 1157 002f 0B       		.uleb128 0xb
 1158 0030 3E       		.uleb128 0x3e
 1159 0031 0B       		.uleb128 0xb
 1160 0032 00       		.byte	0x0
 1161 0033 00       		.byte	0x0
 1162 0034 05       		.uleb128 0x5
 1163 0035 0F       		.uleb128 0xf
 1164 0036 00       		.byte	0x0
 1165 0037 0B       		.uleb128 0xb
 1166 0038 0B       		.uleb128 0xb
 1167 0039 00       		.byte	0x0
ARM GAS  C:\Users\wbz\AppData\Local\Temp\ccJKFnhu.s 			page 27


 1168 003a 00       		.byte	0x0
 1169 003b 06       		.uleb128 0x6
 1170 003c 16       		.uleb128 0x16
 1171 003d 00       		.byte	0x0
 1172 003e 03       		.uleb128 0x3
 1173 003f 0E       		.uleb128 0xe
 1174 0040 3A       		.uleb128 0x3a
 1175 0041 0B       		.uleb128 0xb
 1176 0042 3B       		.uleb128 0x3b
 1177 0043 0B       		.uleb128 0xb
 1178 0044 49       		.uleb128 0x49
 1179 0045 13       		.uleb128 0x13
 1180 0046 00       		.byte	0x0
 1181 0047 00       		.byte	0x0
 1182 0048 07       		.uleb128 0x7
 1183 0049 2E       		.uleb128 0x2e
 1184 004a 01       		.byte	0x1
 1185 004b 03       		.uleb128 0x3
 1186 004c 0E       		.uleb128 0xe
 1187 004d 3A       		.uleb128 0x3a
 1188 004e 0B       		.uleb128 0xb
 1189 004f 3B       		.uleb128 0x3b
 1190 0050 0B       		.uleb128 0xb
 1191 0051 27       		.uleb128 0x27
 1192 0052 0C       		.uleb128 0xc
 1193 0053 11       		.uleb128 0x11
 1194 0054 01       		.uleb128 0x1
 1195 0055 12       		.uleb128 0x12
 1196 0056 01       		.uleb128 0x1
 1197 0057 40       		.uleb128 0x40
 1198 0058 06       		.uleb128 0x6
 1199 0059 01       		.uleb128 0x1
 1200 005a 13       		.uleb128 0x13
 1201 005b 00       		.byte	0x0
 1202 005c 00       		.byte	0x0
 1203 005d 08       		.uleb128 0x8
 1204 005e 05       		.uleb128 0x5
 1205 005f 00       		.byte	0x0
 1206 0060 03       		.uleb128 0x3
 1207 0061 08       		.uleb128 0x8
 1208 0062 3A       		.uleb128 0x3a
 1209 0063 0B       		.uleb128 0xb
 1210 0064 3B       		.uleb128 0x3b
 1211 0065 0B       		.uleb128 0xb
 1212 0066 49       		.uleb128 0x49
 1213 0067 13       		.uleb128 0x13
 1214 0068 02       		.uleb128 0x2
 1215 0069 0A       		.uleb128 0xa
 1216 006a 00       		.byte	0x0
 1217 006b 00       		.byte	0x0
 1218 006c 09       		.uleb128 0x9
 1219 006d 05       		.uleb128 0x5
 1220 006e 00       		.byte	0x0
 1221 006f 03       		.uleb128 0x3
 1222 0070 0E       		.uleb128 0xe
 1223 0071 3A       		.uleb128 0x3a
 1224 0072 0B       		.uleb128 0xb
ARM GAS  C:\Users\wbz\AppData\Local\Temp\ccJKFnhu.s 			page 28


 1225 0073 3B       		.uleb128 0x3b
 1226 0074 0B       		.uleb128 0xb
 1227 0075 49       		.uleb128 0x49
 1228 0076 13       		.uleb128 0x13
 1229 0077 02       		.uleb128 0x2
 1230 0078 0A       		.uleb128 0xa
 1231 0079 00       		.byte	0x0
 1232 007a 00       		.byte	0x0
 1233 007b 0A       		.uleb128 0xa
 1234 007c 0F       		.uleb128 0xf
 1235 007d 00       		.byte	0x0
 1236 007e 0B       		.uleb128 0xb
 1237 007f 0B       		.uleb128 0xb
 1238 0080 49       		.uleb128 0x49
 1239 0081 13       		.uleb128 0x13
 1240 0082 00       		.byte	0x0
 1241 0083 00       		.byte	0x0
 1242 0084 0B       		.uleb128 0xb
 1243 0085 26       		.uleb128 0x26
 1244 0086 00       		.byte	0x0
 1245 0087 00       		.byte	0x0
 1246 0088 00       		.byte	0x0
 1247 0089 0C       		.uleb128 0xc
 1248 008a 13       		.uleb128 0x13
 1249 008b 01       		.byte	0x1
 1250 008c 0B       		.uleb128 0xb
 1251 008d 0B       		.uleb128 0xb
 1252 008e 3A       		.uleb128 0x3a
 1253 008f 0B       		.uleb128 0xb
 1254 0090 3B       		.uleb128 0x3b
 1255 0091 0B       		.uleb128 0xb
 1256 0092 01       		.uleb128 0x1
 1257 0093 13       		.uleb128 0x13
 1258 0094 00       		.byte	0x0
 1259 0095 00       		.byte	0x0
 1260 0096 0D       		.uleb128 0xd
 1261 0097 0D       		.uleb128 0xd
 1262 0098 00       		.byte	0x0
 1263 0099 03       		.uleb128 0x3
 1264 009a 0E       		.uleb128 0xe
 1265 009b 3A       		.uleb128 0x3a
 1266 009c 0B       		.uleb128 0xb
 1267 009d 3B       		.uleb128 0x3b
 1268 009e 0B       		.uleb128 0xb
 1269 009f 49       		.uleb128 0x49
 1270 00a0 13       		.uleb128 0x13
 1271 00a1 38       		.uleb128 0x38
 1272 00a2 0A       		.uleb128 0xa
 1273 00a3 00       		.byte	0x0
 1274 00a4 00       		.byte	0x0
 1275 00a5 0E       		.uleb128 0xe
 1276 00a6 34       		.uleb128 0x34
 1277 00a7 00       		.byte	0x0
 1278 00a8 03       		.uleb128 0x3
 1279 00a9 0E       		.uleb128 0xe
 1280 00aa 3A       		.uleb128 0x3a
 1281 00ab 0B       		.uleb128 0xb
ARM GAS  C:\Users\wbz\AppData\Local\Temp\ccJKFnhu.s 			page 29


 1282 00ac 3B       		.uleb128 0x3b
 1283 00ad 0B       		.uleb128 0xb
 1284 00ae 49       		.uleb128 0x49
 1285 00af 13       		.uleb128 0x13
 1286 00b0 02       		.uleb128 0x2
 1287 00b1 0A       		.uleb128 0xa
 1288 00b2 00       		.byte	0x0
 1289 00b3 00       		.byte	0x0
 1290 00b4 0F       		.uleb128 0xf
 1291 00b5 01       		.uleb128 0x1
 1292 00b6 01       		.byte	0x1
 1293 00b7 49       		.uleb128 0x49
 1294 00b8 13       		.uleb128 0x13
 1295 00b9 01       		.uleb128 0x1
 1296 00ba 13       		.uleb128 0x13
 1297 00bb 00       		.byte	0x0
 1298 00bc 00       		.byte	0x0
 1299 00bd 10       		.uleb128 0x10
 1300 00be 21       		.uleb128 0x21
 1301 00bf 00       		.byte	0x0
 1302 00c0 49       		.uleb128 0x49
 1303 00c1 13       		.uleb128 0x13
 1304 00c2 2F       		.uleb128 0x2f
 1305 00c3 0B       		.uleb128 0xb
 1306 00c4 00       		.byte	0x0
 1307 00c5 00       		.byte	0x0
 1308 00c6 11       		.uleb128 0x11
 1309 00c7 26       		.uleb128 0x26
 1310 00c8 00       		.byte	0x0
 1311 00c9 49       		.uleb128 0x49
 1312 00ca 13       		.uleb128 0x13
 1313 00cb 00       		.byte	0x0
 1314 00cc 00       		.byte	0x0
 1315 00cd 12       		.uleb128 0x12
 1316 00ce 2E       		.uleb128 0x2e
 1317 00cf 00       		.byte	0x0
 1318 00d0 03       		.uleb128 0x3
 1319 00d1 0E       		.uleb128 0xe
 1320 00d2 3A       		.uleb128 0x3a
 1321 00d3 0B       		.uleb128 0xb
 1322 00d4 3B       		.uleb128 0x3b
 1323 00d5 0B       		.uleb128 0xb
 1324 00d6 27       		.uleb128 0x27
 1325 00d7 0C       		.uleb128 0xc
 1326 00d8 11       		.uleb128 0x11
 1327 00d9 01       		.uleb128 0x1
 1328 00da 12       		.uleb128 0x12
 1329 00db 01       		.uleb128 0x1
 1330 00dc 40       		.uleb128 0x40
 1331 00dd 06       		.uleb128 0x6
 1332 00de 00       		.byte	0x0
 1333 00df 00       		.byte	0x0
 1334 00e0 13       		.uleb128 0x13
 1335 00e1 2E       		.uleb128 0x2e
 1336 00e2 01       		.byte	0x1
 1337 00e3 3F       		.uleb128 0x3f
 1338 00e4 0C       		.uleb128 0xc
ARM GAS  C:\Users\wbz\AppData\Local\Temp\ccJKFnhu.s 			page 30


 1339 00e5 03       		.uleb128 0x3
 1340 00e6 0E       		.uleb128 0xe
 1341 00e7 3A       		.uleb128 0x3a
 1342 00e8 0B       		.uleb128 0xb
 1343 00e9 3B       		.uleb128 0x3b
 1344 00ea 05       		.uleb128 0x5
 1345 00eb 27       		.uleb128 0x27
 1346 00ec 0C       		.uleb128 0xc
 1347 00ed 11       		.uleb128 0x11
 1348 00ee 01       		.uleb128 0x1
 1349 00ef 12       		.uleb128 0x12
 1350 00f0 01       		.uleb128 0x1
 1351 00f1 40       		.uleb128 0x40
 1352 00f2 06       		.uleb128 0x6
 1353 00f3 01       		.uleb128 0x1
 1354 00f4 13       		.uleb128 0x13
 1355 00f5 00       		.byte	0x0
 1356 00f6 00       		.byte	0x0
 1357 00f7 14       		.uleb128 0x14
 1358 00f8 0B       		.uleb128 0xb
 1359 00f9 01       		.byte	0x1
 1360 00fa 11       		.uleb128 0x11
 1361 00fb 01       		.uleb128 0x1
 1362 00fc 12       		.uleb128 0x12
 1363 00fd 01       		.uleb128 0x1
 1364 00fe 00       		.byte	0x0
 1365 00ff 00       		.byte	0x0
 1366 0100 15       		.uleb128 0x15
 1367 0101 13       		.uleb128 0x13
 1368 0102 01       		.byte	0x1
 1369 0103 0B       		.uleb128 0xb
 1370 0104 0B       		.uleb128 0xb
 1371 0105 3A       		.uleb128 0x3a
 1372 0106 0B       		.uleb128 0xb
 1373 0107 3B       		.uleb128 0x3b
 1374 0108 05       		.uleb128 0x5
 1375 0109 01       		.uleb128 0x1
 1376 010a 13       		.uleb128 0x13
 1377 010b 00       		.byte	0x0
 1378 010c 00       		.byte	0x0
 1379 010d 16       		.uleb128 0x16
 1380 010e 0D       		.uleb128 0xd
 1381 010f 00       		.byte	0x0
 1382 0110 03       		.uleb128 0x3
 1383 0111 0E       		.uleb128 0xe
 1384 0112 3A       		.uleb128 0x3a
 1385 0113 0B       		.uleb128 0xb
 1386 0114 3B       		.uleb128 0x3b
 1387 0115 05       		.uleb128 0x5
 1388 0116 49       		.uleb128 0x49
 1389 0117 13       		.uleb128 0x13
 1390 0118 38       		.uleb128 0x38
 1391 0119 0A       		.uleb128 0xa
 1392 011a 00       		.byte	0x0
 1393 011b 00       		.byte	0x0
 1394 011c 17       		.uleb128 0x17
 1395 011d 16       		.uleb128 0x16
ARM GAS  C:\Users\wbz\AppData\Local\Temp\ccJKFnhu.s 			page 31


 1396 011e 00       		.byte	0x0
 1397 011f 03       		.uleb128 0x3
 1398 0120 0E       		.uleb128 0xe
 1399 0121 3A       		.uleb128 0x3a
 1400 0122 0B       		.uleb128 0xb
 1401 0123 3B       		.uleb128 0x3b
 1402 0124 05       		.uleb128 0x5
 1403 0125 49       		.uleb128 0x49
 1404 0126 13       		.uleb128 0x13
 1405 0127 00       		.byte	0x0
 1406 0128 00       		.byte	0x0
 1407 0129 18       		.uleb128 0x18
 1408 012a 34       		.uleb128 0x34
 1409 012b 00       		.byte	0x0
 1410 012c 03       		.uleb128 0x3
 1411 012d 0E       		.uleb128 0xe
 1412 012e 3A       		.uleb128 0x3a
 1413 012f 0B       		.uleb128 0xb
 1414 0130 3B       		.uleb128 0x3b
 1415 0131 05       		.uleb128 0x5
 1416 0132 49       		.uleb128 0x49
 1417 0133 13       		.uleb128 0x13
 1418 0134 02       		.uleb128 0x2
 1419 0135 0A       		.uleb128 0xa
 1420 0136 00       		.byte	0x0
 1421 0137 00       		.byte	0x0
 1422 0138 19       		.uleb128 0x19
 1423 0139 34       		.uleb128 0x34
 1424 013a 00       		.byte	0x0
 1425 013b 03       		.uleb128 0x3
 1426 013c 08       		.uleb128 0x8
 1427 013d 3A       		.uleb128 0x3a
 1428 013e 0B       		.uleb128 0xb
 1429 013f 3B       		.uleb128 0x3b
 1430 0140 05       		.uleb128 0x5
 1431 0141 49       		.uleb128 0x49
 1432 0142 13       		.uleb128 0x13
 1433 0143 02       		.uleb128 0x2
 1434 0144 0A       		.uleb128 0xa
 1435 0145 00       		.byte	0x0
 1436 0146 00       		.byte	0x0
 1437 0147 00       		.byte	0x0
 1438              		.section	.debug_pubnames,"",%progbits
 1439 0000 1F000000 		.4byte	0x1f
 1440 0004 0200     		.2byte	0x2
 1441 0006 00000000 		.4byte	.Ldebug_info0
 1442 000a 46030000 		.4byte	0x346
 1443 000e 95020000 		.4byte	0x295
 1444 0012 63796669 		.ascii	"cyfitter_cfg\000"
 1444      74746572 
 1444      5F636667 
 1444      00
 1445 001f 00000000 		.4byte	0x0
 1446              		.section	.debug_aranges,"",%progbits
 1447 0000 4C000000 		.4byte	0x4c
 1448 0004 0200     		.2byte	0x2
 1449 0006 00000000 		.4byte	.Ldebug_info0
ARM GAS  C:\Users\wbz\AppData\Local\Temp\ccJKFnhu.s 			page 32


 1450 000a 04       		.byte	0x4
 1451 000b 00       		.byte	0x0
 1452 000c 0000     		.2byte	0x0
 1453 000e 0000     		.2byte	0x0
 1454 0010 00000000 		.4byte	.LFB0
 1455 0014 1E000000 		.4byte	.LFE0-.LFB0
 1456 0018 00000000 		.4byte	.LFB1
 1457 001c 22000000 		.4byte	.LFE1-.LFB1
 1458 0020 00000000 		.4byte	.LFB2
 1459 0024 22000000 		.4byte	.LFE2-.LFB2
 1460 0028 00000000 		.4byte	.LFB3
 1461 002c B0000000 		.4byte	.LFE3-.LFB3
 1462 0030 B0000000 		.4byte	.LFB4
 1463 0034 88000000 		.4byte	.LFE4-.LFB4
 1464 0038 00000000 		.4byte	.LFB5
 1465 003c 08000000 		.4byte	.LFE5-.LFB5
 1466 0040 38010000 		.4byte	.LFB6
 1467 0044 DC000000 		.4byte	.LFE6-.LFB6
 1468 0048 00000000 		.4byte	0x0
 1469 004c 00000000 		.4byte	0x0
 1470              		.section	.debug_ranges,"",%progbits
 1471              	.Ldebug_ranges0:
 1472 0000 00000000 		.4byte	.Ltext0
 1473 0004 00000000 		.4byte	.Letext0
 1474 0008 00000000 		.4byte	.LFB0
 1475 000c 1E000000 		.4byte	.LFE0
 1476 0010 00000000 		.4byte	.LFB1
 1477 0014 22000000 		.4byte	.LFE1
 1478 0018 00000000 		.4byte	.LFB2
 1479 001c 22000000 		.4byte	.LFE2
 1480 0020 00000000 		.4byte	.LFB3
 1481 0024 B0000000 		.4byte	.LFE3
 1482 0028 B0000000 		.4byte	.LFB4
 1483 002c 38010000 		.4byte	.LFE4
 1484 0030 00000000 		.4byte	.LFB5
 1485 0034 08000000 		.4byte	.LFE5
 1486 0038 38010000 		.4byte	.LFB6
 1487 003c 14020000 		.4byte	.LFE6
 1488 0040 00000000 		.4byte	0x0
 1489 0044 00000000 		.4byte	0x0
 1490              		.section	.debug_str,"MS",%progbits,1
 1491              	.LASF5:
 1492 0000 6C6F6E67 		.ascii	"long long int\000"
 1492      206C6F6E 
 1492      6720696E 
 1492      7400
 1493              	.LASF33:
 1494 000e 73657454 		.ascii	"setTmpCo\000"
 1494      6D70436F 
 1494      00
 1495              	.LASF10:
 1496 0017 73697A65 		.ascii	"size_t\000"
 1496      5F7400
 1497              	.LASF35:
 1498 001e 416E616C 		.ascii	"AnalogSetDefault\000"
 1498      6F675365 
 1498      74446566 
ARM GAS  C:\Users\wbz\AppData\Local\Temp\ccJKFnhu.s 			page 33


 1498      61756C74 
 1498      00
 1499              	.LASF26:
 1500 002f 696D6F5F 		.ascii	"imo_trim_entry_t\000"
 1500      7472696D 
 1500      5F656E74 
 1500      72795F74 
 1500      00
 1501              	.LASF39:
 1502 0040 6366675F 		.ascii	"cfg_memset_list\000"
 1502      6D656D73 
 1502      65745F6C 
 1502      69737400 
 1503              	.LASF34:
 1504 0050 436C6F63 		.ascii	"ClockSetup\000"
 1504      6B536574 
 1504      757000
 1505              	.LASF25:
 1506 005b 746D7063 		.ascii	"tmpco\000"
 1506      6F00
 1507              	.LASF3:
 1508 0061 73686F72 		.ascii	"short unsigned int\000"
 1508      7420756E 
 1508      7369676E 
 1508      65642069 
 1508      6E7400
 1509              	.LASF2:
 1510 0074 73686F72 		.ascii	"short int\000"
 1510      7420696E 
 1510      7400
 1511              	.LASF21:
 1512 007e 53657449 		.ascii	"SetIMOBGTrims\000"
 1512      4D4F4247 
 1512      5472696D 
 1512      7300
 1513              	.LASF15:
 1514 008c 666C6F61 		.ascii	"float\000"
 1514      7400
 1515              	.LASF31:
 1516 0092 696D6F54 		.ascii	"imoTrimIndex\000"
 1516      72696D49 
 1516      6E646578 
 1516      00
 1517              	.LASF19:
 1518 009f 64657374 		.ascii	"dest\000"
 1518      00
 1519              	.LASF37:
 1520 00a4 73697A65 		.ascii	"size\000"
 1520      00
 1521              	.LASF8:
 1522 00a9 6C6F6E67 		.ascii	"long unsigned int\000"
 1522      20756E73 
 1522      69676E65 
 1522      6420696E 
 1522      7400
 1523              	.LASF14:
 1524 00bb 696E7433 		.ascii	"int32\000"
ARM GAS  C:\Users\wbz\AppData\Local\Temp\ccJKFnhu.s 			page 34


 1524      3200
 1525              	.LASF17:
 1526 00c1 43594D45 		.ascii	"CYMEMZERO\000"
 1526      4D5A4552 
 1526      4F00
 1527              	.LASF1:
 1528 00cb 756E7369 		.ascii	"unsigned char\000"
 1528      676E6564 
 1528      20636861 
 1528      7200
 1529              	.LASF16:
 1530 00d9 646F7562 		.ascii	"double\000"
 1530      6C6500
 1531              	.LASF22:
 1532 00e0 696D6F46 		.ascii	"imoFreq\000"
 1532      72657100 
 1533              	.LASF30:
 1534 00e8 494D4F5F 		.ascii	"IMO_TRIM_FREQ_TABLE_ENTRIES\000"
 1534      5452494D 
 1534      5F465245 
 1534      515F5441 
 1534      424C455F 
 1535              	.LASF12:
 1536 0104 75696E74 		.ascii	"uint16\000"
 1536      313600
 1537              	.LASF13:
 1538 010b 75696E74 		.ascii	"uint32\000"
 1538      333200
 1539              	.LASF4:
 1540 0112 756E7369 		.ascii	"unsigned int\000"
 1540      676E6564 
 1540      20696E74 
 1540      00
 1541              	.LASF43:
 1542 011f 63796669 		.ascii	"cyfitter_cfg\000"
 1542      74746572 
 1542      5F636667 
 1542      00
 1543              	.LASF36:
 1544 012c 61646472 		.ascii	"address\000"
 1544      65737300 
 1545              	.LASF6:
 1546 0134 6C6F6E67 		.ascii	"long long unsigned int\000"
 1546      206C6F6E 
 1546      6720756E 
 1546      7369676E 
 1546      65642069 
 1547              	.LASF42:
 1548 014b 433A5C55 		.ascii	"C:\\Users\\wbz\\Desktop\\Element14 Posts\\028 - Tin"
 1548      73657273 
 1548      5C77627A 
 1548      5C446573 
 1548      6B746F70 
 1549 0179 79205072 		.ascii	"y PrintF - NS\\PSoC4_printf.cywrk.Archive03\\PSoC4_"
 1549      696E7446 
 1549      202D204E 
 1549      535C5053 
ARM GAS  C:\Users\wbz\AppData\Local\Temp\ccJKFnhu.s 			page 35


 1549      6F43345F 
 1550 01aa 7072696E 		.ascii	"printf\\PSoC4_printf.cydsn\000"
 1550      74665C50 
 1550      536F4334 
 1550      5F707269 
 1550      6E74662E 
 1551              	.LASF28:
 1552 01c4 696D6F5F 		.ascii	"imo_trim_table_t\000"
 1552      7472696D 
 1552      5F746162 
 1552      6C655F74 
 1552      00
 1553              	.LASF38:
 1554 01d5 6366675F 		.ascii	"cfg_memset_t\000"
 1554      6D656D73 
 1554      65745F74 
 1554      00
 1555              	.LASF41:
 1556 01e2 2E5C4765 		.ascii	".\\Generated_Source\\PSoC4\\cyfitter_cfg.c\000"
 1556      6E657261 
 1556      7465645F 
 1556      536F7572 
 1556      63655C50 
 1557              	.LASF40:
 1558 020a 474E5520 		.ascii	"GNU C 4.4.1\000"
 1558      4320342E 
 1558      342E3100 
 1559              	.LASF9:
 1560 0216 63686172 		.ascii	"char\000"
 1560      00
 1561              	.LASF24:
 1562 021b 6162736F 		.ascii	"absolute\000"
 1562      6C757465 
 1562      00
 1563              	.LASF23:
 1564 0224 66726571 		.ascii	"freq\000"
 1564      00
 1565              	.LASF11:
 1566 0229 75696E74 		.ascii	"uint8\000"
 1566      3800
 1567              	.LASF29:
 1568 022f 696D6F5F 		.ascii	"imo_trim_table\000"
 1568      7472696D 
 1568      5F746162 
 1568      6C6500
 1569              	.LASF7:
 1570 023e 6C6F6E67 		.ascii	"long int\000"
 1570      20696E74 
 1570      00
 1571              	.LASF27:
 1572 0247 656E7472 		.ascii	"entries\000"
 1572      69657300 
 1573              	.LASF32:
 1574 024f 73657441 		.ascii	"setAbs\000"
 1574      627300
 1575              	.LASF0:
 1576 0256 7369676E 		.ascii	"signed char\000"
ARM GAS  C:\Users\wbz\AppData\Local\Temp\ccJKFnhu.s 			page 36


 1576      65642063 
 1576      68617200 
 1577              	.LASF20:
 1578 0262 4359434F 		.ascii	"CYCONFIGCPYCODE\000"
 1578      4E464947 
 1578      43505943 
 1578      4F444500 
 1579              	.LASF18:
 1580 0272 4359434F 		.ascii	"CYCONFIGCPY\000"
 1580      4E464947 
 1580      43505900 
 1581              		.ident	"GCC: (Sourcery G++ Lite 2010q1-188) 4.4.1"
