ARM GAS  C:\Users\wbz\AppData\Local\Temp\ccZROLSr.s 			page 1


   1              		.cpu cortex-m0
   2              		.fpu softvfp
   3              		.eabi_attribute 20, 1
   4              		.eabi_attribute 21, 1
   5              		.eabi_attribute 23, 3
   6              		.eabi_attribute 24, 1
   7              		.eabi_attribute 25, 1
   8              		.eabi_attribute 26, 1
   9              		.eabi_attribute 30, 6
  10              		.eabi_attribute 18, 4
  11              		.code	16
  12              		.file	"UART_SPI_UART.c"
  13              		.section	.debug_abbrev,"",%progbits
  14              	.Ldebug_abbrev0:
  15              		.section	.debug_info,"",%progbits
  16              	.Ldebug_info0:
  17              		.section	.debug_line,"",%progbits
  18              	.Ldebug_line0:
  19 0000 25010000 		.text
  19      02006600 
  19      00000201 
  19      FB0E0D00 
  19      01010101 
  20              	.Ltext0:
  21              		.cfi_sections	.debug_frame
  22              		.section	.text.UART_SpiUartReadRxData,"ax",%progbits
  23              		.align	2
  24              		.global	UART_SpiUartReadRxData
  25              		.code	16
  26              		.thumb_func
  27              		.type	UART_SpiUartReadRxData, %function
  28              	UART_SpiUartReadRxData:
  29              	.LFB0:
  30              		.file 1 ".\\Generated_Source\\PSoC4\\UART_SPI_UART.c"
   1:.\Generated_Source\PSoC4/UART_SPI_UART.c **** /*******************************************************************************
   2:.\Generated_Source\PSoC4/UART_SPI_UART.c **** * File Name: UART_SPI_UART.c
   3:.\Generated_Source\PSoC4/UART_SPI_UART.c **** * Version 1.0
   4:.\Generated_Source\PSoC4/UART_SPI_UART.c **** *
   5:.\Generated_Source\PSoC4/UART_SPI_UART.c **** * Description:
   6:.\Generated_Source\PSoC4/UART_SPI_UART.c **** *  This file provides the source code to the API for the SCB Component in
   7:.\Generated_Source\PSoC4/UART_SPI_UART.c **** *  SPI and UART modes.
   8:.\Generated_Source\PSoC4/UART_SPI_UART.c **** *
   9:.\Generated_Source\PSoC4/UART_SPI_UART.c **** * Note:
  10:.\Generated_Source\PSoC4/UART_SPI_UART.c **** *
  11:.\Generated_Source\PSoC4/UART_SPI_UART.c **** *******************************************************************************
  12:.\Generated_Source\PSoC4/UART_SPI_UART.c **** * Copyright 2013, Cypress Semiconductor Corporation.  All rights reserved.
  13:.\Generated_Source\PSoC4/UART_SPI_UART.c **** * You may use this file only in accordance with the license, terms, conditions,
  14:.\Generated_Source\PSoC4/UART_SPI_UART.c **** * disclaimers, and limitations in the end user license agreement accompanying
  15:.\Generated_Source\PSoC4/UART_SPI_UART.c **** * the software package with which this file was provided.
  16:.\Generated_Source\PSoC4/UART_SPI_UART.c **** *******************************************************************************/
  17:.\Generated_Source\PSoC4/UART_SPI_UART.c **** 
  18:.\Generated_Source\PSoC4/UART_SPI_UART.c **** #include "UART_SPI_UART_PVT.h"
  19:.\Generated_Source\PSoC4/UART_SPI_UART.c **** 
  20:.\Generated_Source\PSoC4/UART_SPI_UART.c **** 
  21:.\Generated_Source\PSoC4/UART_SPI_UART.c **** /***************************************
  22:.\Generated_Source\PSoC4/UART_SPI_UART.c **** *        SPI/UART Private Vars
  23:.\Generated_Source\PSoC4/UART_SPI_UART.c **** ***************************************/
ARM GAS  C:\Users\wbz\AppData\Local\Temp\ccZROLSr.s 			page 2


  24:.\Generated_Source\PSoC4/UART_SPI_UART.c **** 
  25:.\Generated_Source\PSoC4/UART_SPI_UART.c **** #if(UART_INTERNAL_RX_SW_BUFFER_CONST)
  26:.\Generated_Source\PSoC4/UART_SPI_UART.c ****     volatile uint32 UART_rxBufferHead;
  27:.\Generated_Source\PSoC4/UART_SPI_UART.c ****     volatile uint32 UART_rxBufferTail;
  28:.\Generated_Source\PSoC4/UART_SPI_UART.c ****     volatile uint8  UART_rxBufferOverflow;
  29:.\Generated_Source\PSoC4/UART_SPI_UART.c **** #endif /* (UART_INTERNAL_RX_SW_BUFFER_CONST) */
  30:.\Generated_Source\PSoC4/UART_SPI_UART.c **** 
  31:.\Generated_Source\PSoC4/UART_SPI_UART.c **** #if(UART_INTERNAL_TX_SW_BUFFER_CONST)
  32:.\Generated_Source\PSoC4/UART_SPI_UART.c ****     volatile uint32 UART_txBufferHead;
  33:.\Generated_Source\PSoC4/UART_SPI_UART.c ****     volatile uint32 UART_txBufferTail;
  34:.\Generated_Source\PSoC4/UART_SPI_UART.c **** #endif /* (UART_INTERNAL_TX_SW_BUFFER_CONST) */
  35:.\Generated_Source\PSoC4/UART_SPI_UART.c **** 
  36:.\Generated_Source\PSoC4/UART_SPI_UART.c **** #if(UART_INTERNAL_RX_SW_BUFFER)
  37:.\Generated_Source\PSoC4/UART_SPI_UART.c ****     /* Add one element to the buffer to receive full packet. One byte in receive buffer is always e
  38:.\Generated_Source\PSoC4/UART_SPI_UART.c ****     volatile uint8 UART_rxBufferInternal[UART_RX_BUFFER_SIZE];
  39:.\Generated_Source\PSoC4/UART_SPI_UART.c **** #endif /* (UART_INTERNAL_RX_SW_BUFFER) */
  40:.\Generated_Source\PSoC4/UART_SPI_UART.c **** 
  41:.\Generated_Source\PSoC4/UART_SPI_UART.c **** #if(UART_INTERNAL_TX_SW_BUFFER)
  42:.\Generated_Source\PSoC4/UART_SPI_UART.c ****     volatile uint8 UART_txBufferInternal[UART_TX_BUFFER_SIZE];
  43:.\Generated_Source\PSoC4/UART_SPI_UART.c **** #endif /* (UART_INTERNAL_TX_SW_BUFFER) */
  44:.\Generated_Source\PSoC4/UART_SPI_UART.c **** 
  45:.\Generated_Source\PSoC4/UART_SPI_UART.c **** 
  46:.\Generated_Source\PSoC4/UART_SPI_UART.c **** #if(UART_RX_DIRECTION)
  47:.\Generated_Source\PSoC4/UART_SPI_UART.c **** 
  48:.\Generated_Source\PSoC4/UART_SPI_UART.c ****     /*******************************************************************************
  49:.\Generated_Source\PSoC4/UART_SPI_UART.c ****     * Function Name: UART_SpiUartReadRxData
  50:.\Generated_Source\PSoC4/UART_SPI_UART.c ****     ********************************************************************************
  51:.\Generated_Source\PSoC4/UART_SPI_UART.c ****     *
  52:.\Generated_Source\PSoC4/UART_SPI_UART.c ****     * Summary:
  53:.\Generated_Source\PSoC4/UART_SPI_UART.c ****     *  Retrieves the next data element from the receive buffer. Undefined data will
  54:.\Generated_Source\PSoC4/UART_SPI_UART.c ****     *  be returned if the RX buffer is empty.
  55:.\Generated_Source\PSoC4/UART_SPI_UART.c ****     *  Call UART_SpiUartGetRxBufferSize() to return buffer size.
  56:.\Generated_Source\PSoC4/UART_SPI_UART.c ****     *   - RX software buffer disabled: Returns data element retrieved from RX FIFO.
  57:.\Generated_Source\PSoC4/UART_SPI_UART.c ****     *   - RX software buffer enabled: Returns data element from the software
  58:.\Generated_Source\PSoC4/UART_SPI_UART.c ****     *     receive buffer.
  59:.\Generated_Source\PSoC4/UART_SPI_UART.c ****     *
  60:.\Generated_Source\PSoC4/UART_SPI_UART.c ****     * Parameters:
  61:.\Generated_Source\PSoC4/UART_SPI_UART.c ****     *  None
  62:.\Generated_Source\PSoC4/UART_SPI_UART.c ****     *
  63:.\Generated_Source\PSoC4/UART_SPI_UART.c ****     * Return:
  64:.\Generated_Source\PSoC4/UART_SPI_UART.c ****     *  Next data element from the receive buffer.
  65:.\Generated_Source\PSoC4/UART_SPI_UART.c ****     *
  66:.\Generated_Source\PSoC4/UART_SPI_UART.c ****     * Global Variables:
  67:.\Generated_Source\PSoC4/UART_SPI_UART.c ****     *  Look into UART_SpiInit for description.
  68:.\Generated_Source\PSoC4/UART_SPI_UART.c ****     *
  69:.\Generated_Source\PSoC4/UART_SPI_UART.c ****     *******************************************************************************/
  70:.\Generated_Source\PSoC4/UART_SPI_UART.c ****     uint32 UART_SpiUartReadRxData(void)
  71:.\Generated_Source\PSoC4/UART_SPI_UART.c ****     {
  31              		.loc 1 71 0
  32              		.cfi_startproc
  33 0000 80B5     		push	{r7, lr}
  34              	.LCFI0:
  35              		.cfi_def_cfa_offset 8
  36              		.cfi_offset 7, -8
  37              		.cfi_offset 14, -4
  38 0002 82B0     		sub	sp, sp, #8
  39              	.LCFI1:
ARM GAS  C:\Users\wbz\AppData\Local\Temp\ccZROLSr.s 			page 3


  40              		.cfi_def_cfa_offset 16
  41 0004 00AF     		add	r7, sp, #0
  42              	.LCFI2:
  43              		.cfi_def_cfa_register 7
  72:.\Generated_Source\PSoC4/UART_SPI_UART.c ****         uint32 rxData = 0u;
  44              		.loc 1 72 0
  45 0006 0023     		mov	r3, #0
  46 0008 7B60     		str	r3, [r7, #4]
  73:.\Generated_Source\PSoC4/UART_SPI_UART.c ****         
  74:.\Generated_Source\PSoC4/UART_SPI_UART.c ****         #if(UART_INTERNAL_RX_SW_BUFFER_CONST)
  75:.\Generated_Source\PSoC4/UART_SPI_UART.c ****             uint32 locTail;
  76:.\Generated_Source\PSoC4/UART_SPI_UART.c ****         #endif /* (UART_INTERNAL_RX_SW_BUFFER_CONST) */
  77:.\Generated_Source\PSoC4/UART_SPI_UART.c **** 
  78:.\Generated_Source\PSoC4/UART_SPI_UART.c ****         #if(UART_CHECK_RX_SW_BUFFER)
  79:.\Generated_Source\PSoC4/UART_SPI_UART.c ****         {
  80:.\Generated_Source\PSoC4/UART_SPI_UART.c ****             if(UART_rxBufferHead != UART_rxBufferTail)
  81:.\Generated_Source\PSoC4/UART_SPI_UART.c ****             {
  82:.\Generated_Source\PSoC4/UART_SPI_UART.c ****                 /* There is data in RX software buffer */
  83:.\Generated_Source\PSoC4/UART_SPI_UART.c **** 
  84:.\Generated_Source\PSoC4/UART_SPI_UART.c ****                 /* Calculate index to read from */
  85:.\Generated_Source\PSoC4/UART_SPI_UART.c ****                 locTail = (UART_rxBufferTail + 1u);
  86:.\Generated_Source\PSoC4/UART_SPI_UART.c **** 
  87:.\Generated_Source\PSoC4/UART_SPI_UART.c ****                 if(UART_RX_BUFFER_SIZE == locTail)
  88:.\Generated_Source\PSoC4/UART_SPI_UART.c ****                 {
  89:.\Generated_Source\PSoC4/UART_SPI_UART.c ****                     locTail = 0u;
  90:.\Generated_Source\PSoC4/UART_SPI_UART.c ****                 }
  91:.\Generated_Source\PSoC4/UART_SPI_UART.c **** 
  92:.\Generated_Source\PSoC4/UART_SPI_UART.c ****                 /* Get data fron RX software buffer */
  93:.\Generated_Source\PSoC4/UART_SPI_UART.c ****                 rxData = UART_GetWordFromRxBuffer(locTail);
  94:.\Generated_Source\PSoC4/UART_SPI_UART.c **** 
  95:.\Generated_Source\PSoC4/UART_SPI_UART.c ****                 /* Change index in the buffer */
  96:.\Generated_Source\PSoC4/UART_SPI_UART.c ****                 UART_rxBufferTail = locTail;
  97:.\Generated_Source\PSoC4/UART_SPI_UART.c ****             }
  98:.\Generated_Source\PSoC4/UART_SPI_UART.c ****         }
  99:.\Generated_Source\PSoC4/UART_SPI_UART.c ****         #else
 100:.\Generated_Source\PSoC4/UART_SPI_UART.c ****         {
 101:.\Generated_Source\PSoC4/UART_SPI_UART.c ****             rxData = UART_RX_FIFO_RD_REG; /* Read data from RX FIFO */
  47              		.loc 1 101 0
  48 000a 044B     		ldr	r3, .L3
  49 000c 1B68     		ldr	r3, [r3]
  50 000e 7B60     		str	r3, [r7, #4]
 102:.\Generated_Source\PSoC4/UART_SPI_UART.c ****         }
 103:.\Generated_Source\PSoC4/UART_SPI_UART.c ****         #endif
 104:.\Generated_Source\PSoC4/UART_SPI_UART.c **** 
 105:.\Generated_Source\PSoC4/UART_SPI_UART.c ****         return(rxData);
  51              		.loc 1 105 0
  52 0010 7B68     		ldr	r3, [r7, #4]
 106:.\Generated_Source\PSoC4/UART_SPI_UART.c ****     }
  53              		.loc 1 106 0
  54 0012 181C     		mov	r0, r3
  55 0014 BD46     		mov	sp, r7
  56 0016 02B0     		add	sp, sp, #8
  57              		@ sp needed for prologue
  58 0018 80BD     		pop	{r7, pc}
  59              	.L4:
  60 001a C046     		.align	2
  61              	.L3:
ARM GAS  C:\Users\wbz\AppData\Local\Temp\ccZROLSr.s 			page 4


  62 001c 40030640 		.word	1074135872
  63              		.cfi_endproc
  64              	.LFE0:
  65              		.size	UART_SpiUartReadRxData, .-UART_SpiUartReadRxData
  66              		.section	.text.UART_SpiUartGetRxBufferSize,"ax",%progbits
  67              		.align	2
  68              		.global	UART_SpiUartGetRxBufferSize
  69              		.code	16
  70              		.thumb_func
  71              		.type	UART_SpiUartGetRxBufferSize, %function
  72              	UART_SpiUartGetRxBufferSize:
  73              	.LFB1:
 107:.\Generated_Source\PSoC4/UART_SPI_UART.c **** 
 108:.\Generated_Source\PSoC4/UART_SPI_UART.c **** 
 109:.\Generated_Source\PSoC4/UART_SPI_UART.c ****     /*******************************************************************************
 110:.\Generated_Source\PSoC4/UART_SPI_UART.c ****     * Function Name: UART_SpiUartGetRxBufferSize
 111:.\Generated_Source\PSoC4/UART_SPI_UART.c ****     ********************************************************************************
 112:.\Generated_Source\PSoC4/UART_SPI_UART.c ****     *
 113:.\Generated_Source\PSoC4/UART_SPI_UART.c ****     * Summary:
 114:.\Generated_Source\PSoC4/UART_SPI_UART.c ****     *  Returns the number of received data elements in the receive buffer.
 115:.\Generated_Source\PSoC4/UART_SPI_UART.c ****     *   - RX software buffer disabled: returns the number of used entries in
 116:.\Generated_Source\PSoC4/UART_SPI_UART.c ****     *     RX FIFO.
 117:.\Generated_Source\PSoC4/UART_SPI_UART.c ****     *   - RX software buffer enabled: returns the number of elements which were
 118:.\Generated_Source\PSoC4/UART_SPI_UART.c ****     *     placed in receive buffer.
 119:.\Generated_Source\PSoC4/UART_SPI_UART.c ****     *
 120:.\Generated_Source\PSoC4/UART_SPI_UART.c ****     * Parameters:
 121:.\Generated_Source\PSoC4/UART_SPI_UART.c ****     *  None
 122:.\Generated_Source\PSoC4/UART_SPI_UART.c ****     *
 123:.\Generated_Source\PSoC4/UART_SPI_UART.c ****     * Return:
 124:.\Generated_Source\PSoC4/UART_SPI_UART.c ****     *  Number of received data elements
 125:.\Generated_Source\PSoC4/UART_SPI_UART.c ****     *
 126:.\Generated_Source\PSoC4/UART_SPI_UART.c ****     *******************************************************************************/
 127:.\Generated_Source\PSoC4/UART_SPI_UART.c ****     uint32 UART_SpiUartGetRxBufferSize(void)
 128:.\Generated_Source\PSoC4/UART_SPI_UART.c ****     {
  74              		.loc 1 128 0
  75              		.cfi_startproc
  76 0000 80B5     		push	{r7, lr}
  77              	.LCFI3:
  78              		.cfi_def_cfa_offset 8
  79              		.cfi_offset 7, -8
  80              		.cfi_offset 14, -4
  81 0002 82B0     		sub	sp, sp, #8
  82              	.LCFI4:
  83              		.cfi_def_cfa_offset 16
  84 0004 00AF     		add	r7, sp, #0
  85              	.LCFI5:
  86              		.cfi_def_cfa_register 7
 129:.\Generated_Source\PSoC4/UART_SPI_UART.c ****         uint32 size;
 130:.\Generated_Source\PSoC4/UART_SPI_UART.c ****         #if(UART_INTERNAL_RX_SW_BUFFER_CONST)
 131:.\Generated_Source\PSoC4/UART_SPI_UART.c ****             uint32 locHead;
 132:.\Generated_Source\PSoC4/UART_SPI_UART.c ****         #endif /* (UART_INTERNAL_RX_SW_BUFFER_CONST) */
 133:.\Generated_Source\PSoC4/UART_SPI_UART.c **** 
 134:.\Generated_Source\PSoC4/UART_SPI_UART.c ****         #if(UART_CHECK_RX_SW_BUFFER)
 135:.\Generated_Source\PSoC4/UART_SPI_UART.c ****         {
 136:.\Generated_Source\PSoC4/UART_SPI_UART.c ****             locHead = UART_rxBufferHead;
 137:.\Generated_Source\PSoC4/UART_SPI_UART.c **** 
 138:.\Generated_Source\PSoC4/UART_SPI_UART.c ****             if(locHead >= UART_rxBufferTail)
ARM GAS  C:\Users\wbz\AppData\Local\Temp\ccZROLSr.s 			page 5


 139:.\Generated_Source\PSoC4/UART_SPI_UART.c ****             {
 140:.\Generated_Source\PSoC4/UART_SPI_UART.c ****                 size = (locHead - UART_rxBufferTail);
 141:.\Generated_Source\PSoC4/UART_SPI_UART.c ****             }
 142:.\Generated_Source\PSoC4/UART_SPI_UART.c ****             else
 143:.\Generated_Source\PSoC4/UART_SPI_UART.c ****             {
 144:.\Generated_Source\PSoC4/UART_SPI_UART.c ****                 size = (locHead + (UART_RX_BUFFER_SIZE - UART_rxBufferTail));
 145:.\Generated_Source\PSoC4/UART_SPI_UART.c ****             }
 146:.\Generated_Source\PSoC4/UART_SPI_UART.c ****         }
 147:.\Generated_Source\PSoC4/UART_SPI_UART.c ****         #else
 148:.\Generated_Source\PSoC4/UART_SPI_UART.c ****         {
 149:.\Generated_Source\PSoC4/UART_SPI_UART.c ****             size = UART_GET_RX_FIFO_ENTRIES;
  87              		.loc 1 149 0
  88 0006 054B     		ldr	r3, .L7
  89 0008 1A68     		ldr	r2, [r3]
  90 000a 0F23     		mov	r3, #15
  91 000c 1340     		and	r3, r3, r2
  92 000e 7B60     		str	r3, [r7, #4]
 150:.\Generated_Source\PSoC4/UART_SPI_UART.c ****         }
 151:.\Generated_Source\PSoC4/UART_SPI_UART.c ****         #endif
 152:.\Generated_Source\PSoC4/UART_SPI_UART.c **** 
 153:.\Generated_Source\PSoC4/UART_SPI_UART.c ****         return(size);
  93              		.loc 1 153 0
  94 0010 7B68     		ldr	r3, [r7, #4]
 154:.\Generated_Source\PSoC4/UART_SPI_UART.c ****     }
  95              		.loc 1 154 0
  96 0012 181C     		mov	r0, r3
  97 0014 BD46     		mov	sp, r7
  98 0016 02B0     		add	sp, sp, #8
  99              		@ sp needed for prologue
 100 0018 80BD     		pop	{r7, pc}
 101              	.L8:
 102 001a C046     		.align	2
 103              	.L7:
 104 001c 08030640 		.word	1074135816
 105              		.cfi_endproc
 106              	.LFE1:
 107              		.size	UART_SpiUartGetRxBufferSize, .-UART_SpiUartGetRxBufferSize
 108              		.section	.text.UART_SpiUartClearRxBuffer,"ax",%progbits
 109              		.align	2
 110              		.global	UART_SpiUartClearRxBuffer
 111              		.code	16
 112              		.thumb_func
 113              		.type	UART_SpiUartClearRxBuffer, %function
 114              	UART_SpiUartClearRxBuffer:
 115              	.LFB2:
 155:.\Generated_Source\PSoC4/UART_SPI_UART.c **** 
 156:.\Generated_Source\PSoC4/UART_SPI_UART.c **** 
 157:.\Generated_Source\PSoC4/UART_SPI_UART.c ****     /*******************************************************************************
 158:.\Generated_Source\PSoC4/UART_SPI_UART.c ****     * Function Name: UART_SpiUartClearRxBuffer
 159:.\Generated_Source\PSoC4/UART_SPI_UART.c ****     ********************************************************************************
 160:.\Generated_Source\PSoC4/UART_SPI_UART.c ****     *
 161:.\Generated_Source\PSoC4/UART_SPI_UART.c ****     * Summary:
 162:.\Generated_Source\PSoC4/UART_SPI_UART.c ****     *  Clear the receive buffer and RX FIFO.
 163:.\Generated_Source\PSoC4/UART_SPI_UART.c ****     *
 164:.\Generated_Source\PSoC4/UART_SPI_UART.c ****     * Parameters:
 165:.\Generated_Source\PSoC4/UART_SPI_UART.c ****     *  None
 166:.\Generated_Source\PSoC4/UART_SPI_UART.c ****     *
ARM GAS  C:\Users\wbz\AppData\Local\Temp\ccZROLSr.s 			page 6


 167:.\Generated_Source\PSoC4/UART_SPI_UART.c ****     * Return:
 168:.\Generated_Source\PSoC4/UART_SPI_UART.c ****     *  None
 169:.\Generated_Source\PSoC4/UART_SPI_UART.c ****     *
 170:.\Generated_Source\PSoC4/UART_SPI_UART.c ****     *******************************************************************************/
 171:.\Generated_Source\PSoC4/UART_SPI_UART.c ****     void UART_SpiUartClearRxBuffer(void)
 172:.\Generated_Source\PSoC4/UART_SPI_UART.c ****     {
 116              		.loc 1 172 0
 117              		.cfi_startproc
 118 0000 80B5     		push	{r7, lr}
 119              	.LCFI6:
 120              		.cfi_def_cfa_offset 8
 121              		.cfi_offset 7, -8
 122              		.cfi_offset 14, -4
 123 0002 00AF     		add	r7, sp, #0
 124              	.LCFI7:
 125              		.cfi_def_cfa_register 7
 173:.\Generated_Source\PSoC4/UART_SPI_UART.c ****         #if(UART_INTERNAL_RX_SW_BUFFER_CONST)
 174:.\Generated_Source\PSoC4/UART_SPI_UART.c ****             uint32 intSourceMask;
 175:.\Generated_Source\PSoC4/UART_SPI_UART.c ****         #endif /* (UART_INTERNAL_RX_SW_BUFFER_CONST) */
 176:.\Generated_Source\PSoC4/UART_SPI_UART.c **** 
 177:.\Generated_Source\PSoC4/UART_SPI_UART.c ****         #if(UART_CHECK_RX_SW_BUFFER)
 178:.\Generated_Source\PSoC4/UART_SPI_UART.c ****         {
 179:.\Generated_Source\PSoC4/UART_SPI_UART.c ****             intSourceMask = UART_SpiUartDisableIntRx();
 180:.\Generated_Source\PSoC4/UART_SPI_UART.c **** 
 181:.\Generated_Source\PSoC4/UART_SPI_UART.c ****             UART_CLEAR_RX_FIFO;
 182:.\Generated_Source\PSoC4/UART_SPI_UART.c **** 
 183:.\Generated_Source\PSoC4/UART_SPI_UART.c ****             /* Flush RX software buffer */
 184:.\Generated_Source\PSoC4/UART_SPI_UART.c ****             UART_rxBufferHead     = UART_rxBufferTail;
 185:.\Generated_Source\PSoC4/UART_SPI_UART.c ****             UART_rxBufferOverflow = 0u;
 186:.\Generated_Source\PSoC4/UART_SPI_UART.c **** 
 187:.\Generated_Source\PSoC4/UART_SPI_UART.c ****             /* End RX transfer */
 188:.\Generated_Source\PSoC4/UART_SPI_UART.c ****             UART_ClearRxInterruptSource(UART_INTR_RX_ALL);
 189:.\Generated_Source\PSoC4/UART_SPI_UART.c **** 
 190:.\Generated_Source\PSoC4/UART_SPI_UART.c ****             UART_SpiUartEnableIntRx(intSourceMask);
 191:.\Generated_Source\PSoC4/UART_SPI_UART.c ****         }
 192:.\Generated_Source\PSoC4/UART_SPI_UART.c ****         #else
 193:.\Generated_Source\PSoC4/UART_SPI_UART.c ****         {
 194:.\Generated_Source\PSoC4/UART_SPI_UART.c ****             UART_CLEAR_RX_FIFO;
 126              		.loc 1 194 0
 127 0004 074A     		ldr	r2, .L11
 128 0006 074B     		ldr	r3, .L11
 129 0008 1968     		ldr	r1, [r3]
 130 000a 8023     		mov	r3, #128
 131 000c 5B02     		lsl	r3, r3, #9
 132 000e 0B43     		orr	r3, r3, r1
 133 0010 1360     		str	r3, [r2]
 134 0012 044B     		ldr	r3, .L11
 135 0014 034A     		ldr	r2, .L11
 136 0016 1168     		ldr	r1, [r2]
 137 0018 034A     		ldr	r2, .L11+4
 138 001a 0A40     		and	r2, r2, r1
 139 001c 1A60     		str	r2, [r3]
 195:.\Generated_Source\PSoC4/UART_SPI_UART.c ****         }
 196:.\Generated_Source\PSoC4/UART_SPI_UART.c ****         #endif
 197:.\Generated_Source\PSoC4/UART_SPI_UART.c ****     }
 140              		.loc 1 197 0
 141 001e BD46     		mov	sp, r7
ARM GAS  C:\Users\wbz\AppData\Local\Temp\ccZROLSr.s 			page 7


 142              		@ sp needed for prologue
 143 0020 80BD     		pop	{r7, pc}
 144              	.L12:
 145 0022 C046     		.align	2
 146              	.L11:
 147 0024 04030640 		.word	1074135812
 148 0028 FFFFFEFF 		.word	-65537
 149              		.cfi_endproc
 150              	.LFE2:
 151              		.size	UART_SpiUartClearRxBuffer, .-UART_SpiUartClearRxBuffer
 152              		.section	.text.UART_SpiUartWriteTxData,"ax",%progbits
 153              		.align	2
 154              		.global	UART_SpiUartWriteTxData
 155              		.code	16
 156              		.thumb_func
 157              		.type	UART_SpiUartWriteTxData, %function
 158              	UART_SpiUartWriteTxData:
 159              	.LFB3:
 198:.\Generated_Source\PSoC4/UART_SPI_UART.c **** 
 199:.\Generated_Source\PSoC4/UART_SPI_UART.c **** #endif /* (UART_RX_DIRECTION) */
 200:.\Generated_Source\PSoC4/UART_SPI_UART.c **** 
 201:.\Generated_Source\PSoC4/UART_SPI_UART.c **** 
 202:.\Generated_Source\PSoC4/UART_SPI_UART.c **** #if(UART_TX_DIRECTION)
 203:.\Generated_Source\PSoC4/UART_SPI_UART.c **** 
 204:.\Generated_Source\PSoC4/UART_SPI_UART.c ****     /*******************************************************************************
 205:.\Generated_Source\PSoC4/UART_SPI_UART.c ****     * Function Name: UART_SpiUartWriteTxData
 206:.\Generated_Source\PSoC4/UART_SPI_UART.c ****     ********************************************************************************
 207:.\Generated_Source\PSoC4/UART_SPI_UART.c ****     *
 208:.\Generated_Source\PSoC4/UART_SPI_UART.c ****     * Summary:
 209:.\Generated_Source\PSoC4/UART_SPI_UART.c ****     *  Places a data entry into the transmit buffer to be sent at the next available
 210:.\Generated_Source\PSoC4/UART_SPI_UART.c ****     *  bus time.
 211:.\Generated_Source\PSoC4/UART_SPI_UART.c ****     *  This function is blocking and waits until there is space available to put the
 212:.\Generated_Source\PSoC4/UART_SPI_UART.c ****     *  requested data in the transmit buffer.
 213:.\Generated_Source\PSoC4/UART_SPI_UART.c ****     *
 214:.\Generated_Source\PSoC4/UART_SPI_UART.c ****     * Parameters:
 215:.\Generated_Source\PSoC4/UART_SPI_UART.c ****     *  txDataByte: the data to be transmitted.
 216:.\Generated_Source\PSoC4/UART_SPI_UART.c ****     *
 217:.\Generated_Source\PSoC4/UART_SPI_UART.c ****     * Return:
 218:.\Generated_Source\PSoC4/UART_SPI_UART.c ****     *  None
 219:.\Generated_Source\PSoC4/UART_SPI_UART.c ****     *
 220:.\Generated_Source\PSoC4/UART_SPI_UART.c ****     *******************************************************************************/
 221:.\Generated_Source\PSoC4/UART_SPI_UART.c ****     void UART_SpiUartWriteTxData(uint32 txDataByte)
 222:.\Generated_Source\PSoC4/UART_SPI_UART.c ****     {
 160              		.loc 1 222 0
 161              		.cfi_startproc
 162 0000 80B5     		push	{r7, lr}
 163              	.LCFI8:
 164              		.cfi_def_cfa_offset 8
 165              		.cfi_offset 7, -8
 166              		.cfi_offset 14, -4
 167 0002 82B0     		sub	sp, sp, #8
 168              	.LCFI9:
 169              		.cfi_def_cfa_offset 16
 170 0004 00AF     		add	r7, sp, #0
 171              	.LCFI10:
 172              		.cfi_def_cfa_register 7
 173 0006 7860     		str	r0, [r7, #4]
ARM GAS  C:\Users\wbz\AppData\Local\Temp\ccZROLSr.s 			page 8


 174              	.L14:
 223:.\Generated_Source\PSoC4/UART_SPI_UART.c ****         #if(UART_INTERNAL_TX_SW_BUFFER_CONST)
 224:.\Generated_Source\PSoC4/UART_SPI_UART.c ****             uint32 locHead;
 225:.\Generated_Source\PSoC4/UART_SPI_UART.c ****             uint32 intSourceMask;
 226:.\Generated_Source\PSoC4/UART_SPI_UART.c ****         #endif /* (UART_INTERNAL_TX_SW_BUFFER_CONST) */
 227:.\Generated_Source\PSoC4/UART_SPI_UART.c **** 
 228:.\Generated_Source\PSoC4/UART_SPI_UART.c ****         #if(UART_CHECK_TX_SW_BUFFER)
 229:.\Generated_Source\PSoC4/UART_SPI_UART.c ****         {
 230:.\Generated_Source\PSoC4/UART_SPI_UART.c ****             /* Head index to put data */
 231:.\Generated_Source\PSoC4/UART_SPI_UART.c ****             locHead = (UART_txBufferHead + 1u);
 232:.\Generated_Source\PSoC4/UART_SPI_UART.c **** 
 233:.\Generated_Source\PSoC4/UART_SPI_UART.c ****             /* Adjust TX software buffer index */
 234:.\Generated_Source\PSoC4/UART_SPI_UART.c ****             if(UART_TX_BUFFER_SIZE == locHead)
 235:.\Generated_Source\PSoC4/UART_SPI_UART.c ****             {
 236:.\Generated_Source\PSoC4/UART_SPI_UART.c ****                 locHead = 0u;
 237:.\Generated_Source\PSoC4/UART_SPI_UART.c ****             }
 238:.\Generated_Source\PSoC4/UART_SPI_UART.c **** 
 239:.\Generated_Source\PSoC4/UART_SPI_UART.c ****             while(locHead == UART_txBufferTail)
 240:.\Generated_Source\PSoC4/UART_SPI_UART.c ****             {
 241:.\Generated_Source\PSoC4/UART_SPI_UART.c ****                 /* Wait for space in the TX software buffer */
 242:.\Generated_Source\PSoC4/UART_SPI_UART.c ****             }
 243:.\Generated_Source\PSoC4/UART_SPI_UART.c **** 
 244:.\Generated_Source\PSoC4/UART_SPI_UART.c ****             /* The TX software buffer has at least one room */
 245:.\Generated_Source\PSoC4/UART_SPI_UART.c **** 
 246:.\Generated_Source\PSoC4/UART_SPI_UART.c ****             if((UART_txBufferHead == UART_txBufferTail) &&
 247:.\Generated_Source\PSoC4/UART_SPI_UART.c ****                (UART_FIFO_SIZE != UART_GET_TX_FIFO_ENTRIES))
 248:.\Generated_Source\PSoC4/UART_SPI_UART.c ****             {
 249:.\Generated_Source\PSoC4/UART_SPI_UART.c ****                 /* TX software buffer is empty: put data directly in TX FIFO */
 250:.\Generated_Source\PSoC4/UART_SPI_UART.c ****                 UART_TX_FIFO_WR_REG = txDataByte;
 251:.\Generated_Source\PSoC4/UART_SPI_UART.c ****             }
 252:.\Generated_Source\PSoC4/UART_SPI_UART.c ****             /* Put data in the TX software buffer */
 253:.\Generated_Source\PSoC4/UART_SPI_UART.c ****             else
 254:.\Generated_Source\PSoC4/UART_SPI_UART.c ****             {
 255:.\Generated_Source\PSoC4/UART_SPI_UART.c ****                 /* Clear old status of INTR_TX_EMPTY. It sets at the end of transfer: TX FIFO empty
 256:.\Generated_Source\PSoC4/UART_SPI_UART.c ****                 UART_ClearTxInterruptSource(UART_INTR_TX_EMPTY);
 257:.\Generated_Source\PSoC4/UART_SPI_UART.c **** 
 258:.\Generated_Source\PSoC4/UART_SPI_UART.c ****                 UART_PutWordInTxBuffer(locHead, txDataByte);
 259:.\Generated_Source\PSoC4/UART_SPI_UART.c **** 
 260:.\Generated_Source\PSoC4/UART_SPI_UART.c ****                 UART_txBufferHead = locHead;
 261:.\Generated_Source\PSoC4/UART_SPI_UART.c **** 
 262:.\Generated_Source\PSoC4/UART_SPI_UART.c ****                 /* Enable interrupt to transmit */
 263:.\Generated_Source\PSoC4/UART_SPI_UART.c ****                 intSourceMask  = UART_INTR_TX_EMPTY;
 264:.\Generated_Source\PSoC4/UART_SPI_UART.c ****                 intSourceMask |= UART_GetTxInterruptMode();
 265:.\Generated_Source\PSoC4/UART_SPI_UART.c ****                 UART_SpiUartEnableIntTx(intSourceMask);
 266:.\Generated_Source\PSoC4/UART_SPI_UART.c ****             }
 267:.\Generated_Source\PSoC4/UART_SPI_UART.c ****         }
 268:.\Generated_Source\PSoC4/UART_SPI_UART.c ****         #else
 269:.\Generated_Source\PSoC4/UART_SPI_UART.c ****         {
 270:.\Generated_Source\PSoC4/UART_SPI_UART.c ****             while(UART_FIFO_SIZE == UART_GET_TX_FIFO_ENTRIES)
 175              		.loc 1 270 0
 176 0008 054B     		ldr	r3, .L16
 177 000a 1A68     		ldr	r2, [r3]
 178 000c 0F23     		mov	r3, #15
 179 000e 1340     		and	r3, r3, r2
 180 0010 082B     		cmp	r3, #8
 181 0012 F9D0     		beq	.L14
 271:.\Generated_Source\PSoC4/UART_SPI_UART.c ****             {
ARM GAS  C:\Users\wbz\AppData\Local\Temp\ccZROLSr.s 			page 9


 272:.\Generated_Source\PSoC4/UART_SPI_UART.c ****                 /* Block while TX FIFO is FULL */
 273:.\Generated_Source\PSoC4/UART_SPI_UART.c ****             }
 274:.\Generated_Source\PSoC4/UART_SPI_UART.c **** 
 275:.\Generated_Source\PSoC4/UART_SPI_UART.c ****             UART_TX_FIFO_WR_REG = txDataByte;
 182              		.loc 1 275 0
 183 0014 034B     		ldr	r3, .L16+4
 184 0016 7A68     		ldr	r2, [r7, #4]
 185 0018 1A60     		str	r2, [r3]
 276:.\Generated_Source\PSoC4/UART_SPI_UART.c ****         }
 277:.\Generated_Source\PSoC4/UART_SPI_UART.c ****         #endif
 278:.\Generated_Source\PSoC4/UART_SPI_UART.c ****     }
 186              		.loc 1 278 0
 187 001a BD46     		mov	sp, r7
 188 001c 02B0     		add	sp, sp, #8
 189              		@ sp needed for prologue
 190 001e 80BD     		pop	{r7, pc}
 191              	.L17:
 192              		.align	2
 193              	.L16:
 194 0020 08020640 		.word	1074135560
 195 0024 40020640 		.word	1074135616
 196              		.cfi_endproc
 197              	.LFE3:
 198              		.size	UART_SpiUartWriteTxData, .-UART_SpiUartWriteTxData
 199              		.section	.text.UART_SpiUartPutArray,"ax",%progbits
 200              		.align	2
 201              		.global	UART_SpiUartPutArray
 202              		.code	16
 203              		.thumb_func
 204              		.type	UART_SpiUartPutArray, %function
 205              	UART_SpiUartPutArray:
 206              	.LFB4:
 279:.\Generated_Source\PSoC4/UART_SPI_UART.c **** 
 280:.\Generated_Source\PSoC4/UART_SPI_UART.c **** 
 281:.\Generated_Source\PSoC4/UART_SPI_UART.c ****     /*******************************************************************************
 282:.\Generated_Source\PSoC4/UART_SPI_UART.c ****     * Function Name: UART_SpiUartPutArray
 283:.\Generated_Source\PSoC4/UART_SPI_UART.c ****     ********************************************************************************
 284:.\Generated_Source\PSoC4/UART_SPI_UART.c ****     *
 285:.\Generated_Source\PSoC4/UART_SPI_UART.c ****     * Summary:
 286:.\Generated_Source\PSoC4/UART_SPI_UART.c ****     *  Places an array of data into the transmit buffer to be sent.
 287:.\Generated_Source\PSoC4/UART_SPI_UART.c ****     *  This function is blocking and waits until there is a space available to put
 288:.\Generated_Source\PSoC4/UART_SPI_UART.c ****     *  all the requested data in the transmit buffer. The array size can be greater
 289:.\Generated_Source\PSoC4/UART_SPI_UART.c ****     *  than transmit buffer size.
 290:.\Generated_Source\PSoC4/UART_SPI_UART.c ****     *
 291:.\Generated_Source\PSoC4/UART_SPI_UART.c ****     * Parameters:
 292:.\Generated_Source\PSoC4/UART_SPI_UART.c ****     *  wrBuf:  pointer to an array with data to be placed in transmit buffer.
 293:.\Generated_Source\PSoC4/UART_SPI_UART.c ****     *  count:  number of data elements to be placed in the transmit buffer.
 294:.\Generated_Source\PSoC4/UART_SPI_UART.c ****     *
 295:.\Generated_Source\PSoC4/UART_SPI_UART.c ****     * Return:
 296:.\Generated_Source\PSoC4/UART_SPI_UART.c ****     *  None
 297:.\Generated_Source\PSoC4/UART_SPI_UART.c ****     *
 298:.\Generated_Source\PSoC4/UART_SPI_UART.c ****     *******************************************************************************/
 299:.\Generated_Source\PSoC4/UART_SPI_UART.c ****     void UART_SpiUartPutArray(const uint8 wrBuf[], uint32 count)
 300:.\Generated_Source\PSoC4/UART_SPI_UART.c ****     {
 207              		.loc 1 300 0
 208              		.cfi_startproc
 209 0000 80B5     		push	{r7, lr}
ARM GAS  C:\Users\wbz\AppData\Local\Temp\ccZROLSr.s 			page 10


 210              	.LCFI11:
 211              		.cfi_def_cfa_offset 8
 212              		.cfi_offset 7, -8
 213              		.cfi_offset 14, -4
 214 0002 84B0     		sub	sp, sp, #16
 215              	.LCFI12:
 216              		.cfi_def_cfa_offset 24
 217 0004 00AF     		add	r7, sp, #0
 218              	.LCFI13:
 219              		.cfi_def_cfa_register 7
 220 0006 7860     		str	r0, [r7, #4]
 221 0008 3960     		str	r1, [r7]
 301:.\Generated_Source\PSoC4/UART_SPI_UART.c ****         uint32 i;
 302:.\Generated_Source\PSoC4/UART_SPI_UART.c **** 
 303:.\Generated_Source\PSoC4/UART_SPI_UART.c ****         for(i=0u; i < count; i++)
 222              		.loc 1 303 0
 223 000a 0023     		mov	r3, #0
 224 000c FB60     		str	r3, [r7, #12]
 225 000e 09E0     		b	.L19
 226              	.L20:
 304:.\Generated_Source\PSoC4/UART_SPI_UART.c ****         {
 305:.\Generated_Source\PSoC4/UART_SPI_UART.c ****             UART_SpiUartWriteTxData((uint32) wrBuf[i]);
 227              		.loc 1 305 0
 228 0010 7A68     		ldr	r2, [r7, #4]
 229 0012 FB68     		ldr	r3, [r7, #12]
 230 0014 D318     		add	r3, r2, r3
 231 0016 1B78     		ldrb	r3, [r3]
 232 0018 181C     		mov	r0, r3
 233 001a FFF7FEFF 		bl	UART_SpiUartWriteTxData
 234              		.loc 1 303 0
 235 001e FB68     		ldr	r3, [r7, #12]
 236 0020 0133     		add	r3, r3, #1
 237 0022 FB60     		str	r3, [r7, #12]
 238              	.L19:
 239 0024 FA68     		ldr	r2, [r7, #12]
 240 0026 3B68     		ldr	r3, [r7]
 241 0028 9A42     		cmp	r2, r3
 242 002a F1D3     		bcc	.L20
 306:.\Generated_Source\PSoC4/UART_SPI_UART.c ****         }
 307:.\Generated_Source\PSoC4/UART_SPI_UART.c ****     }
 243              		.loc 1 307 0
 244 002c BD46     		mov	sp, r7
 245 002e 04B0     		add	sp, sp, #16
 246              		@ sp needed for prologue
 247 0030 80BD     		pop	{r7, pc}
 248              		.cfi_endproc
 249              	.LFE4:
 250              		.size	UART_SpiUartPutArray, .-UART_SpiUartPutArray
 251              		.section	.text.UART_SpiUartGetTxBufferSize,"ax",%progbits
 252              		.align	2
 253              		.global	UART_SpiUartGetTxBufferSize
 254              		.code	16
 255              		.thumb_func
 256              		.type	UART_SpiUartGetTxBufferSize, %function
 257              	UART_SpiUartGetTxBufferSize:
 258              	.LFB5:
 308:.\Generated_Source\PSoC4/UART_SPI_UART.c **** 
ARM GAS  C:\Users\wbz\AppData\Local\Temp\ccZROLSr.s 			page 11


 309:.\Generated_Source\PSoC4/UART_SPI_UART.c **** 
 310:.\Generated_Source\PSoC4/UART_SPI_UART.c ****     /*******************************************************************************
 311:.\Generated_Source\PSoC4/UART_SPI_UART.c ****     * Function Name: UART_SpiUartGetTxBufferSize
 312:.\Generated_Source\PSoC4/UART_SPI_UART.c ****     ********************************************************************************
 313:.\Generated_Source\PSoC4/UART_SPI_UART.c ****     *
 314:.\Generated_Source\PSoC4/UART_SPI_UART.c ****     * Summary:
 315:.\Generated_Source\PSoC4/UART_SPI_UART.c ****     *  Returns the number of elements currently in the transmit buffer.
 316:.\Generated_Source\PSoC4/UART_SPI_UART.c ****     *  TX software buffer disabled: returns the number of used entries in TX FIFO.
 317:.\Generated_Source\PSoC4/UART_SPI_UART.c ****     *  TX software buffer enabled: returns the number of elements currently used
 318:.\Generated_Source\PSoC4/UART_SPI_UART.c ****     *  in the transmit buffer. This number does not include used entries in the
 319:.\Generated_Source\PSoC4/UART_SPI_UART.c ****     *  TX FIFO. The transmit buffer size is zero until the TX FIFO is full.
 320:.\Generated_Source\PSoC4/UART_SPI_UART.c ****     *
 321:.\Generated_Source\PSoC4/UART_SPI_UART.c ****     * Parameters:
 322:.\Generated_Source\PSoC4/UART_SPI_UART.c ****     *  None
 323:.\Generated_Source\PSoC4/UART_SPI_UART.c ****     *
 324:.\Generated_Source\PSoC4/UART_SPI_UART.c ****     * Return:
 325:.\Generated_Source\PSoC4/UART_SPI_UART.c ****     *  Number of data elements ready to transmit.
 326:.\Generated_Source\PSoC4/UART_SPI_UART.c ****     *
 327:.\Generated_Source\PSoC4/UART_SPI_UART.c ****     *******************************************************************************/
 328:.\Generated_Source\PSoC4/UART_SPI_UART.c ****     uint32 UART_SpiUartGetTxBufferSize(void)
 329:.\Generated_Source\PSoC4/UART_SPI_UART.c ****     {
 259              		.loc 1 329 0
 260              		.cfi_startproc
 261 0000 80B5     		push	{r7, lr}
 262              	.LCFI14:
 263              		.cfi_def_cfa_offset 8
 264              		.cfi_offset 7, -8
 265              		.cfi_offset 14, -4
 266 0002 82B0     		sub	sp, sp, #8
 267              	.LCFI15:
 268              		.cfi_def_cfa_offset 16
 269 0004 00AF     		add	r7, sp, #0
 270              	.LCFI16:
 271              		.cfi_def_cfa_register 7
 330:.\Generated_Source\PSoC4/UART_SPI_UART.c ****         uint32 size;
 331:.\Generated_Source\PSoC4/UART_SPI_UART.c ****         #if(UART_INTERNAL_TX_SW_BUFFER_CONST)
 332:.\Generated_Source\PSoC4/UART_SPI_UART.c ****             uint32 locTail;
 333:.\Generated_Source\PSoC4/UART_SPI_UART.c ****         #endif /* (UART_INTERNAL_TX_SW_BUFFER_CONST) */
 334:.\Generated_Source\PSoC4/UART_SPI_UART.c **** 
 335:.\Generated_Source\PSoC4/UART_SPI_UART.c ****         #if(UART_CHECK_TX_SW_BUFFER)
 336:.\Generated_Source\PSoC4/UART_SPI_UART.c ****         {
 337:.\Generated_Source\PSoC4/UART_SPI_UART.c ****             /* Get current Tail index */
 338:.\Generated_Source\PSoC4/UART_SPI_UART.c ****             locTail = UART_txBufferTail;
 339:.\Generated_Source\PSoC4/UART_SPI_UART.c **** 
 340:.\Generated_Source\PSoC4/UART_SPI_UART.c ****             if(UART_txBufferHead >= locTail)
 341:.\Generated_Source\PSoC4/UART_SPI_UART.c ****             {
 342:.\Generated_Source\PSoC4/UART_SPI_UART.c ****                 size = (UART_txBufferHead - locTail);
 343:.\Generated_Source\PSoC4/UART_SPI_UART.c ****             }
 344:.\Generated_Source\PSoC4/UART_SPI_UART.c ****             else
 345:.\Generated_Source\PSoC4/UART_SPI_UART.c ****             {
 346:.\Generated_Source\PSoC4/UART_SPI_UART.c ****                 size = (UART_txBufferHead + (UART_TX_BUFFER_SIZE - locTail));
 347:.\Generated_Source\PSoC4/UART_SPI_UART.c ****             }
 348:.\Generated_Source\PSoC4/UART_SPI_UART.c ****         }
 349:.\Generated_Source\PSoC4/UART_SPI_UART.c ****         #else
 350:.\Generated_Source\PSoC4/UART_SPI_UART.c ****         {
 351:.\Generated_Source\PSoC4/UART_SPI_UART.c ****             size = UART_GET_TX_FIFO_ENTRIES;
 272              		.loc 1 351 0
ARM GAS  C:\Users\wbz\AppData\Local\Temp\ccZROLSr.s 			page 12


 273 0006 054B     		ldr	r3, .L24
 274 0008 1A68     		ldr	r2, [r3]
 275 000a 0F23     		mov	r3, #15
 276 000c 1340     		and	r3, r3, r2
 277 000e 7B60     		str	r3, [r7, #4]
 352:.\Generated_Source\PSoC4/UART_SPI_UART.c ****         }
 353:.\Generated_Source\PSoC4/UART_SPI_UART.c ****         #endif
 354:.\Generated_Source\PSoC4/UART_SPI_UART.c **** 
 355:.\Generated_Source\PSoC4/UART_SPI_UART.c ****         return(size);
 278              		.loc 1 355 0
 279 0010 7B68     		ldr	r3, [r7, #4]
 356:.\Generated_Source\PSoC4/UART_SPI_UART.c ****     }
 280              		.loc 1 356 0
 281 0012 181C     		mov	r0, r3
 282 0014 BD46     		mov	sp, r7
 283 0016 02B0     		add	sp, sp, #8
 284              		@ sp needed for prologue
 285 0018 80BD     		pop	{r7, pc}
 286              	.L25:
 287 001a C046     		.align	2
 288              	.L24:
 289 001c 08020640 		.word	1074135560
 290              		.cfi_endproc
 291              	.LFE5:
 292              		.size	UART_SpiUartGetTxBufferSize, .-UART_SpiUartGetTxBufferSize
 293              		.section	.text.UART_SpiUartClearTxBuffer,"ax",%progbits
 294              		.align	2
 295              		.global	UART_SpiUartClearTxBuffer
 296              		.code	16
 297              		.thumb_func
 298              		.type	UART_SpiUartClearTxBuffer, %function
 299              	UART_SpiUartClearTxBuffer:
 300              	.LFB6:
 357:.\Generated_Source\PSoC4/UART_SPI_UART.c **** 
 358:.\Generated_Source\PSoC4/UART_SPI_UART.c **** 
 359:.\Generated_Source\PSoC4/UART_SPI_UART.c ****     /*******************************************************************************
 360:.\Generated_Source\PSoC4/UART_SPI_UART.c ****     * Function Name: UART_SpiUartClearTxBuffer
 361:.\Generated_Source\PSoC4/UART_SPI_UART.c ****     ********************************************************************************
 362:.\Generated_Source\PSoC4/UART_SPI_UART.c ****     *
 363:.\Generated_Source\PSoC4/UART_SPI_UART.c ****     * Summary:
 364:.\Generated_Source\PSoC4/UART_SPI_UART.c ****     *  Clears the transmit buffer and TX FIFO.
 365:.\Generated_Source\PSoC4/UART_SPI_UART.c ****     *
 366:.\Generated_Source\PSoC4/UART_SPI_UART.c ****     * Parameters:
 367:.\Generated_Source\PSoC4/UART_SPI_UART.c ****     *  None
 368:.\Generated_Source\PSoC4/UART_SPI_UART.c ****     *
 369:.\Generated_Source\PSoC4/UART_SPI_UART.c ****     * Return:
 370:.\Generated_Source\PSoC4/UART_SPI_UART.c ****     *  None
 371:.\Generated_Source\PSoC4/UART_SPI_UART.c ****     *
 372:.\Generated_Source\PSoC4/UART_SPI_UART.c ****     *******************************************************************************/
 373:.\Generated_Source\PSoC4/UART_SPI_UART.c ****     void UART_SpiUartClearTxBuffer(void)
 374:.\Generated_Source\PSoC4/UART_SPI_UART.c ****     {
 301              		.loc 1 374 0
 302              		.cfi_startproc
 303 0000 80B5     		push	{r7, lr}
 304              	.LCFI17:
 305              		.cfi_def_cfa_offset 8
 306              		.cfi_offset 7, -8
ARM GAS  C:\Users\wbz\AppData\Local\Temp\ccZROLSr.s 			page 13


 307              		.cfi_offset 14, -4
 308 0002 00AF     		add	r7, sp, #0
 309              	.LCFI18:
 310              		.cfi_def_cfa_register 7
 375:.\Generated_Source\PSoC4/UART_SPI_UART.c ****         #if(UART_INTERNAL_TX_SW_BUFFER_CONST)
 376:.\Generated_Source\PSoC4/UART_SPI_UART.c ****             uint32 intSourceMask;
 377:.\Generated_Source\PSoC4/UART_SPI_UART.c ****         #endif /* (UART_INTERNAL_TX_SW_BUFFER_CONST) */
 378:.\Generated_Source\PSoC4/UART_SPI_UART.c **** 
 379:.\Generated_Source\PSoC4/UART_SPI_UART.c ****         #if(UART_CHECK_TX_SW_BUFFER)
 380:.\Generated_Source\PSoC4/UART_SPI_UART.c ****         {
 381:.\Generated_Source\PSoC4/UART_SPI_UART.c ****             intSourceMask = UART_SpiUartDisableIntTx();
 382:.\Generated_Source\PSoC4/UART_SPI_UART.c **** 
 383:.\Generated_Source\PSoC4/UART_SPI_UART.c ****             UART_CLEAR_TX_FIFO;
 384:.\Generated_Source\PSoC4/UART_SPI_UART.c **** 
 385:.\Generated_Source\PSoC4/UART_SPI_UART.c ****             /* Flush TX software buffer */
 386:.\Generated_Source\PSoC4/UART_SPI_UART.c ****             UART_txBufferHead = UART_txBufferTail;
 387:.\Generated_Source\PSoC4/UART_SPI_UART.c **** 
 388:.\Generated_Source\PSoC4/UART_SPI_UART.c ****             /* End TX transfer if it is in progress */
 389:.\Generated_Source\PSoC4/UART_SPI_UART.c ****             intSourceMask &= (uint32) ~UART_INTR_TX_EMPTY;
 390:.\Generated_Source\PSoC4/UART_SPI_UART.c **** 
 391:.\Generated_Source\PSoC4/UART_SPI_UART.c ****             UART_SpiUartEnableIntTx(intSourceMask);
 392:.\Generated_Source\PSoC4/UART_SPI_UART.c ****         }
 393:.\Generated_Source\PSoC4/UART_SPI_UART.c ****         #else
 394:.\Generated_Source\PSoC4/UART_SPI_UART.c ****         {
 395:.\Generated_Source\PSoC4/UART_SPI_UART.c ****             UART_CLEAR_TX_FIFO;
 311              		.loc 1 395 0
 312 0004 074A     		ldr	r2, .L28
 313 0006 074B     		ldr	r3, .L28
 314 0008 1968     		ldr	r1, [r3]
 315 000a 8023     		mov	r3, #128
 316 000c 5B02     		lsl	r3, r3, #9
 317 000e 0B43     		orr	r3, r3, r1
 318 0010 1360     		str	r3, [r2]
 319 0012 044B     		ldr	r3, .L28
 320 0014 034A     		ldr	r2, .L28
 321 0016 1168     		ldr	r1, [r2]
 322 0018 034A     		ldr	r2, .L28+4
 323 001a 0A40     		and	r2, r2, r1
 324 001c 1A60     		str	r2, [r3]
 396:.\Generated_Source\PSoC4/UART_SPI_UART.c ****         }
 397:.\Generated_Source\PSoC4/UART_SPI_UART.c ****         #endif
 398:.\Generated_Source\PSoC4/UART_SPI_UART.c ****     }
 325              		.loc 1 398 0
 326 001e BD46     		mov	sp, r7
 327              		@ sp needed for prologue
 328 0020 80BD     		pop	{r7, pc}
 329              	.L29:
 330 0022 C046     		.align	2
 331              	.L28:
 332 0024 04020640 		.word	1074135556
 333 0028 FFFFFEFF 		.word	-65537
 334              		.cfi_endproc
 335              	.LFE6:
 336              		.size	UART_SpiUartClearTxBuffer, .-UART_SpiUartClearTxBuffer
 337              		.section	.text.UART_SpiUartDisableIntRx,"ax",%progbits
 338              		.align	2
 339              		.global	UART_SpiUartDisableIntRx
ARM GAS  C:\Users\wbz\AppData\Local\Temp\ccZROLSr.s 			page 14


 340              		.code	16
 341              		.thumb_func
 342              		.type	UART_SpiUartDisableIntRx, %function
 343              	UART_SpiUartDisableIntRx:
 344              	.LFB7:
 399:.\Generated_Source\PSoC4/UART_SPI_UART.c **** 
 400:.\Generated_Source\PSoC4/UART_SPI_UART.c **** #endif /* (UART_TX_DIRECTION) */
 401:.\Generated_Source\PSoC4/UART_SPI_UART.c **** 
 402:.\Generated_Source\PSoC4/UART_SPI_UART.c **** 
 403:.\Generated_Source\PSoC4/UART_SPI_UART.c **** /*******************************************************************************
 404:.\Generated_Source\PSoC4/UART_SPI_UART.c **** * Function Name: UART_SpiUartDisableIntRx
 405:.\Generated_Source\PSoC4/UART_SPI_UART.c **** ********************************************************************************
 406:.\Generated_Source\PSoC4/UART_SPI_UART.c **** *
 407:.\Generated_Source\PSoC4/UART_SPI_UART.c **** * Summary:
 408:.\Generated_Source\PSoC4/UART_SPI_UART.c **** *  Disables RX interrupt sources.
 409:.\Generated_Source\PSoC4/UART_SPI_UART.c **** *
 410:.\Generated_Source\PSoC4/UART_SPI_UART.c **** * Parameters:
 411:.\Generated_Source\PSoC4/UART_SPI_UART.c **** *  None
 412:.\Generated_Source\PSoC4/UART_SPI_UART.c **** *
 413:.\Generated_Source\PSoC4/UART_SPI_UART.c **** * Return:
 414:.\Generated_Source\PSoC4/UART_SPI_UART.c **** *  Returns RX interrupt soureces enabled before function call.
 415:.\Generated_Source\PSoC4/UART_SPI_UART.c **** *
 416:.\Generated_Source\PSoC4/UART_SPI_UART.c **** *******************************************************************************/
 417:.\Generated_Source\PSoC4/UART_SPI_UART.c **** uint32 UART_SpiUartDisableIntRx(void)
 418:.\Generated_Source\PSoC4/UART_SPI_UART.c **** {
 345              		.loc 1 418 0
 346              		.cfi_startproc
 347 0000 80B5     		push	{r7, lr}
 348              	.LCFI19:
 349              		.cfi_def_cfa_offset 8
 350              		.cfi_offset 7, -8
 351              		.cfi_offset 14, -4
 352 0002 82B0     		sub	sp, sp, #8
 353              	.LCFI20:
 354              		.cfi_def_cfa_offset 16
 355 0004 00AF     		add	r7, sp, #0
 356              	.LCFI21:
 357              		.cfi_def_cfa_register 7
 419:.\Generated_Source\PSoC4/UART_SPI_UART.c ****     uint32 intSource;
 420:.\Generated_Source\PSoC4/UART_SPI_UART.c **** 
 421:.\Generated_Source\PSoC4/UART_SPI_UART.c ****     intSource = UART_GetRxInterruptMode();
 358              		.loc 1 421 0
 359 0006 054B     		ldr	r3, .L32
 360 0008 1B68     		ldr	r3, [r3]
 361 000a 7B60     		str	r3, [r7, #4]
 422:.\Generated_Source\PSoC4/UART_SPI_UART.c **** 
 423:.\Generated_Source\PSoC4/UART_SPI_UART.c ****     UART_SetRxInterruptMode(UART_NO_INTR_SOURCES);
 362              		.loc 1 423 0
 363 000c 034B     		ldr	r3, .L32
 364 000e 0022     		mov	r2, #0
 365 0010 1A60     		str	r2, [r3]
 424:.\Generated_Source\PSoC4/UART_SPI_UART.c **** 
 425:.\Generated_Source\PSoC4/UART_SPI_UART.c ****     return(intSource);
 366              		.loc 1 425 0
 367 0012 7B68     		ldr	r3, [r7, #4]
 426:.\Generated_Source\PSoC4/UART_SPI_UART.c **** }
 368              		.loc 1 426 0
ARM GAS  C:\Users\wbz\AppData\Local\Temp\ccZROLSr.s 			page 15


 369 0014 181C     		mov	r0, r3
 370 0016 BD46     		mov	sp, r7
 371 0018 02B0     		add	sp, sp, #8
 372              		@ sp needed for prologue
 373 001a 80BD     		pop	{r7, pc}
 374              	.L33:
 375              		.align	2
 376              	.L32:
 377 001c C80F0640 		.word	1074139080
 378              		.cfi_endproc
 379              	.LFE7:
 380              		.size	UART_SpiUartDisableIntRx, .-UART_SpiUartDisableIntRx
 381              		.section	.text.UART_SpiUartDisableIntTx,"ax",%progbits
 382              		.align	2
 383              		.global	UART_SpiUartDisableIntTx
 384              		.code	16
 385              		.thumb_func
 386              		.type	UART_SpiUartDisableIntTx, %function
 387              	UART_SpiUartDisableIntTx:
 388              	.LFB8:
 427:.\Generated_Source\PSoC4/UART_SPI_UART.c **** 
 428:.\Generated_Source\PSoC4/UART_SPI_UART.c **** 
 429:.\Generated_Source\PSoC4/UART_SPI_UART.c **** /*******************************************************************************
 430:.\Generated_Source\PSoC4/UART_SPI_UART.c **** * Function Name: UART_SpiUartDisableIntTx
 431:.\Generated_Source\PSoC4/UART_SPI_UART.c **** ********************************************************************************
 432:.\Generated_Source\PSoC4/UART_SPI_UART.c **** *
 433:.\Generated_Source\PSoC4/UART_SPI_UART.c **** * Summary:
 434:.\Generated_Source\PSoC4/UART_SPI_UART.c **** *  Disables TX interrupt sources.
 435:.\Generated_Source\PSoC4/UART_SPI_UART.c **** *
 436:.\Generated_Source\PSoC4/UART_SPI_UART.c **** * Parameters:
 437:.\Generated_Source\PSoC4/UART_SPI_UART.c **** *  None
 438:.\Generated_Source\PSoC4/UART_SPI_UART.c **** *
 439:.\Generated_Source\PSoC4/UART_SPI_UART.c **** * Return:
 440:.\Generated_Source\PSoC4/UART_SPI_UART.c **** *  Returns TX interrupt soureces enabled before function call.
 441:.\Generated_Source\PSoC4/UART_SPI_UART.c **** *
 442:.\Generated_Source\PSoC4/UART_SPI_UART.c **** *******************************************************************************/
 443:.\Generated_Source\PSoC4/UART_SPI_UART.c **** uint32 UART_SpiUartDisableIntTx(void)
 444:.\Generated_Source\PSoC4/UART_SPI_UART.c **** {
 389              		.loc 1 444 0
 390              		.cfi_startproc
 391 0000 80B5     		push	{r7, lr}
 392              	.LCFI22:
 393              		.cfi_def_cfa_offset 8
 394              		.cfi_offset 7, -8
 395              		.cfi_offset 14, -4
 396 0002 82B0     		sub	sp, sp, #8
 397              	.LCFI23:
 398              		.cfi_def_cfa_offset 16
 399 0004 00AF     		add	r7, sp, #0
 400              	.LCFI24:
 401              		.cfi_def_cfa_register 7
 445:.\Generated_Source\PSoC4/UART_SPI_UART.c ****     uint32 intSourceMask;
 446:.\Generated_Source\PSoC4/UART_SPI_UART.c **** 
 447:.\Generated_Source\PSoC4/UART_SPI_UART.c ****     intSourceMask = UART_GetTxInterruptMode();
 402              		.loc 1 447 0
 403 0006 054B     		ldr	r3, .L36
 404 0008 1B68     		ldr	r3, [r3]
ARM GAS  C:\Users\wbz\AppData\Local\Temp\ccZROLSr.s 			page 16


 405 000a 7B60     		str	r3, [r7, #4]
 448:.\Generated_Source\PSoC4/UART_SPI_UART.c **** 
 449:.\Generated_Source\PSoC4/UART_SPI_UART.c ****     UART_SetTxInterruptMode(UART_NO_INTR_SOURCES);
 406              		.loc 1 449 0
 407 000c 034B     		ldr	r3, .L36
 408 000e 0022     		mov	r2, #0
 409 0010 1A60     		str	r2, [r3]
 450:.\Generated_Source\PSoC4/UART_SPI_UART.c **** 
 451:.\Generated_Source\PSoC4/UART_SPI_UART.c ****     return(intSourceMask);
 410              		.loc 1 451 0
 411 0012 7B68     		ldr	r3, [r7, #4]
 452:.\Generated_Source\PSoC4/UART_SPI_UART.c **** }
 412              		.loc 1 452 0
 413 0014 181C     		mov	r0, r3
 414 0016 BD46     		mov	sp, r7
 415 0018 02B0     		add	sp, sp, #8
 416              		@ sp needed for prologue
 417 001a 80BD     		pop	{r7, pc}
 418              	.L37:
 419              		.align	2
 420              	.L36:
 421 001c 880F0640 		.word	1074139016
 422              		.cfi_endproc
 423              	.LFE8:
 424              		.size	UART_SpiUartDisableIntTx, .-UART_SpiUartDisableIntTx
 425              		.text
 426              	.Letext0:
 427              		.section	.debug_loc,"",%progbits
 428              	.Ldebug_loc0:
 429              	.LLST0:
 430 0000 00000000 		.4byte	.LFB0
 431 0004 02000000 		.4byte	.LCFI0
 432 0008 0100     		.2byte	0x1
 433 000a 5D       		.byte	0x5d
 434 000b 02000000 		.4byte	.LCFI0
 435 000f 04000000 		.4byte	.LCFI1
 436 0013 0200     		.2byte	0x2
 437 0015 7D       		.byte	0x7d
 438 0016 08       		.sleb128 8
 439 0017 04000000 		.4byte	.LCFI1
 440 001b 06000000 		.4byte	.LCFI2
 441 001f 0200     		.2byte	0x2
 442 0021 7D       		.byte	0x7d
 443 0022 10       		.sleb128 16
 444 0023 06000000 		.4byte	.LCFI2
 445 0027 20000000 		.4byte	.LFE0
 446 002b 0200     		.2byte	0x2
 447 002d 77       		.byte	0x77
 448 002e 10       		.sleb128 16
 449 002f 00000000 		.4byte	0x0
 450 0033 00000000 		.4byte	0x0
 451              	.LLST1:
 452 0037 00000000 		.4byte	.LFB1
 453 003b 02000000 		.4byte	.LCFI3
 454 003f 0100     		.2byte	0x1
 455 0041 5D       		.byte	0x5d
 456 0042 02000000 		.4byte	.LCFI3
ARM GAS  C:\Users\wbz\AppData\Local\Temp\ccZROLSr.s 			page 17


 457 0046 04000000 		.4byte	.LCFI4
 458 004a 0200     		.2byte	0x2
 459 004c 7D       		.byte	0x7d
 460 004d 08       		.sleb128 8
 461 004e 04000000 		.4byte	.LCFI4
 462 0052 06000000 		.4byte	.LCFI5
 463 0056 0200     		.2byte	0x2
 464 0058 7D       		.byte	0x7d
 465 0059 10       		.sleb128 16
 466 005a 06000000 		.4byte	.LCFI5
 467 005e 20000000 		.4byte	.LFE1
 468 0062 0200     		.2byte	0x2
 469 0064 77       		.byte	0x77
 470 0065 10       		.sleb128 16
 471 0066 00000000 		.4byte	0x0
 472 006a 00000000 		.4byte	0x0
 473              	.LLST2:
 474 006e 00000000 		.4byte	.LFB2
 475 0072 02000000 		.4byte	.LCFI6
 476 0076 0100     		.2byte	0x1
 477 0078 5D       		.byte	0x5d
 478 0079 02000000 		.4byte	.LCFI6
 479 007d 04000000 		.4byte	.LCFI7
 480 0081 0200     		.2byte	0x2
 481 0083 7D       		.byte	0x7d
 482 0084 08       		.sleb128 8
 483 0085 04000000 		.4byte	.LCFI7
 484 0089 2C000000 		.4byte	.LFE2
 485 008d 0200     		.2byte	0x2
 486 008f 77       		.byte	0x77
 487 0090 08       		.sleb128 8
 488 0091 00000000 		.4byte	0x0
 489 0095 00000000 		.4byte	0x0
 490              	.LLST3:
 491 0099 00000000 		.4byte	.LFB3
 492 009d 02000000 		.4byte	.LCFI8
 493 00a1 0100     		.2byte	0x1
 494 00a3 5D       		.byte	0x5d
 495 00a4 02000000 		.4byte	.LCFI8
 496 00a8 04000000 		.4byte	.LCFI9
 497 00ac 0200     		.2byte	0x2
 498 00ae 7D       		.byte	0x7d
 499 00af 08       		.sleb128 8
 500 00b0 04000000 		.4byte	.LCFI9
 501 00b4 06000000 		.4byte	.LCFI10
 502 00b8 0200     		.2byte	0x2
 503 00ba 7D       		.byte	0x7d
 504 00bb 10       		.sleb128 16
 505 00bc 06000000 		.4byte	.LCFI10
 506 00c0 28000000 		.4byte	.LFE3
 507 00c4 0200     		.2byte	0x2
 508 00c6 77       		.byte	0x77
 509 00c7 10       		.sleb128 16
 510 00c8 00000000 		.4byte	0x0
 511 00cc 00000000 		.4byte	0x0
 512              	.LLST4:
 513 00d0 00000000 		.4byte	.LFB4
ARM GAS  C:\Users\wbz\AppData\Local\Temp\ccZROLSr.s 			page 18


 514 00d4 02000000 		.4byte	.LCFI11
 515 00d8 0100     		.2byte	0x1
 516 00da 5D       		.byte	0x5d
 517 00db 02000000 		.4byte	.LCFI11
 518 00df 04000000 		.4byte	.LCFI12
 519 00e3 0200     		.2byte	0x2
 520 00e5 7D       		.byte	0x7d
 521 00e6 08       		.sleb128 8
 522 00e7 04000000 		.4byte	.LCFI12
 523 00eb 06000000 		.4byte	.LCFI13
 524 00ef 0200     		.2byte	0x2
 525 00f1 7D       		.byte	0x7d
 526 00f2 18       		.sleb128 24
 527 00f3 06000000 		.4byte	.LCFI13
 528 00f7 32000000 		.4byte	.LFE4
 529 00fb 0200     		.2byte	0x2
 530 00fd 77       		.byte	0x77
 531 00fe 18       		.sleb128 24
 532 00ff 00000000 		.4byte	0x0
 533 0103 00000000 		.4byte	0x0
 534              	.LLST5:
 535 0107 00000000 		.4byte	.LFB5
 536 010b 02000000 		.4byte	.LCFI14
 537 010f 0100     		.2byte	0x1
 538 0111 5D       		.byte	0x5d
 539 0112 02000000 		.4byte	.LCFI14
 540 0116 04000000 		.4byte	.LCFI15
 541 011a 0200     		.2byte	0x2
 542 011c 7D       		.byte	0x7d
 543 011d 08       		.sleb128 8
 544 011e 04000000 		.4byte	.LCFI15
 545 0122 06000000 		.4byte	.LCFI16
 546 0126 0200     		.2byte	0x2
 547 0128 7D       		.byte	0x7d
 548 0129 10       		.sleb128 16
 549 012a 06000000 		.4byte	.LCFI16
 550 012e 20000000 		.4byte	.LFE5
 551 0132 0200     		.2byte	0x2
 552 0134 77       		.byte	0x77
 553 0135 10       		.sleb128 16
 554 0136 00000000 		.4byte	0x0
 555 013a 00000000 		.4byte	0x0
 556              	.LLST6:
 557 013e 00000000 		.4byte	.LFB6
 558 0142 02000000 		.4byte	.LCFI17
 559 0146 0100     		.2byte	0x1
 560 0148 5D       		.byte	0x5d
 561 0149 02000000 		.4byte	.LCFI17
 562 014d 04000000 		.4byte	.LCFI18
 563 0151 0200     		.2byte	0x2
 564 0153 7D       		.byte	0x7d
 565 0154 08       		.sleb128 8
 566 0155 04000000 		.4byte	.LCFI18
 567 0159 2C000000 		.4byte	.LFE6
 568 015d 0200     		.2byte	0x2
 569 015f 77       		.byte	0x77
 570 0160 08       		.sleb128 8
ARM GAS  C:\Users\wbz\AppData\Local\Temp\ccZROLSr.s 			page 19


 571 0161 00000000 		.4byte	0x0
 572 0165 00000000 		.4byte	0x0
 573              	.LLST7:
 574 0169 00000000 		.4byte	.LFB7
 575 016d 02000000 		.4byte	.LCFI19
 576 0171 0100     		.2byte	0x1
 577 0173 5D       		.byte	0x5d
 578 0174 02000000 		.4byte	.LCFI19
 579 0178 04000000 		.4byte	.LCFI20
 580 017c 0200     		.2byte	0x2
 581 017e 7D       		.byte	0x7d
 582 017f 08       		.sleb128 8
 583 0180 04000000 		.4byte	.LCFI20
 584 0184 06000000 		.4byte	.LCFI21
 585 0188 0200     		.2byte	0x2
 586 018a 7D       		.byte	0x7d
 587 018b 10       		.sleb128 16
 588 018c 06000000 		.4byte	.LCFI21
 589 0190 20000000 		.4byte	.LFE7
 590 0194 0200     		.2byte	0x2
 591 0196 77       		.byte	0x77
 592 0197 10       		.sleb128 16
 593 0198 00000000 		.4byte	0x0
 594 019c 00000000 		.4byte	0x0
 595              	.LLST8:
 596 01a0 00000000 		.4byte	.LFB8
 597 01a4 02000000 		.4byte	.LCFI22
 598 01a8 0100     		.2byte	0x1
 599 01aa 5D       		.byte	0x5d
 600 01ab 02000000 		.4byte	.LCFI22
 601 01af 04000000 		.4byte	.LCFI23
 602 01b3 0200     		.2byte	0x2
 603 01b5 7D       		.byte	0x7d
 604 01b6 08       		.sleb128 8
 605 01b7 04000000 		.4byte	.LCFI23
 606 01bb 06000000 		.4byte	.LCFI24
 607 01bf 0200     		.2byte	0x2
 608 01c1 7D       		.byte	0x7d
 609 01c2 10       		.sleb128 16
 610 01c3 06000000 		.4byte	.LCFI24
 611 01c7 20000000 		.4byte	.LFE8
 612 01cb 0200     		.2byte	0x2
 613 01cd 77       		.byte	0x77
 614 01ce 10       		.sleb128 16
 615 01cf 00000000 		.4byte	0x0
 616 01d3 00000000 		.4byte	0x0
 617              		.file 2 ".\\Generated_Source\\PSoC4\\/cytypes.h"
 618              		.section	.debug_info
 619 0000 1C020000 		.4byte	0x21c
 620 0004 0200     		.2byte	0x2
 621 0006 00000000 		.4byte	.Ldebug_abbrev0
 622 000a 04       		.byte	0x4
 623 000b 01       		.uleb128 0x1
 624 000c 4D000000 		.4byte	.LASF30
 625 0010 01       		.byte	0x1
 626 0011 DE010000 		.4byte	.LASF31
 627 0015 1C010000 		.4byte	.LASF32
ARM GAS  C:\Users\wbz\AppData\Local\Temp\ccZROLSr.s 			page 20


 628 0019 00000000 		.4byte	0x0
 629 001d 00000000 		.4byte	0x0
 630 0021 00000000 		.4byte	.Ldebug_ranges0+0x0
 631 0025 00000000 		.4byte	.Ldebug_line0
 632 0029 02       		.uleb128 0x2
 633 002a 01       		.byte	0x1
 634 002b 06       		.byte	0x6
 635 002c 46020000 		.4byte	.LASF0
 636 0030 02       		.uleb128 0x2
 637 0031 01       		.byte	0x1
 638 0032 08       		.byte	0x8
 639 0033 A2000000 		.4byte	.LASF1
 640 0037 02       		.uleb128 0x2
 641 0038 02       		.byte	0x2
 642 0039 05       		.byte	0x5
 643 003a D4010000 		.4byte	.LASF2
 644 003e 02       		.uleb128 0x2
 645 003f 02       		.byte	0x2
 646 0040 07       		.byte	0x7
 647 0041 14000000 		.4byte	.LASF3
 648 0045 02       		.uleb128 0x2
 649 0046 04       		.byte	0x4
 650 0047 05       		.byte	0x5
 651 0048 1E020000 		.4byte	.LASF4
 652 004c 02       		.uleb128 0x2
 653 004d 04       		.byte	0x4
 654 004e 07       		.byte	0x7
 655 004f 7D000000 		.4byte	.LASF5
 656 0053 02       		.uleb128 0x2
 657 0054 08       		.byte	0x8
 658 0055 05       		.byte	0x5
 659 0056 00000000 		.4byte	.LASF6
 660 005a 02       		.uleb128 0x2
 661 005b 08       		.byte	0x8
 662 005c 07       		.byte	0x7
 663 005d 05010000 		.4byte	.LASF7
 664 0061 03       		.uleb128 0x3
 665 0062 04       		.byte	0x4
 666 0063 05       		.byte	0x5
 667 0064 696E7400 		.ascii	"int\000"
 668 0068 02       		.uleb128 0x2
 669 0069 04       		.byte	0x4
 670 006a 07       		.byte	0x7
 671 006b 27000000 		.4byte	.LASF8
 672 006f 04       		.uleb128 0x4
 673 0070 8F000000 		.4byte	.LASF9
 674 0074 02       		.byte	0x2
 675 0075 4C       		.byte	0x4c
 676 0076 30000000 		.4byte	0x30
 677 007a 04       		.uleb128 0x4
 678 007b B7000000 		.4byte	.LASF10
 679 007f 02       		.byte	0x2
 680 0080 4E       		.byte	0x4e
 681 0081 4C000000 		.4byte	0x4c
 682 0085 02       		.uleb128 0x2
 683 0086 04       		.byte	0x4
 684 0087 04       		.byte	0x4
ARM GAS  C:\Users\wbz\AppData\Local\Temp\ccZROLSr.s 			page 21


 685 0088 59000000 		.4byte	.LASF11
 686 008c 02       		.uleb128 0x2
 687 008d 08       		.byte	0x8
 688 008e 04       		.byte	0x4
 689 008f B0000000 		.4byte	.LASF12
 690 0093 02       		.uleb128 0x2
 691 0094 01       		.byte	0x1
 692 0095 08       		.byte	0x8
 693 0096 27020000 		.4byte	.LASF13
 694 009a 05       		.uleb128 0x5
 695 009b 04       		.byte	0x4
 696 009c 07       		.byte	0x7
 697 009d 06       		.uleb128 0x6
 698 009e 01       		.byte	0x1
 699 009f 07020000 		.4byte	.LASF14
 700 00a3 01       		.byte	0x1
 701 00a4 46       		.byte	0x46
 702 00a5 01       		.byte	0x1
 703 00a6 7A000000 		.4byte	0x7a
 704 00aa 00000000 		.4byte	.LFB0
 705 00ae 20000000 		.4byte	.LFE0
 706 00b2 00000000 		.4byte	.LLST0
 707 00b6 C9000000 		.4byte	0xc9
 708 00ba 07       		.uleb128 0x7
 709 00bb 95000000 		.4byte	.LASF16
 710 00bf 01       		.byte	0x1
 711 00c0 48       		.byte	0x48
 712 00c1 7A000000 		.4byte	0x7a
 713 00c5 02       		.byte	0x2
 714 00c6 91       		.byte	0x91
 715 00c7 74       		.sleb128 -12
 716 00c8 00       		.byte	0x0
 717 00c9 06       		.uleb128 0x6
 718 00ca 01       		.byte	0x1
 719 00cb 52020000 		.4byte	.LASF15
 720 00cf 01       		.byte	0x1
 721 00d0 7F       		.byte	0x7f
 722 00d1 01       		.byte	0x1
 723 00d2 7A000000 		.4byte	0x7a
 724 00d6 00000000 		.4byte	.LFB1
 725 00da 20000000 		.4byte	.LFE1
 726 00de 37000000 		.4byte	.LLST1
 727 00e2 F5000000 		.4byte	0xf5
 728 00e6 07       		.uleb128 0x7
 729 00e7 78000000 		.4byte	.LASF17
 730 00eb 01       		.byte	0x1
 731 00ec 81       		.byte	0x81
 732 00ed 7A000000 		.4byte	0x7a
 733 00f1 02       		.byte	0x2
 734 00f2 91       		.byte	0x91
 735 00f3 74       		.sleb128 -12
 736 00f4 00       		.byte	0x0
 737 00f5 08       		.uleb128 0x8
 738 00f6 01       		.byte	0x1
 739 00f7 2C020000 		.4byte	.LASF24
 740 00fb 01       		.byte	0x1
 741 00fc AB       		.byte	0xab
ARM GAS  C:\Users\wbz\AppData\Local\Temp\ccZROLSr.s 			page 22


 742 00fd 01       		.byte	0x1
 743 00fe 00000000 		.4byte	.LFB2
 744 0102 2C000000 		.4byte	.LFE2
 745 0106 6E000000 		.4byte	.LLST2
 746 010a 09       		.uleb128 0x9
 747 010b 01       		.byte	0x1
 748 010c A0010000 		.4byte	.LASF18
 749 0110 01       		.byte	0x1
 750 0111 DD       		.byte	0xdd
 751 0112 01       		.byte	0x1
 752 0113 00000000 		.4byte	.LFB3
 753 0117 28000000 		.4byte	.LFE3
 754 011b 99000000 		.4byte	.LLST3
 755 011f 32010000 		.4byte	0x132
 756 0123 0A       		.uleb128 0xa
 757 0124 95010000 		.4byte	.LASF20
 758 0128 01       		.byte	0x1
 759 0129 DD       		.byte	0xdd
 760 012a 7A000000 		.4byte	0x7a
 761 012e 02       		.byte	0x2
 762 012f 91       		.byte	0x91
 763 0130 74       		.sleb128 -12
 764 0131 00       		.byte	0x0
 765 0132 0B       		.uleb128 0xb
 766 0133 01       		.byte	0x1
 767 0134 D8000000 		.4byte	.LASF19
 768 0138 01       		.byte	0x1
 769 0139 2B01     		.2byte	0x12b
 770 013b 01       		.byte	0x1
 771 013c 00000000 		.4byte	.LFB4
 772 0140 32000000 		.4byte	.LFE4
 773 0144 D0000000 		.4byte	.LLST4
 774 0148 78010000 		.4byte	0x178
 775 014c 0C       		.uleb128 0xc
 776 014d 9C000000 		.4byte	.LASF21
 777 0151 01       		.byte	0x1
 778 0152 2B01     		.2byte	0x12b
 779 0154 78010000 		.4byte	0x178
 780 0158 02       		.byte	0x2
 781 0159 91       		.byte	0x91
 782 015a 6C       		.sleb128 -20
 783 015b 0C       		.uleb128 0xc
 784 015c 0E000000 		.4byte	.LASF22
 785 0160 01       		.byte	0x1
 786 0161 2B01     		.2byte	0x12b
 787 0163 7A000000 		.4byte	0x7a
 788 0167 02       		.byte	0x2
 789 0168 91       		.byte	0x91
 790 0169 68       		.sleb128 -24
 791 016a 0D       		.uleb128 0xd
 792 016b 6900     		.ascii	"i\000"
 793 016d 01       		.byte	0x1
 794 016e 2D01     		.2byte	0x12d
 795 0170 7A000000 		.4byte	0x7a
 796 0174 02       		.byte	0x2
 797 0175 91       		.byte	0x91
 798 0176 74       		.sleb128 -12
ARM GAS  C:\Users\wbz\AppData\Local\Temp\ccZROLSr.s 			page 23


 799 0177 00       		.byte	0x0
 800 0178 0E       		.uleb128 0xe
 801 0179 04       		.byte	0x4
 802 017a 7E010000 		.4byte	0x17e
 803 017e 0F       		.uleb128 0xf
 804 017f 6F000000 		.4byte	0x6f
 805 0183 10       		.uleb128 0x10
 806 0184 01       		.byte	0x1
 807 0185 B8010000 		.4byte	.LASF23
 808 0189 01       		.byte	0x1
 809 018a 4801     		.2byte	0x148
 810 018c 01       		.byte	0x1
 811 018d 7A000000 		.4byte	0x7a
 812 0191 00000000 		.4byte	.LFB5
 813 0195 20000000 		.4byte	.LFE5
 814 0199 07010000 		.4byte	.LLST5
 815 019d B1010000 		.4byte	0x1b1
 816 01a1 11       		.uleb128 0x11
 817 01a2 78000000 		.4byte	.LASF17
 818 01a6 01       		.byte	0x1
 819 01a7 4A01     		.2byte	0x14a
 820 01a9 7A000000 		.4byte	0x7a
 821 01ad 02       		.byte	0x2
 822 01ae 91       		.byte	0x91
 823 01af 74       		.sleb128 -12
 824 01b0 00       		.byte	0x0
 825 01b1 12       		.uleb128 0x12
 826 01b2 01       		.byte	0x1
 827 01b3 BE000000 		.4byte	.LASF25
 828 01b7 01       		.byte	0x1
 829 01b8 7501     		.2byte	0x175
 830 01ba 01       		.byte	0x1
 831 01bb 00000000 		.4byte	.LFB6
 832 01bf 2C000000 		.4byte	.LFE6
 833 01c3 3E010000 		.4byte	.LLST6
 834 01c7 10       		.uleb128 0x10
 835 01c8 01       		.byte	0x1
 836 01c9 34000000 		.4byte	.LASF26
 837 01cd 01       		.byte	0x1
 838 01ce A101     		.2byte	0x1a1
 839 01d0 01       		.byte	0x1
 840 01d1 7A000000 		.4byte	0x7a
 841 01d5 00000000 		.4byte	.LFB7
 842 01d9 20000000 		.4byte	.LFE7
 843 01dd 69010000 		.4byte	.LLST7
 844 01e1 F5010000 		.4byte	0x1f5
 845 01e5 11       		.uleb128 0x11
 846 01e6 FB000000 		.4byte	.LASF27
 847 01ea 01       		.byte	0x1
 848 01eb A301     		.2byte	0x1a3
 849 01ed 7A000000 		.4byte	0x7a
 850 01f1 02       		.byte	0x2
 851 01f2 91       		.byte	0x91
 852 01f3 74       		.sleb128 -12
 853 01f4 00       		.byte	0x0
 854 01f5 13       		.uleb128 0x13
 855 01f6 01       		.byte	0x1
ARM GAS  C:\Users\wbz\AppData\Local\Temp\ccZROLSr.s 			page 24


 856 01f7 5F000000 		.4byte	.LASF28
 857 01fb 01       		.byte	0x1
 858 01fc BB01     		.2byte	0x1bb
 859 01fe 01       		.byte	0x1
 860 01ff 7A000000 		.4byte	0x7a
 861 0203 00000000 		.4byte	.LFB8
 862 0207 20000000 		.4byte	.LFE8
 863 020b A0010000 		.4byte	.LLST8
 864 020f 11       		.uleb128 0x11
 865 0210 ED000000 		.4byte	.LASF29
 866 0214 01       		.byte	0x1
 867 0215 BD01     		.2byte	0x1bd
 868 0217 7A000000 		.4byte	0x7a
 869 021b 02       		.byte	0x2
 870 021c 91       		.byte	0x91
 871 021d 74       		.sleb128 -12
 872 021e 00       		.byte	0x0
 873 021f 00       		.byte	0x0
 874              		.section	.debug_abbrev
 875 0000 01       		.uleb128 0x1
 876 0001 11       		.uleb128 0x11
 877 0002 01       		.byte	0x1
 878 0003 25       		.uleb128 0x25
 879 0004 0E       		.uleb128 0xe
 880 0005 13       		.uleb128 0x13
 881 0006 0B       		.uleb128 0xb
 882 0007 03       		.uleb128 0x3
 883 0008 0E       		.uleb128 0xe
 884 0009 1B       		.uleb128 0x1b
 885 000a 0E       		.uleb128 0xe
 886 000b 11       		.uleb128 0x11
 887 000c 01       		.uleb128 0x1
 888 000d 52       		.uleb128 0x52
 889 000e 01       		.uleb128 0x1
 890 000f 55       		.uleb128 0x55
 891 0010 06       		.uleb128 0x6
 892 0011 10       		.uleb128 0x10
 893 0012 06       		.uleb128 0x6
 894 0013 00       		.byte	0x0
 895 0014 00       		.byte	0x0
 896 0015 02       		.uleb128 0x2
 897 0016 24       		.uleb128 0x24
 898 0017 00       		.byte	0x0
 899 0018 0B       		.uleb128 0xb
 900 0019 0B       		.uleb128 0xb
 901 001a 3E       		.uleb128 0x3e
 902 001b 0B       		.uleb128 0xb
 903 001c 03       		.uleb128 0x3
 904 001d 0E       		.uleb128 0xe
 905 001e 00       		.byte	0x0
 906 001f 00       		.byte	0x0
 907 0020 03       		.uleb128 0x3
 908 0021 24       		.uleb128 0x24
 909 0022 00       		.byte	0x0
 910 0023 0B       		.uleb128 0xb
 911 0024 0B       		.uleb128 0xb
 912 0025 3E       		.uleb128 0x3e
ARM GAS  C:\Users\wbz\AppData\Local\Temp\ccZROLSr.s 			page 25


 913 0026 0B       		.uleb128 0xb
 914 0027 03       		.uleb128 0x3
 915 0028 08       		.uleb128 0x8
 916 0029 00       		.byte	0x0
 917 002a 00       		.byte	0x0
 918 002b 04       		.uleb128 0x4
 919 002c 16       		.uleb128 0x16
 920 002d 00       		.byte	0x0
 921 002e 03       		.uleb128 0x3
 922 002f 0E       		.uleb128 0xe
 923 0030 3A       		.uleb128 0x3a
 924 0031 0B       		.uleb128 0xb
 925 0032 3B       		.uleb128 0x3b
 926 0033 0B       		.uleb128 0xb
 927 0034 49       		.uleb128 0x49
 928 0035 13       		.uleb128 0x13
 929 0036 00       		.byte	0x0
 930 0037 00       		.byte	0x0
 931 0038 05       		.uleb128 0x5
 932 0039 24       		.uleb128 0x24
 933 003a 00       		.byte	0x0
 934 003b 0B       		.uleb128 0xb
 935 003c 0B       		.uleb128 0xb
 936 003d 3E       		.uleb128 0x3e
 937 003e 0B       		.uleb128 0xb
 938 003f 00       		.byte	0x0
 939 0040 00       		.byte	0x0
 940 0041 06       		.uleb128 0x6
 941 0042 2E       		.uleb128 0x2e
 942 0043 01       		.byte	0x1
 943 0044 3F       		.uleb128 0x3f
 944 0045 0C       		.uleb128 0xc
 945 0046 03       		.uleb128 0x3
 946 0047 0E       		.uleb128 0xe
 947 0048 3A       		.uleb128 0x3a
 948 0049 0B       		.uleb128 0xb
 949 004a 3B       		.uleb128 0x3b
 950 004b 0B       		.uleb128 0xb
 951 004c 27       		.uleb128 0x27
 952 004d 0C       		.uleb128 0xc
 953 004e 49       		.uleb128 0x49
 954 004f 13       		.uleb128 0x13
 955 0050 11       		.uleb128 0x11
 956 0051 01       		.uleb128 0x1
 957 0052 12       		.uleb128 0x12
 958 0053 01       		.uleb128 0x1
 959 0054 40       		.uleb128 0x40
 960 0055 06       		.uleb128 0x6
 961 0056 01       		.uleb128 0x1
 962 0057 13       		.uleb128 0x13
 963 0058 00       		.byte	0x0
 964 0059 00       		.byte	0x0
 965 005a 07       		.uleb128 0x7
 966 005b 34       		.uleb128 0x34
 967 005c 00       		.byte	0x0
 968 005d 03       		.uleb128 0x3
 969 005e 0E       		.uleb128 0xe
ARM GAS  C:\Users\wbz\AppData\Local\Temp\ccZROLSr.s 			page 26


 970 005f 3A       		.uleb128 0x3a
 971 0060 0B       		.uleb128 0xb
 972 0061 3B       		.uleb128 0x3b
 973 0062 0B       		.uleb128 0xb
 974 0063 49       		.uleb128 0x49
 975 0064 13       		.uleb128 0x13
 976 0065 02       		.uleb128 0x2
 977 0066 0A       		.uleb128 0xa
 978 0067 00       		.byte	0x0
 979 0068 00       		.byte	0x0
 980 0069 08       		.uleb128 0x8
 981 006a 2E       		.uleb128 0x2e
 982 006b 00       		.byte	0x0
 983 006c 3F       		.uleb128 0x3f
 984 006d 0C       		.uleb128 0xc
 985 006e 03       		.uleb128 0x3
 986 006f 0E       		.uleb128 0xe
 987 0070 3A       		.uleb128 0x3a
 988 0071 0B       		.uleb128 0xb
 989 0072 3B       		.uleb128 0x3b
 990 0073 0B       		.uleb128 0xb
 991 0074 27       		.uleb128 0x27
 992 0075 0C       		.uleb128 0xc
 993 0076 11       		.uleb128 0x11
 994 0077 01       		.uleb128 0x1
 995 0078 12       		.uleb128 0x12
 996 0079 01       		.uleb128 0x1
 997 007a 40       		.uleb128 0x40
 998 007b 06       		.uleb128 0x6
 999 007c 00       		.byte	0x0
 1000 007d 00       		.byte	0x0
 1001 007e 09       		.uleb128 0x9
 1002 007f 2E       		.uleb128 0x2e
 1003 0080 01       		.byte	0x1
 1004 0081 3F       		.uleb128 0x3f
 1005 0082 0C       		.uleb128 0xc
 1006 0083 03       		.uleb128 0x3
 1007 0084 0E       		.uleb128 0xe
 1008 0085 3A       		.uleb128 0x3a
 1009 0086 0B       		.uleb128 0xb
 1010 0087 3B       		.uleb128 0x3b
 1011 0088 0B       		.uleb128 0xb
 1012 0089 27       		.uleb128 0x27
 1013 008a 0C       		.uleb128 0xc
 1014 008b 11       		.uleb128 0x11
 1015 008c 01       		.uleb128 0x1
 1016 008d 12       		.uleb128 0x12
 1017 008e 01       		.uleb128 0x1
 1018 008f 40       		.uleb128 0x40
 1019 0090 06       		.uleb128 0x6
 1020 0091 01       		.uleb128 0x1
 1021 0092 13       		.uleb128 0x13
 1022 0093 00       		.byte	0x0
 1023 0094 00       		.byte	0x0
 1024 0095 0A       		.uleb128 0xa
 1025 0096 05       		.uleb128 0x5
 1026 0097 00       		.byte	0x0
ARM GAS  C:\Users\wbz\AppData\Local\Temp\ccZROLSr.s 			page 27


 1027 0098 03       		.uleb128 0x3
 1028 0099 0E       		.uleb128 0xe
 1029 009a 3A       		.uleb128 0x3a
 1030 009b 0B       		.uleb128 0xb
 1031 009c 3B       		.uleb128 0x3b
 1032 009d 0B       		.uleb128 0xb
 1033 009e 49       		.uleb128 0x49
 1034 009f 13       		.uleb128 0x13
 1035 00a0 02       		.uleb128 0x2
 1036 00a1 0A       		.uleb128 0xa
 1037 00a2 00       		.byte	0x0
 1038 00a3 00       		.byte	0x0
 1039 00a4 0B       		.uleb128 0xb
 1040 00a5 2E       		.uleb128 0x2e
 1041 00a6 01       		.byte	0x1
 1042 00a7 3F       		.uleb128 0x3f
 1043 00a8 0C       		.uleb128 0xc
 1044 00a9 03       		.uleb128 0x3
 1045 00aa 0E       		.uleb128 0xe
 1046 00ab 3A       		.uleb128 0x3a
 1047 00ac 0B       		.uleb128 0xb
 1048 00ad 3B       		.uleb128 0x3b
 1049 00ae 05       		.uleb128 0x5
 1050 00af 27       		.uleb128 0x27
 1051 00b0 0C       		.uleb128 0xc
 1052 00b1 11       		.uleb128 0x11
 1053 00b2 01       		.uleb128 0x1
 1054 00b3 12       		.uleb128 0x12
 1055 00b4 01       		.uleb128 0x1
 1056 00b5 40       		.uleb128 0x40
 1057 00b6 06       		.uleb128 0x6
 1058 00b7 01       		.uleb128 0x1
 1059 00b8 13       		.uleb128 0x13
 1060 00b9 00       		.byte	0x0
 1061 00ba 00       		.byte	0x0
 1062 00bb 0C       		.uleb128 0xc
 1063 00bc 05       		.uleb128 0x5
 1064 00bd 00       		.byte	0x0
 1065 00be 03       		.uleb128 0x3
 1066 00bf 0E       		.uleb128 0xe
 1067 00c0 3A       		.uleb128 0x3a
 1068 00c1 0B       		.uleb128 0xb
 1069 00c2 3B       		.uleb128 0x3b
 1070 00c3 05       		.uleb128 0x5
 1071 00c4 49       		.uleb128 0x49
 1072 00c5 13       		.uleb128 0x13
 1073 00c6 02       		.uleb128 0x2
 1074 00c7 0A       		.uleb128 0xa
 1075 00c8 00       		.byte	0x0
 1076 00c9 00       		.byte	0x0
 1077 00ca 0D       		.uleb128 0xd
 1078 00cb 34       		.uleb128 0x34
 1079 00cc 00       		.byte	0x0
 1080 00cd 03       		.uleb128 0x3
 1081 00ce 08       		.uleb128 0x8
 1082 00cf 3A       		.uleb128 0x3a
 1083 00d0 0B       		.uleb128 0xb
ARM GAS  C:\Users\wbz\AppData\Local\Temp\ccZROLSr.s 			page 28


 1084 00d1 3B       		.uleb128 0x3b
 1085 00d2 05       		.uleb128 0x5
 1086 00d3 49       		.uleb128 0x49
 1087 00d4 13       		.uleb128 0x13
 1088 00d5 02       		.uleb128 0x2
 1089 00d6 0A       		.uleb128 0xa
 1090 00d7 00       		.byte	0x0
 1091 00d8 00       		.byte	0x0
 1092 00d9 0E       		.uleb128 0xe
 1093 00da 0F       		.uleb128 0xf
 1094 00db 00       		.byte	0x0
 1095 00dc 0B       		.uleb128 0xb
 1096 00dd 0B       		.uleb128 0xb
 1097 00de 49       		.uleb128 0x49
 1098 00df 13       		.uleb128 0x13
 1099 00e0 00       		.byte	0x0
 1100 00e1 00       		.byte	0x0
 1101 00e2 0F       		.uleb128 0xf
 1102 00e3 26       		.uleb128 0x26
 1103 00e4 00       		.byte	0x0
 1104 00e5 49       		.uleb128 0x49
 1105 00e6 13       		.uleb128 0x13
 1106 00e7 00       		.byte	0x0
 1107 00e8 00       		.byte	0x0
 1108 00e9 10       		.uleb128 0x10
 1109 00ea 2E       		.uleb128 0x2e
 1110 00eb 01       		.byte	0x1
 1111 00ec 3F       		.uleb128 0x3f
 1112 00ed 0C       		.uleb128 0xc
 1113 00ee 03       		.uleb128 0x3
 1114 00ef 0E       		.uleb128 0xe
 1115 00f0 3A       		.uleb128 0x3a
 1116 00f1 0B       		.uleb128 0xb
 1117 00f2 3B       		.uleb128 0x3b
 1118 00f3 05       		.uleb128 0x5
 1119 00f4 27       		.uleb128 0x27
 1120 00f5 0C       		.uleb128 0xc
 1121 00f6 49       		.uleb128 0x49
 1122 00f7 13       		.uleb128 0x13
 1123 00f8 11       		.uleb128 0x11
 1124 00f9 01       		.uleb128 0x1
 1125 00fa 12       		.uleb128 0x12
 1126 00fb 01       		.uleb128 0x1
 1127 00fc 40       		.uleb128 0x40
 1128 00fd 06       		.uleb128 0x6
 1129 00fe 01       		.uleb128 0x1
 1130 00ff 13       		.uleb128 0x13
 1131 0100 00       		.byte	0x0
 1132 0101 00       		.byte	0x0
 1133 0102 11       		.uleb128 0x11
 1134 0103 34       		.uleb128 0x34
 1135 0104 00       		.byte	0x0
 1136 0105 03       		.uleb128 0x3
 1137 0106 0E       		.uleb128 0xe
 1138 0107 3A       		.uleb128 0x3a
 1139 0108 0B       		.uleb128 0xb
 1140 0109 3B       		.uleb128 0x3b
ARM GAS  C:\Users\wbz\AppData\Local\Temp\ccZROLSr.s 			page 29


 1141 010a 05       		.uleb128 0x5
 1142 010b 49       		.uleb128 0x49
 1143 010c 13       		.uleb128 0x13
 1144 010d 02       		.uleb128 0x2
 1145 010e 0A       		.uleb128 0xa
 1146 010f 00       		.byte	0x0
 1147 0110 00       		.byte	0x0
 1148 0111 12       		.uleb128 0x12
 1149 0112 2E       		.uleb128 0x2e
 1150 0113 00       		.byte	0x0
 1151 0114 3F       		.uleb128 0x3f
 1152 0115 0C       		.uleb128 0xc
 1153 0116 03       		.uleb128 0x3
 1154 0117 0E       		.uleb128 0xe
 1155 0118 3A       		.uleb128 0x3a
 1156 0119 0B       		.uleb128 0xb
 1157 011a 3B       		.uleb128 0x3b
 1158 011b 05       		.uleb128 0x5
 1159 011c 27       		.uleb128 0x27
 1160 011d 0C       		.uleb128 0xc
 1161 011e 11       		.uleb128 0x11
 1162 011f 01       		.uleb128 0x1
 1163 0120 12       		.uleb128 0x12
 1164 0121 01       		.uleb128 0x1
 1165 0122 40       		.uleb128 0x40
 1166 0123 06       		.uleb128 0x6
 1167 0124 00       		.byte	0x0
 1168 0125 00       		.byte	0x0
 1169 0126 13       		.uleb128 0x13
 1170 0127 2E       		.uleb128 0x2e
 1171 0128 01       		.byte	0x1
 1172 0129 3F       		.uleb128 0x3f
 1173 012a 0C       		.uleb128 0xc
 1174 012b 03       		.uleb128 0x3
 1175 012c 0E       		.uleb128 0xe
 1176 012d 3A       		.uleb128 0x3a
 1177 012e 0B       		.uleb128 0xb
 1178 012f 3B       		.uleb128 0x3b
 1179 0130 05       		.uleb128 0x5
 1180 0131 27       		.uleb128 0x27
 1181 0132 0C       		.uleb128 0xc
 1182 0133 49       		.uleb128 0x49
 1183 0134 13       		.uleb128 0x13
 1184 0135 11       		.uleb128 0x11
 1185 0136 01       		.uleb128 0x1
 1186 0137 12       		.uleb128 0x12
 1187 0138 01       		.uleb128 0x1
 1188 0139 40       		.uleb128 0x40
 1189 013a 06       		.uleb128 0x6
 1190 013b 00       		.byte	0x0
 1191 013c 00       		.byte	0x0
 1192 013d 00       		.byte	0x0
 1193              		.section	.debug_pubnames,"",%progbits
 1194 0000 14010000 		.4byte	0x114
 1195 0004 0200     		.2byte	0x2
 1196 0006 00000000 		.4byte	.Ldebug_info0
 1197 000a 20020000 		.4byte	0x220
ARM GAS  C:\Users\wbz\AppData\Local\Temp\ccZROLSr.s 			page 30


 1198 000e 9D000000 		.4byte	0x9d
 1199 0012 55415254 		.ascii	"UART_SpiUartReadRxData\000"
 1199      5F537069 
 1199      55617274 
 1199      52656164 
 1199      52784461 
 1200 0029 C9000000 		.4byte	0xc9
 1201 002d 55415254 		.ascii	"UART_SpiUartGetRxBufferSize\000"
 1201      5F537069 
 1201      55617274 
 1201      47657452 
 1201      78427566 
 1202 0049 F5000000 		.4byte	0xf5
 1203 004d 55415254 		.ascii	"UART_SpiUartClearRxBuffer\000"
 1203      5F537069 
 1203      55617274 
 1203      436C6561 
 1203      72527842 
 1204 0067 0A010000 		.4byte	0x10a
 1205 006b 55415254 		.ascii	"UART_SpiUartWriteTxData\000"
 1205      5F537069 
 1205      55617274 
 1205      57726974 
 1205      65547844 
 1206 0083 32010000 		.4byte	0x132
 1207 0087 55415254 		.ascii	"UART_SpiUartPutArray\000"
 1207      5F537069 
 1207      55617274 
 1207      50757441 
 1207      72726179 
 1208 009c 83010000 		.4byte	0x183
 1209 00a0 55415254 		.ascii	"UART_SpiUartGetTxBufferSize\000"
 1209      5F537069 
 1209      55617274 
 1209      47657454 
 1209      78427566 
 1210 00bc B1010000 		.4byte	0x1b1
 1211 00c0 55415254 		.ascii	"UART_SpiUartClearTxBuffer\000"
 1211      5F537069 
 1211      55617274 
 1211      436C6561 
 1211      72547842 
 1212 00da C7010000 		.4byte	0x1c7
 1213 00de 55415254 		.ascii	"UART_SpiUartDisableIntRx\000"
 1213      5F537069 
 1213      55617274 
 1213      44697361 
 1213      626C6549 
 1214 00f7 F5010000 		.4byte	0x1f5
 1215 00fb 55415254 		.ascii	"UART_SpiUartDisableIntTx\000"
 1215      5F537069 
 1215      55617274 
 1215      44697361 
 1215      626C6549 
 1216 0114 00000000 		.4byte	0x0
 1217              		.section	.debug_aranges,"",%progbits
 1218 0000 5C000000 		.4byte	0x5c
ARM GAS  C:\Users\wbz\AppData\Local\Temp\ccZROLSr.s 			page 31


 1219 0004 0200     		.2byte	0x2
 1220 0006 00000000 		.4byte	.Ldebug_info0
 1221 000a 04       		.byte	0x4
 1222 000b 00       		.byte	0x0
 1223 000c 0000     		.2byte	0x0
 1224 000e 0000     		.2byte	0x0
 1225 0010 00000000 		.4byte	.LFB0
 1226 0014 20000000 		.4byte	.LFE0-.LFB0
 1227 0018 00000000 		.4byte	.LFB1
 1228 001c 20000000 		.4byte	.LFE1-.LFB1
 1229 0020 00000000 		.4byte	.LFB2
 1230 0024 2C000000 		.4byte	.LFE2-.LFB2
 1231 0028 00000000 		.4byte	.LFB3
 1232 002c 28000000 		.4byte	.LFE3-.LFB3
 1233 0030 00000000 		.4byte	.LFB4
 1234 0034 32000000 		.4byte	.LFE4-.LFB4
 1235 0038 00000000 		.4byte	.LFB5
 1236 003c 20000000 		.4byte	.LFE5-.LFB5
 1237 0040 00000000 		.4byte	.LFB6
 1238 0044 2C000000 		.4byte	.LFE6-.LFB6
 1239 0048 00000000 		.4byte	.LFB7
 1240 004c 20000000 		.4byte	.LFE7-.LFB7
 1241 0050 00000000 		.4byte	.LFB8
 1242 0054 20000000 		.4byte	.LFE8-.LFB8
 1243 0058 00000000 		.4byte	0x0
 1244 005c 00000000 		.4byte	0x0
 1245              		.section	.debug_ranges,"",%progbits
 1246              	.Ldebug_ranges0:
 1247 0000 00000000 		.4byte	.Ltext0
 1248 0004 00000000 		.4byte	.Letext0
 1249 0008 00000000 		.4byte	.LFB0
 1250 000c 20000000 		.4byte	.LFE0
 1251 0010 00000000 		.4byte	.LFB1
 1252 0014 20000000 		.4byte	.LFE1
 1253 0018 00000000 		.4byte	.LFB2
 1254 001c 2C000000 		.4byte	.LFE2
 1255 0020 00000000 		.4byte	.LFB3
 1256 0024 28000000 		.4byte	.LFE3
 1257 0028 00000000 		.4byte	.LFB4
 1258 002c 32000000 		.4byte	.LFE4
 1259 0030 00000000 		.4byte	.LFB5
 1260 0034 20000000 		.4byte	.LFE5
 1261 0038 00000000 		.4byte	.LFB6
 1262 003c 2C000000 		.4byte	.LFE6
 1263 0040 00000000 		.4byte	.LFB7
 1264 0044 20000000 		.4byte	.LFE7
 1265 0048 00000000 		.4byte	.LFB8
 1266 004c 20000000 		.4byte	.LFE8
 1267 0050 00000000 		.4byte	0x0
 1268 0054 00000000 		.4byte	0x0
 1269              		.section	.debug_str,"MS",%progbits,1
 1270              	.LASF6:
 1271 0000 6C6F6E67 		.ascii	"long long int\000"
 1271      206C6F6E 
 1271      6720696E 
 1271      7400
 1272              	.LASF22:
ARM GAS  C:\Users\wbz\AppData\Local\Temp\ccZROLSr.s 			page 32


 1273 000e 636F756E 		.ascii	"count\000"
 1273      7400
 1274              	.LASF3:
 1275 0014 73686F72 		.ascii	"short unsigned int\000"
 1275      7420756E 
 1275      7369676E 
 1275      65642069 
 1275      6E7400
 1276              	.LASF8:
 1277 0027 756E7369 		.ascii	"unsigned int\000"
 1277      676E6564 
 1277      20696E74 
 1277      00
 1278              	.LASF26:
 1279 0034 55415254 		.ascii	"UART_SpiUartDisableIntRx\000"
 1279      5F537069 
 1279      55617274 
 1279      44697361 
 1279      626C6549 
 1280              	.LASF30:
 1281 004d 474E5520 		.ascii	"GNU C 4.4.1\000"
 1281      4320342E 
 1281      342E3100 
 1282              	.LASF11:
 1283 0059 666C6F61 		.ascii	"float\000"
 1283      7400
 1284              	.LASF28:
 1285 005f 55415254 		.ascii	"UART_SpiUartDisableIntTx\000"
 1285      5F537069 
 1285      55617274 
 1285      44697361 
 1285      626C6549 
 1286              	.LASF17:
 1287 0078 73697A65 		.ascii	"size\000"
 1287      00
 1288              	.LASF5:
 1289 007d 6C6F6E67 		.ascii	"long unsigned int\000"
 1289      20756E73 
 1289      69676E65 
 1289      6420696E 
 1289      7400
 1290              	.LASF9:
 1291 008f 75696E74 		.ascii	"uint8\000"
 1291      3800
 1292              	.LASF16:
 1293 0095 72784461 		.ascii	"rxData\000"
 1293      746100
 1294              	.LASF21:
 1295 009c 77724275 		.ascii	"wrBuf\000"
 1295      6600
 1296              	.LASF1:
 1297 00a2 756E7369 		.ascii	"unsigned char\000"
 1297      676E6564 
 1297      20636861 
 1297      7200
 1298              	.LASF12:
 1299 00b0 646F7562 		.ascii	"double\000"
ARM GAS  C:\Users\wbz\AppData\Local\Temp\ccZROLSr.s 			page 33


 1299      6C6500
 1300              	.LASF10:
 1301 00b7 75696E74 		.ascii	"uint32\000"
 1301      333200
 1302              	.LASF25:
 1303 00be 55415254 		.ascii	"UART_SpiUartClearTxBuffer\000"
 1303      5F537069 
 1303      55617274 
 1303      436C6561 
 1303      72547842 
 1304              	.LASF19:
 1305 00d8 55415254 		.ascii	"UART_SpiUartPutArray\000"
 1305      5F537069 
 1305      55617274 
 1305      50757441 
 1305      72726179 
 1306              	.LASF29:
 1307 00ed 696E7453 		.ascii	"intSourceMask\000"
 1307      6F757263 
 1307      654D6173 
 1307      6B00
 1308              	.LASF27:
 1309 00fb 696E7453 		.ascii	"intSource\000"
 1309      6F757263 
 1309      6500
 1310              	.LASF7:
 1311 0105 6C6F6E67 		.ascii	"long long unsigned int\000"
 1311      206C6F6E 
 1311      6720756E 
 1311      7369676E 
 1311      65642069 
 1312              	.LASF32:
 1313 011c 433A5C55 		.ascii	"C:\\Users\\wbz\\Desktop\\Element14 Posts\\028 - Tin"
 1313      73657273 
 1313      5C77627A 
 1313      5C446573 
 1313      6B746F70 
 1314 014a 79205072 		.ascii	"y PrintF - NS\\PSoC4_printf.cywrk.Archive03\\PSoC4_"
 1314      696E7446 
 1314      202D204E 
 1314      535C5053 
 1314      6F43345F 
 1315 017b 7072696E 		.ascii	"printf\\PSoC4_printf.cydsn\000"
 1315      74665C50 
 1315      536F4334 
 1315      5F707269 
 1315      6E74662E 
 1316              	.LASF20:
 1317 0195 74784461 		.ascii	"txDataByte\000"
 1317      74614279 
 1317      746500
 1318              	.LASF18:
 1319 01a0 55415254 		.ascii	"UART_SpiUartWriteTxData\000"
 1319      5F537069 
 1319      55617274 
 1319      57726974 
 1319      65547844 
ARM GAS  C:\Users\wbz\AppData\Local\Temp\ccZROLSr.s 			page 34


 1320              	.LASF23:
 1321 01b8 55415254 		.ascii	"UART_SpiUartGetTxBufferSize\000"
 1321      5F537069 
 1321      55617274 
 1321      47657454 
 1321      78427566 
 1322              	.LASF2:
 1323 01d4 73686F72 		.ascii	"short int\000"
 1323      7420696E 
 1323      7400
 1324              	.LASF31:
 1325 01de 2E5C4765 		.ascii	".\\Generated_Source\\PSoC4\\UART_SPI_UART.c\000"
 1325      6E657261 
 1325      7465645F 
 1325      536F7572 
 1325      63655C50 
 1326              	.LASF14:
 1327 0207 55415254 		.ascii	"UART_SpiUartReadRxData\000"
 1327      5F537069 
 1327      55617274 
 1327      52656164 
 1327      52784461 
 1328              	.LASF4:
 1329 021e 6C6F6E67 		.ascii	"long int\000"
 1329      20696E74 
 1329      00
 1330              	.LASF13:
 1331 0227 63686172 		.ascii	"char\000"
 1331      00
 1332              	.LASF24:
 1333 022c 55415254 		.ascii	"UART_SpiUartClearRxBuffer\000"
 1333      5F537069 
 1333      55617274 
 1333      436C6561 
 1333      72527842 
 1334              	.LASF0:
 1335 0246 7369676E 		.ascii	"signed char\000"
 1335      65642063 
 1335      68617200 
 1336              	.LASF15:
 1337 0252 55415254 		.ascii	"UART_SpiUartGetRxBufferSize\000"
 1337      5F537069 
 1337      55617274 
 1337      47657452 
 1337      78427566 
 1338              		.ident	"GCC: (Sourcery G++ Lite 2010q1-188) 4.4.1"
